
ff: parsing domain file
domain 'SATELLITE' defined
 ... done.
ff: parsing problem file
problem 'STRIPS-SAT-X-1' defined
 ... done.


no metric specified. plan length assumed.

checking for cyclic := effects --- OK.

ff: search configuration is EHC, if that fails then  best-first on 1*g(s) + 5*h(s) where
    metric is  plan length

Cueing down from goal distance:  220 into depth [1]
                                 218            [1]
                                 214            [1]
                                 204            [1]
                                 200            [1]
                                 195            [1]
                                 185            [1]
                                 184            [1]
                                 182            [1]
                                 181            [1]
                                 180            [1]
                                 179            [1]
                                 177            [1]
                                 176            [1]
                                 172            [1]
                                 171            [1]
                                 170            [1]
                                 169            [1]
                                 167            [1]
                                 166            [1]
                                 165            [1]
                                 164            [1]
                                 163            [1]
                                 162            [1]
                                 161            [1]
                                 160            [1]
                                 159            [1]
                                 158            [1]
                                 157            [1]
                                 156            [1]
                                 155            [1]
                                 154            [1]
                                 153            [1]
                                 152            [1]
                                 151            [1]
                                 150            [1]
                                 149            [1]
                                 148            [1]
                                 147            [1]
                                 146            [1]
                                 145            [1][2][3]