
ff: parsing domain file
domain 'SATELLITE' defined
 ... done.
ff: parsing problem file
problem 'STRIPS-SAT-X-1' defined
 ... done.


no metric specified. plan length assumed.

checking for cyclic := effects --- OK.

ff: search configuration is EHC, if that fails then  best-first on 1*g(s) + 5*h(s) where
    metric is  plan length

Cueing down from goal distance:   40 into depth [1]
                                  37            [1]
                                  34            [1]
                                  33            [1]
                                  32            [1]
                                  31            [1]
                                  30            [1]
                                  26            [1]
                                  25            [1]
                                  24            [1]
                                  23            [1]
                                  22            [1]
                                  21            [1]
                                  20            [1]
                                  19            [1]
                                  18            [1]
                                  17            [1]
                                  16            [1]
                                  15            [1]
                                  14            [1]
                                  13            [1]
                                  12            [1]
                                  11            [1]
                                  10            [1]
                                   9            [1][2]
                                   8            [1]
                                   7            [1]
                                   6            [1]
                                   5            [1]
                                   4            [1]
                                   3            [1]
                                   2            [1]
                                   1            [1]
                                   0            

ff: found legal plan as follows

step    0: TURN_TO SATELLITE3 GROUNDSTATION4 PLANET8
        1: TURN_TO SATELLITE6 STAR6 PHENOMENON9
        2: TURN_TO SATELLITE1 STAR3 STAR6
        3: SWITCH_ON INSTRUMENT2 SATELLITE0
        4: CALIBRATE SATELLITE0 INSTRUMENT2 STAR6
        5: TURN_TO SATELLITE0 PLANET8 STAR6
        6: SWITCH_ON INSTRUMENT20 SATELLITE4
        7: SWITCH_ON INSTRUMENT4 SATELLITE1
        8: CALIBRATE SATELLITE1 INSTRUMENT4 STAR3
        9: TURN_TO SATELLITE1 STAR14 STAR3
       10: TURN_TO SATELLITE2 GROUNDSTATION5 STAR3
       11: TURN_TO SATELLITE5 GROUNDSTATION1 GROUNDSTATION7
       12: TAKE_IMAGE SATELLITE0 PLANET8 INSTRUMENT2 THERMOGRAPH4
       13: TURN_TO SATELLITE0 PHENOMENON9 PLANET8
       14: TAKE_IMAGE SATELLITE0 PHENOMENON9 INSTRUMENT2 SPECTROGRAPH7
       15: TAKE_IMAGE SATELLITE0 PHENOMENON9 INSTRUMENT2 INFRARED3
       16: TURN_TO SATELLITE0 PLANET10 PHENOMENON9
       17: TAKE_IMAGE SATELLITE0 PLANET10 INSTRUMENT2 INFRARED3
       18: TURN_TO SATELLITE0 PLANET11 PLANET10
       19: TAKE_IMAGE SATELLITE0 PLANET11 INSTRUMENT2 THERMOGRAPH4
       20: TURN_TO SATELLITE0 STAR13 PLANET11
       21: TAKE_IMAGE SATELLITE0 STAR13 INSTRUMENT2 THERMOGRAPH4
       22: TURN_TO SATELLITE0 STAR14 STAR13
       23: TAKE_IMAGE SATELLITE1 STAR14 INSTRUMENT4 IMAGE0
       24: TURN_TO SATELLITE4 STAR3 PLANET10
       25: CALIBRATE SATELLITE4 INSTRUMENT20 STAR3
       26: TURN_TO SATELLITE4 PLANET8 STAR3
       27: TAKE_IMAGE SATELLITE4 PLANET8 INSTRUMENT20 IMAGE2
       28: TURN_TO SATELLITE4 PLANET10 PLANET8
       29: TAKE_IMAGE SATELLITE4 PLANET10 INSTRUMENT20 SPECTROGRAPH6
       30: TURN_TO SATELLITE4 PLANET11 PLANET10
       31: TAKE_IMAGE SATELLITE4 PLANET11 INSTRUMENT20 IMAGE2
       32: TURN_TO SATELLITE4 PLANET12 PLANET11
       33: TAKE_IMAGE SATELLITE4 PLANET12 INSTRUMENT20 IMAGE2
     

time spent:    0.00 seconds instantiating 3195 easy, 0 hard action templates
               0.00 seconds reachability analysis, yielding 326 facts and 3195 actions
               0.00 seconds creating final representation with 326 relevant facts, 0 relevant fluents
               0.00 seconds computing LNF
               0.00 seconds building connectivity graph
               0.00 seconds searching, evaluating 158 states, to a max depth of 2
               0.00 seconds total time

