
ff: parsing domain file
domain 'SATELLITE' defined
 ... done.
ff: parsing problem file
problem 'STRIPS-SAT-X-1' defined
 ... done.


no metric specified. plan length assumed.

checking for cyclic := effects --- OK.

ff: search configuration is EHC, if that fails then  best-first on 1*g(s) + 5*h(s) where
    metric is  plan length

Cueing down from goal distance:   33 into depth [1]
                                  31            [1]
                                  30            [1]
                                  29            [1]
                                  28            [1]
                                  27            [1]
                                  26            [1]
                                  25            [1]
                                  24            [1]
                                  23            [1]
                                  22            [1]
                                  21            [1]
                                  20            [1]
                                  19            [1]
                                  18            [1]
                                  17            [1]
                                  16            [1]
                                  15            [1][2]
                                  14            [1][2][3][4]
                                  13            [1]
                                  12            [1]
                                  11            [1]
                                  10            [1]
                                   9            [1]
                                   8            [1]
                                   7            [1]
                                   6            [1]
                                   5            [1][2]
                                   4            [1]
                                   3            [1]
                                   2            [1]
                                   1            [1]
                                   0            

ff: found legal plan as follows

step    0: SWITCH_ON INSTRUMENT6 SATELLITE1
        1: TURN_TO SATELLITE2 GROUNDSTATION5 PLANET14
        2: CALIBRATE SATELLITE1 INSTRUMENT6 STAR7
        3: TURN_TO SATELLITE1 PHENOMENON11 STAR7
        4: SWITCH_ON INSTRUMENT14 SATELLITE2
        5: CALIBRATE SATELLITE2 INSTRUMENT14 GROUNDSTATION5
        6: TURN_TO SATELLITE2 STAR12 GROUNDSTATION5
        7: TURN_TO SATELLITE5 STAR6 PLANET10
        8: TURN_TO SATELLITE6 PHENOMENON15 GROUNDSTATION2
        9: TAKE_IMAGE SATELLITE1 PHENOMENON11 INSTRUMENT6 SPECTROGRAPH3
       10: TURN_TO SATELLITE1 PHENOMENON15 PHENOMENON11
       11: TAKE_IMAGE SATELLITE2 STAR12 INSTRUMENT14 THERMOGRAPH1
       12: TURN_TO SATELLITE2 PHENOMENON15 STAR12
       13: TAKE_IMAGE SATELLITE2 PHENOMENON15 INSTRUMENT14 THERMOGRAPH1
       14: TAKE_IMAGE SATELLITE1 PHENOMENON15 INSTRUMENT6 IMAGE2
       15: TURN_TO SATELLITE1 STAR12 PHENOMENON15
       16: TAKE_IMAGE SATELLITE1 STAR12 INSTRUMENT6 IMAGE0
       17: TURN_TO SATELLITE0 PHENOMENON8 PLANET9
       18: TURN_TO SATELLITE7 PHENOMENON8 GROUNDSTATION5
       19: TURN_TO SATELLITE0 GROUNDSTATION2 PHENOMENON8
       20: SWITCH_ON INSTRUMENT46 SATELLITE7
       21: SWITCH_ON INSTRUMENT0 SATELLITE0
       22: CALIBRATE SATELLITE0 INSTRUMENT0 GROUNDSTATION2
       23: TURN_TO SATELLITE0 PHENOMENON8 GROUNDSTATION2
       24: TAKE_IMAGE SATELLITE0 PHENOMENON8 INSTRUMENT0 INFRARED4
       25: TURN_TO SATELLITE0 PLANET9 PHENOMENON8
       26: TAKE_IMAGE SATELLITE0 PLANET9 INSTRUMENT0 INFRARED6
       27: TURN_TO SATELLITE0 PHENOMENON13 PLANET9
       28: TAKE_IMAGE SATELLITE0 PHENOMENON13 INSTRUMENT0 INFRARED4
       29: TURN_TO SATELLITE0 PLANET14 PHENOMENON13
       30: TAKE_IMAGE SATELLITE0 PLANET14 INSTRUMENT0 INFRARED4
       31: TURN_TO SATELLITE7 STAR1 PHENOMENON8
       32: CALIBRATE SATELLITE7 INSTRUMENT46 STAR1
       33: TURN_TO SATELLITE7 PHENOMENON13 STAR1
       34: TAKE_IMAGE SATELLITE7 PHENOMENON13 INSTRUMENT46 SPECTROGRAPH5
       35: TURN_TO SATELLITE7 PHENOMENON8 PHENOMENON13
       36: TAKE_IMAGE SATELLITE7 PHENOMENON8 INSTRUMENT46 SPECTROGRAPH5
     

time spent:    0.00 seconds instantiating 3833 easy, 0 hard action templates
               0.00 seconds reachability analysis, yielding 370 facts and 3833 actions
               0.00 seconds creating final representation with 370 relevant facts, 0 relevant fluents
               0.00 seconds computing LNF
               0.00 seconds building connectivity graph
               0.01 seconds searching, evaluating 316 states, to a max depth of 4
               0.01 seconds total time

