
ff: parsing domain file
domain 'SATELLITE' defined
 ... done.
ff: parsing problem file
problem 'STRIPS-SAT-X-1' defined
 ... done.


no metric specified. plan length assumed.

checking for cyclic := effects --- OK.

ff: search configuration is EHC, if that fails then  best-first on 1*g(s) + 5*h(s) where
    metric is  plan length

Cueing down from goal distance:   54 into depth [1]
                                  50            [1]
                                  49            [1]
                                  47            [1]
                                  41            [1]
                                  40            [1]
                                  39            [1]
                                  36            [1]
                                  35            [1]
                                  34            [1]
                                  33            [1]
                                  32            [1]
                                  31            [1]
                                  30            [1]
                                  29            [1]
                                  28            [1]
                                  27            [1]
                                  26            [1]
                                  25            [1]
                                  24            [1]
                                  23            [1]
                                  22            [1]
                                  21            [1]
                                  20            [1]
                                  19            [1]
                                  18            [1]
                                  17            [1]
                                  16            [1]
                                  15            [1]
                                  14            [1]
                                  13            [1]
                                  12            [1]
                                  11            [1]
                                  10            [1]
                                   9            [1]
                                   8            [1][2]
                                   7            [1]
                                   6            [1]
                                   5            [1]
                                   4            [1]
                                   3            [1]
                                   2            [1]
                                   1            [1]
                                   0            

ff: found legal plan as follows

step    0: TURN_TO SATELLITE5 STAR1 PHENOMENON12
        1: TURN_TO SATELLITE0 STAR0 STAR3
        2: TURN_TO SATELLITE3 STAR0 PLANET15
        3: SWITCH_ON INSTRUMENT4 SATELLITE1
        4: CALIBRATE SATELLITE1 INSTRUMENT4 STAR3
        5: TURN_TO SATELLITE1 STAR9 STAR3
        6: SWITCH_ON INSTRUMENT1 SATELLITE0
        7: TURN_TO SATELLITE2 GROUNDSTATION5 STAR2
        8: CALIBRATE SATELLITE0 INSTRUMENT1 STAR0
        9: TURN_TO SATELLITE0 PLANET11 STAR0
       10: SWITCH_ON INSTRUMENT10 SATELLITE2
       11: CALIBRATE SATELLITE2 INSTRUMENT10 GROUNDSTATION5
       12: TURN_TO SATELLITE2 PHENOMENON10 GROUNDSTATION5
       13: SWITCH_ON INSTRUMENT24 SATELLITE4
       14: TURN_TO SATELLITE3 GROUNDSTATION5 STAR0
       15: TURN_TO SATELLITE5 STAR14 STAR1
       16: TAKE_IMAGE SATELLITE1 STAR9 INSTRUMENT4 INFRARED4
       17: TAKE_IMAGE SATELLITE1 STAR9 INSTRUMENT4 INFRARED3
       18: TURN_TO SATELLITE1 PLANET11 STAR9
       19: TAKE_IMAGE SATELLITE2 PHENOMENON10 INSTRUMENT10 INFRARED6
       20: TURN_TO SATELLITE2 STAR9 PHENOMENON10
       21: TAKE_IMAGE SATELLITE1 PLANET11 INSTRUMENT4 INFRARED4
       22: TURN_TO SATELLITE1 PHENOMENON12 PLANET11
       23: TAKE_IMAGE SATELLITE0 PLANET11 INSTRUMENT1 THERMOGRAPH0
       24: TURN_TO SATELLITE0 PHENOMENON12 PLANET11
       25: TAKE_IMAGE SATELLITE1 PHENOMENON12 INSTRUMENT4 INFRARED3
       26: TAKE_IMAGE SATELLITE0 PHENOMENON12 INSTRUMENT1 THERMOGRAPH0
       27: TURN_TO SATELLITE0 PLANET13 PHENOMENON12
       28: TAKE_IMAGE SATELLITE0 PLANET13 INSTRUMENT1 THERMOGRAPH1
       29: TAKE_IMAGE SATELLITE0 PLANET13 INSTRUMENT1 THERMOGRAPH0
       30: TURN_TO SATELLITE0 STAR14 PLANET13
       31: TAKE_IMAGE SATELLITE0 STAR14 INSTRUMENT1 THERMOGRAPH0
       32: TURN_TO SATELLITE0 PLANET15 STAR14
       33: TAKE_IMAGE SATELLITE0 PLANET15 INSTRUMENT1 THERMOGRAPH0
       34: TURN_TO SATELLITE0 PHENOMENON8 PLANET15
       35: TURN_TO SATELLITE4 GROUNDSTATION4 STAR14
       36: CALIBRATE SATELLITE4 INSTRUMENT24 GROUNDSTATION4
       37: TURN_TO SATELLITE4 PHENOMENON8 GROUNDSTATION4
       38: TAKE_IMAGE SATELLITE4 PHENOMENON8 INSTRUMENT24 IMAGE2
       39: TURN_TO SATELLITE4 STAR14 PHENOMENON8
       40: TAKE_IMAGE SATELLITE4 STAR14 INSTRUMENT24 IMAGE2
       41: TURN_TO SATELLITE4 PLANET15 STAR14
       42: TAKE_IMAGE SATELLITE4 PLANET15 INSTRUMENT24 IMAGE2
       43: TURN_TO SATELLITE4 STAR9 PLANET15
     

time spent:    0.00 seconds instantiating 3779 easy, 0 hard action templates
               0.00 seconds reachability analysis, yielding 356 facts and 3779 actions
               0.00 seconds creating final representation with 356 relevant facts, 0 relevant fluents
               0.00 seconds computing LNF
               0.00 seconds building connectivity graph
               0.01 seconds searching, evaluating 247 states, to a max depth of 2
               0.01 seconds total time

