
ff: parsing domain file
domain 'SATELLITE' defined
 ... done.
ff: parsing problem file
problem 'STRIPS-SAT-X-1' defined
 ... done.


no metric specified. plan length assumed.

checking for cyclic := effects --- OK.

ff: search configuration is EHC, if that fails then  best-first on 1*g(s) + 5*h(s) where
    metric is  plan length

Cueing down from goal distance:   35 into depth [1]
                                  34            [1]
                                  33            [1]
                                  31            [1]
                                  30            [1]
                                  29            [1]
                                  28            [1]
                                  27            [1]
                                  24            [1]
                                  23            [1]
                                  22            [1]
                                  21            [1]
                                  20            [1]
                                  19            [1]
                                  18            [1]
                                  17            [1]
                                  16            [1]
                                  15            [1]
                                  14            [1]
                                  13            [1]
                                  12            [1]
                                  11            [1]
                                  10            [1]
                                   9            [1]
                                   8            [1]
                                   7            [1]
                                   6            [1]
                                   5            [1]
                                   4            [1]
                                   3            [1]
                                   2            [1]
                                   1            [1]
                                   0            

ff: found legal plan as follows

step    0: TURN_TO SATELLITE1 STAR5 GROUNDSTATION2
        1: TURN_TO SATELLITE0 STAR3 PLANET11
        2: TURN_TO SATELLITE2 GROUNDSTATION6 PLANET14
        3: SWITCH_ON INSTRUMENT3 SATELLITE0
        4: TURN_TO SATELLITE2 GROUNDSTATION1 GROUNDSTATION6
        5: CALIBRATE SATELLITE0 INSTRUMENT3 STAR3
        6: TURN_TO SATELLITE0 PLANET11 STAR3
        7: SWITCH_ON INSTRUMENT11 SATELLITE2
        8: CALIBRATE SATELLITE2 INSTRUMENT11 GROUNDSTATION1
        9: TURN_TO SATELLITE2 PLANET8 GROUNDSTATION1
       10: SWITCH_ON INSTRUMENT9 SATELLITE1
       11: CALIBRATE SATELLITE1 INSTRUMENT9 STAR5
       12: TURN_TO SATELLITE1 PLANET8 STAR5
       13: TURN_TO SATELLITE5 PLANET14 STAR0
       14: TAKE_IMAGE SATELLITE1 PLANET8 INSTRUMENT9 IMAGE2
       15: TURN_TO SATELLITE1 PLANET9 PLANET8
       16: TAKE_IMAGE SATELLITE2 PLANET8 INSTRUMENT11 SPECTROGRAPH3
       17: TURN_TO SATELLITE2 PLANET11 PLANET8
       18: TAKE_IMAGE SATELLITE1 PLANET9 INSTRUMENT9 IMAGE2
       19: TURN_TO SATELLITE1 PHENOMENON12 PLANET9
       20: TAKE_IMAGE SATELLITE2 PLANET11 INSTRUMENT11 SPECTROGRAPH7
       21: TURN_TO SATELLITE2 STAR13 PLANET11
       22: TAKE_IMAGE SATELLITE0 PLANET11 INSTRUMENT3 SPECTROGRAPH1
       23: TURN_TO SATELLITE0 PHENOMENON12 PLANET11
       24: TAKE_IMAGE SATELLITE1 PHENOMENON12 INSTRUMENT9 IMAGE6
       25: TURN_TO SATELLITE1 PLANET14 PHENOMENON12
       26: TAKE_IMAGE SATELLITE0 PHENOMENON12 INSTRUMENT3 IMAGE5
       27: TURN_TO SATELLITE0 PHENOMENON15 PHENOMENON12
       28: TAKE_IMAGE SATELLITE2 STAR13 INSTRUMENT11 SPECTROGRAPH3
       29: TURN_TO SATELLITE2 STAR4 STAR13
       30: TAKE_IMAGE SATELLITE1 PLANET14 INSTRUMENT9 IMAGE2
       31: TAKE_IMAGE SATELLITE0 PHENOMENON15 INSTRUMENT3 IMAGE4
     

time spent:    0.00 seconds instantiating 3071 easy, 0 hard action templates
               0.00 seconds reachability analysis, yielding 326 facts and 3071 actions
               0.00 seconds creating final representation with 326 relevant facts, 0 relevant fluents
               0.00 seconds computing LNF
               0.00 seconds building connectivity graph
               0.01 seconds searching, evaluating 107 states, to a max depth of 1
               0.01 seconds total time

