
ff: parsing domain file
domain 'SATELLITE' defined
 ... done.
ff: parsing problem file
problem 'STRIPS-SAT-X-1' defined
 ... done.


no metric specified. plan length assumed.

checking for cyclic := effects --- OK.

ff: search configuration is EHC, if that fails then  best-first on 1*g(s) + 5*h(s) where
    metric is  plan length

Cueing down from goal distance:   36 into depth [1]
                                  35            [1]
                                  34            [1]
                                  33            [1]
                                  32            [1]
                                  31            [1]
                                  30            [1]
                                  29            [1]
                                  28            [1]
                                  27            [1]
                                  26            [1]
                                  25            [1][2]
                                  24            [1]
                                  23            [1]
                                  22            [1]
                                  21            [1]
                                  20            [1]
                                  19            [1]
                                  18            [1]
                                  17            [1]
                                  16            [1]
                                  15            [1]
                                  14            [1][2]
                                  13            [1]
                                  12            [1]
                                  11            [1]
                                  10            [1]
                                   9            [1]
                                   8            [1]
                                   7            [1]
                                   6            [1]
                                   5            [1][2]
                                   4            [1]
                                   3            [1]
                                   2            [1]
                                   1            [1]
                                   0            

ff: found legal plan as follows

step    0: TURN_TO SATELLITE0 GROUNDSTATION6 STAR1
        1: SWITCH_ON INSTRUMENT0 SATELLITE0
        2: CALIBRATE SATELLITE0 INSTRUMENT0 GROUNDSTATION6
        3: TURN_TO SATELLITE0 PHENOMENON8 GROUNDSTATION6
        4: SWITCH_ON INSTRUMENT1 SATELLITE1
        5: TURN_TO SATELLITE4 GROUNDSTATION3 GROUNDSTATION5
        6: TURN_TO SATELLITE6 STAR9 PLANET12
        7: TURN_TO SATELLITE7 GROUNDSTATION5 STAR9
        8: TAKE_IMAGE SATELLITE0 PHENOMENON8 INSTRUMENT0 IMAGE3
        9: TURN_TO SATELLITE0 STAR9 PHENOMENON8
       10: TAKE_IMAGE SATELLITE0 STAR9 INSTRUMENT0 IMAGE3
       11: TURN_TO SATELLITE1 GROUNDSTATION3 STAR14
       12: CALIBRATE SATELLITE1 INSTRUMENT1 GROUNDSTATION3
       13: TURN_TO SATELLITE1 PHENOMENON8 GROUNDSTATION3
       14: TAKE_IMAGE SATELLITE1 PHENOMENON8 INSTRUMENT1 INFRARED4
       15: TURN_TO SATELLITE1 PLANET10 PHENOMENON8
       16: TAKE_IMAGE SATELLITE1 PLANET10 INSTRUMENT1 INFRARED4
       17: TURN_TO SATELLITE1 PLANET11 PLANET10
       18: TAKE_IMAGE SATELLITE1 PLANET11 INSTRUMENT1 INFRARED4
       19: TURN_TO SATELLITE1 PLANET13 PLANET11
       20: TAKE_IMAGE SATELLITE1 PLANET13 INSTRUMENT1 INFRARED4
       21: TURN_TO SATELLITE1 STAR14 PLANET13
       22: TAKE_IMAGE SATELLITE1 STAR14 INSTRUMENT1 THERMOGRAPH2
       23: SWITCH_ON INSTRUMENT7 SATELLITE2
       24: TURN_TO SATELLITE3 STAR1 GROUNDSTATION4
       25: SWITCH_ON INSTRUMENT13 SATELLITE3
       26: CALIBRATE SATELLITE3 INSTRUMENT13 STAR1
       27: TURN_TO SATELLITE3 STAR9 STAR1
       28: TAKE_IMAGE SATELLITE3 STAR9 INSTRUMENT13 IMAGE0
       29: TURN_TO SATELLITE3 PLANET13 STAR9
       30: TAKE_IMAGE SATELLITE3 PLANET13 INSTRUMENT13 IMAGE0
       31: TURN_TO SATELLITE3 PLANET15 PLANET13
       32: TAKE_IMAGE SATELLITE3 PLANET15 INSTRUMENT13 IMAGE0
       33: TURN_TO SATELLITE2 GROUNDSTATION5 PLANET12
       34: CALIBRATE SATELLITE2 INSTRUMENT7 GROUNDSTATION5
       35: TURN_TO SATELLITE2 PLANET15 GROUNDSTATION5
       36: TAKE_IMAGE SATELLITE2 PLANET15 INSTRUMENT7 SPECTROGRAPH6
       37: TURN_TO SATELLITE2 PLANET12 PLANET15
       38: TAKE_IMAGE SATELLITE2 PLANET12 INSTRUMENT7 SPECTROGRAPH6
     

time spent:    0.00 seconds instantiating 2932 easy, 0 hard action templates
               0.00 seconds reachability analysis, yielding 320 facts and 2932 actions
               0.00 seconds creating final representation with 320 relevant facts, 0 relevant fluents
               0.00 seconds computing LNF
               0.00 seconds building connectivity graph
               0.01 seconds searching, evaluating 235 states, to a max depth of 2
               0.01 seconds total time

