
ff: parsing domain file
domain 'SATELLITE' defined
 ... done.
ff: parsing problem file
problem 'STRIPS-SAT-X-1' defined
 ... done.


no metric specified. plan length assumed.

checking for cyclic := effects --- OK.

ff: search configuration is EHC, if that fails then  best-first on 1*g(s) + 5*h(s) where
    metric is  plan length

Cueing down from goal distance:  118 into depth [1]
                                 115            [1]
                                 113            [1]
                                 110            [1]
                                 105            [1]
                                 100            [1]
                                  98            [1]
                                  97            [1]
                                  96            [1]
                                  86            [1]
                                  83            [1]
                                  82            [1]
                                  81            [1]
                                  80            [1]
                                  79            [1]
                                  78            [1]
                                  77            [1]
                                  76            [1]
                                  75            [1]
                                  74            [1]
                                  73            [1]
                                  72            [1]
                                  71            [1]
                                  70            [1]
                                  69            [1]
                                  68            [1]
                                  67            [1]
                                  66            [1]
                                  65            [1]
                                  64            [1]
                                  63            [1]
                                  62            [1]
                                  61            [1]
                                  60            [1]
                                  59            [1]
                                  58            [1][2]
                                  57            [1]
                                  56            [1]
                                  55            [1]
                                  54            [1]
                                  53            [1]
                                  52            [1]
                                  51            [1]
                                  50            [1]
                                  49            [1][2]
                                  47            [1][2]
                                  46            [1]
                                  45            [1]
                                  44            [1]
                                  43            [1]
                                  42            [1]
                                  41            [1]
                                  40            [1]
                                  39            [1]
                                  38            [1]
                                  37            [1]
                                  36            [1]
                                  35            [1][2][3][4][5]
                                  34            [1]
                                  33            [1]
                                  32            [1]
                                  31            [1]
                                  30            [1]
                                  29            [1]
                                  28            [1]
                                  27            [1]
                                  26            [1]
                                  25            [1]
                                  24            [1]
                                  23            [1]
                                  22            [1]
                                  21            [1]
                                  20            [1]
                                  19            [1]
                                  18            [1]
                                  17            [1]
                                  16            [1]
                                  15            [1]
                                  14            [1]
                                  13            [1][2]
                                  12            [1]
                                  11            [1]
                                  10            [1]
                                   9            [1]
                                   8            [1]
                                   7            [1]
                                   6            [1]
                                   5            [1]
                                   4            [1]
                                   3            [1]
                                   2            [1]
                                   1            [1]
                                   0            

ff: found legal plan as follows

step    0: TURN_TO SATELLITE9 GROUNDSTATION1 STAR13
        1: TURN_TO SATELLITE12 STAR11 PHENOMENON15
        2: TURN_TO SATELLITE10 STAR0 PHENOMENON16
        3: TURN_TO SATELLITE6 GROUNDSTATION7 PHENOMENON17
        4: TURN_TO SATELLITE8 GROUNDSTATION3 STAR19
        5: TURN_TO SATELLITE11 STAR12 STAR22
        6: TURN_TO SATELLITE0 STAR12 STAR22
        7: TURN_TO SATELLITE3 STAR8 STAR14
        8: TURN_TO SATELLITE4 STAR9 STAR24
        9: TURN_TO SATELLITE2 STAR8 PLANET25
       10: TURN_TO SATELLITE1 STAR5 PLANET21
       11: SWITCH_ON INSTRUMENT31 SATELLITE3
       12: CALIBRATE SATELLITE3 INSTRUMENT31 STAR8
       13: TURN_TO SATELLITE3 STAR13 STAR8
       14: SWITCH_ON INSTRUMENT9 SATELLITE1
       15: CALIBRATE SATELLITE1 INSTRUMENT9 STAR5
       16: TURN_TO SATELLITE1 PLANET25 STAR5
       17: TURN_TO SATELLITE2 GROUNDSTATION7 STAR8
       18: TURN_TO SATELLITE10 PLANET21 STAR0
       19: TURN_TO SATELLITE12 STAR4 STAR11
       20: TAKE_IMAGE SATELLITE3 STAR13 INSTRUMENT31 THERMOGRAPH6
       21: TURN_TO SATELLITE3 PHENOMENON15 STAR13
       22: TAKE_IMAGE SATELLITE3 PHENOMENON15 INSTRUMENT31 THERMOGRAPH6
       23: TURN_TO SATELLITE3 PHENOMENON16 PHENOMENON15
       24: TAKE_IMAGE SATELLITE3 PHENOMENON16 INSTRUMENT31 THERMOGRAPH4
       25: TAKE_IMAGE SATELLITE3 PHENOMENON16 INSTRUMENT31 THERMOGRAPH6
       26: TURN_TO SATELLITE3 STAR19 PHENOMENON16
       27: TAKE_IMAGE SATELLITE3 STAR19 INSTRUMENT31 THERMOGRAPH6
       28: TURN_TO SATELLITE3 STAR23 STAR19
       29: TAKE_IMAGE SATELLITE3 STAR23 INSTRUMENT31 THERMOGRAPH6
       30: TURN_TO SATELLITE3 STAR24 STAR23
       31: TAKE_IMAGE SATELLITE3 STAR24 INSTRUMENT31 THERMOGRAPH4
       32: TAKE_IMAGE SATELLITE3 STAR24 INSTRUMENT31 THERMOGRAPH6
       33: TURN_TO SATELLITE3 GROUNDSTATION3 STAR24
       34: TAKE_IMAGE SATELLITE1 PLANET25 INSTRUMENT9 THERMOGRAPH8
       35: SWITCH_ON INSTRUMENT44 SATELLITE4
       36: CALIBRATE SATELLITE4 INSTRUMENT44 STAR9
       37: TURN_TO SATELLITE4 PHENOMENON17 STAR9
       38: TAKE_IMAGE SATELLITE4 PHENOMENON17 INSTRUMENT44 SPECTROGRAPH0
       39: TURN_TO SATELLITE4 PHENOMENON20 PHENOMENON17
       40: TAKE_IMAGE SATELLITE4 PHENOMENON20 INSTRUMENT44 SPECTROGRAPH0
       41: TURN_TO SATELLITE4 STAR22 PHENOMENON20
       42: TAKE_IMAGE SATELLITE4 STAR22 INSTRUMENT44 IMAGE10
       43: TURN_TO SATELLITE4 PLANET25 STAR22
       44: TAKE_IMAGE SATELLITE4 PLANET25 INSTRUMENT44 IMAGE10
       45: TURN_TO SATELLITE8 PLANET25 GROUNDSTATION3
       46: SWITCH_ON INSTRUMENT77 SATELLITE8
       47: TURN_TO SATELLITE8 STAR4 PLANET25
       48: CALIBRATE SATELLITE8 INSTRUMENT77 STAR4
       49: TURN_TO SATELLITE8 PHENOMENON16 STAR4
       50: TAKE_IMAGE SATELLITE8 PHENOMENON16 INSTRUMENT77 THERMOGRAPH7
       51: TURN_TO SATELLITE8 PHENOMENON17 PHENOMENON16
       52: TAKE_IMAGE SATELLITE8 PHENOMENON17 INSTRUMENT77 SPECTROGRAPH12
       53: TURN_TO SATELLITE8 PLANET18 PHENOMENON17
       54: TAKE_IMAGE SATELLITE8 PLANET18 INSTRUMENT77 THERMOGRAPH7
       55: TAKE_IMAGE SATELLITE8 PLANET18 INSTRUMENT77 SPECTROGRAPH12
       56: TURN_TO SATELLITE8 STAR22 PLANET18
       57: TAKE_IMAGE SATELLITE8 STAR22 INSTRUMENT77 THERMOGRAPH7
       58: TURN_TO SATELLITE8 PLANET25 STAR22
       59: TAKE_IMAGE SATELLITE8 PLANET25 INSTRUMENT77 SPECTROGRAPH12
       60: TURN_TO SATELLITE0 GROUNDSTATION1 STAR12
       61: SWITCH_ON INSTRUMENT5 SATELLITE0
       62: CALIBRATE SATELLITE0 INSTRUMENT5 GROUNDSTATION1
       63: TURN_TO SATELLITE0 STAR13 GROUNDSTATION1
       64: SWITCH_ON INSTRUMENT17 SATELLITE2
       65: SWITCH_ON INSTRUMENT48 SATELLITE5
       66: CALIBRATE SATELLITE5 INSTRUMENT48 STAR0
       67: TURN_TO SATELLITE5 PHENOMENON15 STAR0
       68: TAKE_IMAGE SATELLITE0 STAR13 INSTRUMENT5 INFRARED9
       69: TAKE_IMAGE SATELLITE0 STAR13 INSTRUMENT5 IMAGE5
       70: TURN_TO SATELLITE0 PLANET18 STAR13
       71: TAKE_IMAGE SATELLITE5 PHENOMENON15 INSTRUMENT48 THERMOGRAPH11
       72: TURN_TO SATELLITE5 STAR19 PHENOMENON15
       73: TAKE_IMAGE SATELLITE0 PLANET18 INSTRUMENT5 SPECTROGRAPH1
       74: TAKE_IMAGE SATELLITE0 PLANET18 INSTRUMENT5 IMAGE5
       75: TURN_TO SATELLITE0 STAR19 PLANET18
       76: TAKE_IMAGE SATELLITE5 STAR19 INSTRUMENT48 THERMOGRAPH11
       77: TURN_TO SATELLITE5 PLANET25 STAR19
       78: TAKE_IMAGE SATELLITE0 STAR19 INSTRUMENT5 SPECTROGRAPH1
       79: TURN_TO SATELLITE0 STAR22 STAR19
       80: TAKE_IMAGE SATELLITE0 STAR22 INSTRUMENT5 SPECTROGRAPH1
       81: TURN_TO SATELLITE0 STAR23 STAR22
       82: TAKE_IMAGE SATELLITE0 STAR23 INSTRUMENT5 IMAGE5
       83: TURN_TO SATELLITE0 STAR24 STAR23
       84: TAKE_IMAGE SATELLITE0 STAR24 INSTRUMENT5 SPECTROGRAPH1
       85: TAKE_IMAGE SATELLITE5 PLANET25 INSTRUMENT48 THERMOGRAPH11
       86: TURN_TO SATELLITE2 STAR8 GROUNDSTATION7
       87: CALIBRATE SATELLITE2 INSTRUMENT17 STAR8
       88: TURN_TO SATELLITE2 STAR13 STAR8
       89: TAKE_IMAGE SATELLITE2 STAR13 INSTRUMENT17 SPECTROGRAPH2
       90: TURN_TO SATELLITE2 PHENOMENON15 STAR13
       91: TAKE_IMAGE SATELLITE2 PHENOMENON15 INSTRUMENT17 INFRARED3
       92: TAKE_IMAGE SATELLITE2 PHENOMENON15 INSTRUMENT17 SPECTROGRAPH2
       93: TURN_TO SATELLITE2 STAR22 PHENOMENON15
       94: TAKE_IMAGE SATELLITE2 STAR22 INSTRUMENT17 SPECTROGRAPH2
       95: TURN_TO SATELLITE2 STAR23 STAR22
       96: TAKE_IMAGE SATELLITE2 STAR23 INSTRUMENT17 INFRARED3
       97: TURN_TO SATELLITE2 STAR24 STAR23
       98: TAKE_IMAGE SATELLITE2 STAR24 INSTRUMENT17 SPECTROGRAPH2
       99: TURN_TO SATELLITE2 GROUNDSTATION7 STAR24
     

time spent:    0.00 seconds instantiating 14612 easy, 0 hard action templates
               0.00 seconds reachability analysis, yielding 887 facts and 14612 actions
               0.00 seconds creating final representation with 887 relevant facts, 0 relevant fluents
               0.01 seconds computing LNF
               0.01 seconds building connectivity graph
               3.00 seconds searching, evaluating 6948 states, to a max depth of 5
               3.02 seconds total time

