
ff: parsing domain file
domain 'SATELLITE' defined
 ... done.
ff: parsing problem file
problem 'STRIPS-SAT-X-1' defined
 ... done.


no metric specified. plan length assumed.

checking for cyclic := effects --- OK.

ff: search configuration is EHC, if that fails then  best-first on 1*g(s) + 5*h(s) where
    metric is  plan length

Cueing down from goal distance:   93 into depth [1]
                                  91            [1]
                                  90            [1]
                                  88            [1]
                                  87            [1]
                                  83            [1]
                                  82            [1]
                                  76            [1]
                                  75            [1]
                                  74            [1]
                                  73            [1]
                                  72            [1]
                                  71            [1]
                                  70            [1]
                                  69            [1]
                                  68            [1]
                                  67            [1]
                                  66            [1]
                                  65            [1]
                                  64            [1]
                                  63            [1]
                                  62            [1]
                                  61            [1]
                                  60            [1]
                                  59            [1]
                                  58            [1]
                                  57            [1]
                                  56            [1]
                                  55            [1]
                                  54            [1]
                                  53            [1]
                                  52            [1]
                                  51            [1]
                                  50            [1]
                                  49            [1][2][3][4]
                                  48            [1]
                                  47            [1]
                                  46            [1]
                                  45            [1]
                                  44            [1]
                                  43            [1]
                                  42            [1]
                                  41            [1]
                                  40            [1]
                                  39            [1]
                                  38            [1]
                                  37            [1]
                                  36            [1]
                                  35            [1]
                                  34            [1]
                                  33            [1][2][3]
                                  32            [1]
                                  31            [1]
                                  30            [1]
                                  29            [1]
                                  28            [1]
                                  27            [1]
                                  26            [1]
                                  25            [1]
                                  24            [1]
                                  23            [1]
                                  22            [1]
                                  21            [1]
                                  20            [1]
                                  19            [1]
                                  18            [1]
                                  17            [1]
                                  16            [1]
                                  15            [1]
                                  14            [1]
                                  13            [1]
                                  12            [1]
                                  11            [1]
                                  10            [1]
                                   9            [1]
                                   8            [1]
                                   7            [1]
                                   6            [1]
                                   5            [1]
                                   4            [1]
                                   3            [1]
                                   2            [1]
                                   1            [1]
                                   0            

ff: found legal plan as follows

step    0: TURN_TO SATELLITE3 STAR9 STAR13
        1: TURN_TO SATELLITE1 STAR7 STAR13
        2: TURN_TO SATELLITE6 GROUNDSTATION3 PHENOMENON18
        3: TURN_TO SATELLITE4 GROUNDSTATION6 STAR1
        4: TURN_TO SATELLITE12 GROUNDSTATION4 PLANET25
        5: TURN_TO SATELLITE2 STAR13 STAR23
        6: SWITCH_ON INSTRUMENT6 SATELLITE1
        7: TURN_TO SATELLITE1 STAR1 STAR7
        8: CALIBRATE SATELLITE1 INSTRUMENT6 STAR1
        9: TURN_TO SATELLITE1 STAR13 STAR1
       10: SWITCH_ON INSTRUMENT1 SATELLITE0
       11: TURN_TO SATELLITE0 GROUNDSTATION3 STAR24
       12: TURN_TO SATELLITE2 STAR12 STAR13
       13: CALIBRATE SATELLITE0 INSTRUMENT1 GROUNDSTATION3
       14: TURN_TO SATELLITE0 STAR16 GROUNDSTATION3
       15: SWITCH_ON INSTRUMENT25 SATELLITE4
       16: CALIBRATE SATELLITE4 INSTRUMENT25 GROUNDSTATION6
       17: TURN_TO SATELLITE4 PLANET14 GROUNDSTATION6
       18: TAKE_IMAGE SATELLITE1 STAR13 INSTRUMENT6 SPECTROGRAPH7
       19: TURN_TO SATELLITE1 PHENOMENON20 STAR13
       20: TAKE_IMAGE SATELLITE4 PLANET14 INSTRUMENT25 SPECTROGRAPH5
       21: TURN_TO SATELLITE4 PLANET15 PLANET14
       22: TAKE_IMAGE SATELLITE4 PLANET15 INSTRUMENT25 SPECTROGRAPH5
       23: TURN_TO SATELLITE4 STAR16 PLANET15
       24: TURN_TO SATELLITE0 PHENOMENON20 STAR16
       25: TAKE_IMAGE SATELLITE4 STAR16 INSTRUMENT25 INFRARED0
       26: TAKE_IMAGE SATELLITE4 STAR16 INSTRUMENT25 SPECTROGRAPH5
       27: TURN_TO SATELLITE4 PHENOMENON20 STAR16
       28: TAKE_IMAGE SATELLITE1 PHENOMENON20 INSTRUMENT6 INFRARED2
       29: TURN_TO SATELLITE1 STAR12 PHENOMENON20
       30: TAKE_IMAGE SATELLITE4 PHENOMENON20 INSTRUMENT25 IMAGE6
       31: TURN_TO SATELLITE4 STAR24 PHENOMENON20
       32: TAKE_IMAGE SATELLITE0 PHENOMENON20 INSTRUMENT1 THERMOGRAPH12
       33: TAKE_IMAGE SATELLITE4 STAR24 INSTRUMENT25 IMAGE6
       34: TURN_TO SATELLITE7 PHENOMENON20 GROUNDSTATION8
       35: SWITCH_ON INSTRUMENT45 SATELLITE7
       36: TURN_TO SATELLITE7 STAR12 PHENOMENON20
       37: CALIBRATE SATELLITE7 INSTRUMENT45 STAR12
       38: TURN_TO SATELLITE7 PLANET14 STAR12
       39: TAKE_IMAGE SATELLITE7 PLANET14 INSTRUMENT45 IMAGE3
       40: TURN_TO SATELLITE7 PLANET17 PLANET14
       41: TAKE_IMAGE SATELLITE7 PLANET17 INSTRUMENT45 INFRARED11
       42: TURN_TO SATELLITE7 PLANET19 PLANET17
       43: TAKE_IMAGE SATELLITE7 PLANET19 INSTRUMENT45 INFRARED11
       44: TURN_TO SATELLITE7 STAR21 PLANET19
       45: TAKE_IMAGE SATELLITE7 STAR21 INSTRUMENT45 INFRARED11
       46: TURN_TO SATELLITE7 STAR22 STAR21
       47: TAKE_IMAGE SATELLITE7 STAR22 INSTRUMENT45 IMAGE3
       48: TURN_TO SATELLITE7 STAR24 STAR22
       49: TAKE_IMAGE SATELLITE7 STAR24 INSTRUMENT45 INFRARED11
       50: TAKE_IMAGE SATELLITE7 STAR24 INSTRUMENT45 IMAGE3
       51: TURN_TO SATELLITE7 PHENOMENON20 STAR24
       52: TAKE_IMAGE SATELLITE7 PHENOMENON20 INSTRUMENT45 IMAGE3
       53: SWITCH_ON INSTRUMENT11 SATELLITE2
       54: SWITCH_ON INSTRUMENT33 SATELLITE5
       55: SWITCH_ON INSTRUMENT51 SATELLITE9
       56: TURN_TO SATELLITE5 GROUNDSTATION3 STAR23
       57: TURN_TO SATELLITE9 GROUNDSTATION8 STAR7
       58: CALIBRATE SATELLITE5 INSTRUMENT33 GROUNDSTATION3
       59: TURN_TO SATELLITE5 PLANET17 GROUNDSTATION3
       60: CALIBRATE SATELLITE2 INSTRUMENT11 STAR12
       61: TURN_TO SATELLITE2 STAR13 STAR12
       62: CALIBRATE SATELLITE9 INSTRUMENT51 GROUNDSTATION8
       63: TURN_TO SATELLITE9 PLANET15 GROUNDSTATION8
       64: TURN_TO SATELLITE10 STAR16 GROUNDSTATION4
       65: TAKE_IMAGE SATELLITE2 STAR13 INSTRUMENT11 IMAGE9
       66: TAKE_IMAGE SATELLITE2 STAR13 INSTRUMENT11 INFRARED4
       67: TURN_TO SATELLITE2 PLANET15 STAR13
       68: TAKE_IMAGE SATELLITE9 PLANET15 INSTRUMENT51 INFRARED1
       69: TURN_TO SATELLITE9 PHENOMENON18 PLANET15
       70: TAKE_IMAGE SATELLITE2 PLANET15 INSTRUMENT11 IMAGE9
       71: TURN_TO SATELLITE2 STAR16 PLANET15
       72: TAKE_IMAGE SATELLITE2 STAR16 INSTRUMENT11 INFRARED4
       73: TAKE_IMAGE SATELLITE2 STAR16 INSTRUMENT11 IMAGE9
       74: TURN_TO SATELLITE2 PHENOMENON18 STAR16
       75: TAKE_IMAGE SATELLITE5 PLANET17 INSTRUMENT33 SPECTROGRAPH8
       76: TAKE_IMAGE SATELLITE9 PHENOMENON18 INSTRUMENT51 INFRARED1
       77: TURN_TO SATELLITE9 STAR21 PHENOMENON18
       78: TAKE_IMAGE SATELLITE2 PHENOMENON18 INSTRUMENT11 IMAGE9
       79: TURN_TO SATELLITE2 STAR23 PHENOMENON18
       80: TAKE_IMAGE SATELLITE9 STAR21 INSTRUMENT51 SPECTROGRAPH10
       81: TURN_TO SATELLITE9 STAR24 STAR21
       82: TAKE_IMAGE SATELLITE2 STAR23 INSTRUMENT11 IMAGE9
       83: TURN_TO SATELLITE2 PLANET25 STAR23
       84: TAKE_IMAGE SATELLITE9 STAR24 INSTRUMENT51 SPECTROGRAPH10
       85: TURN_TO SATELLITE9 PLANET25 STAR24
       86: TAKE_IMAGE SATELLITE2 PLANET25 INSTRUMENT11 INFRARED4
       87: TAKE_IMAGE SATELLITE9 PLANET25 INSTRUMENT51 SPECTROGRAPH10
     

time spent:    0.00 seconds instantiating 13894 easy, 0 hard action templates
               0.00 seconds reachability analysis, yielding 863 facts and 13894 actions
               0.00 seconds creating final representation with 863 relevant facts, 0 relevant fluents
               0.02 seconds computing LNF
               0.00 seconds building connectivity graph
              16.62 seconds searching, evaluating 34115 states, to a max depth of 4
              16.64 seconds total time

