
ff: parsing domain file
domain 'SATELLITE' defined
 ... done.
ff: parsing problem file
problem 'STRIPS-SAT-X-1' defined
 ... done.


no metric specified. plan length assumed.

checking for cyclic := effects --- OK.

ff: search configuration is EHC, if that fails then  best-first on 1*g(s) + 5*h(s) where
    metric is  plan length

Cueing down from goal distance:   99 into depth [1]
                                  96            [1]
                                  95            [1]
                                  92            [1]
                                  89            [1]
                                  82            [1]
                                  77            [1]
                                  76            [1]
                                  73            [1]
                                  72            [1]
                                  71            [1]
                                  70            [1]
                                  69            [1]
                                  68            [1]
                                  67            [1]
                                  66            [1]
                                  65            [1]
                                  64            [1]
                                  63            [1]
                                  62            [1]
                                  61            [1][2]
                                  60            [1][2]
                                  59            [1]
                                  58            [1]
                                  57            [1]
                                  56            [1]
                                  55            [1]
                                  54            [1]
                                  53            [1]
                                  52            [1]
                                  51            [1]
                                  50            [1]
                                  49            [1]
                                  48            [1]
                                  47            [1]
                                  46            [1]
                                  45            [1]
                                  44            [1][2][3]
                                  43            [1]
                                  42            [1]
                                  41            [1]
                                  40            [1]
                                  39            [1]
                                  38            [1]
                                  37            [1]
                                  36            [1]
                                  35            [1]
                                  34            [1]
                                  33            [1]
                                  32            [1]
                                  31            [1]
                                  30            [1]
                                  29            [1]
                                  28            [1]
                                  27            [1]
                                  26            [1]
                                  25            [1]
                                  24            [1]
                                  23            [1]
                                  22            [1]
                                  21            [1]
                                  20            [1]
                                  19            [1]
                                  18            [1][2]
                                  17            [1]
                                  16            [1]
                                  15            [1]
                                  14            [1]
                                  13            [1]
                                  12            [1]
                                  11            [1]
                                  10            [1]
                                   9            [1]
                                   8            [1]
                                   7            [1]
                                   6            [1]
                                   5            [1]
                                   4            [1]
                                   3            [1]
                                   2            [1]
                                   1            [1]
                                   0            

ff: found legal plan as follows

step    0: TURN_TO SATELLITE4 STAR4 STAR14
        1: TURN_TO SATELLITE1 STAR1 PHENOMENON15
        2: TURN_TO SATELLITE10 STAR1 PHENOMENON15
        3: TURN_TO SATELLITE6 STAR9 PHENOMENON17
        4: TURN_TO SATELLITE3 STAR6 STAR19
        5: TURN_TO SATELLITE11 GROUNDSTATION0 STAR20
        6: TURN_TO SATELLITE1 STAR4 STAR1
        7: SWITCH_ON INSTRUMENT9 SATELLITE0
        8: TURN_TO SATELLITE0 GROUNDSTATION8 PHENOMENON21
        9: CALIBRATE SATELLITE0 INSTRUMENT9 GROUNDSTATION8
       10: TURN_TO SATELLITE0 STAR14 GROUNDSTATION8
       11: TURN_TO SATELLITE3 GROUNDSTATION2 STAR6
       12: TAKE_IMAGE SATELLITE0 STAR14 INSTRUMENT9 SPECTROGRAPH8
       13: TURN_TO SATELLITE0 PHENOMENON15 STAR14
       14: TAKE_IMAGE SATELLITE0 PHENOMENON15 INSTRUMENT9 SPECTROGRAPH9
       15: TURN_TO SATELLITE0 STAR23 PHENOMENON15
       16: TAKE_IMAGE SATELLITE0 STAR23 INSTRUMENT9 SPECTROGRAPH8
       17: TURN_TO SATELLITE0 STAR24 STAR23
       18: TAKE_IMAGE SATELLITE0 STAR24 INSTRUMENT9 THERMOGRAPH4
       19: TAKE_IMAGE SATELLITE0 STAR24 INSTRUMENT9 SPECTROGRAPH9
       20: TURN_TO SATELLITE2 STAR5 PHENOMENON21
       21: TURN_TO SATELLITE7 GROUNDSTATION8 PHENOMENON21
       22: SWITCH_ON INSTRUMENT18 SATELLITE2
       23: TURN_TO SATELLITE4 GROUNDSTATION10 STAR4
       24: CALIBRATE SATELLITE2 INSTRUMENT18 STAR5
       25: TURN_TO SATELLITE2 PHENOMENON13 STAR5
       26: SWITCH_ON INSTRUMENT31 SATELLITE4
       27: CALIBRATE SATELLITE4 INSTRUMENT31 GROUNDSTATION10
       28: TURN_TO SATELLITE4 STAR20 GROUNDSTATION10
       29: TAKE_IMAGE SATELLITE2 PHENOMENON13 INSTRUMENT18 SPECTROGRAPH10
       30: TURN_TO SATELLITE2 STAR14 PHENOMENON13
       31: TAKE_IMAGE SATELLITE2 STAR14 INSTRUMENT18 SPECTROGRAPH10
       32: TURN_TO SATELLITE2 STAR24 STAR14
       33: TAKE_IMAGE SATELLITE4 STAR20 INSTRUMENT31 SPECTROGRAPH2
       34: TURN_TO SATELLITE4 PHENOMENON21 STAR20
       35: TAKE_IMAGE SATELLITE4 PHENOMENON21 INSTRUMENT31 SPECTROGRAPH2
       36: TAKE_IMAGE SATELLITE2 STAR24 INSTRUMENT18 SPECTROGRAPH10
       37: TURN_TO SATELLITE2 STAR19 STAR24
       38: TAKE_IMAGE SATELLITE2 STAR19 INSTRUMENT18 SPECTROGRAPH10
       39: SWITCH_ON INSTRUMENT15 SATELLITE1
       40: TURN_TO SATELLITE8 PHENOMENON17 GROUNDSTATION0
       41: SWITCH_ON INSTRUMENT60 SATELLITE8
       42: TURN_TO SATELLITE5 STAR11 GROUNDSTATION8
       43: TURN_TO SATELLITE1 GROUNDSTATION10 STAR4
       44: CALIBRATE SATELLITE1 INSTRUMENT15 GROUNDSTATION10
       45: TURN_TO SATELLITE1 STAR14 GROUNDSTATION10
       46: SWITCH_ON INSTRUMENT34 SATELLITE5
       47: CALIBRATE SATELLITE5 INSTRUMENT34 STAR11
       48: TURN_TO SATELLITE5 STAR23 STAR11
       49: TURN_TO SATELLITE7 PHENOMENON13 GROUNDSTATION8
       50: TAKE_IMAGE SATELLITE1 STAR14 INSTRUMENT15 INFRARED0
       51: TURN_TO SATELLITE1 PLANET16 STAR14
       52: TAKE_IMAGE SATELLITE1 PLANET16 INSTRUMENT15 THERMOGRAPH6
       53: TAKE_IMAGE SATELLITE1 PLANET16 INSTRUMENT15 SPECTROGRAPH5
       54: TURN_TO SATELLITE1 STAR19 PLANET16
       55: TAKE_IMAGE SATELLITE1 STAR19 INSTRUMENT15 INFRARED0
       56: TAKE_IMAGE SATELLITE1 STAR19 INSTRUMENT15 THERMOGRAPH6
       57: TURN_TO SATELLITE1 STAR22 STAR19
       58: TAKE_IMAGE SATELLITE1 STAR22 INSTRUMENT15 THERMOGRAPH6
       59: TURN_TO SATELLITE1 PHENOMENON25 STAR22
       60: TAKE_IMAGE SATELLITE5 STAR23 INSTRUMENT34 THERMOGRAPH11
       61: TURN_TO SATELLITE5 PHENOMENON13 STAR23
       62: TAKE_IMAGE SATELLITE5 PHENOMENON13 INSTRUMENT34 THERMOGRAPH11
       63: TAKE_IMAGE SATELLITE1 PHENOMENON25 INSTRUMENT15 THERMOGRAPH6
       64: TAKE_IMAGE SATELLITE1 PHENOMENON25 INSTRUMENT15 SPECTROGRAPH5
       65: TURN_TO SATELLITE1 PHENOMENON15 PHENOMENON25
       66: TAKE_IMAGE SATELLITE1 PHENOMENON15 INSTRUMENT15 SPECTROGRAPH5
       67: TURN_TO SATELLITE8 GROUNDSTATION7 PHENOMENON17
       68: CALIBRATE SATELLITE8 INSTRUMENT60 GROUNDSTATION7
       69: TURN_TO SATELLITE8 STAR14 GROUNDSTATION7
       70: TAKE_IMAGE SATELLITE8 STAR14 INSTRUMENT60 THERMOGRAPH7
       71: TURN_TO SATELLITE8 PLANET16 STAR14
       72: TAKE_IMAGE SATELLITE8 PLANET16 INSTRUMENT60 SPECTROGRAPH3
       73: TAKE_IMAGE SATELLITE8 PLANET16 INSTRUMENT60 THERMOGRAPH12
       74: TURN_TO SATELLITE8 STAR19 PLANET16
       75: TAKE_IMAGE SATELLITE8 STAR19 INSTRUMENT60 THERMOGRAPH7
       76: TURN_TO SATELLITE8 STAR20 STAR19
       77: TAKE_IMAGE SATELLITE8 STAR20 INSTRUMENT60 SPECTROGRAPH3
       78: TURN_TO SATELLITE8 STAR24 STAR20
       79: TAKE_IMAGE SATELLITE8 STAR24 INSTRUMENT60 THERMOGRAPH12
       80: TURN_TO SATELLITE8 PHENOMENON25 STAR24
       81: TAKE_IMAGE SATELLITE8 PHENOMENON25 INSTRUMENT60 THERMOGRAPH12
       82: TAKE_IMAGE SATELLITE8 PHENOMENON25 INSTRUMENT60 THERMOGRAPH7
       83: TURN_TO SATELLITE8 PHENOMENON17 PHENOMENON25
       84: TAKE_IMAGE SATELLITE8 PHENOMENON17 INSTRUMENT60 THERMOGRAPH7
       85: TAKE_IMAGE SATELLITE8 PHENOMENON17 INSTRUMENT60 SPECTROGRAPH3
     

time spent:    0.00 seconds instantiating 14460 easy, 0 hard action templates
               0.00 seconds reachability analysis, yielding 893 facts and 14460 actions
               0.00 seconds creating final representation with 893 relevant facts, 0 relevant fluents
               0.02 seconds computing LNF
               0.00 seconds building connectivity graph
               1.36 seconds searching, evaluating 2480 states, to a max depth of 3
               1.38 seconds total time

