
ff: parsing domain file
domain 'SATELLITE' defined
 ... done.
ff: parsing problem file
problem 'STRIPS-SAT-X-1' defined
 ... done.


no metric specified. plan length assumed.

checking for cyclic := effects --- OK.

ff: search configuration is EHC, if that fails then  best-first on 1*g(s) + 5*h(s) where
    metric is  plan length

Cueing down from goal distance:   86 into depth [1]
                                  84            [1]
                                  79            [1]
                                  77            [1]
                                  74            [1]
                                  73            [1]
                                  70            [1]
                                  69            [1]
                                  68            [1]
                                  67            [1]
                                  66            [1]
                                  65            [1]
                                  64            [1]
                                  63            [1]
                                  62            [1]
                                  61            [1]
                                  60            [1]
                                  59            [1][2][3][4]
                                  58            [1]
                                  57            [1]
                                  56            [1]
                                  55            [1]
                                  54            [1]
                                  53            [1]
                                  52            [1]
                                  51            [1]
                                  50            [1]
                                  49            [1]
                                  48            [1]
                                  47            [1]
                                  46            [1]
                                  45            [1]
                                  44            [1]
                                  43            [1]
                                  42            [1]
                                  41            [1]
                                  40            [1]
                                  39            [1]
                                  38            [1]
                                  37            [1]
                                  36            [1]
                                  35            [1]
                                  34            [1]
                                  33            [1]
                                  32            [1]
                                  31            [1]
                                  30            [1]
                                  29            [1]
                                  28            [1]
                                  27            [1]
                                  26            [1]
                                  25            [1]
                                  24            [1]
                                  23            [1]
                                  22            [1]
                                  21            [1]
                                  20            [1][2]
                                  19            [1][2]
                                  18            [1]
                                  17            [1][2]
                                  16            [1]
                                  15            [1]
                                  14            [1]
                                  13            [1]
                                  12            [1]
                                  11            [1]
                                  10            [1]
                                   9            [1]
                                   8            [1]
                                   7            [1][2]
                                   6            [1]
                                   5            [1]
                                   4            [1]
                                   3            [1]
                                   2            [1]
                                   1            [1]
                                   0            

ff: found legal plan as follows

step    0: TURN_TO SATELLITE0 STAR2 PHENOMENON18
        1: TURN_TO SATELLITE5 GROUNDSTATION5 PHENOMENON14
        2: TURN_TO SATELLITE3 GROUNDSTATION1 STAR17
        3: TURN_TO SATELLITE11 GROUNDSTATION8 STAR17
        4: TURN_TO SATELLITE2 GROUNDSTATION6 GROUNDSTATION8
        5: TURN_TO SATELLITE10 GROUNDSTATION9 STAR22
        6: TURN_TO SATELLITE4 GROUNDSTATION9 STAR4
        7: SWITCH_ON INSTRUMENT27 SATELLITE4
        8: CALIBRATE SATELLITE4 INSTRUMENT27 GROUNDSTATION9
        9: TURN_TO SATELLITE4 STAR17 GROUNDSTATION9
       10: TURN_TO SATELLITE8 STAR10 GROUNDSTATION3
       11: TURN_TO SATELLITE10 GROUNDSTATION5 GROUNDSTATION9
       12: TURN_TO SATELLITE11 PHENOMENON24 GROUNDSTATION8
       13: TAKE_IMAGE SATELLITE4 STAR17 INSTRUMENT27 INFRARED0
       14: TURN_TO SATELLITE4 PHENOMENON24 STAR17
       15: TAKE_IMAGE SATELLITE4 PHENOMENON24 INSTRUMENT27 INFRARED0
       16: TURN_TO SATELLITE4 PLANET15 PHENOMENON24
       17: SWITCH_ON INSTRUMENT6 SATELLITE0
       18: TURN_TO SATELLITE3 GROUNDSTATION8 GROUNDSTATION1
       19: SWITCH_ON INSTRUMENT16 SATELLITE1
       20: SWITCH_ON INSTRUMENT37 SATELLITE5
       21: CALIBRATE SATELLITE5 INSTRUMENT37 GROUNDSTATION5
       22: TURN_TO SATELLITE5 PHENOMENON13 GROUNDSTATION5
       23: CALIBRATE SATELLITE0 INSTRUMENT6 STAR2
       24: TURN_TO SATELLITE0 PHENOMENON14 STAR2
       25: CALIBRATE SATELLITE1 INSTRUMENT16 GROUNDSTATION12
       26: TURN_TO SATELLITE1 PHENOMENON13 GROUNDSTATION12
       27: TAKE_IMAGE SATELLITE5 PHENOMENON13 INSTRUMENT37 INFRARED1
       28: TURN_TO SATELLITE5 PHENOMENON14 PHENOMENON13
       29: TAKE_IMAGE SATELLITE1 PHENOMENON13 INSTRUMENT16 INFRARED7
       30: TURN_TO SATELLITE1 PLANET15 PHENOMENON13
       31: TAKE_IMAGE SATELLITE0 PHENOMENON14 INSTRUMENT6 INFRARED10
       32: TURN_TO SATELLITE0 STAR21 PHENOMENON14
       33: TAKE_IMAGE SATELLITE5 PHENOMENON14 INSTRUMENT37 INFRARED2
       34: TURN_TO SATELLITE5 PLANET15 PHENOMENON14
       35: TAKE_IMAGE SATELLITE1 PLANET15 INSTRUMENT16 INFRARED7
       36: TURN_TO SATELLITE1 STAR19 PLANET15
       37: TAKE_IMAGE SATELLITE5 PLANET15 INSTRUMENT37 INFRARED1
       38: TURN_TO SATELLITE5 STAR17 PLANET15
       39: TAKE_IMAGE SATELLITE5 STAR17 INSTRUMENT37 INFRARED1
       40: TAKE_IMAGE SATELLITE5 STAR17 INSTRUMENT37 INFRARED2
       41: TURN_TO SATELLITE5 STAR23 STAR17
       42: TAKE_IMAGE SATELLITE1 STAR19 INSTRUMENT16 INFRARED11
       43: TURN_TO SATELLITE1 STAR21 STAR19
       44: TAKE_IMAGE SATELLITE0 STAR21 INSTRUMENT6 INFRARED10
       45: TURN_TO SATELLITE0 STAR22 STAR21
       46: TAKE_IMAGE SATELLITE1 STAR21 INSTRUMENT16 INFRARED7
       47: TURN_TO SATELLITE1 STAR22 STAR21
       48: TAKE_IMAGE SATELLITE0 STAR22 INSTRUMENT6 IMAGE5
       49: TURN_TO SATELLITE0 STAR23 STAR22
       50: TAKE_IMAGE SATELLITE1 STAR22 INSTRUMENT16 INFRARED11
       51: TURN_TO SATELLITE1 STAR25 STAR22
       52: TAKE_IMAGE SATELLITE5 STAR23 INSTRUMENT37 INFRARED4
       53: TAKE_IMAGE SATELLITE0 STAR23 INSTRUMENT6 IMAGE5
       54: TURN_TO SATELLITE0 STAR25 STAR23
       55: TAKE_IMAGE SATELLITE5 STAR23 INSTRUMENT37 INFRARED1
       56: TAKE_IMAGE SATELLITE0 STAR25 INSTRUMENT6 IMAGE5
       57: TAKE_IMAGE SATELLITE1 STAR25 INSTRUMENT16 INFRARED11
       58: TURN_TO SATELLITE1 STAR17 STAR25
       59: TURN_TO SATELLITE3 PHENOMENON16 GROUNDSTATION8
       60: TURN_TO SATELLITE7 PHENOMENON16 STAR10
       61: SWITCH_ON INSTRUMENT25 SATELLITE3
       62: SWITCH_ON INSTRUMENT43 SATELLITE7
       63: TURN_TO SATELLITE9 STAR22 STAR4
       64: TURN_TO SATELLITE3 GROUNDSTATION8 PHENOMENON16
       65: CALIBRATE SATELLITE3 INSTRUMENT25 GROUNDSTATION8
       66: TURN_TO SATELLITE3 PHENOMENON14 GROUNDSTATION8
       67: TAKE_IMAGE SATELLITE3 PHENOMENON14 INSTRUMENT25 THERMOGRAPH6
       68: TURN_TO SATELLITE3 PHENOMENON16 PHENOMENON14
       69: TAKE_IMAGE SATELLITE3 PHENOMENON16 INSTRUMENT25 INFRARED3
       70: TURN_TO SATELLITE3 STAR17 PHENOMENON16
       71: TAKE_IMAGE SATELLITE3 STAR17 INSTRUMENT25 INFRARED3
       72: TURN_TO SATELLITE3 STAR22 STAR17
       73: TAKE_IMAGE SATELLITE3 STAR22 INSTRUMENT25 THERMOGRAPH6
       74: TAKE_IMAGE SATELLITE3 STAR22 INSTRUMENT25 INFRARED3
       75: TURN_TO SATELLITE7 STAR2 PHENOMENON16
       76: CALIBRATE SATELLITE7 INSTRUMENT43 STAR2
       77: TURN_TO SATELLITE7 PHENOMENON14 STAR2
       78: TAKE_IMAGE SATELLITE7 PHENOMENON14 INSTRUMENT43 INFRARED9
       79: TURN_TO SATELLITE7 STAR25 PHENOMENON14
       80: TAKE_IMAGE SATELLITE7 STAR25 INSTRUMENT43 INFRARED9
       81: TURN_TO SATELLITE7 PHENOMENON16 STAR25
       82: TAKE_IMAGE SATELLITE7 PHENOMENON16 INSTRUMENT43 INFRARED9
     

time spent:    0.00 seconds instantiating 13939 easy, 0 hard action templates
               0.00 seconds reachability analysis, yielding 873 facts and 13939 actions
               0.00 seconds creating final representation with 873 relevant facts, 0 relevant fluents
               0.02 seconds computing LNF
               0.01 seconds building connectivity graph
              24.88 seconds searching, evaluating 40933 states, to a max depth of 4
              24.91 seconds total time

