
ff: parsing domain file
domain 'SATELLITE' defined
 ... done.
ff: parsing problem file
problem 'STRIPS-SAT-X-1' defined
 ... done.


no metric specified. plan length assumed.

checking for cyclic := effects --- OK.

ff: search configuration is EHC, if that fails then  best-first on 1*g(s) + 5*h(s) where
    metric is  plan length

Cueing down from goal distance:   81 into depth [1]
                                  78            [1]
                                  77            [1]
                                  76            [1]
                                  73            [1]
                                  72            [1]
                                  70            [1]
                                  65            [1]
                                  64            [1]
                                  63            [1]
                                  62            [1]
                                  61            [1]
                                  60            [1]
                                  59            [1]
                                  58            [1]
                                  57            [1]
                                  56            [1]
                                  55            [1]
                                  54            [1]
                                  53            [1]
                                  52            [1]
                                  51            [1]
                                  50            [1]
                                  49            [1]
                                  48            [1]
                                  47            [1]
                                  46            [1]
                                  45            [1]
                                  44            [1]
                                  43            [1]
                                  42            [1]
                                  41            [1]
                                  40            [1]
                                  39            [1]
                                  38            [1]
                                  37            [1][2][3][4]
                                  36            [1]
                                  35            [1]
                                  34            [1]
                                  33            [1]
                                  32            [1]
                                  31            [1]
                                  30            [1]
                                  29            [1]
                                  28            [1]
                                  27            [1][2]
                                  26            [1]
                                  25            [1]
                                  24            [1]
                                  23            [1]
                                  22            [1]
                                  21            [1]
                                  20            [1]
                                  19            [1][2][3]
                                  18            [1]
                                  17            [1]
                                  16            [1]
                                  15            [1]
                                  14            [1]
                                  13            [1]
                                  12            [1]
                                  11            [1]
                                  10            [1]
                                   9            [1]
                                   8            [1]
                                   7            [1]
                                   6            [1]
                                   5            [1]
                                   4            [1]
                                   3            [1]
                                   2            [1]
                                   1            [1]
                                   0            

ff: found legal plan as follows

step    0: TURN_TO SATELLITE2 GROUNDSTATION4 PHENOMENON15
        1: TURN_TO SATELLITE1 STAR2 GROUNDSTATION1
        2: TURN_TO SATELLITE0 GROUNDSTATION4 GROUNDSTATION3
        3: TURN_TO SATELLITE3 STAR12 STAR18
        4: TURN_TO SATELLITE2 GROUNDSTATION1 GROUNDSTATION4
        5: TURN_TO SATELLITE6 STAR5 PHENOMENON21
        6: TURN_TO SATELLITE11 STAR5 STAR22
        7: TURN_TO SATELLITE3 STAR0 STAR12
        8: SWITCH_ON INSTRUMENT6 SATELLITE1
        9: CALIBRATE SATELLITE1 INSTRUMENT6 STAR2
       10: TURN_TO SATELLITE1 PHENOMENON15 STAR2
       11: SWITCH_ON INSTRUMENT9 SATELLITE2
       12: CALIBRATE SATELLITE2 INSTRUMENT9 GROUNDSTATION1
       13: TURN_TO SATELLITE2 PLANET19 GROUNDSTATION1
       14: SWITCH_ON INSTRUMENT15 SATELLITE3
       15: CALIBRATE SATELLITE3 INSTRUMENT15 STAR0
       16: TURN_TO SATELLITE3 PHENOMENON16 STAR0
       17: TURN_TO SATELLITE5 GROUNDSTATION3 STAR8
       18: TURN_TO SATELLITE11 STAR2 STAR5
       19: TAKE_IMAGE SATELLITE1 PHENOMENON15 INSTRUMENT6 IMAGE9
       20: TURN_TO SATELLITE1 PHENOMENON16 PHENOMENON15
       21: TAKE_IMAGE SATELLITE1 PHENOMENON16 INSTRUMENT6 IMAGE9
       22: TAKE_IMAGE SATELLITE3 PHENOMENON16 INSTRUMENT15 THERMOGRAPH12
       23: TURN_TO SATELLITE3 STAR22 PHENOMENON16
       24: TAKE_IMAGE SATELLITE1 PHENOMENON16 INSTRUMENT6 THERMOGRAPH4
       25: TURN_TO SATELLITE1 PHENOMENON21 PHENOMENON16
       26: TAKE_IMAGE SATELLITE2 PLANET19 INSTRUMENT9 INFRARED0
       27: TURN_TO SATELLITE2 STAR22 PLANET19
       28: TAKE_IMAGE SATELLITE1 PHENOMENON21 INSTRUMENT6 THERMOGRAPH4
       29: TAKE_IMAGE SATELLITE1 PHENOMENON21 INSTRUMENT6 IMAGE9
       30: TURN_TO SATELLITE1 PLANET23 PHENOMENON21
       31: TAKE_IMAGE SATELLITE3 STAR22 INSTRUMENT15 THERMOGRAPH12
       32: TURN_TO SATELLITE3 PLANET23 STAR22
       33: TAKE_IMAGE SATELLITE2 STAR22 INSTRUMENT9 INFRARED0
       34: TAKE_IMAGE SATELLITE3 PLANET23 INSTRUMENT15 THERMOGRAPH12
       35: TURN_TO SATELLITE0 STAR7 GROUNDSTATION4
       36: SWITCH_ON INSTRUMENT2 SATELLITE0
       37: CALIBRATE SATELLITE0 INSTRUMENT2 STAR7
       38: TURN_TO SATELLITE0 PHENOMENON13 STAR7
       39: SWITCH_ON INSTRUMENT29 SATELLITE5
       40: TAKE_IMAGE SATELLITE0 PHENOMENON13 INSTRUMENT2 INFRARED10
       41: TAKE_IMAGE SATELLITE0 PHENOMENON13 INSTRUMENT2 IMAGE3
       42: TURN_TO SATELLITE0 STAR14 PHENOMENON13
       43: TAKE_IMAGE SATELLITE0 STAR14 INSTRUMENT2 INFRARED10
       44: TURN_TO SATELLITE0 STAR20 STAR14
       45: TAKE_IMAGE SATELLITE0 STAR20 INSTRUMENT2 INFRARED10
       46: TURN_TO SATELLITE0 STAR24 STAR20
       47: TAKE_IMAGE SATELLITE0 STAR24 INSTRUMENT2 IMAGE3
       48: TURN_TO SATELLITE5 STAR5 GROUNDSTATION3
       49: CALIBRATE SATELLITE5 INSTRUMENT29 STAR5
       50: TURN_TO SATELLITE5 STAR18 STAR5
       51: TAKE_IMAGE SATELLITE5 STAR18 INSTRUMENT29 INFRARED7
       52: TURN_TO SATELLITE5 STAR22 STAR18
       53: TAKE_IMAGE SATELLITE5 STAR22 INSTRUMENT29 INFRARED7
       54: TURN_TO SATELLITE5 STAR24 STAR22
       55: TAKE_IMAGE SATELLITE5 STAR24 INSTRUMENT29 INFRARED7
       56: TURN_TO SATELLITE5 GROUNDSTATION3 STAR24
       57: SWITCH_ON INSTRUMENT21 SATELLITE4
       58: TURN_TO SATELLITE6 GROUNDSTATION4 STAR5
       59: CALIBRATE SATELLITE4 INSTRUMENT21 STAR2
       60: TURN_TO SATELLITE4 PHENOMENON15 STAR2
       61: SWITCH_ON INSTRUMENT35 SATELLITE6
       62: CALIBRATE SATELLITE6 INSTRUMENT35 GROUNDSTATION4
       63: TURN_TO SATELLITE6 PHENOMENON15 GROUNDSTATION4
       64: TAKE_IMAGE SATELLITE4 PHENOMENON15 INSTRUMENT21 IMAGE8
       65: TURN_TO SATELLITE4 PHENOMENON16 PHENOMENON15
       66: TAKE_IMAGE SATELLITE6 PHENOMENON15 INSTRUMENT35 IMAGE6
       67: TURN_TO SATELLITE6 STAR24 PHENOMENON15
       68: TAKE_IMAGE SATELLITE4 PHENOMENON16 INSTRUMENT21 IMAGE8
       69: TURN_TO SATELLITE4 STAR18 PHENOMENON16
       70: TAKE_IMAGE SATELLITE4 STAR18 INSTRUMENT21 IMAGE5
       71: TURN_TO SATELLITE4 PLANET19 STAR18
       72: TAKE_IMAGE SATELLITE4 PLANET19 INSTRUMENT21 IMAGE8
       73: TURN_TO SATELLITE4 STAR22 PLANET19
       74: TAKE_IMAGE SATELLITE4 STAR22 INSTRUMENT21 IMAGE5
       75: TURN_TO SATELLITE4 STAR24 STAR22
       76: TAKE_IMAGE SATELLITE6 STAR24 INSTRUMENT35 IMAGE6
       77: TAKE_IMAGE SATELLITE4 STAR24 INSTRUMENT21 IMAGE8
     

time spent:    0.00 seconds instantiating 13106 easy, 0 hard action templates
               0.00 seconds reachability analysis, yielding 851 facts and 13106 actions
               0.00 seconds creating final representation with 851 relevant facts, 0 relevant fluents
               0.01 seconds computing LNF
               0.01 seconds building connectivity graph
               1.62 seconds searching, evaluating 4260 states, to a max depth of 4
               1.64 seconds total time

