
ff: parsing domain file
domain 'SATELLITE' defined
 ... done.
ff: parsing problem file
problem 'STRIPS-SAT-X-1' defined
 ... done.


no metric specified. plan length assumed.

checking for cyclic := effects --- OK.

ff: search configuration is EHC, if that fails then  best-first on 1*g(s) + 5*h(s) where
    metric is  plan length

Cueing down from goal distance:  100 into depth [1]
                                  95            [1]
                                  93            [1]
                                  92            [1]
                                  89            [1]
                                  87            [1]
                                  84            [1]
                                  83            [1]
                                  81            [1]
                                  77            [1]
                                  76            [1]
                                  75            [1]
                                  74            [1]
                                  73            [1]
                                  72            [1]
                                  71            [1]
                                  70            [1]
                                  69            [1]
                                  68            [1][2]
                                  65            [1][2]
                                  64            [1]
                                  63            [1]
                                  62            [1]
                                  61            [1]
                                  60            [1]
                                  59            [1]
                                  58            [1]
                                  57            [1]
                                  56            [1]
                                  55            [1]
                                  54            [1]
                                  53            [1]
                                  52            [1]
                                  51            [1]
                                  50            [1]
                                  49            [1]
                                  48            [1]
                                  47            [1][2][3]
                                  46            [1]
                                  45            [1]
                                  44            [1]
                                  43            [1]
                                  42            [1]
                                  41            [1]
                                  40            [1]
                                  39            [1]
                                  38            [1]
                                  37            [1]
                                  36            [1]
                                  35            [1][2]
                                  34            [1]
                                  33            [1]
                                  32            [1]
                                  31            [1]
                                  30            [1]
                                  29            [1]
                                  28            [1]
                                  27            [1]
                                  26            [1]
                                  25            [1]
                                  24            [1]
                                  23            [1]
                                  22            [1]
                                  21            [1]
                                  20            [1]
                                  19            [1][2]
                                  18            [1]
                                  17            [1]
                                  16            [1]
                                  15            [1]
                                  14            [1]
                                  13            [1]
                                  12            [1]
                                  11            [1]
                                  10            [1]
                                   9            [1]
                                   8            [1]
                                   7            [1]
                                   6            [1]
                                   5            [1]
                                   4            [1]
                                   3            [1]
                                   2            [1]
                                   1            [1]
                                   0            

ff: found legal plan as follows

step    0: TURN_TO SATELLITE9 STAR8 PHENOMENON13
        1: TURN_TO SATELLITE1 GROUNDSTATION1 PLANET14
        2: TURN_TO SATELLITE1 GROUNDSTATION4 GROUNDSTATION1
        3: TURN_TO SATELLITE3 GROUNDSTATION1 STAR17
        4: TURN_TO SATELLITE10 GROUNDSTATION12 STAR18
        5: TURN_TO SATELLITE6 GROUNDSTATION12 PHENOMENON19
        6: TURN_TO SATELLITE2 GROUNDSTATION10 GROUNDSTATION4
        7: TURN_TO SATELLITE12 STAR0 STAR23
        8: TURN_TO SATELLITE7 STAR6 STAR23
        9: TURN_TO SATELLITE2 PLANET20 GROUNDSTATION10
       10: SWITCH_ON INSTRUMENT5 SATELLITE1
       11: CALIBRATE SATELLITE1 INSTRUMENT5 GROUNDSTATION4
       12: TURN_TO SATELLITE1 PLANET14 GROUNDSTATION4
       13: TURN_TO SATELLITE7 GROUNDSTATION4 STAR6
       14: TAKE_IMAGE SATELLITE1 PLANET14 INSTRUMENT5 INFRARED6
       15: TURN_TO SATELLITE1 STAR23 PLANET14
       16: TAKE_IMAGE SATELLITE1 STAR23 INSTRUMENT5 INFRARED6
       17: TURN_TO SATELLITE1 GROUNDSTATION10 STAR23
       18: TURN_TO SATELLITE8 STAR18 GROUNDSTATION11
       19: SWITCH_ON INSTRUMENT43 SATELLITE8
       20: TURN_TO SATELLITE8 STAR3 STAR18
       21: CALIBRATE SATELLITE8 INSTRUMENT43 STAR3
       22: TURN_TO SATELLITE8 PLANET14 STAR3
       23: TAKE_IMAGE SATELLITE8 PLANET14 INSTRUMENT43 THERMOGRAPH9
       24: TAKE_IMAGE SATELLITE8 PLANET14 INSTRUMENT43 IMAGE8
       25: TURN_TO SATELLITE8 STAR15 PLANET14
       26: TAKE_IMAGE SATELLITE8 STAR15 INSTRUMENT43 THERMOGRAPH9
       27: TURN_TO SATELLITE8 STAR17 STAR15
       28: TAKE_IMAGE SATELLITE8 STAR17 INSTRUMENT43 IMAGE8
       29: TURN_TO SATELLITE8 PHENOMENON19 STAR17
       30: TAKE_IMAGE SATELLITE8 PHENOMENON19 INSTRUMENT43 THERMOGRAPH9
       31: TURN_TO SATELLITE8 STAR22 PHENOMENON19
       32: TAKE_IMAGE SATELLITE8 STAR22 INSTRUMENT43 IMAGE8
       33: TAKE_IMAGE SATELLITE8 STAR22 INSTRUMENT43 SPECTROGRAPH4
       34: TAKE_IMAGE SATELLITE8 STAR22 INSTRUMENT43 THERMOGRAPH9
       35: TURN_TO SATELLITE8 STAR23 STAR22
       36: TAKE_IMAGE SATELLITE8 STAR23 INSTRUMENT43 THERMOGRAPH9
       37: TURN_TO SATELLITE8 STAR18 STAR23
       38: TAKE_IMAGE SATELLITE8 STAR18 INSTRUMENT43 IMAGE8
       39: TURN_TO SATELLITE2 STAR0 PLANET20
       40: SWITCH_ON INSTRUMENT4 SATELLITE0
       41: CALIBRATE SATELLITE0 INSTRUMENT4 GROUNDSTATION10
       42: TURN_TO SATELLITE0 STAR16 GROUNDSTATION10
       43: TAKE_IMAGE SATELLITE0 STAR16 INSTRUMENT4 IMAGE5
       44: TURN_TO SATELLITE0 STAR17 STAR16
       45: TAKE_IMAGE SATELLITE0 STAR17 INSTRUMENT4 IMAGE11
       46: TURN_TO SATELLITE0 PLANET20 STAR17
       47: TAKE_IMAGE SATELLITE0 PLANET20 INSTRUMENT4 IMAGE11
       48: TURN_TO SATELLITE0 STAR23 PLANET20
       49: TAKE_IMAGE SATELLITE0 STAR23 INSTRUMENT4 IMAGE11
       50: TURN_TO SATELLITE0 STAR24 STAR23
       51: TAKE_IMAGE SATELLITE0 STAR24 INSTRUMENT4 THERMOGRAPH0
       52: TURN_TO SATELLITE0 GROUNDSTATION4 STAR24
       53: SWITCH_ON INSTRUMENT12 SATELLITE2
       54: CALIBRATE SATELLITE2 INSTRUMENT12 STAR0
       55: TURN_TO SATELLITE2 PLANET14 STAR0
       56: TAKE_IMAGE SATELLITE2 PLANET14 INSTRUMENT12 THERMOGRAPH12
       57: TURN_TO SATELLITE2 STAR15 PLANET14
       58: TAKE_IMAGE SATELLITE2 STAR15 INSTRUMENT12 THERMOGRAPH12
       59: TURN_TO SATELLITE2 STAR17 STAR15
       60: TAKE_IMAGE SATELLITE2 STAR17 INSTRUMENT12 IMAGE3
       61: TURN_TO SATELLITE2 PHENOMENON19 STAR17
       62: TAKE_IMAGE SATELLITE2 PHENOMENON19 INSTRUMENT12 IMAGE3
       63: TAKE_IMAGE SATELLITE2 PHENOMENON19 INSTRUMENT12 THERMOGRAPH12
       64: TURN_TO SATELLITE2 PLANET20 PHENOMENON19
       65: TAKE_IMAGE SATELLITE2 PLANET20 INSTRUMENT12 IMAGE3
       66: TURN_TO SATELLITE2 PLANET21 PLANET20
       67: TAKE_IMAGE SATELLITE2 PLANET21 INSTRUMENT12 IMAGE3
       68: TURN_TO SATELLITE2 STAR25 PLANET21
       69: TAKE_IMAGE SATELLITE2 STAR25 INSTRUMENT12 IMAGE3
       70: SWITCH_ON INSTRUMENT20 SATELLITE3
       71: TURN_TO SATELLITE6 STAR8 GROUNDSTATION12
       72: CALIBRATE SATELLITE3 INSTRUMENT20 GROUNDSTATION1
       73: TURN_TO SATELLITE3 PHENOMENON13 GROUNDSTATION1
       74: SWITCH_ON INSTRUMENT31 SATELLITE6
       75: CALIBRATE SATELLITE6 INSTRUMENT31 STAR8
       76: TURN_TO SATELLITE6 PHENOMENON13 STAR8
       77: TAKE_IMAGE SATELLITE3 PHENOMENON13 INSTRUMENT20 INFRARED10
       78: TAKE_IMAGE SATELLITE3 PHENOMENON13 INSTRUMENT20 THERMOGRAPH7
       79: TURN_TO SATELLITE3 STAR17 PHENOMENON13
       80: TAKE_IMAGE SATELLITE6 PHENOMENON13 INSTRUMENT31 SPECTROGRAPH2
       81: TURN_TO SATELLITE6 STAR15 PHENOMENON13
       82: TAKE_IMAGE SATELLITE6 STAR15 INSTRUMENT31 SPECTROGRAPH2
       83: TURN_TO SATELLITE6 PLANET20 STAR15
       84: TAKE_IMAGE SATELLITE3 STAR17 INSTRUMENT20 INFRARED10
       85: TAKE_IMAGE SATELLITE6 PLANET20 INSTRUMENT31 SPECTROGRAPH2
       86: TURN_TO SATELLITE6 STAR22 PLANET20
       87: TAKE_IMAGE SATELLITE6 STAR22 INSTRUMENT31 SPECTROGRAPH2
       88: TURN_TO SATELLITE6 STAR25 STAR22
       89: TAKE_IMAGE SATELLITE6 STAR25 INSTRUMENT31 SPECTROGRAPH2
     

time spent:    0.00 seconds instantiating 13008 easy, 0 hard action templates
               0.00 seconds reachability analysis, yielding 837 facts and 13008 actions
               0.00 seconds creating final representation with 837 relevant facts, 0 relevant fluents
               0.01 seconds computing LNF
               0.01 seconds building connectivity graph
               0.61 seconds searching, evaluating 1607 states, to a max depth of 3
               0.63 seconds total time

