
ff: parsing domain file
domain 'SATELLITE' defined
 ... done.
ff: parsing problem file
problem 'STRIPS-SAT-X-1' defined
 ... done.


no metric specified. plan length assumed.

checking for cyclic := effects --- OK.

ff: search configuration is EHC, if that fails then  best-first on 1*g(s) + 5*h(s) where
    metric is  plan length

Cueing down from goal distance:    4 into depth [1]
                                   3            [1][2]
                                   2            [1]
                                   1            [1]
                                   0            

ff: found legal plan as follows

step    0: SWITCH_ON INSTRUMENT0 SATELLITE0
        1: TURN_TO SATELLITE0 GROUNDSTATION0 STAR1
        2: CALIBRATE SATELLITE0 INSTRUMENT0 GROUNDSTATION0
        3: TURN_TO SATELLITE0 STAR1 GROUNDSTATION0
        4: TAKE_IMAGE SATELLITE0 STAR1 INSTRUMENT0 THERMOGRAPH0
     

time spent:    0.00 seconds instantiating 9 easy, 0 hard action templates
               0.00 seconds reachability analysis, yielding 7 facts and 9 actions
               0.00 seconds creating final representation with 7 relevant facts, 0 relevant fluents
               0.00 seconds computing LNF
               0.00 seconds building connectivity graph
               0.00 seconds searching, evaluating 7 states, to a max depth of 2
               0.00 seconds total time

