
ff: parsing domain file
domain 'SATELLITE' defined
 ... done.
ff: parsing problem file
problem 'STRIPS-SAT-X-1' defined
 ... done.


no metric specified. plan length assumed.

checking for cyclic := effects --- OK.

ff: search configuration is EHC, if that fails then  best-first on 1*g(s) + 5*h(s) where
    metric is  plan length

Cueing down from goal distance:  411 into depth [1]
                                 402            [1]
                                 384            [1]
                                 381            [1]
                                 365            [1]
                                 353            [1]
                                 347            [1]
                                 346            [1]
                                 328            [1]
                                 319            [1]
                                 315            [1]
                                 314            [1]
                                 307            [1]
                                 289            [1]
                                 288            [1]
                                 286            [1]
                                 271            [1]
                                 270            [1]
                                 269            [1]
                                 268            [1]
                                 267            [1]
                                 266            [1]
                                 265            [1][2]
                                 264            [1]
                                 263            [1]
                                 262            [1]
                                 261            [1]
                                 260            [1]
                                 259            [1]
                                 258            [1]
                                 257            [1]
                                 256            [1]
                                 255            [1]
                                 254            [1]
                                 253            [1]
                                 252            [1]
                                 251            [1]
                                 250            [1]
                                 249            [1]
                                 248            [1]
                                 247            [1][2][3]