
ff: parsing domain file
domain 'SATELLITE' defined
 ... done.
ff: parsing problem file
problem 'STRIPS-SAT-X-1' defined
 ... done.


no metric specified. plan length assumed.

checking for cyclic := effects --- OK.

ff: search configuration is EHC, if that fails then  best-first on 1*g(s) + 5*h(s) where
    metric is  plan length

Cueing down from goal distance:   31 into depth [1]
                                  29            [1]
                                  28            [1]
                                  27            [1]
                                  26            [1]
                                  25            [1][2]
                                  24            [1]
                                  23            [1]
                                  22            [1]
                                  21            [1]
                                  20            [1][2]
                                  19            [1]
                                  18            [1]
                                  17            [1]
                                  16            [1]
                                  15            [1]
                                  14            [1]
                                  13            [1]
                                  12            [1]
                                  11            [1]
                                  10            [1]
                                   9            [1]
                                   8            [1]
                                   7            [1][2][3]
                                   6            [1]
                                   5            [1]
                                   4            [1]
                                   3            [1]
                                   2            [1][2]
                                   1            [1]
                                   0            

ff: found legal plan as follows

step    0: SWITCH_ON INSTRUMENT10 SATELLITE1
        1: TURN_TO SATELLITE2 GROUNDSTATION2 STAR15
        2: SWITCH_ON INSTRUMENT0 SATELLITE0
        3: TURN_TO SATELLITE3 GROUNDSTATION2 PLANET14
        4: TURN_TO SATELLITE5 STAR11 GROUNDSTATION7
        5: TURN_TO SATELLITE1 STAR3 PLANET9
        6: CALIBRATE SATELLITE1 INSTRUMENT10 STAR3
        7: TURN_TO SATELLITE1 PLANET9 STAR3
        8: TAKE_IMAGE SATELLITE1 PLANET9 INSTRUMENT10 IMAGE4
        9: TURN_TO SATELLITE1 PLANET10 PLANET9
       10: TAKE_IMAGE SATELLITE1 PLANET10 INSTRUMENT10 THERMOGRAPH5
       11: TURN_TO SATELLITE0 GROUNDSTATION7 STAR12
       12: CALIBRATE SATELLITE0 INSTRUMENT0 GROUNDSTATION7
       13: TURN_TO SATELLITE0 PLANET10 GROUNDSTATION7
       14: TAKE_IMAGE SATELLITE0 PLANET10 INSTRUMENT0 INFRARED8
       15: TURN_TO SATELLITE0 STAR11 PLANET10
       16: TAKE_IMAGE SATELLITE0 STAR11 INSTRUMENT0 INFRARED1
       17: TURN_TO SATELLITE0 PLANET14 STAR11
       18: TAKE_IMAGE SATELLITE0 PLANET14 INSTRUMENT0 INFRARED8
       19: TURN_TO SATELLITE0 STAR15 PLANET14
       20: TAKE_IMAGE SATELLITE0 STAR15 INSTRUMENT0 INFRARED8
       21: TURN_TO SATELLITE0 STAR16 STAR15
       22: TAKE_IMAGE SATELLITE0 STAR16 INSTRUMENT0 INFRARED8
       23: TURN_TO SATELLITE0 STAR12 STAR16
       24: TAKE_IMAGE SATELLITE0 STAR12 INSTRUMENT0 INFRARED1
       25: SWITCH_ON INSTRUMENT20 SATELLITE2
       26: TURN_TO SATELLITE4 GROUNDSTATION4 PHENOMENON17
       27: CALIBRATE SATELLITE2 INSTRUMENT20 GROUNDSTATION2
       28: SWITCH_ON INSTRUMENT24 SATELLITE4
       29: CALIBRATE SATELLITE4 INSTRUMENT24 GROUNDSTATION4
       30: TURN_TO SATELLITE4 STAR15 GROUNDSTATION4
       31: TAKE_IMAGE SATELLITE4 STAR15 INSTRUMENT24 SPECTROGRAPH0
       32: TURN_TO SATELLITE2 STAR15 GROUNDSTATION2
       33: TAKE_IMAGE SATELLITE2 STAR15 INSTRUMENT20 SPECTROGRAPH2
       34: TURN_TO SATELLITE2 GROUNDSTATION2 STAR15
     

time spent:    0.00 seconds instantiating 4856 easy, 0 hard action templates
               0.00 seconds reachability analysis, yielding 435 facts and 4856 actions
               0.00 seconds creating final representation with 435 relevant facts, 0 relevant fluents
               0.00 seconds computing LNF
               0.00 seconds building connectivity graph
               0.01 seconds searching, evaluating 177 states, to a max depth of 3
               0.01 seconds total time

