
ff: parsing domain file
domain 'SATELLITE' defined
 ... done.
ff: parsing problem file
problem 'STRIPS-SAT-X-1' defined
 ... done.


no metric specified. plan length assumed.

checking for cyclic := effects --- OK.

ff: search configuration is EHC, if that fails then  best-first on 1*g(s) + 5*h(s) where
    metric is  plan length

Cueing down from goal distance:   61 into depth [1]
                                  58            [1]
                                  55            [1]
                                  54            [1]
                                  51            [1]
                                  50            [1]
                                  49            [1]
                                  48            [1]
                                  47            [1]
                                  46            [1]
                                  45            [1][2]
                                  44            [1]
                                  43            [1]
                                  42            [1]
                                  41            [1]
                                  40            [1]
                                  39            [1]
                                  38            [1]
                                  37            [1]
                                  36            [1]
                                  35            [1]
                                  34            [1]
                                  33            [1]
                                  32            [1][2]
                                  31            [1][2][3]
                                  30            [1]
                                  29            [1]
                                  28            [1]
                                  27            [1]
                                  26            [1]
                                  25            [1]
                                  24            [1]
                                  23            [1]
                                  22            [1]
                                  21            [1]
                                  20            [1]
                                  19            [1]
                                  18            [1]
                                  17            [1]
                                  16            [1]
                                  15            [1][2]
                                  14            [1]
                                  13            [1]
                                  12            [1]
                                  11            [1]
                                  10            [1]
                                   9            [1]
                                   8            [1]
                                   7            [1]
                                   6            [1]
                                   5            [1]
                                   4            [1]
                                   3            [1]
                                   2            [1]
                                   1            [1]
                                   0            

ff: found legal plan as follows

step    0: TURN_TO SATELLITE1 GROUNDSTATION8 STAR12
        1: TURN_TO SATELLITE4 GROUNDSTATION5 PLANET15
        2: TURN_TO SATELLITE3 STAR11 GROUNDSTATION7
        3: SWITCH_ON INSTRUMENT10 SATELLITE3
        4: TURN_TO SATELLITE6 STAR11 GROUNDSTATION7
        5: SWITCH_ON INSTRUMENT1 SATELLITE0
        6: SWITCH_ON INSTRUMENT23 SATELLITE6
        7: TURN_TO SATELLITE2 PHENOMENON14 STAR12
        8: TURN_TO SATELLITE5 STAR12 STAR0
        9: TURN_TO SATELLITE8 PHENOMENON16 STAR0
       10: TURN_TO SATELLITE3 GROUNDSTATION5 STAR11
       11: CALIBRATE SATELLITE3 INSTRUMENT10 GROUNDSTATION5
       12: TURN_TO SATELLITE3 STAR10 GROUNDSTATION5
       13: TAKE_IMAGE SATELLITE3 STAR10 INSTRUMENT10 SPECTROGRAPH2
       14: TURN_TO SATELLITE3 STAR11 STAR10
       15: TAKE_IMAGE SATELLITE3 STAR11 INSTRUMENT10 SPECTROGRAPH2
       16: TURN_TO SATELLITE3 PHENOMENON13 STAR11
       17: TAKE_IMAGE SATELLITE3 PHENOMENON13 INSTRUMENT10 THERMOGRAPH7
       18: TURN_TO SATELLITE3 PHENOMENON14 PHENOMENON13
       19: TAKE_IMAGE SATELLITE3 PHENOMENON14 INSTRUMENT10 THERMOGRAPH7
       20: TURN_TO SATELLITE3 PLANET15 PHENOMENON14
       21: TAKE_IMAGE SATELLITE3 PLANET15 INSTRUMENT10 THERMOGRAPH7
       22: TURN_TO SATELLITE3 PHENOMENON16 PLANET15
       23: TAKE_IMAGE SATELLITE3 PHENOMENON16 INSTRUMENT10 SPECTROGRAPH2
       24: SWITCH_ON INSTRUMENT5 SATELLITE1
       25: CALIBRATE SATELLITE1 INSTRUMENT5 GROUNDSTATION8
       26: TURN_TO SATELLITE6 STAR2 STAR11
       27: TURN_TO SATELLITE1 STAR10 GROUNDSTATION8
       28: CALIBRATE SATELLITE6 INSTRUMENT23 STAR2
       29: TURN_TO SATELLITE0 STAR3 PLANET15
       30: TAKE_IMAGE SATELLITE1 STAR10 INSTRUMENT5 INFRARED4
       31: TURN_TO SATELLITE1 STAR12 STAR10
       32: TAKE_IMAGE SATELLITE1 STAR12 INSTRUMENT5 INFRARED4
       33: TURN_TO SATELLITE1 PLANET15 STAR12
       34: TAKE_IMAGE SATELLITE1 PLANET15 INSTRUMENT5 THERMOGRAPH8
       35: TURN_TO SATELLITE1 PHENOMENON16 PLANET15
       36: TAKE_IMAGE SATELLITE1 PHENOMENON16 INSTRUMENT5 THERMOGRAPH8
       37: TURN_TO SATELLITE1 STAR17 PHENOMENON16
       38: TAKE_IMAGE SATELLITE1 STAR17 INSTRUMENT5 THERMOGRAPH8
       39: TAKE_IMAGE SATELLITE1 STAR17 INSTRUMENT5 THERMOGRAPH1
       40: TURN_TO SATELLITE1 PHENOMENON9 STAR17
       41: TAKE_IMAGE SATELLITE1 PHENOMENON9 INSTRUMENT5 THERMOGRAPH8
       42: TURN_TO SATELLITE6 PHENOMENON9 STAR2
       43: TAKE_IMAGE SATELLITE6 PHENOMENON9 INSTRUMENT23 INFRARED6
       44: TURN_TO SATELLITE6 STAR11 PHENOMENON9
       45: TAKE_IMAGE SATELLITE6 STAR11 INSTRUMENT23 SPECTROGRAPH5
       46: TURN_TO SATELLITE6 STAR12 STAR11
       47: TAKE_IMAGE SATELLITE6 STAR12 INSTRUMENT23 SPECTROGRAPH5
       48: TAKE_IMAGE SATELLITE6 STAR12 INSTRUMENT23 INFRARED6
       49: TURN_TO SATELLITE6 PHENOMENON13 STAR12
       50: TAKE_IMAGE SATELLITE6 PHENOMENON13 INSTRUMENT23 INFRARED6
       51: TURN_TO SATELLITE6 PLANET15 PHENOMENON13
       52: TAKE_IMAGE SATELLITE6 PLANET15 INSTRUMENT23 SPECTROGRAPH3
       53: TURN_TO SATELLITE6 PHENOMENON16 PLANET15
       54: TAKE_IMAGE SATELLITE6 PHENOMENON16 INSTRUMENT23 SPECTROGRAPH5
       55: TURN_TO SATELLITE6 STAR17 PHENOMENON16
       56: TAKE_IMAGE SATELLITE6 STAR17 INSTRUMENT23 INFRARED6
       57: TURN_TO SATELLITE6 STAR2 STAR17
     

time spent:    0.00 seconds instantiating 4374 easy, 0 hard action templates
               0.00 seconds reachability analysis, yielding 405 facts and 4374 actions
               0.00 seconds creating final representation with 405 relevant facts, 0 relevant fluents
               0.00 seconds computing LNF
               0.00 seconds building connectivity graph
               0.04 seconds searching, evaluating 619 states, to a max depth of 3
               0.04 seconds total time

