
ff: parsing domain file
domain 'SATELLITE' defined
 ... done.
ff: parsing problem file
problem 'STRIPS-SAT-X-1' defined
 ... done.


no metric specified. plan length assumed.

checking for cyclic := effects --- OK.

ff: search configuration is EHC, if that fails then  best-first on 1*g(s) + 5*h(s) where
    metric is  plan length

Cueing down from goal distance:   54 into depth [1]
                                  53            [1]
                                  52            [1]
                                  51            [1]
                                  47            [1]
                                  44            [1]
                                  43            [1]
                                  42            [1]
                                  41            [1]
                                  40            [1][2]
                                  39            [1]
                                  38            [1]
                                  37            [1]
                                  36            [1]
                                  35            [1]
                                  34            [1]
                                  33            [1]
                                  32            [1]
                                  31            [1]
                                  30            [1][2][3]
                                  29            [1]
                                  28            [1]
                                  27            [1]
                                  26            [1]
                                  25            [1]
                                  24            [1]
                                  23            [1]
                                  22            [1][2]
                                  21            [1]
                                  20            [1]
                                  19            [1]
                                  18            [1]
                                  17            [1]
                                  16            [1]
                                  15            [1]
                                  14            [1]
                                  13            [1]
                                  12            [1]
                                  11            [1][2]
                                  10            [1]
                                   9            [1]
                                   8            [1]
                                   7            [1]
                                   6            [1]
                                   5            [1]
                                   4            [1]
                                   3            [1]
                                   2            [1]
                                   1            [1]
                                   0            

ff: found legal plan as follows

step    0: TURN_TO SATELLITE0 STAR4 STAR12
        1: TURN_TO SATELLITE4 STAR4 PHENOMENON15
        2: TURN_TO SATELLITE0 STAR6 STAR4
        3: SWITCH_ON INSTRUMENT22 SATELLITE3
        4: SWITCH_ON INSTRUMENT8 SATELLITE1
        5: TURN_TO SATELLITE1 STAR12 GROUNDSTATION3
        6: TURN_TO SATELLITE5 STAR8 PHENOMENON11
        7: TURN_TO SATELLITE6 STAR6 STAR8
        8: TURN_TO SATELLITE8 GROUNDSTATION2 PHENOMENON11
        9: TURN_TO SATELLITE0 PLANET10 STAR6
       10: SWITCH_ON INSTRUMENT0 SATELLITE0
       11: TURN_TO SATELLITE1 STAR14 STAR12
       12: SWITCH_ON INSTRUMENT24 SATELLITE4
       13: CALIBRATE SATELLITE4 INSTRUMENT24 STAR4
       14: TURN_TO SATELLITE4 STAR12 STAR4
       15: TAKE_IMAGE SATELLITE4 STAR12 INSTRUMENT24 SPECTROGRAPH1
       16: TURN_TO SATELLITE4 STAR17 STAR12
       17: TAKE_IMAGE SATELLITE4 STAR17 INSTRUMENT24 SPECTROGRAPH5
       18: TURN_TO SATELLITE4 PHENOMENON15 STAR17
       19: TAKE_IMAGE SATELLITE4 PHENOMENON15 INSTRUMENT24 SPECTROGRAPH5
       20: TURN_TO SATELLITE1 GROUNDSTATION1 STAR14
       21: CALIBRATE SATELLITE1 INSTRUMENT8 GROUNDSTATION1
       22: TURN_TO SATELLITE1 PLANET9 GROUNDSTATION1
       23: TAKE_IMAGE SATELLITE1 PLANET9 INSTRUMENT8 INFRARED7
       24: TURN_TO SATELLITE1 STAR13 PLANET9
       25: TAKE_IMAGE SATELLITE1 STAR13 INSTRUMENT8 THERMOGRAPH0
       26: TAKE_IMAGE SATELLITE1 STAR13 INSTRUMENT8 INFRARED7
       27: TURN_TO SATELLITE1 STAR14 STAR13
       28: TAKE_IMAGE SATELLITE1 STAR14 INSTRUMENT8 INFRARED7
       29: TAKE_IMAGE SATELLITE1 STAR14 INSTRUMENT8 THERMOGRAPH0
       30: TURN_TO SATELLITE0 GROUNDSTATION3 PLANET10
       31: CALIBRATE SATELLITE0 INSTRUMENT0 GROUNDSTATION3
       32: TURN_TO SATELLITE0 PLANET10 GROUNDSTATION3
       33: TAKE_IMAGE SATELLITE0 PLANET10 INSTRUMENT0 INFRARED8
       34: TURN_TO SATELLITE0 STAR12 PLANET10
       35: TAKE_IMAGE SATELLITE0 STAR12 INSTRUMENT0 IMAGE3
       36: TURN_TO SATELLITE0 STAR13 STAR12
       37: TAKE_IMAGE SATELLITE0 STAR13 INSTRUMENT0 IMAGE3
       38: TURN_TO SATELLITE0 PLANET16 STAR13
       39: TAKE_IMAGE SATELLITE0 PLANET16 INSTRUMENT0 INFRARED8
       40: TAKE_IMAGE SATELLITE0 PLANET16 INSTRUMENT0 IMAGE3
       41: TURN_TO SATELLITE0 PHENOMENON11 PLANET16
       42: TURN_TO SATELLITE3 STAR0 PLANET9
       43: CALIBRATE SATELLITE3 INSTRUMENT22 STAR0
       44: TURN_TO SATELLITE3 PLANET9 STAR0
       45: TAKE_IMAGE SATELLITE3 PLANET9 INSTRUMENT22 SPECTROGRAPH6
       46: TURN_TO SATELLITE3 PLANET10 PLANET9
       47: TAKE_IMAGE SATELLITE3 PLANET10 INSTRUMENT22 INFRARED4
       48: TURN_TO SATELLITE3 PHENOMENON11 PLANET10
       49: TAKE_IMAGE SATELLITE3 PHENOMENON11 INSTRUMENT22 SPECTROGRAPH6
       50: TURN_TO SATELLITE3 STAR12 PHENOMENON11
       51: TAKE_IMAGE SATELLITE3 STAR12 INSTRUMENT22 INFRARED4
       52: TURN_TO SATELLITE3 STAR17 STAR12
       53: TAKE_IMAGE SATELLITE3 STAR17 INSTRUMENT22 INFRARED4
     

time spent:    0.00 seconds instantiating 4844 easy, 0 hard action templates
               0.00 seconds reachability analysis, yielding 425 facts and 4844 actions
               0.00 seconds creating final representation with 425 relevant facts, 0 relevant fluents
               0.00 seconds computing LNF
               0.00 seconds building connectivity graph
               0.04 seconds searching, evaluating 490 states, to a max depth of 3
               0.04 seconds total time

