
ff: parsing domain file
domain 'SATELLITE' defined
 ... done.
ff: parsing problem file
problem 'STRIPS-SAT-X-1' defined
 ... done.


no metric specified. plan length assumed.

checking for cyclic := effects --- OK.

ff: search configuration is EHC, if that fails then  best-first on 1*g(s) + 5*h(s) where
    metric is  plan length

Cueing down from goal distance:   45 into depth [1]
                                  42            [1]
                                  41            [1]
                                  40            [1][2]
                                  39            [1]
                                  38            [1]
                                  37            [1]
                                  36            [1]
                                  35            [1]
                                  34            [1]
                                  33            [1]
                                  32            [1][2]
                                  31            [1]
                                  30            [1]
                                  29            [1]
                                  28            [1]
                                  27            [1]
                                  26            [1]
                                  25            [1]
                                  24            [1]
                                  23            [1]
                                  22            [1]
                                  21            [1]
                                  20            [1]
                                  19            [1]
                                  18            [1]
                                  17            [1]
                                  16            [1]
                                  15            [1]
                                  14            [1]
                                  13            [1]
                                  12            [1]
                                  11            [1]
                                  10            [1]
                                   9            [1]
                                   8            [1]
                                   7            [1]
                                   6            [1]
                                   5            [1]
                                   4            [1]
                                   3            [1]
                                   2            [1]
                                   1            [1]
                                   0            

ff: found legal plan as follows

step    0: TURN_TO SATELLITE1 STAR0 STAR11
        1: TURN_TO SATELLITE0 GROUNDSTATION7 PHENOMENON15
        2: TURN_TO SATELLITE1 STAR6 STAR0
        3: SWITCH_ON INSTRUMENT9 SATELLITE1
        4: CALIBRATE SATELLITE1 INSTRUMENT9 STAR6
        5: TURN_TO SATELLITE1 PLANET14 STAR6
        6: TURN_TO SATELLITE7 PLANET17 STAR6
        7: TAKE_IMAGE SATELLITE1 PLANET14 INSTRUMENT9 IMAGE7
        8: TURN_TO SATELLITE1 PHENOMENON15 PLANET14
        9: TAKE_IMAGE SATELLITE1 PHENOMENON15 INSTRUMENT9 SPECTROGRAPH0
       10: TURN_TO SATELLITE1 PLANET17 PHENOMENON15
       11: TAKE_IMAGE SATELLITE1 PLANET17 INSTRUMENT9 SPECTROGRAPH0
       12: SWITCH_ON INSTRUMENT6 SATELLITE0
       13: SWITCH_ON INSTRUMENT16 SATELLITE3
       14: TURN_TO SATELLITE4 STAR4 STAR1
       15: TURN_TO SATELLITE3 GROUNDSTATION8 GROUNDSTATION7
       16: CALIBRATE SATELLITE3 INSTRUMENT16 GROUNDSTATION8
       17: TURN_TO SATELLITE3 PLANET9 GROUNDSTATION8
       18: CALIBRATE SATELLITE0 INSTRUMENT6 GROUNDSTATION7
       19: TURN_TO SATELLITE0 PLANET9 GROUNDSTATION7
       20: SWITCH_ON INSTRUMENT22 SATELLITE4
       21: CALIBRATE SATELLITE4 INSTRUMENT22 STAR4
       22: TURN_TO SATELLITE4 PLANET9 STAR4
       23: TAKE_IMAGE SATELLITE3 PLANET9 INSTRUMENT16 INFRARED2
       24: TURN_TO SATELLITE3 PHENOMENON10 PLANET9
       25: TAKE_IMAGE SATELLITE4 PLANET9 INSTRUMENT22 SPECTROGRAPH8
       26: TURN_TO SATELLITE4 PHENOMENON10 PLANET9
       27: TAKE_IMAGE SATELLITE0 PLANET9 INSTRUMENT6 SPECTROGRAPH6
       28: TURN_TO SATELLITE0 STAR11 PLANET9
       29: TAKE_IMAGE SATELLITE3 PHENOMENON10 INSTRUMENT16 INFRARED3
       30: TURN_TO SATELLITE3 STAR11 PHENOMENON10
       31: TAKE_IMAGE SATELLITE4 PHENOMENON10 INSTRUMENT22 SPECTROGRAPH8
       32: TURN_TO SATELLITE4 STAR12 PHENOMENON10
       33: TAKE_IMAGE SATELLITE3 STAR11 INSTRUMENT16 INFRARED2
       34: TURN_TO SATELLITE3 STAR12 STAR11
       35: TAKE_IMAGE SATELLITE0 STAR11 INSTRUMENT6 INFRARED1
       36: TURN_TO SATELLITE0 PHENOMENON15 STAR11
       37: TAKE_IMAGE SATELLITE3 STAR12 INSTRUMENT16 IMAGE5
       38: TURN_TO SATELLITE3 PHENOMENON15 STAR12
       39: TAKE_IMAGE SATELLITE4 STAR12 INSTRUMENT22 SPECTROGRAPH8
       40: TAKE_IMAGE SATELLITE3 PHENOMENON15 INSTRUMENT16 INFRARED2
       41: TAKE_IMAGE SATELLITE0 PHENOMENON15 INSTRUMENT6 INFRARED1
       42: TURN_TO SATELLITE0 PLANET16 PHENOMENON15
       43: TAKE_IMAGE SATELLITE0 PLANET16 INSTRUMENT6 SPECTROGRAPH6
       44: TAKE_IMAGE SATELLITE0 PLANET16 INSTRUMENT6 INFRARED1
     

time spent:    0.00 seconds instantiating 4594 easy, 0 hard action templates
               0.00 seconds reachability analysis, yielding 415 facts and 4594 actions
               0.00 seconds creating final representation with 415 relevant facts, 0 relevant fluents
               0.00 seconds computing LNF
               0.00 seconds building connectivity graph
               0.03 seconds searching, evaluating 422 states, to a max depth of 2
               0.03 seconds total time

