
ff: parsing domain file
domain 'SATELLITE' defined
 ... done.
ff: parsing problem file
problem 'STRIPS-SAT-X-1' defined
 ... done.


no metric specified. plan length assumed.

checking for cyclic := effects --- OK.

ff: search configuration is EHC, if that fails then  best-first on 1*g(s) + 5*h(s) where
    metric is  plan length

Cueing down from goal distance:   54 into depth [1]
                                  53            [1]
                                  51            [1]
                                  50            [1]
                                  48            [1]
                                  42            [1]
                                  41            [1]
                                  40            [1]
                                  39            [1]
                                  38            [1]
                                  37            [1]
                                  36            [1]
                                  35            [1]
                                  34            [1]
                                  33            [1]
                                  32            [1]
                                  31            [1]
                                  30            [1]
                                  29            [1]
                                  28            [1]
                                  27            [1]
                                  26            [1]
                                  25            [1]
                                  24            [1]
                                  23            [1]
                                  22            [1]
                                  21            [1]
                                  20            [1]
                                  19            [1]
                                  18            [1]
                                  17            [1]
                                  16            [1][2]
                                  15            [1][2][3]
                                  14            [1]
                                  13            [1]
                                  12            [1]
                                  11            [1]
                                  10            [1]
                                   9            [1]
                                   8            [1]
                                   7            [1]
                                   6            [1]
                                   5            [1]
                                   4            [1]
                                   3            [1]
                                   2            [1]
                                   1            [1]
                                   0            

ff: found legal plan as follows

step    0: TURN_TO SATELLITE0 STAR0 PHENOMENON16
        1: TURN_TO SATELLITE6 GROUNDSTATION4 PLANET10
        2: TURN_TO SATELLITE2 STAR1 GROUNDSTATION2
        3: TURN_TO SATELLITE3 STAR0 PLANET12
        4: TURN_TO SATELLITE8 GROUNDSTATION6 PLANET12
        5: SWITCH_ON INSTRUMENT16 SATELLITE2
        6: CALIBRATE SATELLITE2 INSTRUMENT16 STAR1
        7: TURN_TO SATELLITE2 PHENOMENON9 STAR1
        8: SWITCH_ON INSTRUMENT1 SATELLITE0
        9: TURN_TO SATELLITE0 GROUNDSTATION2 STAR0
       10: CALIBRATE SATELLITE0 INSTRUMENT1 GROUNDSTATION2
       11: TURN_TO SATELLITE0 PHENOMENON9 GROUNDSTATION2
       12: TURN_TO SATELLITE4 STAR0 GROUNDSTATION4
       13: TURN_TO SATELLITE5 GROUNDSTATION2 GROUNDSTATION6
       14: TURN_TO SATELLITE8 PHENOMENON11 GROUNDSTATION6
       15: TAKE_IMAGE SATELLITE2 PHENOMENON9 INSTRUMENT16 SPECTROGRAPH1
       16: TURN_TO SATELLITE2 PHENOMENON11 PHENOMENON9
       17: TAKE_IMAGE SATELLITE0 PHENOMENON9 INSTRUMENT1 THERMOGRAPH5
       18: TURN_TO SATELLITE0 PLANET10 PHENOMENON9
       19: TAKE_IMAGE SATELLITE0 PLANET10 INSTRUMENT1 THERMOGRAPH5
       20: TURN_TO SATELLITE0 PHENOMENON13 PLANET10
       21: TAKE_IMAGE SATELLITE2 PHENOMENON11 INSTRUMENT16 SPECTROGRAPH1
       22: TURN_TO SATELLITE2 PLANET12 PHENOMENON11
       23: TAKE_IMAGE SATELLITE2 PLANET12 INSTRUMENT16 SPECTROGRAPH4
       24: TURN_TO SATELLITE2 PHENOMENON15 PLANET12
       25: TAKE_IMAGE SATELLITE0 PHENOMENON13 INSTRUMENT1 THERMOGRAPH5
       26: TURN_TO SATELLITE0 PHENOMENON14 PHENOMENON13
       27: TAKE_IMAGE SATELLITE0 PHENOMENON14 INSTRUMENT1 THERMOGRAPH5
       28: TAKE_IMAGE SATELLITE2 PHENOMENON15 INSTRUMENT16 SPECTROGRAPH4
       29: TURN_TO SATELLITE2 PHENOMENON16 PHENOMENON15
       30: TAKE_IMAGE SATELLITE2 PHENOMENON16 INSTRUMENT16 SPECTROGRAPH4
       31: TURN_TO SATELLITE1 GROUNDSTATION4 STAR1
       32: TURN_TO SATELLITE1 GROUNDSTATION3 GROUNDSTATION4
       33: SWITCH_ON INSTRUMENT10 SATELLITE1
       34: CALIBRATE SATELLITE1 INSTRUMENT10 GROUNDSTATION3
       35: TURN_TO SATELLITE1 PHENOMENON9 GROUNDSTATION3
       36: SWITCH_ON INSTRUMENT21 SATELLITE3
       37: CALIBRATE SATELLITE3 INSTRUMENT21 STAR0
       38: TURN_TO SATELLITE3 PLANET12 STAR0
       39: TURN_TO SATELLITE7 PHENOMENON9 GROUNDSTATION2
       40: TAKE_IMAGE SATELLITE1 PHENOMENON9 INSTRUMENT10 THERMOGRAPH0
       41: TURN_TO SATELLITE1 PLANET12 PHENOMENON9
       42: TAKE_IMAGE SATELLITE3 PLANET12 INSTRUMENT21 INFRARED8
       43: TURN_TO SATELLITE3 PHENOMENON13 PLANET12
       44: TAKE_IMAGE SATELLITE1 PLANET12 INSTRUMENT10 THERMOGRAPH0
       45: TURN_TO SATELLITE1 PHENOMENON13 PLANET12
       46: TAKE_IMAGE SATELLITE1 PHENOMENON13 INSTRUMENT10 INFRARED3
       47: TURN_TO SATELLITE1 STAR17 PHENOMENON13
       48: TAKE_IMAGE SATELLITE3 PHENOMENON13 INSTRUMENT21 INFRARED8
       49: TAKE_IMAGE SATELLITE1 STAR17 INSTRUMENT10 INFRARED3
     

time spent:    0.00 seconds instantiating 5293 easy, 0 hard action templates
               0.00 seconds reachability analysis, yielding 453 facts and 5293 actions
               0.00 seconds creating final representation with 453 relevant facts, 0 relevant fluents
               0.00 seconds computing LNF
               0.00 seconds building connectivity graph
               0.04 seconds searching, evaluating 386 states, to a max depth of 3
               0.04 seconds total time

