
ff: parsing domain file
domain 'SATELLITE' defined
 ... done.
ff: parsing problem file
problem 'STRIPS-SAT-X-1' defined
 ... done.


no metric specified. plan length assumed.

checking for cyclic := effects --- OK.

ff: search configuration is EHC, if that fails then  best-first on 1*g(s) + 5*h(s) where
    metric is  plan length

Cueing down from goal distance:   66 into depth [1]
                                  57            [1]
                                  55            [1]
                                  54            [1]
                                  50            [1]
                                  48            [1]
                                  42            [1]
                                  41            [1]
                                  40            [1]
                                  39            [1][2]
                                  38            [1][2][3]
                                  37            [1]
                                  36            [1]
                                  35            [1]
                                  34            [1]
                                  33            [1]
                                  32            [1]
                                  31            [1]
                                  30            [1]
                                  29            [1]
                                  28            [1]
                                  27            [1][2][3]
                                  25            [1]
                                  24            [1]
                                  23            [1]
                                  22            [1]
                                  21            [1]
                                  20            [1]
                                  19            [1][2]
                                  18            [1]
                                  17            [1]
                                  16            [1]
                                  15            [1]
                                  14            [1]
                                  13            [1]
                                  12            [1]
                                  11            [1]
                                  10            [1][2]
                                   9            [1]
                                   8            [1]
                                   7            [1]
                                   6            [1]
                                   5            [1]
                                   4            [1]
                                   3            [1]
                                   2            [1]
                                   1            [1]
                                   0            

ff: found legal plan as follows

step    0: TURN_TO SATELLITE6 STAR4 PLANET9
        1: TURN_TO SATELLITE5 STAR3 PHENOMENON11
        2: TURN_TO SATELLITE0 STAR4 GROUNDSTATION6
        3: TURN_TO SATELLITE3 GROUNDSTATION8 PHENOMENON15
        4: TURN_TO SATELLITE1 GROUNDSTATION8 PHENOMENON16
        5: TURN_TO SATELLITE8 GROUNDSTATION8 PHENOMENON16
        6: TURN_TO SATELLITE3 GROUNDSTATION7 GROUNDSTATION8
        7: TURN_TO SATELLITE5 GROUNDSTATION1 STAR3
        8: TURN_TO SATELLITE7 GROUNDSTATION1 GROUNDSTATION7
        9: TURN_TO SATELLITE0 PHENOMENON15 STAR4
       10: TURN_TO SATELLITE6 PHENOMENON15 STAR4
       11: SWITCH_ON INSTRUMENT5 SATELLITE1
       12: CALIBRATE SATELLITE1 INSTRUMENT5 GROUNDSTATION8
       13: TURN_TO SATELLITE1 PHENOMENON11 GROUNDSTATION8
       14: TAKE_IMAGE SATELLITE1 PHENOMENON11 INSTRUMENT5 INFRARED4
       15: TURN_TO SATELLITE1 STAR12 PHENOMENON11
       16: TAKE_IMAGE SATELLITE1 STAR12 INSTRUMENT5 INFRARED4
       17: TURN_TO SATELLITE1 PLANET13 STAR12
       18: TAKE_IMAGE SATELLITE1 PLANET13 INSTRUMENT5 INFRARED1
       19: TURN_TO SATELLITE1 PHENOMENON15 PLANET13
       20: TAKE_IMAGE SATELLITE1 PHENOMENON15 INSTRUMENT5 INFRARED3
       21: TURN_TO SATELLITE1 PHENOMENON16 PHENOMENON15
       22: TAKE_IMAGE SATELLITE1 PHENOMENON16 INSTRUMENT5 INFRARED3
       23: TURN_TO SATELLITE1 STAR5 PHENOMENON16
       24: SWITCH_ON INSTRUMENT0 SATELLITE0
       25: SWITCH_ON INSTRUMENT13 SATELLITE2
       26: SWITCH_ON INSTRUMENT24 SATELLITE3
       27: TURN_TO SATELLITE2 GROUNDSTATION1 GROUNDSTATION0
       28: CALIBRATE SATELLITE2 INSTRUMENT13 GROUNDSTATION1
       29: TURN_TO SATELLITE2 PHENOMENON10 GROUNDSTATION1
       30: TAKE_IMAGE SATELLITE2 PHENOMENON10 INSTRUMENT13 IMAGE2
       31: TURN_TO SATELLITE2 PHENOMENON16 PHENOMENON10
       32: TAKE_IMAGE SATELLITE2 PHENOMENON16 INSTRUMENT13 IMAGE2
       33: TURN_TO SATELLITE0 STAR4 PHENOMENON15
       34: CALIBRATE SATELLITE0 INSTRUMENT0 STAR4
       35: TURN_TO SATELLITE0 PHENOMENON14 STAR4
       36: TAKE_IMAGE SATELLITE0 PHENOMENON14 INSTRUMENT0 THERMOGRAPH8
       37: TURN_TO SATELLITE0 PHENOMENON15 PHENOMENON14
       38: TAKE_IMAGE SATELLITE0 PHENOMENON15 INSTRUMENT0 THERMOGRAPH8
       39: TAKE_IMAGE SATELLITE0 PHENOMENON15 INSTRUMENT0 INFRARED0
       40: TURN_TO SATELLITE0 PLANET9 PHENOMENON15
       41: TAKE_IMAGE SATELLITE0 PLANET9 INSTRUMENT0 THERMOGRAPH8
       42: TAKE_IMAGE SATELLITE0 PLANET9 INSTRUMENT0 INFRARED0
       43: TURN_TO SATELLITE3 STAR3 GROUNDSTATION7
       44: CALIBRATE SATELLITE3 INSTRUMENT24 STAR3
       45: TURN_TO SATELLITE3 PLANET9 STAR3
       46: TAKE_IMAGE SATELLITE3 PLANET9 INSTRUMENT24 INFRARED7
       47: TURN_TO SATELLITE3 PHENOMENON11 PLANET9
       48: TAKE_IMAGE SATELLITE3 PHENOMENON11 INSTRUMENT24 INFRARED7
       49: TURN_TO SATELLITE3 PHENOMENON16 PHENOMENON11
       50: TAKE_IMAGE SATELLITE3 PHENOMENON16 INSTRUMENT24 INFRARED7
       51: TURN_TO SATELLITE3 STAR17 PHENOMENON16
       52: TAKE_IMAGE SATELLITE3 STAR17 INSTRUMENT24 THERMOGRAPH6
       53: TURN_TO SATELLITE3 GROUNDSTATION7 STAR17
     

time spent:    0.00 seconds instantiating 5496 easy, 0 hard action templates
               0.00 seconds reachability analysis, yielding 453 facts and 5496 actions
               0.00 seconds creating final representation with 453 relevant facts, 0 relevant fluents
               0.00 seconds computing LNF
               0.00 seconds building connectivity graph
               0.21 seconds searching, evaluating 1691 states, to a max depth of 3
               0.21 seconds total time

