
ff: parsing domain file
domain 'SATELLITE' defined
 ... done.
ff: parsing problem file
problem 'STRIPS-SAT-X-1' defined
 ... done.


no metric specified. plan length assumed.

checking for cyclic := effects --- OK.

ff: search configuration is EHC, if that fails then  best-first on 1*g(s) + 5*h(s) where
    metric is  plan length

Cueing down from goal distance:   81 into depth [1]
                                  77            [1]
                                  75            [1]
                                  74            [1]
                                  72            [1]
                                  71            [1]
                                  67            [1]
                                  66            [1]
                                  65            [1]
                                  63            [1]
                                  62            [1]
                                  61            [1]
                                  60            [1]
                                  59            [1]
                                  58            [1]
                                  57            [1]
                                  56            [1]
                                  55            [1]
                                  54            [1]
                                  53            [1]
                                  52            [1]
                                  51            [1]
                                  50            [1]
                                  49            [1]
                                  48            [1]
                                  47            [1]
                                  46            [1]
                                  45            [1]
                                  44            [1]
                                  43            [1]
                                  42            [1]
                                  41            [1]
                                  40            [1]
                                  39            [1]
                                  38            [1]
                                  37            [1]
                                  36            [1]
                                  35            [1]
                                  34            [1][2][3][4][5]
                                  33            [1]
                                  32            [1]
                                  30            [1]
                                  29            [1]
                                  28            [1]
                                  27            [1]
                                  26            [1]
                                  25            [1]
                                  24            [1]
                                  23            [1]
                                  22            [1]
                                  21            [1]
                                  20            [1]
                                  19            [1]
                                  18            [1]
                                  17            [1]
                                  16            [1]
                                  15            [1]
                                  14            [1]
                                  13            [1][2][3]
                                  12            [1]
                                  11            [1]
                                  10            [1]
                                   9            [1]
                                   8            [1]
                                   7            [1]
                                   6            [1]
                                   5            [1]
                                   4            [1]
                                   3            [1]
                                   2            [1]
                                   1            [1]
                                   0            

ff: found legal plan as follows

step    0: TURN_TO SATELLITE5 GROUNDSTATION5 PLANET12
        1: TURN_TO SATELLITE3 GROUNDSTATION11 PLANET16
        2: TURN_TO SATELLITE1 GROUNDSTATION5 GROUNDSTATION0
        3: TURN_TO SATELLITE0 GROUNDSTATION10 GROUNDSTATION0
        4: TURN_TO SATELLITE2 GROUNDSTATION10 GROUNDSTATION4
        5: SWITCH_ON INSTRUMENT13 SATELLITE1
        6: CALIBRATE SATELLITE1 INSTRUMENT13 GROUNDSTATION5
        7: TURN_TO SATELLITE1 PLANET12 GROUNDSTATION5
        8: SWITCH_ON INSTRUMENT24 SATELLITE2
        9: CALIBRATE SATELLITE2 INSTRUMENT24 GROUNDSTATION10
       10: TURN_TO SATELLITE2 PLANET13 GROUNDSTATION10
       11: TURN_TO SATELLITE7 STAR1 GROUNDSTATION9
       12: TAKE_IMAGE SATELLITE1 PLANET12 INSTRUMENT13 INFRARED8
       13: TAKE_IMAGE SATELLITE1 PLANET12 INSTRUMENT13 THERMOGRAPH7
       14: TURN_TO SATELLITE1 PLANET13 PLANET12
       15: TAKE_IMAGE SATELLITE2 PLANET13 INSTRUMENT24 SPECTROGRAPH9
       16: TURN_TO SATELLITE2 PHENOMENON15 PLANET13
       17: TAKE_IMAGE SATELLITE1 PLANET13 INSTRUMENT13 INFRARED8
       18: TURN_TO SATELLITE1 PHENOMENON15 PLANET13
       19: TAKE_IMAGE SATELLITE1 PHENOMENON15 INSTRUMENT13 INFRARED8
       20: TURN_TO SATELLITE1 STAR18 PHENOMENON15
       21: TAKE_IMAGE SATELLITE2 PHENOMENON15 INSTRUMENT24 SPECTROGRAPH6
       22: TAKE_IMAGE SATELLITE2 PHENOMENON15 INSTRUMENT24 THERMOGRAPH7
       23: TURN_TO SATELLITE2 PLANET17 PHENOMENON15
       24: TAKE_IMAGE SATELLITE2 PLANET17 INSTRUMENT24 SPECTROGRAPH6
       25: TAKE_IMAGE SATELLITE2 PLANET17 INSTRUMENT24 SPECTROGRAPH9
       26: TURN_TO SATELLITE2 STAR18 PLANET17
       27: TAKE_IMAGE SATELLITE2 STAR18 INSTRUMENT24 SPECTROGRAPH6
       28: TURN_TO SATELLITE2 PHENOMENON20 STAR18
       29: TAKE_IMAGE SATELLITE1 STAR18 INSTRUMENT13 INFRARED8
       30: TURN_TO SATELLITE1 PHENOMENON21 STAR18
       31: TAKE_IMAGE SATELLITE2 PHENOMENON20 INSTRUMENT24 SPECTROGRAPH6
       32: TURN_TO SATELLITE2 STAR22 PHENOMENON20
       33: TAKE_IMAGE SATELLITE1 PHENOMENON21 INSTRUMENT13 IMAGE5
       34: TURN_TO SATELLITE1 STAR22 PHENOMENON21
       35: TAKE_IMAGE SATELLITE2 STAR22 INSTRUMENT24 SPECTROGRAPH9
       36: TAKE_IMAGE SATELLITE1 STAR22 INSTRUMENT13 IMAGE5
       37: TURN_TO SATELLITE1 PLANET17 STAR22
       38: SWITCH_ON INSTRUMENT1 SATELLITE0
       39: TURN_TO SATELLITE5 GROUNDSTATION4 GROUNDSTATION5
       40: CALIBRATE SATELLITE0 INSTRUMENT1 GROUNDSTATION10
       41: TURN_TO SATELLITE0 PLANET13 GROUNDSTATION10
       42: SWITCH_ON INSTRUMENT32 SATELLITE3
       43: CALIBRATE SATELLITE3 INSTRUMENT32 GROUNDSTATION11
       44: TURN_TO SATELLITE3 PHENOMENON21 GROUNDSTATION11
       45: TAKE_IMAGE SATELLITE0 PLANET13 INSTRUMENT1 SPECTROGRAPH11
       46: TURN_TO SATELLITE0 PHENOMENON14 PLANET13
       47: TAKE_IMAGE SATELLITE0 PHENOMENON14 INSTRUMENT1 THERMOGRAPH10
       48: TURN_TO SATELLITE0 PHENOMENON15 PHENOMENON14
       49: TAKE_IMAGE SATELLITE0 PHENOMENON15 INSTRUMENT1 THERMOGRAPH10
       50: TURN_TO SATELLITE0 PLANET16 PHENOMENON15
       51: TAKE_IMAGE SATELLITE0 PLANET16 INSTRUMENT1 IMAGE2
       52: TURN_TO SATELLITE0 STAR18 PLANET16
       53: TAKE_IMAGE SATELLITE0 STAR18 INSTRUMENT1 THERMOGRAPH10
       54: TURN_TO SATELLITE0 STAR19 STAR18
       55: TAKE_IMAGE SATELLITE0 STAR19 INSTRUMENT1 IMAGE2
       56: TAKE_IMAGE SATELLITE0 STAR19 INSTRUMENT1 SPECTROGRAPH11
       57: TURN_TO SATELLITE0 PHENOMENON20 STAR19
       58: TAKE_IMAGE SATELLITE0 PHENOMENON20 INSTRUMENT1 SPECTROGRAPH11
       59: TAKE_IMAGE SATELLITE0 PHENOMENON20 INSTRUMENT1 THERMOGRAPH10
       60: TAKE_IMAGE SATELLITE3 PHENOMENON21 INSTRUMENT32 SPECTROGRAPH0
       61: TAKE_IMAGE SATELLITE3 PHENOMENON21 INSTRUMENT32 THERMOGRAPH10
       62: SWITCH_ON INSTRUMENT40 SATELLITE5
       63: TURN_TO SATELLITE8 GROUNDSTATION4 GROUNDSTATION0
       64: CALIBRATE SATELLITE5 INSTRUMENT40 GROUNDSTATION4
       65: TURN_TO SATELLITE5 PLANET17 GROUNDSTATION4
       66: SWITCH_ON INSTRUMENT52 SATELLITE8
       67: CALIBRATE SATELLITE8 INSTRUMENT52 GROUNDSTATION4
       68: TURN_TO SATELLITE8 PLANET17 GROUNDSTATION4
       69: TAKE_IMAGE SATELLITE5 PLANET17 INSTRUMENT40 SPECTROGRAPH3
       70: TURN_TO SATELLITE5 STAR19 PLANET17
       71: TAKE_IMAGE SATELLITE8 PLANET17 INSTRUMENT52 IMAGE1
       72: TURN_TO SATELLITE8 PHENOMENON20 PLANET17
       73: TAKE_IMAGE SATELLITE5 STAR19 INSTRUMENT40 SPECTROGRAPH3
       74: TURN_TO SATELLITE5 PHENOMENON21 STAR19
       75: TAKE_IMAGE SATELLITE8 PHENOMENON20 INSTRUMENT52 IMAGE1
       76: TAKE_IMAGE SATELLITE5 PHENOMENON21 INSTRUMENT40 IMAGE4
     

time spent:    0.00 seconds instantiating 10674 easy, 0 hard action templates
               0.00 seconds reachability analysis, yielding 736 facts and 10674 actions
               0.00 seconds creating final representation with 736 relevant facts, 0 relevant fluents
               0.01 seconds computing LNF
               0.00 seconds building connectivity graph
              22.44 seconds searching, evaluating 64017 states, to a max depth of 5
              22.45 seconds total time

