
ff: parsing domain file
domain 'SATELLITE' defined
 ... done.
ff: parsing problem file
problem 'STRIPS-SAT-X-1' defined
 ... done.


no metric specified. plan length assumed.

checking for cyclic := effects --- OK.

ff: search configuration is EHC, if that fails then  best-first on 1*g(s) + 5*h(s) where
    metric is  plan length

Cueing down from goal distance:   93 into depth [1]
                                  91            [1]
                                  89            [1]
                                  88            [1]
                                  82            [1]
                                  81            [1]
                                  80            [1]
                                  79            [1]
                                  77            [1]
                                  74            [1]
                                  73            [1]
                                  72            [1]
                                  71            [1]
                                  70            [1]
                                  69            [1]
                                  68            [1]
                                  67            [1]
                                  66            [1]
                                  65            [1]
                                  64            [1]
                                  63            [1]
                                  62            [1]
                                  61            [1]
                                  60            [1]
                                  59            [1]
                                  58            [1]
                                  57            [1]
                                  56            [1]
                                  55            [1]
                                  54            [1]
                                  53            [1]
                                  52            [1]
                                  51            [1]
                                  50            [1]
                                  49            [1]
                                  48            [1]
                                  47            [1]
                                  46            [1]
                                  45            [1]
                                  44            [1]
                                  43            [1]
                                  42            [1]
                                  41            [1]
                                  40            [1]
                                  39            [1]
                                  38            [1]
                                  37            [1]
                                  36            [1]
                                  35            [1]
                                  34            [1]
                                  33            [1]
                                  32            [1]
                                  31            [1]
                                  30            [1][2]
                                  29            [1]
                                  28            [1]
                                  27            [1]
                                  26            [1]
                                  25            [1]
                                  24            [1]
                                  23            [1]
                                  22            [1]
                                  21            [1]
                                  20            [1]
                                  19            [1][2]
                                  18            [1]
                                  17            [1]
                                  16            [1][2][3]
                                  15            [1]
                                  14            [1]
                                  13            [1]
                                  12            [1]
                                  11            [1]
                                  10            [1]
                                   9            [1]
                                   8            [1]
                                   7            [1]
                                   6            [1]
                                   5            [1]
                                   4            [1]
                                   3            [1]
                                   2            [1]
                                   1            [1]
                                   0            

ff: found legal plan as follows

step    0: TURN_TO SATELLITE2 STAR5 PHENOMENON22
        1: TURN_TO SATELLITE4 GROUNDSTATION8 PHENOMENON19
        2: TURN_TO SATELLITE4 STAR1 GROUNDSTATION8
        3: TURN_TO SATELLITE11 GROUNDSTATION11 PHENOMENON20
        4: TURN_TO SATELLITE2 STAR3 STAR5
        5: TURN_TO SATELLITE3 GROUNDSTATION8 STAR14
        6: TURN_TO SATELLITE0 GROUNDSTATION0 GROUNDSTATION8
        7: SWITCH_ON INSTRUMENT2 SATELLITE1
        8: SWITCH_ON INSTRUMENT7 SATELLITE2
        9: TURN_TO SATELLITE1 STAR7 PLANET16
       10: CALIBRATE SATELLITE1 INSTRUMENT2 STAR7
       11: TURN_TO SATELLITE1 PHENOMENON12 STAR7
       12: CALIBRATE SATELLITE2 INSTRUMENT7 STAR3
       13: TURN_TO SATELLITE2 PHENOMENON15 STAR3
       14: TURN_TO SATELLITE4 PHENOMENON19 STAR1
       15: SWITCH_ON INSTRUMENT0 SATELLITE0
       16: TURN_TO SATELLITE5 PHENOMENON21 STAR3
       17: TURN_TO SATELLITE7 PHENOMENON22 GROUNDSTATION11
       18: TURN_TO SATELLITE8 STAR14 GROUNDSTATION6
       19: TURN_TO SATELLITE9 GROUNDSTATION0 PHENOMENON22
       20: TAKE_IMAGE SATELLITE1 PHENOMENON12 INSTRUMENT2 IMAGE7
       21: TURN_TO SATELLITE1 PHENOMENON13 PHENOMENON12
       22: TAKE_IMAGE SATELLITE1 PHENOMENON13 INSTRUMENT2 INFRARED2
       23: TURN_TO SATELLITE1 STAR14 PHENOMENON13
       24: CALIBRATE SATELLITE0 INSTRUMENT0 GROUNDSTATION0
       25: TURN_TO SATELLITE0 PHENOMENON15 GROUNDSTATION0
       26: TAKE_IMAGE SATELLITE1 STAR14 INSTRUMENT2 IMAGE7
       27: TURN_TO SATELLITE1 PLANET16 STAR14
       28: TAKE_IMAGE SATELLITE0 PHENOMENON15 INSTRUMENT0 THERMOGRAPH1
       29: TURN_TO SATELLITE0 PLANET18 PHENOMENON15
       30: TAKE_IMAGE SATELLITE2 PHENOMENON15 INSTRUMENT7 SPECTROGRAPH4
       31: TURN_TO SATELLITE2 PLANET17 PHENOMENON15
       32: TAKE_IMAGE SATELLITE1 PLANET16 INSTRUMENT2 IMAGE7
       33: TAKE_IMAGE SATELLITE1 PLANET16 INSTRUMENT2 THERMOGRAPH5
       34: TURN_TO SATELLITE1 STAR14 PLANET16
       35: TAKE_IMAGE SATELLITE1 STAR14 INSTRUMENT2 INFRARED2
       36: TAKE_IMAGE SATELLITE1 STAR14 INSTRUMENT2 THERMOGRAPH5
       37: TURN_TO SATELLITE1 PHENOMENON22 STAR14
       38: TAKE_IMAGE SATELLITE2 PLANET17 INSTRUMENT7 SPECTROGRAPH4
       39: TAKE_IMAGE SATELLITE0 PLANET18 INSTRUMENT0 IMAGE7
       40: TURN_TO SATELLITE0 PHENOMENON19 PLANET18
       41: TAKE_IMAGE SATELLITE0 PHENOMENON19 INSTRUMENT0 IMAGE7
       42: TURN_TO SATELLITE0 PHENOMENON20 PHENOMENON19
       43: TAKE_IMAGE SATELLITE0 PHENOMENON20 INSTRUMENT0 IMAGE7
       44: TURN_TO SATELLITE0 PHENOMENON21 PHENOMENON20
       45: TAKE_IMAGE SATELLITE0 PHENOMENON21 INSTRUMENT0 THERMOGRAPH1
       46: TURN_TO SATELLITE0 PHENOMENON22 PHENOMENON21
       47: TAKE_IMAGE SATELLITE0 PHENOMENON22 INSTRUMENT0 THERMOGRAPH1
       48: TURN_TO SATELLITE0 PLANET23 PHENOMENON22
       49: TAKE_IMAGE SATELLITE1 PHENOMENON22 INSTRUMENT2 INFRARED2
       50: TAKE_IMAGE SATELLITE0 PLANET23 INSTRUMENT0 IMAGE7
       51: TAKE_IMAGE SATELLITE0 PLANET23 INSTRUMENT0 THERMOGRAPH1
       52: TURN_TO SATELLITE0 STAR3 PLANET23
       53: SWITCH_ON INSTRUMENT13 SATELLITE3
       54: CALIBRATE SATELLITE3 INSTRUMENT13 GROUNDSTATION8
       55: TURN_TO SATELLITE3 PHENOMENON13 GROUNDSTATION8
       56: TAKE_IMAGE SATELLITE3 PHENOMENON13 INSTRUMENT13 IMAGE3
       57: TURN_TO SATELLITE3 PHENOMENON19 PHENOMENON13
       58: TAKE_IMAGE SATELLITE3 PHENOMENON19 INSTRUMENT13 THERMOGRAPH6
       59: TURN_TO SATELLITE3 PHENOMENON20 PHENOMENON19
       60: TAKE_IMAGE SATELLITE3 PHENOMENON20 INSTRUMENT13 THERMOGRAPH6
       61: TURN_TO SATELLITE3 PHENOMENON21 PHENOMENON20
       62: TAKE_IMAGE SATELLITE3 PHENOMENON21 INSTRUMENT13 IMAGE3
       63: TURN_TO SATELLITE3 PLANET23 PHENOMENON21
       64: TAKE_IMAGE SATELLITE3 PLANET23 INSTRUMENT13 THERMOGRAPH6
       65: SWITCH_ON INSTRUMENT16 SATELLITE4
       66: TURN_TO SATELLITE6 GROUNDSTATION6 GROUNDSTATION10
       67: SWITCH_ON INSTRUMENT25 SATELLITE6
       68: TURN_TO SATELLITE4 STAR1 PHENOMENON19
       69: CALIBRATE SATELLITE6 INSTRUMENT25 GROUNDSTATION6
       70: TURN_TO SATELLITE6 PLANET17 GROUNDSTATION6
       71: TAKE_IMAGE SATELLITE6 PLANET17 INSTRUMENT25 INFRARED11
       72: TURN_TO SATELLITE6 PHENOMENON19 PLANET17
       73: TAKE_IMAGE SATELLITE6 PHENOMENON19 INSTRUMENT25 INFRARED11
       74: TAKE_IMAGE SATELLITE6 PHENOMENON19 INSTRUMENT25 THERMOGRAPH10
       75: TURN_TO SATELLITE6 PHENOMENON20 PHENOMENON19
       76: CALIBRATE SATELLITE4 INSTRUMENT16 STAR1
       77: TURN_TO SATELLITE4 PHENOMENON12 STAR1
       78: TAKE_IMAGE SATELLITE4 PHENOMENON12 INSTRUMENT16 INFRARED8
       79: TURN_TO SATELLITE4 PLANET23 PHENOMENON12
       80: TAKE_IMAGE SATELLITE6 PHENOMENON20 INSTRUMENT25 THERMOGRAPH0
       81: TAKE_IMAGE SATELLITE6 PHENOMENON20 INSTRUMENT25 INFRARED11
       82: TURN_TO SATELLITE6 PHENOMENON22 PHENOMENON20
       83: TAKE_IMAGE SATELLITE6 PHENOMENON22 INSTRUMENT25 THERMOGRAPH0
       84: TAKE_IMAGE SATELLITE4 PLANET23 INSTRUMENT16 THERMOGRAPH10
     

time spent:    0.00 seconds instantiating 9810 easy, 0 hard action templates
               0.00 seconds reachability analysis, yielding 698 facts and 9810 actions
               0.00 seconds creating final representation with 698 relevant facts, 0 relevant fluents
               0.01 seconds computing LNF
               0.00 seconds building connectivity graph
               0.28 seconds searching, evaluating 968 states, to a max depth of 3
               0.29 seconds total time

