
ff: parsing domain file
domain 'SATELLITE' defined
 ... done.
ff: parsing problem file
problem 'STRIPS-SAT-X-1' defined
 ... done.


no metric specified. plan length assumed.

checking for cyclic := effects --- OK.

ff: search configuration is EHC, if that fails then  best-first on 1*g(s) + 5*h(s) where
    metric is  plan length

Cueing down from goal distance:   87 into depth [1]
                                  85            [1]
                                  80            [1]
                                  75            [1]
                                  74            [1]
                                  72            [1]
                                  71            [1]
                                  70            [1]
                                  69            [1]
                                  68            [1]
                                  67            [1]
                                  66            [1]
                                  65            [1]
                                  64            [1]
                                  63            [1]
                                  62            [1]
                                  59            [1]
                                  58            [1]
                                  57            [1]
                                  56            [1]
                                  55            [1]
                                  54            [1]
                                  53            [1]
                                  52            [1]
                                  51            [1]
                                  50            [1]
                                  49            [1]
                                  48            [1]
                                  47            [1]
                                  46            [1]
                                  45            [1]
                                  44            [1]
                                  43            [1]
                                  42            [1]
                                  41            [1]
                                  40            [1]
                                  39            [1][2]
                                  38            [1]
                                  37            [1]
                                  36            [1]
                                  35            [1]
                                  34            [1]
                                  33            [1]
                                  32            [1]
                                  31            [1]
                                  30            [1]
                                  29            [1]
                                  28            [1]
                                  27            [1][2][3][4]
                                  26            [1]
                                  25            [1]
                                  24            [1]
                                  23            [1]
                                  22            [1]
                                  21            [1]
                                  20            [1]
                                  19            [1]
                                  18            [1]
                                  17            [1]
                                  16            [1]
                                  15            [1]
                                  14            [1]
                                  13            [1]
                                  12            [1]
                                  11            [1]
                                  10            [1]
                                   9            [1]
                                   8            [1]
                                   7            [1]
                                   6            [1]
                                   5            [1]
                                   4            [1]
                                   3            [1]
                                   2            [1]
                                   1            [1]
                                   0            

ff: found legal plan as follows

step    0: TURN_TO SATELLITE7 GROUNDSTATION7 STAR15
        1: TURN_TO SATELLITE10 GROUNDSTATION11 PLANET18
        2: TURN_TO SATELLITE8 GROUNDSTATION3 STAR20
        3: TURN_TO SATELLITE3 GROUNDSTATION2 GROUNDSTATION7
        4: TURN_TO SATELLITE9 GROUNDSTATION7 PLANET22
        5: TURN_TO SATELLITE0 GROUNDSTATION2 STAR23
        6: SWITCH_ON INSTRUMENT4 SATELLITE1
        7: TURN_TO SATELLITE1 STAR9 STAR8
        8: TURN_TO SATELLITE2 STAR9 GROUNDSTATION1
        9: CALIBRATE SATELLITE1 INSTRUMENT4 STAR9
       10: TURN_TO SATELLITE1 STAR20 STAR9
       11: SWITCH_ON INSTRUMENT17 SATELLITE3
       12: TURN_TO SATELLITE4 STAR8 GROUNDSTATION6
       13: CALIBRATE SATELLITE3 INSTRUMENT17 GROUNDSTATION2
       14: TURN_TO SATELLITE3 STAR14 GROUNDSTATION2
       15: SWITCH_ON INSTRUMENT2 SATELLITE0
       16: CALIBRATE SATELLITE0 INSTRUMENT2 GROUNDSTATION2
       17: TURN_TO SATELLITE0 STAR12 GROUNDSTATION2
       18: TURN_TO SATELLITE6 STAR4 GROUNDSTATION5
       19: TURN_TO SATELLITE7 GROUNDSTATION11 GROUNDSTATION7
       20: TURN_TO SATELLITE10 STAR8 GROUNDSTATION11
       21: TAKE_IMAGE SATELLITE0 STAR12 INSTRUMENT2 SPECTROGRAPH0
       22: TAKE_IMAGE SATELLITE0 STAR12 INSTRUMENT2 IMAGE3
       23: TURN_TO SATELLITE0 PHENOMENON13 STAR12
       24: TAKE_IMAGE SATELLITE0 PHENOMENON13 INSTRUMENT2 SPECTROGRAPH0
       25: TURN_TO SATELLITE0 PLANET19 PHENOMENON13
       26: TAKE_IMAGE SATELLITE3 STAR14 INSTRUMENT17 THERMOGRAPH1
       27: TURN_TO SATELLITE3 PHENOMENON17 STAR14
       28: TAKE_IMAGE SATELLITE3 PHENOMENON17 INSTRUMENT17 THERMOGRAPH1
       29: TURN_TO SATELLITE3 STAR21 PHENOMENON17
       30: TAKE_IMAGE SATELLITE0 PLANET19 INSTRUMENT2 SPECTROGRAPH0
       31: TURN_TO SATELLITE0 PLANET22 PLANET19
       32: TAKE_IMAGE SATELLITE1 STAR20 INSTRUMENT4 IMAGE10
       33: TAKE_IMAGE SATELLITE3 STAR21 INSTRUMENT17 THERMOGRAPH1
       34: TURN_TO SATELLITE3 STAR12 STAR21
       35: TAKE_IMAGE SATELLITE0 PLANET22 INSTRUMENT2 IMAGE3
       36: SWITCH_ON INSTRUMENT25 SATELLITE4
       37: CALIBRATE SATELLITE4 INSTRUMENT25 STAR8
       38: TURN_TO SATELLITE4 STAR15 STAR8
       39: TAKE_IMAGE SATELLITE4 STAR15 INSTRUMENT25 INFRARED11
       40: TURN_TO SATELLITE4 PLANET16 STAR15
       41: TAKE_IMAGE SATELLITE4 PLANET16 INSTRUMENT25 IMAGE9
       42: TURN_TO SATELLITE4 PLANET18 PLANET16
       43: TAKE_IMAGE SATELLITE4 PLANET18 INSTRUMENT25 INFRARED11
       44: TAKE_IMAGE SATELLITE4 PLANET18 INSTRUMENT25 IMAGE9
       45: TURN_TO SATELLITE4 STAR20 PLANET18
       46: TAKE_IMAGE SATELLITE4 STAR20 INSTRUMENT25 INFRARED11
       47: TURN_TO SATELLITE4 STAR23 STAR20
       48: TAKE_IMAGE SATELLITE4 STAR23 INSTRUMENT25 IMAGE9
       49: SWITCH_ON INSTRUMENT6 SATELLITE2
       50: TURN_TO SATELLITE5 STAR0 GROUNDSTATION5
       51: CALIBRATE SATELLITE2 INSTRUMENT6 STAR9
       52: SWITCH_ON INSTRUMENT54 SATELLITE8
       53: TURN_TO SATELLITE2 STAR12 STAR9
       54: CALIBRATE SATELLITE8 INSTRUMENT54 GROUNDSTATION3
       55: TURN_TO SATELLITE8 PHENOMENON13 GROUNDSTATION3
       56: SWITCH_ON INSTRUMENT36 SATELLITE5
       57: CALIBRATE SATELLITE5 INSTRUMENT36 STAR0
       58: TURN_TO SATELLITE5 PLANET19 STAR0
       59: TAKE_IMAGE SATELLITE2 STAR12 INSTRUMENT6 INFRARED6
       60: TAKE_IMAGE SATELLITE2 STAR12 INSTRUMENT6 INFRARED4
       61: TURN_TO SATELLITE2 PLANET18 STAR12
       62: TAKE_IMAGE SATELLITE8 PHENOMENON13 INSTRUMENT54 THERMOGRAPH2
       63: TURN_TO SATELLITE8 PLANET19 PHENOMENON13
       64: TAKE_IMAGE SATELLITE2 PLANET18 INSTRUMENT6 INFRARED4
       65: TURN_TO SATELLITE2 PLANET19 PLANET18
       66: TAKE_IMAGE SATELLITE5 PLANET19 INSTRUMENT36 INFRARED8
       67: TURN_TO SATELLITE5 STAR21 PLANET19
       68: TAKE_IMAGE SATELLITE2 PLANET19 INSTRUMENT6 INFRARED6
       69: TURN_TO SATELLITE2 STAR21 PLANET19
       70: TAKE_IMAGE SATELLITE8 PLANET19 INSTRUMENT54 THERMOGRAPH2
       71: TURN_TO SATELLITE8 STAR20 PLANET19
       72: TAKE_IMAGE SATELLITE8 STAR20 INSTRUMENT54 IMAGE7
       73: TURN_TO SATELLITE8 STAR23 STAR20
       74: TAKE_IMAGE SATELLITE2 STAR21 INSTRUMENT6 INFRARED6
       75: TURN_TO SATELLITE2 GROUNDSTATION1 STAR21
       76: TAKE_IMAGE SATELLITE5 STAR21 INSTRUMENT36 INFRARED8
       77: TAKE_IMAGE SATELLITE8 STAR23 INSTRUMENT54 IMAGE7
       78: TAKE_IMAGE SATELLITE8 STAR23 INSTRUMENT54 THERMOGRAPH2
     

time spent:    0.00 seconds instantiating 11885 easy, 0 hard action templates
               0.00 seconds reachability analysis, yielding 772 facts and 11885 actions
               0.00 seconds creating final representation with 772 relevant facts, 0 relevant fluents
               0.01 seconds computing LNF
               0.01 seconds building connectivity graph
               0.89 seconds searching, evaluating 2296 states, to a max depth of 4
               0.91 seconds total time

