
ff: parsing domain file
domain 'SATELLITE' defined
 ... done.
ff: parsing problem file
problem 'STRIPS-SAT-X-1' defined
 ... done.


no metric specified. plan length assumed.

checking for cyclic := effects --- OK.

ff: search configuration is EHC, if that fails then  best-first on 1*g(s) + 5*h(s) where
    metric is  plan length

Cueing down from goal distance:   75 into depth [1]
                                  73            [1]
                                  72            [1]
                                  71            [1]
                                  64            [1]
                                  63            [1]
                                  62            [1]
                                  61            [1]
                                  58            [1]
                                  57            [1]
                                  56            [1]
                                  55            [1]
                                  54            [1]
                                  53            [1]
                                  52            [1]
                                  51            [1]
                                  50            [1]
                                  49            [1]
                                  48            [1]
                                  47            [1]
                                  46            [1]
                                  45            [1]
                                  44            [1]
                                  43            [1]
                                  42            [1]
                                  41            [1]
                                  40            [1]
                                  39            [1]
                                  38            [1]
                                  37            [1]
                                  36            [1]
                                  35            [1]
                                  34            [1]
                                  33            [1]
                                  32            [1]
                                  31            [1]
                                  30            [1]
                                  29            [1]
                                  28            [1]
                                  27            [1]
                                  26            [1]
                                  25            [1]
                                  24            [1]
                                  23            [1]
                                  22            [1][2][3]
                                  19            [1]
                                  18            [1]
                                  17            [1]
                                  16            [1]
                                  15            [1]
                                  14            [1]
                                  13            [1]
                                  12            [1]
                                  11            [1]
                                  10            [1]
                                   9            [1]
                                   8            [1]
                                   7            [1]
                                   6            [1][2]
                                   5            [1]
                                   4            [1]
                                   3            [1]
                                   2            [1]
                                   1            [1]
                                   0            

ff: found legal plan as follows

step    0: TURN_TO SATELLITE2 STAR10 STAR3
        1: TURN_TO SATELLITE3 GROUNDSTATION1 STAR19
        2: TURN_TO SATELLITE0 STAR2 GROUNDSTATION4
        3: TURN_TO SATELLITE8 GROUNDSTATION7 PHENOMENON18
        4: SWITCH_ON INSTRUMENT17 SATELLITE3
        5: CALIBRATE SATELLITE3 INSTRUMENT17 GROUNDSTATION1
        6: TURN_TO SATELLITE3 PLANET12 GROUNDSTATION1
        7: SWITCH_ON INSTRUMENT3 SATELLITE0
        8: TURN_TO SATELLITE0 STAR3 STAR2
        9: CALIBRATE SATELLITE0 INSTRUMENT3 STAR3
       10: TURN_TO SATELLITE0 STAR14 STAR3
       11: SWITCH_ON INSTRUMENT24 SATELLITE5
       12: CALIBRATE SATELLITE5 INSTRUMENT24 STAR8
       13: TURN_TO SATELLITE5 STAR13 STAR8
       14: TURN_TO SATELLITE6 GROUNDSTATION1 STAR3
       15: TURN_TO SATELLITE9 STAR14 STAR8
       16: TURN_TO SATELLITE10 STAR19 STAR11
       17: TAKE_IMAGE SATELLITE3 PLANET12 INSTRUMENT17 IMAGE8
       18: TURN_TO SATELLITE3 STAR13 PLANET12
       19: TAKE_IMAGE SATELLITE3 STAR13 INSTRUMENT17 SPECTROGRAPH2
       20: TURN_TO SATELLITE3 PHENOMENON15 STAR13
       21: TAKE_IMAGE SATELLITE5 STAR13 INSTRUMENT24 SPECTROGRAPH11
       22: TURN_TO SATELLITE5 PHENOMENON16 STAR13
       23: TAKE_IMAGE SATELLITE0 STAR14 INSTRUMENT3 THERMOGRAPH5
       24: TURN_TO SATELLITE0 PHENOMENON15 STAR14
       25: TAKE_IMAGE SATELLITE3 PHENOMENON15 INSTRUMENT17 SPECTROGRAPH2
       26: TAKE_IMAGE SATELLITE3 PHENOMENON15 INSTRUMENT17 THERMOGRAPH0
       27: TURN_TO SATELLITE3 PHENOMENON18 PHENOMENON15
       28: TAKE_IMAGE SATELLITE0 PHENOMENON15 INSTRUMENT3 THERMOGRAPH5
       29: TURN_TO SATELLITE0 PHENOMENON16 PHENOMENON15
       30: TAKE_IMAGE SATELLITE0 PHENOMENON16 INSTRUMENT3 THERMOGRAPH3
       31: TURN_TO SATELLITE0 PHENOMENON18 PHENOMENON16
       32: TAKE_IMAGE SATELLITE5 PHENOMENON16 INSTRUMENT24 SPECTROGRAPH11
       33: TURN_TO SATELLITE5 PHENOMENON18 PHENOMENON16
       34: TAKE_IMAGE SATELLITE0 PHENOMENON18 INSTRUMENT3 THERMOGRAPH5
       35: TURN_TO SATELLITE0 STAR17 PHENOMENON18
       36: TAKE_IMAGE SATELLITE0 STAR17 INSTRUMENT3 THERMOGRAPH3
       37: TAKE_IMAGE SATELLITE5 PHENOMENON18 INSTRUMENT24 SPECTROGRAPH11
       38: TURN_TO SATELLITE5 PLANET22 PHENOMENON18
       39: TAKE_IMAGE SATELLITE3 PHENOMENON18 INSTRUMENT17 SPECTROGRAPH2
       40: TURN_TO SATELLITE3 PLANET22 PHENOMENON18
       41: TAKE_IMAGE SATELLITE5 PLANET22 INSTRUMENT24 SPECTROGRAPH11
       42: TURN_TO SATELLITE5 STAR9 PLANET22
       43: TAKE_IMAGE SATELLITE3 PLANET22 INSTRUMENT17 SPECTROGRAPH2
       44: SWITCH_ON INSTRUMENT12 SATELLITE2
       45: TURN_TO SATELLITE7 STAR13 STAR19
       46: SWITCH_ON INSTRUMENT31 SATELLITE7
       47: TURN_TO SATELLITE4 STAR8 PLANET20
       48: CALIBRATE SATELLITE2 INSTRUMENT12 STAR10
       49: TURN_TO SATELLITE2 PLANET12 STAR10
       50: SWITCH_ON INSTRUMENT21 SATELLITE4
       51: CALIBRATE SATELLITE4 INSTRUMENT21 STAR8
       52: TURN_TO SATELLITE4 PHENOMENON15 STAR8
       53: TAKE_IMAGE SATELLITE2 PLANET12 INSTRUMENT12 THERMOGRAPH10
       54: TURN_TO SATELLITE2 STAR2 PLANET12
       55: TAKE_IMAGE SATELLITE4 PHENOMENON15 INSTRUMENT21 INFRARED4
       56: TURN_TO SATELLITE4 PLANET22 PHENOMENON15
       57: TAKE_IMAGE SATELLITE4 PLANET22 INSTRUMENT21 INFRARED4
       58: TURN_TO SATELLITE4 PHENOMENON23 PLANET22
       59: TAKE_IMAGE SATELLITE4 PHENOMENON23 INSTRUMENT21 INFRARED4
       60: TURN_TO SATELLITE7 GROUNDSTATION6 STAR13
       61: CALIBRATE SATELLITE7 INSTRUMENT31 GROUNDSTATION6
       62: TURN_TO SATELLITE7 STAR13 GROUNDSTATION6
       63: TAKE_IMAGE SATELLITE7 STAR13 INSTRUMENT31 SPECTROGRAPH6
       64: TAKE_IMAGE SATELLITE7 STAR13 INSTRUMENT31 IMAGE1
       65: TURN_TO SATELLITE7 PHENOMENON18 STAR13
       66: TAKE_IMAGE SATELLITE7 PHENOMENON18 INSTRUMENT31 IMAGE1
     

time spent:    0.00 seconds instantiating 10082 easy, 0 hard action templates
               0.00 seconds reachability analysis, yielding 714 facts and 10082 actions
               0.00 seconds creating final representation with 714 relevant facts, 0 relevant fluents
               0.01 seconds computing LNF
               0.01 seconds building connectivity graph
               0.18 seconds searching, evaluating 661 states, to a max depth of 3
               0.20 seconds total time

