
ff: parsing domain file
domain 'SATELLITE' defined
 ... done.
ff: parsing problem file
problem 'STRIPS-SAT-X-1' defined
 ... done.


no metric specified. plan length assumed.

checking for cyclic := effects --- OK.

ff: search configuration is EHC, if that fails then  best-first on 1*g(s) + 5*h(s) where
    metric is  plan length

Cueing down from goal distance:   77 into depth [1]
                                  76            [1]
                                  74            [1]
                                  71            [1]
                                  69            [1]
                                  68            [1]
                                  67            [1]
                                  66            [1]
                                  65            [1]
                                  64            [1]
                                  60            [1]
                                  58            [1]
                                  57            [1]
                                  56            [1]
                                  55            [1]
                                  54            [1]
                                  53            [1]
                                  52            [1][2]
                                  51            [1][2]
                                  50            [1]
                                  49            [1]
                                  48            [1]
                                  47            [1]
                                  46            [1]
                                  45            [1]
                                  44            [1]
                                  43            [1]
                                  42            [1]
                                  41            [1]
                                  40            [1][2]
                                  39            [1]
                                  38            [1]
                                  37            [1]
                                  36            [1][2]
                                  35            [1][2][3]
                                  34            [1]
                                  33            [1]
                                  32            [1]
                                  31            [1]
                                  30            [1]
                                  29            [1]
                                  28            [1][2][3][4]
                                  27            [1]
                                  26            [1]
                                  25            [1]
                                  24            [1]
                                  23            [1]
                                  22            [1]
                                  21            [1]
                                  20            [1]
                                  19            [1]
                                  18            [1]
                                  17            [1]
                                  16            [1]
                                  15            [1][2]
                                  14            [1]
                                  13            [1]
                                  12            [1]
                                  11            [1]
                                  10            [1]
                                   9            [1]
                                   8            [1][2]
                                   7            [1]
                                   6            [1]
                                   5            [1]
                                   4            [1]
                                   3            [1]
                                   2            [1]
                                   1            [1]
                                   0            

ff: found legal plan as follows

step    0: TURN_TO SATELLITE1 STAR6 GROUNDSTATION11
        1: TURN_TO SATELLITE11 GROUNDSTATION8 PLANET16
        2: TURN_TO SATELLITE1 STAR5 STAR6
        3: TURN_TO SATELLITE4 GROUNDSTATION4 STAR20
        4: TURN_TO SATELLITE2 GROUNDSTATION9 PLANET18
        5: SWITCH_ON INSTRUMENT8 SATELLITE1
        6: TURN_TO SATELLITE2 GROUNDSTATION10 GROUNDSTATION9
        7: CALIBRATE SATELLITE1 INSTRUMENT8 STAR5
        8: TURN_TO SATELLITE1 PLANET16 STAR5
        9: SWITCH_ON INSTRUMENT53 SATELLITE6
       10: SWITCH_ON INSTRUMENT0 SATELLITE0
       11: TURN_TO SATELLITE4 PLANET22 GROUNDSTATION4
       12: TURN_TO SATELLITE7 PLANET14 GROUNDSTATION4
       13: TURN_TO SATELLITE8 GROUNDSTATION8 PLANET22
       14: TAKE_IMAGE SATELLITE1 PLANET16 INSTRUMENT8 IMAGE2
       15: TURN_TO SATELLITE1 PLANET17 PLANET16
       16: TAKE_IMAGE SATELLITE1 PLANET17 INSTRUMENT8 IMAGE2
       17: TURN_TO SATELLITE3 PLANET16 GROUNDSTATION9
       18: SWITCH_ON INSTRUMENT30 SATELLITE3
       19: SWITCH_ON INSTRUMENT16 SATELLITE2
       20: SWITCH_ON INSTRUMENT36 SATELLITE4
       21: CALIBRATE SATELLITE2 INSTRUMENT16 GROUNDSTATION10
       22: TURN_TO SATELLITE2 PLANET12 GROUNDSTATION10
       23: TURN_TO SATELLITE4 PLANET21 PLANET22
       24: SWITCH_ON INSTRUMENT61 SATELLITE8
       25: CALIBRATE SATELLITE8 INSTRUMENT61 GROUNDSTATION8
       26: TAKE_IMAGE SATELLITE2 PLANET12 INSTRUMENT16 SPECTROGRAPH11
       27: TURN_TO SATELLITE2 STAR15 PLANET12
       28: TAKE_IMAGE SATELLITE2 STAR15 INSTRUMENT16 SPECTROGRAPH11
       29: TURN_TO SATELLITE2 STAR20 STAR15
       30: TAKE_IMAGE SATELLITE2 STAR20 INSTRUMENT16 SPECTROGRAPH11
       31: TURN_TO SATELLITE8 PLANET21 GROUNDSTATION8
       32: TAKE_IMAGE SATELLITE8 PLANET21 INSTRUMENT61 INFRARED10
       33: TURN_TO SATELLITE8 PLANET23 PLANET21
       34: TAKE_IMAGE SATELLITE8 PLANET23 INSTRUMENT61 INFRARED10
       35: TURN_TO SATELLITE8 GROUNDSTATION8 PLANET23
       36: SWITCH_ON INSTRUMENT46 SATELLITE5
       37: TURN_TO SATELLITE5 PLANET21 GROUNDSTATION7
       38: TURN_TO SATELLITE3 GROUNDSTATION3 PLANET16
       39: CALIBRATE SATELLITE3 INSTRUMENT30 GROUNDSTATION3
       40: TURN_TO SATELLITE3 PLANET16 GROUNDSTATION3
       41: TAKE_IMAGE SATELLITE3 PLANET16 INSTRUMENT30 INFRARED7
       42: TURN_TO SATELLITE3 PLANET17 PLANET16
       43: TAKE_IMAGE SATELLITE3 PLANET17 INSTRUMENT30 IMAGE8
       44: TURN_TO SATELLITE3 STAR19 PLANET17
       45: TAKE_IMAGE SATELLITE3 STAR19 INSTRUMENT30 INFRARED7
       46: TURN_TO SATELLITE3 PLANET14 STAR19
       47: TURN_TO SATELLITE0 STAR6 PLANET16
       48: TURN_TO SATELLITE5 GROUNDSTATION3 PLANET21
       49: CALIBRATE SATELLITE5 INSTRUMENT46 GROUNDSTATION3
       50: TURN_TO SATELLITE5 PLANET16 GROUNDSTATION3
       51: TAKE_IMAGE SATELLITE5 PLANET16 INSTRUMENT46 SPECTROGRAPH5
       52: TURN_TO SATELLITE5 PLANET17 PLANET16
       53: TAKE_IMAGE SATELLITE5 PLANET17 INSTRUMENT46 SPECTROGRAPH5
       54: TURN_TO SATELLITE5 PLANET21 PLANET17
       55: CALIBRATE SATELLITE0 INSTRUMENT0 STAR6
       56: TURN_TO SATELLITE0 PLANET14 STAR6
       57: TAKE_IMAGE SATELLITE0 PLANET14 INSTRUMENT0 THERMOGRAPH6
       58: TURN_TO SATELLITE0 STAR19 PLANET14
       59: TAKE_IMAGE SATELLITE0 STAR19 INSTRUMENT0 THERMOGRAPH6
       60: TURN_TO SATELLITE0 GROUNDSTATION3 STAR19
       61: TAKE_IMAGE SATELLITE5 PLANET21 INSTRUMENT46 SPECTROGRAPH5
       62: TAKE_IMAGE SATELLITE5 PLANET21 INSTRUMENT46 IMAGE0
       63: TURN_TO SATELLITE6 GROUNDSTATION2 PLANET17
       64: CALIBRATE SATELLITE6 INSTRUMENT53 GROUNDSTATION2
       65: TURN_TO SATELLITE6 PHENOMENON13 GROUNDSTATION2
       66: TAKE_IMAGE SATELLITE6 PHENOMENON13 INSTRUMENT53 SPECTROGRAPH1
       67: TURN_TO SATELLITE6 PLANET17 PHENOMENON13
       68: TAKE_IMAGE SATELLITE6 PLANET17 INSTRUMENT53 SPECTROGRAPH1
       69: TURN_TO SATELLITE6 PLANET22 PLANET17
       70: TAKE_IMAGE SATELLITE6 PLANET22 INSTRUMENT53 SPECTROGRAPH1
       71: TURN_TO SATELLITE4 STAR5 PLANET21
       72: CALIBRATE SATELLITE4 INSTRUMENT36 STAR5
       73: TURN_TO SATELLITE4 STAR15 STAR5
       74: TAKE_IMAGE SATELLITE4 STAR15 INSTRUMENT36 SPECTROGRAPH9
       75: TURN_TO SATELLITE4 PLANET21 STAR15
       76: TAKE_IMAGE SATELLITE4 PLANET21 INSTRUMENT36 SPECTROGRAPH9
       77: TURN_TO SATELLITE4 PLANET23 PLANET21
       78: TAKE_IMAGE SATELLITE4 PLANET23 INSTRUMENT36 IMAGE4
       79: TURN_TO SATELLITE4 PLANET22 PLANET23
     

time spent:    0.00 seconds instantiating 11337 easy, 0 hard action templates
               0.00 seconds reachability analysis, yielding 754 facts and 11337 actions
               0.00 seconds creating final representation with 754 relevant facts, 0 relevant fluents
               0.01 seconds computing LNF
               0.00 seconds building connectivity graph
               0.49 seconds searching, evaluating 1663 states, to a max depth of 4
               0.50 seconds total time

