
ff: parsing domain file
domain 'SATELLITE' defined
 ... done.
ff: parsing problem file
problem 'STRIPS-SAT-X-1' defined
 ... done.


no metric specified. plan length assumed.

checking for cyclic := effects --- OK.

ff: search configuration is EHC, if that fails then  best-first on 1*g(s) + 5*h(s) where
    metric is  plan length

Cueing down from goal distance:   74 into depth [1]
                                  72            [1]
                                  70            [1]
                                  62            [1]
                                  61            [1]
                                  60            [1]
                                  56            [1]
                                  55            [1]
                                  54            [1]
                                  53            [1]
                                  52            [1]
                                  51            [1]
                                  48            [1]
                                  47            [1]
                                  46            [1][2]
                                  45            [1]
                                  44            [1]
                                  43            [1]
                                  42            [1]
                                  41            [1]
                                  40            [1]
                                  39            [1][2]
                                  38            [1]
                                  37            [1]
                                  36            [1]
                                  35            [1]
                                  34            [1]
                                  33            [1]
                                  32            [1]
                                  31            [1]
                                  30            [1]
                                  29            [1]
                                  28            [1]
                                  27            [1]
                                  26            [1][2][3]
                                  25            [1]
                                  24            [1]
                                  23            [1]
                                  22            [1]
                                  21            [1]
                                  20            [1]
                                  19            [1]
                                  18            [1]
                                  17            [1]
                                  16            [1]
                                  15            [1]
                                  14            [1]
                                  13            [1]
                                  12            [1]
                                  11            [1]
                                  10            [1]
                                   9            [1]
                                   8            [1]
                                   7            [1]
                                   6            [1]
                                   5            [1]
                                   4            [1]
                                   3            [1]
                                   2            [1]
                                   1            [1]
                                   0            

ff: found legal plan as follows

step    0: TURN_TO SATELLITE8 GROUNDSTATION2 STAR12
        1: TURN_TO SATELLITE1 STAR10 PLANET17
        2: TURN_TO SATELLITE7 GROUNDSTATION5 PHENOMENON19
        3: TURN_TO SATELLITE0 STAR7 GROUNDSTATION1
        4: TURN_TO SATELLITE2 GROUNDSTATION8 PLANET14
        5: TURN_TO SATELLITE5 STAR10 PHENOMENON23
        6: SWITCH_ON INSTRUMENT34 SATELLITE6
        7: CALIBRATE SATELLITE6 INSTRUMENT34 GROUNDSTATION2
        8: TURN_TO SATELLITE6 STAR15 GROUNDSTATION2
        9: SWITCH_ON INSTRUMENT56 SATELLITE9
       10: TURN_TO SATELLITE0 PHENOMENON13 STAR7
       11: SWITCH_ON INSTRUMENT0 SATELLITE0
       12: TAKE_IMAGE SATELLITE6 STAR15 INSTRUMENT34 THERMOGRAPH9
       13: TURN_TO SATELLITE6 PLANET17 STAR15
       14: TURN_TO SATELLITE0 STAR7 PHENOMENON13
       15: CALIBRATE SATELLITE0 INSTRUMENT0 STAR7
       16: TURN_TO SATELLITE0 PHENOMENON13 STAR7
       17: TAKE_IMAGE SATELLITE0 PHENOMENON13 INSTRUMENT0 SPECTROGRAPH5
       18: TURN_TO SATELLITE0 PHENOMENON16 PHENOMENON13
       19: TAKE_IMAGE SATELLITE0 PHENOMENON16 INSTRUMENT0 THERMOGRAPH1
       20: TURN_TO SATELLITE0 PHENOMENON19 PHENOMENON16
       21: TAKE_IMAGE SATELLITE0 PHENOMENON19 INSTRUMENT0 THERMOGRAPH1
       22: TURN_TO SATELLITE9 GROUNDSTATION0 PLANET20
       23: CALIBRATE SATELLITE9 INSTRUMENT56 GROUNDSTATION0
       24: TURN_TO SATELLITE9 PHENOMENON13 GROUNDSTATION0
       25: TAKE_IMAGE SATELLITE9 PHENOMENON13 INSTRUMENT56 INFRARED3
       26: TURN_TO SATELLITE9 STAR15 PHENOMENON13
       27: TAKE_IMAGE SATELLITE9 STAR15 INSTRUMENT56 INFRARED3
       28: TURN_TO SATELLITE9 PHENOMENON19 STAR15
       29: TAKE_IMAGE SATELLITE9 PHENOMENON19 INSTRUMENT56 INFRARED3
       30: TURN_TO SATELLITE9 PLANET20 PHENOMENON19
       31: TAKE_IMAGE SATELLITE9 PLANET20 INSTRUMENT56 IMAGE11
       32: TURN_TO SATELLITE9 PLANET21 PLANET20
       33: TAKE_IMAGE SATELLITE9 PLANET21 INSTRUMENT56 INFRARED3
       34: TURN_TO SATELLITE9 PHENOMENON23 PLANET21
       35: TAKE_IMAGE SATELLITE9 PHENOMENON23 INSTRUMENT56 INFRARED7
       36: SWITCH_ON INSTRUMENT3 SATELLITE1
       37: TURN_TO SATELLITE2 GROUNDSTATION1 GROUNDSTATION8
       38: CALIBRATE SATELLITE1 INSTRUMENT3 STAR10
       39: TURN_TO SATELLITE1 STAR12 STAR10
       40: SWITCH_ON INSTRUMENT37 SATELLITE7
       41: CALIBRATE SATELLITE7 INSTRUMENT37 GROUNDSTATION5
       42: TURN_TO SATELLITE7 STAR15 GROUNDSTATION5
       43: SWITCH_ON INSTRUMENT14 SATELLITE2
       44: CALIBRATE SATELLITE2 INSTRUMENT14 GROUNDSTATION1
       45: TURN_TO SATELLITE2 STAR15 GROUNDSTATION1
       46: TAKE_IMAGE SATELLITE1 STAR12 INSTRUMENT3 IMAGE4
       47: TURN_TO SATELLITE1 PHENOMENON13 STAR12
       48: TAKE_IMAGE SATELLITE1 PHENOMENON13 INSTRUMENT3 THERMOGRAPH0
       49: TURN_TO SATELLITE1 PHENOMENON16 PHENOMENON13
       50: TAKE_IMAGE SATELLITE7 STAR15 INSTRUMENT37 IMAGE10
       51: TAKE_IMAGE SATELLITE2 STAR15 INSTRUMENT14 SPECTROGRAPH2
       52: TURN_TO SATELLITE2 PHENOMENON19 STAR15
       53: TAKE_IMAGE SATELLITE1 PHENOMENON16 INSTRUMENT3 IMAGE4
       54: TURN_TO SATELLITE1 STAR18 PHENOMENON16
       55: TAKE_IMAGE SATELLITE1 STAR18 INSTRUMENT3 IMAGE4
       56: TURN_TO SATELLITE1 PHENOMENON19 STAR18
       57: TAKE_IMAGE SATELLITE1 PHENOMENON19 INSTRUMENT3 THERMOGRAPH0
       58: TURN_TO SATELLITE1 PLANET21 PHENOMENON19
       59: TAKE_IMAGE SATELLITE2 PHENOMENON19 INSTRUMENT14 SPECTROGRAPH2
       60: TAKE_IMAGE SATELLITE1 PLANET21 INSTRUMENT3 THERMOGRAPH0
       61: TURN_TO SATELLITE1 PHENOMENON23 PLANET21
       62: TAKE_IMAGE SATELLITE1 PHENOMENON23 INSTRUMENT3 THERMOGRAPH0
       63: TAKE_IMAGE SATELLITE1 PHENOMENON23 INSTRUMENT3 IMAGE4
     

time spent:    0.00 seconds instantiating 11096 easy, 0 hard action templates
               0.00 seconds reachability analysis, yielding 752 facts and 11096 actions
               0.00 seconds creating final representation with 752 relevant facts, 0 relevant fluents
               0.01 seconds computing LNF
               0.00 seconds building connectivity graph
               0.32 seconds searching, evaluating 937 states, to a max depth of 3
               0.33 seconds total time

