
ff: parsing domain file
domain 'SATELLITE' defined
 ... done.
ff: parsing problem file
problem 'STRIPS-SAT-X-1' defined
 ... done.


no metric specified. plan length assumed.

checking for cyclic := effects --- OK.

ff: search configuration is EHC, if that fails then  best-first on 1*g(s) + 5*h(s) where
    metric is  plan length

Cueing down from goal distance:  101 into depth [1]
                                  92            [1]
                                  90            [1]
                                  86            [1]
                                  84            [1]
                                  79            [1]
                                  78            [1]
                                  76            [1]
                                  75            [1]
                                  74            [1]
                                  71            [1]
                                  70            [1]
                                  69            [1]
                                  68            [1]
                                  67            [1]
                                  66            [1]
                                  65            [1]
                                  64            [1]
                                  63            [1]
                                  62            [1]
                                  61            [1]
                                  60            [1]
                                  59            [1][2]
                                  58            [1]
                                  57            [1]
                                  56            [1]
                                  55            [1]
                                  54            [1]
                                  53            [1]
                                  52            [1]
                                  51            [1]
                                  50            [1]
                                  49            [1]
                                  48            [1]
                                  47            [1]
                                  46            [1]
                                  45            [1]
                                  44            [1][2]
                                  43            [1]
                                  42            [1]
                                  41            [1]
                                  40            [1]
                                  39            [1]
                                  38            [1]
                                  37            [1]
                                  36            [1]
                                  35            [1]
                                  34            [1]
                                  33            [1]
                                  32            [1]
                                  31            [1]
                                  30            [1]
                                  29            [1]
                                  28            [1][2]
                                  27            [1][2]
                                  26            [1][2]
                                  25            [1]
                                  24            [1]
                                  23            [1]
                                  22            [1]
                                  21            [1]
                                  20            [1]
                                  19            [1]
                                  18            [1][2][3]
                                  17            [1]
                                  16            [1]
                                  15            [1]
                                  14            [1]
                                  13            [1]
                                  12            [1]
                                  11            [1]
                                  10            [1]
                                   9            [1]
                                   8            [1]
                                   7            [1][2]
                                   6            [1]
                                   5            [1]
                                   4            [1]
                                   3            [1]
                                   2            [1]
                                   1            [1]
                                   0            

ff: found legal plan as follows

step    0: TURN_TO SATELLITE2 STAR3 PHENOMENON13
        1: TURN_TO SATELLITE6 GROUNDSTATION7 STAR15
        2: TURN_TO SATELLITE8 GROUNDSTATION1 STAR15
        3: TURN_TO SATELLITE7 STAR3 PHENOMENON17
        4: TURN_TO SATELLITE5 GROUNDSTATION1 PHENOMENON17
        5: TURN_TO SATELLITE1 PHENOMENON12 GROUNDSTATION9
        6: SWITCH_ON INSTRUMENT10 SATELLITE1
        7: TURN_TO SATELLITE2 GROUNDSTATION9 STAR3
        8: SWITCH_ON INSTRUMENT3 SATELLITE0
        9: SWITCH_ON INSTRUMENT16 SATELLITE2
       10: TURN_TO SATELLITE2 STAR5 GROUNDSTATION9
       11: CALIBRATE SATELLITE2 INSTRUMENT16 STAR5
       12: TURN_TO SATELLITE2 STAR14 STAR5
       13: SWITCH_ON INSTRUMENT23 SATELLITE3
       14: TURN_TO SATELLITE6 GROUNDSTATION2 GROUNDSTATION7
       15: TAKE_IMAGE SATELLITE2 STAR14 INSTRUMENT16 SPECTROGRAPH2
       16: TURN_TO SATELLITE2 PHENOMENON17 STAR14
       17: TAKE_IMAGE SATELLITE2 PHENOMENON17 INSTRUMENT16 SPECTROGRAPH2
       18: TURN_TO SATELLITE2 PHENOMENON19 PHENOMENON17
       19: TAKE_IMAGE SATELLITE2 PHENOMENON19 INSTRUMENT16 SPECTROGRAPH2
       20: TURN_TO SATELLITE2 STAR20 PHENOMENON19
       21: TAKE_IMAGE SATELLITE2 STAR20 INSTRUMENT16 SPECTROGRAPH2
       22: TURN_TO SATELLITE3 GROUNDSTATION0 STAR20
       23: CALIBRATE SATELLITE3 INSTRUMENT23 GROUNDSTATION0
       24: TURN_TO SATELLITE3 PHENOMENON13 GROUNDSTATION0
       25: TAKE_IMAGE SATELLITE3 PHENOMENON13 INSTRUMENT23 THERMOGRAPH9
       26: TURN_TO SATELLITE3 PHENOMENON17 PHENOMENON13
       27: TAKE_IMAGE SATELLITE3 PHENOMENON17 INSTRUMENT23 THERMOGRAPH9
       28: TURN_TO SATELLITE3 PHENOMENON18 PHENOMENON17
       29: TAKE_IMAGE SATELLITE3 PHENOMENON18 INSTRUMENT23 THERMOGRAPH9
       30: TURN_TO SATELLITE3 STAR20 PHENOMENON18
       31: TAKE_IMAGE SATELLITE3 STAR20 INSTRUMENT23 THERMOGRAPH9
       32: TURN_TO SATELLITE3 PLANET21 STAR20
       33: TAKE_IMAGE SATELLITE3 PLANET21 INSTRUMENT23 THERMOGRAPH7
       34: TURN_TO SATELLITE3 STAR22 PLANET21
       35: TAKE_IMAGE SATELLITE3 STAR22 INSTRUMENT23 THERMOGRAPH9
       36: TURN_TO SATELLITE3 PHENOMENON23 STAR22
       37: TAKE_IMAGE SATELLITE3 PHENOMENON23 INSTRUMENT23 INFRARED8
       38: TURN_TO SATELLITE0 STAR11 STAR20
       39: CALIBRATE SATELLITE0 INSTRUMENT3 STAR11
       40: TURN_TO SATELLITE0 PHENOMENON13 STAR11
       41: TAKE_IMAGE SATELLITE0 PHENOMENON13 INSTRUMENT3 SPECTROGRAPH11
       42: TURN_TO SATELLITE0 STAR15 PHENOMENON13
       43: TAKE_IMAGE SATELLITE0 STAR15 INSTRUMENT3 SPECTROGRAPH11
       44: TURN_TO SATELLITE0 PLANET16 STAR15
       45: TAKE_IMAGE SATELLITE0 PLANET16 INSTRUMENT3 INFRARED3
       46: TURN_TO SATELLITE0 PHENOMENON17 PLANET16
       47: TAKE_IMAGE SATELLITE0 PHENOMENON17 INSTRUMENT3 INFRARED5
       48: TURN_TO SATELLITE0 STAR20 PHENOMENON17
       49: TAKE_IMAGE SATELLITE0 STAR20 INSTRUMENT3 INFRARED5
       50: TURN_TO SATELLITE0 PLANET21 STAR20
       51: TAKE_IMAGE SATELLITE0 PLANET21 INSTRUMENT3 INFRARED3
       52: TURN_TO SATELLITE0 PHENOMENON23 PLANET21
       53: TAKE_IMAGE SATELLITE0 PHENOMENON23 INSTRUMENT3 INFRARED5
       54: TAKE_IMAGE SATELLITE0 PHENOMENON23 INSTRUMENT3 SPECTROGRAPH11
       55: TURN_TO SATELLITE4 PHENOMENON19 STAR3
       56: TURN_TO SATELLITE8 PHENOMENON19 GROUNDSTATION1
       57: TURN_TO SATELLITE1 GROUNDSTATION9 PHENOMENON12
       58: CALIBRATE SATELLITE1 INSTRUMENT10 GROUNDSTATION9
       59: TURN_TO SATELLITE1 PHENOMENON12 GROUNDSTATION9
       60: TAKE_IMAGE SATELLITE1 PHENOMENON12 INSTRUMENT10 THERMOGRAPH0
       61: TAKE_IMAGE SATELLITE1 PHENOMENON12 INSTRUMENT10 IMAGE10
       62: TURN_TO SATELLITE1 PHENOMENON18 PHENOMENON12
       63: TAKE_IMAGE SATELLITE1 PHENOMENON18 INSTRUMENT10 SPECTROGRAPH1
       64: TAKE_IMAGE SATELLITE1 PHENOMENON18 INSTRUMENT10 THERMOGRAPH0
       65: TURN_TO SATELLITE1 STAR20 PHENOMENON18
       66: TAKE_IMAGE SATELLITE1 STAR20 INSTRUMENT10 SPECTROGRAPH1
       67: TURN_TO SATELLITE1 GROUNDSTATION9 STAR20
       68: TURN_TO SATELLITE4 STAR5 PHENOMENON19
       69: SWITCH_ON INSTRUMENT61 SATELLITE8
       70: SWITCH_ON INSTRUMENT25 SATELLITE4
       71: CALIBRATE SATELLITE4 INSTRUMENT25 STAR5
       72: TURN_TO SATELLITE4 PHENOMENON13 STAR5
       73: TAKE_IMAGE SATELLITE4 PHENOMENON13 INSTRUMENT25 THERMOGRAPH4
       74: TURN_TO SATELLITE4 STAR15 PHENOMENON13
       75: TAKE_IMAGE SATELLITE4 STAR15 INSTRUMENT25 THERMOGRAPH4
       76: TURN_TO SATELLITE4 PLANET21 STAR15
       77: TAKE_IMAGE SATELLITE4 PLANET21 INSTRUMENT25 THERMOGRAPH4
       78: TURN_TO SATELLITE4 STAR22 PLANET21
       79: TAKE_IMAGE SATELLITE4 STAR22 INSTRUMENT25 THERMOGRAPH4
       80: TURN_TO SATELLITE4 PHENOMENON12 STAR22
       81: TURN_TO SATELLITE8 STAR4 PHENOMENON19
       82: CALIBRATE SATELLITE8 INSTRUMENT61 STAR4
       83: TURN_TO SATELLITE8 PHENOMENON13 STAR4
       84: TAKE_IMAGE SATELLITE8 PHENOMENON13 INSTRUMENT61 THERMOGRAPH6
       85: TURN_TO SATELLITE8 STAR15 PHENOMENON13
       86: TAKE_IMAGE SATELLITE8 STAR15 INSTRUMENT61 THERMOGRAPH6
       87: TURN_TO SATELLITE8 PHENOMENON19 STAR15
       88: TAKE_IMAGE SATELLITE8 PHENOMENON19 INSTRUMENT61 THERMOGRAPH6
     

time spent:    0.00 seconds instantiating 11419 easy, 0 hard action templates
               0.00 seconds reachability analysis, yielding 756 facts and 11419 actions
               0.00 seconds creating final representation with 756 relevant facts, 0 relevant fluents
               0.01 seconds computing LNF
               0.00 seconds building connectivity graph
               0.33 seconds searching, evaluating 1068 states, to a max depth of 3
               0.34 seconds total time

