
ff: parsing domain file
domain 'BLOCKS' defined
 ... done.
ff: parsing problem file
problem 'PB5' defined
 ... done.


no metric specified. plan length assumed.

checking for cyclic := effects --- OK.

ff: search configuration is EHC, if that fails then  best-first on 1*g(s) + 5*h(s) where
    metric is  plan length

Cueing down from goal distance:   10 into depth [1][2]
                                   8            [1][2][3]
                                   7            [1][2]
                                   6            [1]
                                   5            [1][2]
                                   4            [1][2][3][4][5][6][7]
                                   3            [1]
                                   2            [1][2]
                                   0            

ff: found legal plan as follows

step    0: UNSTACK BLOCK4 BLOCK2
        1: PUT-DOWN BLOCK4
        2: UNSTACK BLOCK5 BLOCK1
        3: STACK BLOCK5 BLOCK4
        4: UNSTACK BLOCK1 BLOCK3
        5: STACK BLOCK1 BLOCK5
        6: UNSTACK BLOCK3 BLOCK6
        7: STACK BLOCK3 BLOCK2
        8: UNSTACK BLOCK1 BLOCK5
        9: STACK BLOCK1 BLOCK6
       10: UNSTACK BLOCK5 BLOCK4
       11: STACK BLOCK5 BLOCK3
       12: UNSTACK BLOCK1 BLOCK6
       13: STACK BLOCK1 BLOCK5
       14: PICK-UP BLOCK6
       15: STACK BLOCK6 BLOCK1
     

time spent:    0.00 seconds instantiating 84 easy, 0 hard action templates
               0.00 seconds reachability analysis, yielding 55 facts and 84 actions
               0.00 seconds creating final representation with 55 relevant facts, 0 relevant fluents
               0.00 seconds computing LNF
               0.00 seconds building connectivity graph
               0.00 seconds searching, evaluating 71 states, to a max depth of 7
               0.00 seconds total time

