
ff: parsing domain file
domain 'BLOCKS' defined
 ... done.
ff: parsing problem file
problem 'PB8' defined
 ... done.


no metric specified. plan length assumed.

checking for cyclic := effects --- OK.

ff: search configuration is EHC, if that fails then  best-first on 1*g(s) + 5*h(s) where
    metric is  plan length

Cueing down from goal distance:   12 into depth [1][2]
                                  10            [1]
                                   9            [1]
                                   8            [1][2][3]
                                   7            [1]
                                   6            [1][2]
                                   5            [1]
                                   4            [1]
                                   3            [1][2][3][4]
                                   2            [1]
                                   1            [1]
                                   0            

ff: found legal plan as follows

step    0: UNSTACK BLOCK1 BLOCK6
        1: PUT-DOWN BLOCK1
        2: UNSTACK BLOCK6 BLOCK2
        3: PUT-DOWN BLOCK6
        4: UNSTACK BLOCK2 BLOCK3
        5: STACK BLOCK2 BLOCK1
        6: UNSTACK BLOCK3 BLOCK5
        7: STACK BLOCK3 BLOCK6
        8: UNSTACK BLOCK5 BLOCK4
        9: STACK BLOCK5 BLOCK2
       10: PICK-UP BLOCK4
       11: STACK BLOCK4 BLOCK3
       12: UNSTACK BLOCK5 BLOCK2
       13: PUT-DOWN BLOCK5
       14: UNSTACK BLOCK2 BLOCK1
       15: STACK BLOCK2 BLOCK4
       16: PICK-UP BLOCK5
       17: STACK BLOCK5 BLOCK2
     

time spent:    0.00 seconds instantiating 84 easy, 0 hard action templates
               0.00 seconds reachability analysis, yielding 55 facts and 84 actions
               0.00 seconds creating final representation with 55 relevant facts, 0 relevant fluents
               0.00 seconds computing LNF
               0.00 seconds building connectivity graph
               0.00 seconds searching, evaluating 36 states, to a max depth of 4
               0.00 seconds total time

