
ff: parsing domain file
domain 'BLOCKS' defined
 ... done.
ff: parsing problem file
problem 'PB1' defined
 ... done.


no metric specified. plan length assumed.

checking for cyclic := effects --- OK.

ff: search configuration is EHC, if that fails then  best-first on 1*g(s) + 5*h(s) where
    metric is  plan length

Cueing down from goal distance:   10 into depth [1][2]
                                   8            [1]
                                   7            [1]
                                   6            [1]
                                   5            [1]
                                   4            [1][2]
                                   2            [1]
                                   1            [1]
                                   0            

ff: found legal plan as follows

step    0: UNSTACK BLOCK3 BLOCK6
        1: PUT-DOWN BLOCK3
        2: UNSTACK BLOCK6 BLOCK1
        3: PUT-DOWN BLOCK6
        4: UNSTACK BLOCK1 BLOCK4
        5: STACK BLOCK1 BLOCK2
        6: UNSTACK BLOCK4 BLOCK5
        7: STACK BLOCK4 BLOCK1
        8: PICK-UP BLOCK5
        9: STACK BLOCK5 BLOCK6
     

time spent:    0.00 seconds instantiating 84 easy, 0 hard action templates
               0.00 seconds reachability analysis, yielding 55 facts and 84 actions
               0.00 seconds creating final representation with 55 relevant facts, 0 relevant fluents
               0.00 seconds computing LNF
               0.00 seconds building connectivity graph
               0.00 seconds searching, evaluating 20 states, to a max depth of 2
               0.00 seconds total time

