
ff: parsing domain file
domain 'SATELLITE' defined
 ... done.
ff: parsing problem file
problem 'STRIPS-SAT-X-1' defined
 ... done.


no metric specified. plan length assumed.

checking for cyclic := effects --- OK.

ff: search configuration is EHC, if that fails then  best-first on 1*g(s) + 5*h(s) where
    metric is  plan length

Cueing down from goal distance:  189 into depth [1]
                                 178            [1]
                                 175            [1]
                                 171            [1]
                                 169            [1]
                                 164            [1]
                                 162            [1]
                                 160            [1]
                                 159            [1]
                                 151            [1]
                                 149            [1]
                                 148            [1]
                                 144            [1]
                                 138            [1]
                                 131            [1]
                                 130            [1]
                                 127            [1]
                                 126            [1]
                                 125            [1]
                                 124            [1]
                                 123            [1]
                                 122            [1]
                                 121            [1][2]
                                 120            [1]
                                 119            [1]
                                 118            [1]
                                 117            [1]
                                 116            [1]
                                 115            [1][2]
                                 114            [1]
                                 113            [1]
                                 111            [1]
                                 110            [1]
                                 109            [1]
                                 108            [1]
                                 107            [1]
                                 106            [1]
                                 105            [1]
                                 104            [1]
                                 103            [1]
                                 102            [1]
                                 101            [1]
                                 100            [1]
                                  99            [1]
                                  98            [1]
                                  97            [1]
                                  96            [1]
                                  95            [1]
                                  94            [1]
                                  93            [1]
                                  92            [1]
                                  91            [1]
                                  90            [1][2]
                                  89            [1]
                                  88            [1]
                                  87            [1]
                                  86            [1]
                                  85            [1]
                                  84            [1]
                                  83            [1]
                                  82            [1]
                                  81            [1]
                                  80            [1]
                                  79            [1]
                                  78            [1]
                                  77            [1]
                                  76            [1]
                                  75            [1]
                                  74            [1]
                                  73            [1]
                                  72            [1]
                                  71            [1]
                                  70            [1]
                                  69            [1]
                                  68            [1]
                                  67            [1]
                                  66            [1]
                                  65            [1]
                                  64            [1]
                                  63            [1]
                                  62            [1]
                                  61            [1]
                                  60            [1][2][3][4]