
ff: parsing domain file
domain 'BLOCKS' defined
 ... done.
ff: parsing problem file
problem 'PB6' defined
 ... done.


no metric specified. plan length assumed.

checking for cyclic := effects --- OK.

ff: search configuration is EHC, if that fails then  best-first on 1*g(s) + 5*h(s) where
    metric is  plan length

Cueing down from goal distance:   42 into depth [1]
                                  41            [1]
                                  40            [1]
                                  39            [1]
                                  38            [1]
                                  37            [1][2]
                                  36            [1]
                                  35            [1]
                                  34            [1]
                                  33            [1]
                                  32            [1]
                                  31            [1][2]
                                  29            [1]
                                  28            [1]
                                  27            [1][2][3][4]
                                  25            [1][2]
                                  24            [1][2][3]
                                  23            [1]
                                  22            [1][2]
                                  21            [1]
                                  20            [1]
                                  19            [1]
                                  18            [1][2][3]
                                  17            [1]
                                  16            [1]
                                  15            [1][2]
                                  13            [1]
                                  12            [1]
                                  11            [1][2][3][4]
                                  10            [1][2]
                                   8            [1][2][3][4][5][6][7]
                                   7            [1]
                                   6            [1][2]
                                   4            [1]
                                   3            [1]
                                   2            [1][2]
                                   0            

ff: found legal plan as follows

step    0: UNSTACK BLOCK5 BLOCK18
        1: PUT-DOWN BLOCK5
        2: UNSTACK BLOCK7 BLOCK4
        3: PUT-DOWN BLOCK7
        4: PICK-UP BLOCK4
        5: STACK BLOCK4 BLOCK15
        6: UNSTACK BLOCK10 BLOCK21
        7: PUT-DOWN BLOCK10
        8: UNSTACK BLOCK18 BLOCK14
        9: STACK BLOCK18 BLOCK5
       10: UNSTACK BLOCK21 BLOCK17
       11: STACK BLOCK21 BLOCK7
       12: UNSTACK BLOCK17 BLOCK12
       13: PUT-DOWN BLOCK17
       14: UNSTACK BLOCK12 BLOCK6
       15: STACK BLOCK12 BLOCK10
       16: UNSTACK BLOCK6 BLOCK20
       17: STACK BLOCK6 BLOCK19
       18: UNSTACK BLOCK20 BLOCK22
       19: STACK BLOCK20 BLOCK21
       20: UNSTACK BLOCK22 BLOCK3
       21: STACK BLOCK22 BLOCK4
       22: UNSTACK BLOCK3 BLOCK8
       23: STACK BLOCK3 BLOCK22
       24: UNSTACK BLOCK8 BLOCK2
       25: STACK BLOCK8 BLOCK12
       26: UNSTACK BLOCK2 BLOCK23
       27: STACK BLOCK2 BLOCK3
       28: UNSTACK BLOCK23 BLOCK9
       29: PUT-DOWN BLOCK23
       30: UNSTACK BLOCK9 BLOCK16
       31: STACK BLOCK9 BLOCK23
       32: UNSTACK BLOCK6 BLOCK19
       33: STACK BLOCK6 BLOCK16
       34: UNSTACK BLOCK9 BLOCK23
       35: STACK BLOCK9 BLOCK6
       36: UNSTACK BLOCK14 BLOCK1
       37: STACK BLOCK14 BLOCK9
       38: PICK-UP BLOCK1
       39: STACK BLOCK1 BLOCK8
       40: UNSTACK BLOCK2 BLOCK3
       41: STACK BLOCK2 BLOCK23
       42: UNSTACK BLOCK3 BLOCK22
       43: STACK BLOCK3 BLOCK19
       44: UNSTACK BLOCK2 BLOCK23
       45: STACK BLOCK2 BLOCK3
       46: UNSTACK BLOCK22 BLOCK4
       47: STACK BLOCK22 BLOCK23
       48: UNSTACK BLOCK4 BLOCK15
       49: STACK BLOCK4 BLOCK2
       50: UNSTACK BLOCK15 BLOCK13
       51: STACK BLOCK15 BLOCK1
       52: UNSTACK BLOCK4 BLOCK2
       53: STACK BLOCK4 BLOCK15
       54: UNSTACK BLOCK22 BLOCK23
       55: STACK BLOCK22 BLOCK4
       56: UNSTACK BLOCK13 BLOCK11
       57: STACK BLOCK13 BLOCK23
       58: PICK-UP BLOCK11
       59: STACK BLOCK11 BLOCK18
     

time spent:    0.00 seconds instantiating 1104 easy, 0 hard action templates
               0.00 seconds reachability analysis, yielding 599 facts and 1104 actions
               0.00 seconds creating final representation with 599 relevant facts, 0 relevant fluents
               0.00 seconds computing LNF
               0.00 seconds building connectivity graph
               0.03 seconds searching, evaluating 1437 states, to a max depth of 7
               0.03 seconds total time

