
ff: parsing domain file
domain 'BLOCKS' defined
 ... done.
ff: parsing problem file
problem 'PB7' defined
 ... done.


no metric specified. plan length assumed.

checking for cyclic := effects --- OK.

ff: search configuration is EHC, if that fails then  best-first on 1*g(s) + 5*h(s) where
    metric is  plan length

Cueing down from goal distance:   42 into depth [1]
                                  41            [1]
                                  40            [1][2]
                                  38            [1][2][3]
                                  37            [1]
                                  36            [1]
                                  35            [1]
                                  34            [1]
                                  33            [1]
                                  32            [1][2]
                                  30            [1]
                                  29            [1][2]
                                  28            [1]
                                  27            [1][2][3]
                                  26            [1]
                                  25            [1]
                                  24            [1][2]
                                  23            [1]
                                  22            [1]
                                  21            [1][2][3]
                                  20            [1]
                                  19            [1][2]
                                  18            [1][2]
                                  17            [1]
                                  16            [1]
                                  15            [1][2][3]
                                  14            [1][2][3][4]
                                  13            [1]
                                  12            [1]
                                  11            [1][2][3][4][5][6][7]
                                  10            [1][2][3]
                                   9            [1]
                                   8            [1]
                                   7            [1][2]
                                   5            [1][2][3][4][5][6][7][8][9][10]
                                   4            [1]
                                   3            [1]
                                   2            [1][2]
                                   0            

ff: found legal plan as follows

step    0: UNSTACK BLOCK21 BLOCK16
        1: PUT-DOWN BLOCK21
        2: UNSTACK BLOCK16 BLOCK1
        3: PUT-DOWN BLOCK16
        4: UNSTACK BLOCK1 BLOCK2
        5: STACK BLOCK1 BLOCK21
        6: UNSTACK BLOCK2 BLOCK7
        7: PUT-DOWN BLOCK2
        8: UNSTACK BLOCK7 BLOCK5
        9: PUT-DOWN BLOCK7
       10: UNSTACK BLOCK12 BLOCK11
       11: STACK BLOCK12 BLOCK7
       12: UNSTACK BLOCK20 BLOCK17
       13: STACK BLOCK20 BLOCK2
       14: UNSTACK BLOCK17 BLOCK19
       15: STACK BLOCK17 BLOCK5
       16: UNSTACK BLOCK9 BLOCK23
       17: STACK BLOCK9 BLOCK19
       18: UNSTACK BLOCK3 BLOCK8
       19: STACK BLOCK3 BLOCK1
       20: UNSTACK BLOCK8 BLOCK14
       21: STACK BLOCK8 BLOCK9
       22: UNSTACK BLOCK14 BLOCK13
       23: STACK BLOCK14 BLOCK3
       24: UNSTACK BLOCK13 BLOCK6
       25: PUT-DOWN BLOCK13
       26: UNSTACK BLOCK11 BLOCK15
       27: STACK BLOCK11 BLOCK20
       28: UNSTACK BLOCK23 BLOCK4
       29: STACK BLOCK23 BLOCK13
       30: UNSTACK BLOCK4 BLOCK22
       31: STACK BLOCK4 BLOCK14
       32: UNSTACK BLOCK11 BLOCK20
       33: STACK BLOCK11 BLOCK6
       34: UNSTACK BLOCK22 BLOCK18
       35: STACK BLOCK22 BLOCK10
       36: PICK-UP BLOCK18
       37: STACK BLOCK18 BLOCK11
       38: PICK-UP BLOCK15
       39: STACK BLOCK15 BLOCK18
       40: UNSTACK BLOCK17 BLOCK5
       41: STACK BLOCK17 BLOCK23
       42: PICK-UP BLOCK5
       43: STACK BLOCK5 BLOCK8
       44: UNSTACK BLOCK17 BLOCK23
       45: STACK BLOCK17 BLOCK5
       46: UNSTACK BLOCK4 BLOCK14
       47: STACK BLOCK4 BLOCK23
       48: UNSTACK BLOCK14 BLOCK3
       49: STACK BLOCK14 BLOCK15
       50: UNSTACK BLOCK3 BLOCK1
       51: STACK BLOCK3 BLOCK22
       52: UNSTACK BLOCK14 BLOCK15
       53: STACK BLOCK14 BLOCK3
       54: UNSTACK BLOCK4 BLOCK23
       55: STACK BLOCK4 BLOCK14
       56: UNSTACK BLOCK1 BLOCK21
       57: STACK BLOCK1 BLOCK4
       58: UNSTACK BLOCK15 BLOCK18
       59: STACK BLOCK15 BLOCK23
       60: UNSTACK BLOCK18 BLOCK11
       61: STACK BLOCK18 BLOCK20
       62: UNSTACK BLOCK11 BLOCK6
       63: STACK BLOCK11 BLOCK18
       64: PICK-UP BLOCK6
       65: STACK BLOCK6 BLOCK21
       66: UNSTACK BLOCK11 BLOCK18
       67: STACK BLOCK11 BLOCK6
       68: UNSTACK BLOCK18 BLOCK20
       69: STACK BLOCK18 BLOCK11
       70: UNSTACK BLOCK15 BLOCK23
       71: STACK BLOCK15 BLOCK18
     

time spent:    0.00 seconds instantiating 1104 easy, 0 hard action templates
               0.00 seconds reachability analysis, yielding 599 facts and 1104 actions
               0.00 seconds creating final representation with 599 relevant facts, 0 relevant fluents
               0.00 seconds computing LNF
               0.00 seconds building connectivity graph
               0.32 seconds searching, evaluating 15355 states, to a max depth of 10
               0.32 seconds total time

