
ff: parsing domain file
domain 'BLOCKS' defined
 ... done.
ff: parsing problem file
problem 'PB3' defined
 ... done.


no metric specified. plan length assumed.

checking for cyclic := effects --- OK.

ff: search configuration is EHC, if that fails then  best-first on 1*g(s) + 5*h(s) where
    metric is  plan length

Cueing down from goal distance:   19 into depth [1]
                                  18            [1]
                                  17            [1][2][3]
                                  16            [1]
                                  15            [1][2][3][4]
                                  14            [1]
                                  13            [1]
                                  12            [1][2][3][4][5][6]
                                  10            [1]
                                   9            [1][2]
                                   8            [1][2][3]
                                   7            [1][2][3][4][5][6][7][8][9][10][11][12]
                                   6            [1]
                                   5            [1]
                                   4            [1]
                                   3            [1]
                                   2            [1][2]
                                   0            

ff: found legal plan as follows

step    0: UNSTACK BLOCK4 BLOCK5
        1: PUT-DOWN BLOCK4
        2: UNSTACK BLOCK5 BLOCK7
        3: STACK BLOCK5 BLOCK10
        4: UNSTACK BLOCK7 BLOCK8
        5: STACK BLOCK7 BLOCK4
        6: UNSTACK BLOCK8 BLOCK2
        7: STACK BLOCK8 BLOCK7
        8: UNSTACK BLOCK2 BLOCK11
        9: PUT-DOWN BLOCK2
       10: UNSTACK BLOCK8 BLOCK7
       11: STACK BLOCK8 BLOCK2
       12: UNSTACK BLOCK5 BLOCK10
       13: STACK BLOCK5 BLOCK11
       14: UNSTACK BLOCK10 BLOCK6
       15: STACK BLOCK10 BLOCK8
       16: UNSTACK BLOCK6 BLOCK1
       17: STACK BLOCK6 BLOCK7
       18: UNSTACK BLOCK1 BLOCK3
       19: STACK BLOCK1 BLOCK10
       20: UNSTACK BLOCK5 BLOCK11
       21: STACK BLOCK5 BLOCK1
       22: UNSTACK BLOCK3 BLOCK9
       23: STACK BLOCK3 BLOCK11
       24: UNSTACK BLOCK5 BLOCK1
       25: STACK BLOCK5 BLOCK3
       26: UNSTACK BLOCK1 BLOCK10
       27: STACK BLOCK1 BLOCK6
       28: UNSTACK BLOCK10 BLOCK8
       29: STACK BLOCK10 BLOCK1
       30: PICK-UP BLOCK9
       31: STACK BLOCK9 BLOCK8
       32: UNSTACK BLOCK10 BLOCK1
       33: STACK BLOCK10 BLOCK9
       34: UNSTACK BLOCK1 BLOCK6
       35: STACK BLOCK1 BLOCK10
       36: UNSTACK BLOCK5 BLOCK3
       37: STACK BLOCK5 BLOCK1
       38: UNSTACK BLOCK3 BLOCK11
       39: STACK BLOCK3 BLOCK5
     

time spent:    0.00 seconds instantiating 264 easy, 0 hard action templates
               0.00 seconds reachability analysis, yielding 155 facts and 264 actions
               0.00 seconds creating final representation with 155 relevant facts, 0 relevant fluents
               0.00 seconds computing LNF
               0.00 seconds building connectivity graph
               0.04 seconds searching, evaluating 6212 states, to a max depth of 12
               0.04 seconds total time

