
ff: parsing domain file
domain 'BLOCKS' defined
 ... done.
ff: parsing problem file
problem 'PB6' defined
 ... done.


no metric specified. plan length assumed.

checking for cyclic := effects --- OK.

ff: search configuration is EHC, if that fails then  best-first on 1*g(s) + 5*h(s) where
    metric is  plan length

Cueing down from goal distance:   19 into depth [1][2][3]
                                  18            [1][2][3][4]
                                  17            [1][2][3][4][5]
                                  16            [1]
                                  15            [1]
                                  14            [1]
                                  13            [1][2]
                                  12            [1]
                                  11            [1][2]
                                  10            [1][2][3][4][5][6][7][8][9]
                                   9            [1][2]
                                   8            [1][2][3]
                                   7            [1][2][3][4][5][6][7][8][9][10][11][12][13][14][15][16]
                                   6            [1]
                                   5            [1]
                                   4            [1]
                                   3            [1]
                                   2            [1][2]
                                   0            

ff: found legal plan as follows

step    0: UNSTACK BLOCK6 BLOCK4
        1: STACK BLOCK6 BLOCK1
        2: UNSTACK BLOCK4 BLOCK2
        3: STACK BLOCK4 BLOCK5
        4: UNSTACK BLOCK6 BLOCK1
        5: STACK BLOCK6 BLOCK4
        6: UNSTACK BLOCK1 BLOCK3
        7: STACK BLOCK1 BLOCK6
        8: UNSTACK BLOCK2 BLOCK8
        9: STACK BLOCK2 BLOCK3
       10: UNSTACK BLOCK8 BLOCK7
       11: PUT-DOWN BLOCK8
       12: UNSTACK BLOCK7 BLOCK10
       13: PUT-DOWN BLOCK7
       14: UNSTACK BLOCK2 BLOCK3
       15: STACK BLOCK2 BLOCK10
       16: PICK-UP BLOCK3
       17: STACK BLOCK3 BLOCK7
       18: UNSTACK BLOCK1 BLOCK6
       19: STACK BLOCK1 BLOCK8
       20: UNSTACK BLOCK2 BLOCK10
       21: STACK BLOCK2 BLOCK3
       22: UNSTACK BLOCK10 BLOCK9
       23: STACK BLOCK10 BLOCK2
       24: UNSTACK BLOCK6 BLOCK4
       25: STACK BLOCK6 BLOCK9
       26: UNSTACK BLOCK10 BLOCK2
       27: STACK BLOCK10 BLOCK4
       28: UNSTACK BLOCK2 BLOCK3
       29: STACK BLOCK2 BLOCK6
       30: UNSTACK BLOCK10 BLOCK4
       31: STACK BLOCK10 BLOCK2
       32: UNSTACK BLOCK4 BLOCK5
       33: STACK BLOCK4 BLOCK10
       34: UNSTACK BLOCK5 BLOCK11
       35: STACK BLOCK5 BLOCK4
       36: PICK-UP BLOCK11
       37: STACK BLOCK11 BLOCK3
       38: UNSTACK BLOCK5 BLOCK4
       39: STACK BLOCK5 BLOCK11
       40: UNSTACK BLOCK4 BLOCK10
       41: STACK BLOCK4 BLOCK5
       42: UNSTACK BLOCK10 BLOCK2
       43: STACK BLOCK10 BLOCK4
       44: UNSTACK BLOCK2 BLOCK6
       45: STACK BLOCK2 BLOCK10
       46: UNSTACK BLOCK1 BLOCK8
       47: STACK BLOCK1 BLOCK2
     

time spent:    0.00 seconds instantiating 264 easy, 0 hard action templates
               0.00 seconds reachability analysis, yielding 155 facts and 264 actions
               0.00 seconds creating final representation with 155 relevant facts, 0 relevant fluents
               0.00 seconds computing LNF
               0.00 seconds building connectivity graph
               1.04 seconds searching, evaluating 91890 states, to a max depth of 16
               1.04 seconds total time

