
ff: parsing domain file
domain 'BLOCKS' defined
 ... done.
ff: parsing problem file
problem 'PB7' defined
 ... done.


no metric specified. plan length assumed.

checking for cyclic := effects --- OK.

ff: search configuration is EHC, if that fails then  best-first on 1*g(s) + 5*h(s) where
    metric is  plan length

Cueing down from goal distance:   19 into depth [1]
                                  18            [1]
                                  17            [1][2][3]
                                  16            [1]
                                  15            [1][2][3][4][5][6][7]
                                  14            [1][2][3][4][5]
                                  13            [1]
                                  12            [1]
                                  11            [1]
                                  10            [1][2][3][4][5][6][7]
                                   9            [1]
                                   8            [1][2]
                                   7            [1][2]
                                   6            [1][2][3][4][5][6][7][8][9][10][11][12]
                                   5            [1]
                                   4            [1]
                                   3            [1]
                                   2            [1]
                                   1            [1]
                                   0            

ff: found legal plan as follows

step    0: UNSTACK BLOCK2 BLOCK8
        1: PUT-DOWN BLOCK2
        2: UNSTACK BLOCK10 BLOCK7
        3: STACK BLOCK10 BLOCK8
        4: PICK-UP BLOCK7
        5: STACK BLOCK7 BLOCK2
        6: UNSTACK BLOCK10 BLOCK8
        7: STACK BLOCK10 BLOCK7
        8: UNSTACK BLOCK8 BLOCK5
        9: STACK BLOCK8 BLOCK10
       10: UNSTACK BLOCK5 BLOCK11
       11: STACK BLOCK5 BLOCK8
       12: UNSTACK BLOCK11 BLOCK3
       13: STACK BLOCK11 BLOCK5
       14: UNSTACK BLOCK3 BLOCK6
       15: STACK BLOCK3 BLOCK11
       16: UNSTACK BLOCK6 BLOCK4
       17: PUT-DOWN BLOCK6
       18: UNSTACK BLOCK3 BLOCK11
       19: STACK BLOCK3 BLOCK6
       20: UNSTACK BLOCK4 BLOCK9
       21: STACK BLOCK4 BLOCK1
       22: UNSTACK BLOCK11 BLOCK5
       23: STACK BLOCK11 BLOCK4
       24: UNSTACK BLOCK5 BLOCK8
       25: STACK BLOCK5 BLOCK9
       26: UNSTACK BLOCK8 BLOCK10
       27: STACK BLOCK8 BLOCK3
       28: UNSTACK BLOCK11 BLOCK4
       29: STACK BLOCK11 BLOCK5
       30: UNSTACK BLOCK4 BLOCK1
       31: STACK BLOCK4 BLOCK11
       32: UNSTACK BLOCK10 BLOCK7
       33: STACK BLOCK10 BLOCK8
       34: UNSTACK BLOCK4 BLOCK11
       35: STACK BLOCK4 BLOCK10
       36: UNSTACK BLOCK11 BLOCK5
       37: STACK BLOCK11 BLOCK4
       38: UNSTACK BLOCK5 BLOCK9
       39: STACK BLOCK5 BLOCK11
       40: PICK-UP BLOCK9
       41: STACK BLOCK9 BLOCK7
       42: UNSTACK BLOCK5 BLOCK11
       43: STACK BLOCK5 BLOCK9
       44: UNSTACK BLOCK11 BLOCK4
       45: STACK BLOCK11 BLOCK5
       46: UNSTACK BLOCK4 BLOCK10
       47: STACK BLOCK4 BLOCK11
       48: UNSTACK BLOCK10 BLOCK8
       49: STACK BLOCK10 BLOCK4
     

time spent:    0.00 seconds instantiating 264 easy, 0 hard action templates
               0.00 seconds reachability analysis, yielding 155 facts and 264 actions
               0.00 seconds creating final representation with 155 relevant facts, 0 relevant fluents
               0.00 seconds computing LNF
               0.00 seconds building connectivity graph
               0.06 seconds searching, evaluating 10015 states, to a max depth of 12
               0.06 seconds total time

