
ff: parsing domain file
domain 'BLOCKS' defined
 ... done.
ff: parsing problem file
problem 'PB0' defined
 ... done.


no metric specified. plan length assumed.

checking for cyclic := effects --- OK.

ff: search configuration is EHC, if that fails then  best-first on 1*g(s) + 5*h(s) where
    metric is  plan length

Cueing down from goal distance:   20 into depth [1][2][3]
                                  19            [1]
                                  18            [1][2][3][4][5]
                                  17            [1][2][3][4]
                                  16            [1][2][3]
                                  15            [1]
                                  14            [1]
                                  13            [1][2][3][4][5][6][7][8][9]
                                  12            [1][2][3]
                                  11            [1][2]
                                   9            [1][2][3][4][5]
                                   8            [1][2][3][4][5][6][7][8][9]
                                   7            [1][2][3][4]
                                   6            [1]
                                   5            [1]
                                   4            [1]
                                   3            [1]
                                   2            [1]
                                   1            [1]
                                   0            

ff: found legal plan as follows

step    0: UNSTACK BLOCK2 BLOCK11
        1: STACK BLOCK2 BLOCK4
        2: UNSTACK BLOCK11 BLOCK9
        3: PUT-DOWN BLOCK11
        4: UNSTACK BLOCK9 BLOCK5
        5: STACK BLOCK9 BLOCK11
        6: UNSTACK BLOCK5 BLOCK10
        7: STACK BLOCK5 BLOCK9
        8: PICK-UP BLOCK3
        9: STACK BLOCK3 BLOCK10
       10: UNSTACK BLOCK2 BLOCK4
       11: STACK BLOCK2 BLOCK3
       12: UNSTACK BLOCK4 BLOCK6
       13: STACK BLOCK4 BLOCK2
       14: UNSTACK BLOCK5 BLOCK9
       15: STACK BLOCK5 BLOCK6
       16: UNSTACK BLOCK4 BLOCK2
       17: STACK BLOCK4 BLOCK5
       18: UNSTACK BLOCK2 BLOCK3
       19: STACK BLOCK2 BLOCK4
       20: UNSTACK BLOCK3 BLOCK10
       21: STACK BLOCK3 BLOCK9
       22: UNSTACK BLOCK10 BLOCK1
       23: STACK BLOCK10 BLOCK2
       24: UNSTACK BLOCK3 BLOCK9
       25: STACK BLOCK3 BLOCK10
       26: UNSTACK BLOCK9 BLOCK11
       27: STACK BLOCK9 BLOCK3
       28: UNSTACK BLOCK1 BLOCK8
       29: STACK BLOCK1 BLOCK11
       30: UNSTACK BLOCK9 BLOCK3
       31: STACK BLOCK9 BLOCK1
       32: UNSTACK BLOCK3 BLOCK10
       33: STACK BLOCK3 BLOCK9
       34: UNSTACK BLOCK10 BLOCK2
       35: STACK BLOCK10 BLOCK3
       36: UNSTACK BLOCK2 BLOCK4
       37: STACK BLOCK2 BLOCK10
       38: UNSTACK BLOCK8 BLOCK7
       39: STACK BLOCK8 BLOCK2
       40: PICK-UP BLOCK7
       41: STACK BLOCK7 BLOCK4
       42: UNSTACK BLOCK8 BLOCK2
       43: PUT-DOWN BLOCK8
       44: UNSTACK BLOCK2 BLOCK10
       45: STACK BLOCK2 BLOCK7
       46: PICK-UP BLOCK8
       47: STACK BLOCK8 BLOCK2
       48: UNSTACK BLOCK10 BLOCK3
       49: STACK BLOCK10 BLOCK8
       50: UNSTACK BLOCK3 BLOCK9
       51: STACK BLOCK3 BLOCK10
     

time spent:    0.00 seconds instantiating 264 easy, 0 hard action templates
               0.00 seconds reachability analysis, yielding 155 facts and 264 actions
               0.00 seconds creating final representation with 155 relevant facts, 0 relevant fluents
               0.00 seconds computing LNF
               0.00 seconds building connectivity graph
               0.01 seconds searching, evaluating 2529 states, to a max depth of 9
               0.01 seconds total time

