
ff: parsing domain file
domain 'BLOCKS' defined
 ... done.
ff: parsing problem file
problem 'PB9' defined
 ... done.


no metric specified. plan length assumed.

checking for cyclic := effects --- OK.

ff: search configuration is EHC, if that fails then  best-first on 1*g(s) + 5*h(s) where
    metric is  plan length

Cueing down from goal distance:   22 into depth [1]
                                  21            [1][2]
                                  20            [1]
                                  19            [1][2][3]
                                  18            [1]
                                  17            [1]
                                  16            [1]
                                  15            [1][2][3][4]
                                  14            [1]
                                  13            [1]
                                  12            [1]
                                  11            [1]
                                  10            [1]
                                   9            [1]
                                   8            [1][2]
                                   7            [1]
                                   6            [1]
                                   5            [1]
                                   4            [1]
                                   3            [1][2][3][4]
                                   2            [1][2]
                                   0            

ff: found legal plan as follows

step    0: PICK-UP BLOCK1
        1: STACK BLOCK1 BLOCK5
        2: UNSTACK BLOCK7 BLOCK9
        3: PUT-DOWN BLOCK7
        4: UNSTACK BLOCK8 BLOCK11
        5: STACK BLOCK8 BLOCK9
        6: UNSTACK BLOCK11 BLOCK10
        7: STACK BLOCK11 BLOCK7
        8: UNSTACK BLOCK10 BLOCK2
        9: PUT-DOWN BLOCK10
       10: UNSTACK BLOCK1 BLOCK5
       11: STACK BLOCK1 BLOCK2
       12: UNSTACK BLOCK5 BLOCK3
       13: STACK BLOCK5 BLOCK10
       14: UNSTACK BLOCK1 BLOCK2
       15: STACK BLOCK1 BLOCK5
       16: UNSTACK BLOCK3 BLOCK4
       17: STACK BLOCK3 BLOCK11
       18: UNSTACK BLOCK4 BLOCK6
       19: STACK BLOCK4 BLOCK1
       20: PICK-UP BLOCK2
       21: STACK BLOCK2 BLOCK6
       22: UNSTACK BLOCK8 BLOCK9
       23: STACK BLOCK8 BLOCK4
       24: PICK-UP BLOCK9
       25: STACK BLOCK9 BLOCK3
       26: UNSTACK BLOCK2 BLOCK6
       27: STACK BLOCK2 BLOCK8
       28: PICK-UP BLOCK6
       29: STACK BLOCK6 BLOCK9
       30: UNSTACK BLOCK2 BLOCK8
       31: STACK BLOCK2 BLOCK6
     

time spent:    0.00 seconds instantiating 264 easy, 0 hard action templates
               0.00 seconds reachability analysis, yielding 155 facts and 264 actions
               0.00 seconds creating final representation with 155 relevant facts, 0 relevant fluents
               0.00 seconds computing LNF
               0.00 seconds building connectivity graph
               0.00 seconds searching, evaluating 146 states, to a max depth of 4
               0.00 seconds total time

