
ff: parsing domain file
domain 'SATELLITE' defined
 ... done.
ff: parsing problem file
problem 'STRIPS-SAT-X-1' defined
 ... done.


no metric specified. plan length assumed.

checking for cyclic := effects --- OK.

ff: search configuration is EHC, if that fails then  best-first on 1*g(s) + 5*h(s) where
    metric is  plan length

Cueing down from goal distance:   14 into depth [1]
                                  13            [1]
                                  10            [1]
                                   9            [1][2]
                                   8            [1][2]
                                   7            [1]
                                   6            [1]
                                   5            [1]
                                   4            [1]
                                   3            [1]
                                   2            [1]
                                   1            [1]
                                   0            

ff: found legal plan as follows

step    0: TURN_TO SATELLITE0 PLANET4 STAR1
        1: SWITCH_ON INSTRUMENT1 SATELLITE0
        2: TURN_TO SATELLITE3 STAR3 STAR7
        3: TURN_TO SATELLITE0 GROUNDSTATION2 PLANET4
        4: CALIBRATE SATELLITE0 INSTRUMENT1 GROUNDSTATION2
        5: TURN_TO SATELLITE0 PLANET4 GROUNDSTATION2
        6: TAKE_IMAGE SATELLITE0 PLANET4 INSTRUMENT1 IMAGE0
        7: TURN_TO SATELLITE0 STAR5 PLANET4
        8: TAKE_IMAGE SATELLITE0 STAR5 INSTRUMENT1 THERMOGRAPH3
        9: TURN_TO SATELLITE0 STAR6 STAR5
       10: TAKE_IMAGE SATELLITE0 STAR6 INSTRUMENT1 THERMOGRAPH3
       11: TURN_TO SATELLITE0 STAR7 STAR6
       12: TAKE_IMAGE SATELLITE0 STAR7 INSTRUMENT1 IMAGE0
       13: TURN_TO SATELLITE0 GROUNDSTATION2 STAR7
     

time spent:    0.00 seconds instantiating 454 easy, 0 hard action templates
               0.00 seconds reachability analysis, yielding 88 facts and 454 actions
               0.00 seconds creating final representation with 88 relevant facts, 0 relevant fluents
               0.00 seconds computing LNF
               0.00 seconds building connectivity graph
               0.00 seconds searching, evaluating 32 states, to a max depth of 2
               0.00 seconds total time

