
ff: parsing domain file
domain 'SATELLITE' defined
 ... done.
ff: parsing problem file
problem 'STRIPS-SAT-X-1' defined
 ... done.


no metric specified. plan length assumed.

checking for cyclic := effects --- OK.

ff: search configuration is EHC, if that fails then  best-first on 1*g(s) + 5*h(s) where
    metric is  plan length

Cueing down from goal distance:   15 into depth [1]
                                  13            [1]
                                  12            [1]
                                  11            [1]
                                  10            [1]
                                   9            [1]
                                   8            [1]
                                   7            [1]
                                   6            [1]
                                   5            [1][2]
                                   4            [1]
                                   3            [1]
                                   2            [1]
                                   1            [1]
                                   0            

ff: found legal plan as follows

step    0: TURN_TO SATELLITE2 GROUNDSTATION3 PHENOMENON4
        1: SWITCH_ON INSTRUMENT0 SATELLITE0
        2: TURN_TO SATELLITE1 GROUNDSTATION1 PHENOMENON4
        3: SWITCH_ON INSTRUMENT2 SATELLITE1
        4: CALIBRATE SATELLITE1 INSTRUMENT2 GROUNDSTATION1
        5: TURN_TO SATELLITE1 PHENOMENON5 GROUNDSTATION1
        6: TAKE_IMAGE SATELLITE1 PHENOMENON5 INSTRUMENT2 SPECTROGRAPH0
        7: TURN_TO SATELLITE1 STAR7 PHENOMENON5
        8: TAKE_IMAGE SATELLITE1 STAR7 INSTRUMENT2 SPECTROGRAPH0
        9: TURN_TO SATELLITE0 GROUNDSTATION1 PHENOMENON6
       10: CALIBRATE SATELLITE0 INSTRUMENT0 GROUNDSTATION1
       11: TURN_TO SATELLITE0 PHENOMENON4 GROUNDSTATION1
       12: TAKE_IMAGE SATELLITE0 PHENOMENON4 INSTRUMENT0 IMAGE1
       13: TURN_TO SATELLITE0 PHENOMENON6 PHENOMENON4
       14: TAKE_IMAGE SATELLITE0 PHENOMENON6 INSTRUMENT0 IMAGE1
     

time spent:    0.00 seconds instantiating 454 easy, 0 hard action templates
               0.00 seconds reachability analysis, yielding 88 facts and 454 actions
               0.00 seconds creating final representation with 88 relevant facts, 0 relevant fluents
               0.00 seconds computing LNF
               0.00 seconds building connectivity graph
               0.00 seconds searching, evaluating 35 states, to a max depth of 2
               0.00 seconds total time

