
ff: parsing domain file
domain 'SATELLITE' defined
 ... done.
ff: parsing problem file
problem 'STRIPS-SAT-X-1' defined
 ... done.


no metric specified. plan length assumed.

checking for cyclic := effects --- OK.

ff: search configuration is EHC, if that fails then  best-first on 1*g(s) + 5*h(s) where
    metric is  plan length

Cueing down from goal distance:   14 into depth [1]
                                  12            [1]
                                  11            [1][2]
                                  10            [1]
                                   9            [1]
                                   8            [1]
                                   7            [1]
                                   6            [1]
                                   5            [1]
                                   4            [1]
                                   3            [1]
                                   2            [1]
                                   1            [1]
                                   0            

ff: found legal plan as follows

step    0: TURN_TO SATELLITE1 GROUNDSTATION0 PLANET5
        1: SWITCH_ON INSTRUMENT2 SATELLITE0
        2: TURN_TO SATELLITE0 GROUNDSTATION3 PLANET7
        3: CALIBRATE SATELLITE0 INSTRUMENT2 GROUNDSTATION3
        4: TURN_TO SATELLITE0 PLANET6 GROUNDSTATION3
        5: SWITCH_ON INSTRUMENT5 SATELLITE1
        6: CALIBRATE SATELLITE1 INSTRUMENT5 GROUNDSTATION0
        7: TURN_TO SATELLITE1 PHENOMENON4 GROUNDSTATION0
        8: TAKE_IMAGE SATELLITE1 PHENOMENON4 INSTRUMENT5 SPECTROGRAPH0
        9: TURN_TO SATELLITE1 PLANET5 PHENOMENON4
       10: TAKE_IMAGE SATELLITE1 PLANET5 INSTRUMENT5 SPECTROGRAPH0
       11: TAKE_IMAGE SATELLITE0 PLANET6 INSTRUMENT2 THERMOGRAPH3
       12: TURN_TO SATELLITE0 PLANET7 PLANET6
       13: TAKE_IMAGE SATELLITE0 PLANET7 INSTRUMENT2 INFRARED2
     

time spent:    0.00 seconds instantiating 543 easy, 0 hard action templates
               0.00 seconds reachability analysis, yielding 94 facts and 543 actions
               0.00 seconds creating final representation with 94 relevant facts, 0 relevant fluents
               0.00 seconds computing LNF
               0.00 seconds building connectivity graph
               0.00 seconds searching, evaluating 31 states, to a max depth of 2
               0.00 seconds total time

