
ff: parsing domain file
domain 'SATELLITE' defined
 ... done.
ff: parsing problem file
problem 'STRIPS-SAT-X-1' defined
 ... done.


no metric specified. plan length assumed.

checking for cyclic := effects --- OK.

ff: search configuration is EHC, if that fails then  best-first on 1*g(s) + 5*h(s) where
    metric is  plan length

Cueing down from goal distance:   12 into depth [1]
                                  10            [1]
                                   9            [1]
                                   8            [1][2]
                                   7            [1]
                                   6            [1]
                                   5            [1]
                                   4            [1]
                                   3            [1]
                                   2            [1]
                                   1            [1]
                                   0            

ff: found legal plan as follows

step    0: TURN_TO SATELLITE1 STAR1 STAR4
        1: SWITCH_ON INSTRUMENT0 SATELLITE0
        2: CALIBRATE SATELLITE0 INSTRUMENT0 STAR2
        3: TURN_TO SATELLITE0 STAR4 STAR2
        4: TAKE_IMAGE SATELLITE0 STAR4 INSTRUMENT0 THERMOGRAPH3
        5: TURN_TO SATELLITE0 PHENOMENON5 STAR4
        6: TAKE_IMAGE SATELLITE0 PHENOMENON5 INSTRUMENT0 THERMOGRAPH2
        7: TURN_TO SATELLITE0 PHENOMENON6 PHENOMENON5
        8: TAKE_IMAGE SATELLITE0 PHENOMENON6 INSTRUMENT0 THERMOGRAPH2
        9: TURN_TO SATELLITE0 STAR7 PHENOMENON6
       10: TAKE_IMAGE SATELLITE0 STAR7 INSTRUMENT0 THERMOGRAPH0
       11: TURN_TO SATELLITE0 STAR2 STAR7
     

time spent:    0.00 seconds instantiating 562 easy, 0 hard action templates
               0.00 seconds reachability analysis, yielding 96 facts and 562 actions
               0.00 seconds creating final representation with 96 relevant facts, 0 relevant fluents
               0.00 seconds computing LNF
               0.00 seconds building connectivity graph
               0.00 seconds searching, evaluating 28 states, to a max depth of 2
               0.00 seconds total time

