
ff: parsing domain file
domain 'SATELLITE' defined
 ... done.
ff: parsing problem file
problem 'STRIPS-SAT-X-1' defined
 ... done.


no metric specified. plan length assumed.

checking for cyclic := effects --- OK.

ff: search configuration is EHC, if that fails then  best-first on 1*g(s) + 5*h(s) where
    metric is  plan length

Cueing down from goal distance:   14 into depth [1]
                                  13            [1]
                                   9            [1][2]
                                   8            [1]
                                   7            [1]
                                   6            [1]
                                   5            [1]
                                   4            [1]
                                   3            [1]
                                   2            [1]
                                   1            [1]
                                   0            

ff: found legal plan as follows

step    0: TURN_TO SATELLITE0 GROUNDSTATION0 PLANET4
        1: SWITCH_ON INSTRUMENT3 SATELLITE1
        2: TURN_TO SATELLITE1 GROUNDSTATION0 PLANET5
        3: CALIBRATE SATELLITE1 INSTRUMENT3 GROUNDSTATION0
        4: TURN_TO SATELLITE1 PLANET5 GROUNDSTATION0
        5: SWITCH_ON INSTRUMENT2 SATELLITE0
        6: CALIBRATE SATELLITE0 INSTRUMENT2 GROUNDSTATION0
        7: TURN_TO SATELLITE0 PHENOMENON6 GROUNDSTATION0
        8: TAKE_IMAGE SATELLITE1 PLANET5 INSTRUMENT3 THERMOGRAPH0
        9: TURN_TO SATELLITE1 PHENOMENON7 PLANET5
       10: TAKE_IMAGE SATELLITE0 PHENOMENON6 INSTRUMENT2 SPECTROGRAPH2
       11: TAKE_IMAGE SATELLITE1 PHENOMENON7 INSTRUMENT3 INFRARED3
     

time spent:    0.00 seconds instantiating 438 easy, 0 hard action templates
               0.00 seconds reachability analysis, yielding 88 facts and 438 actions
               0.00 seconds creating final representation with 88 relevant facts, 0 relevant fluents
               0.00 seconds computing LNF
               0.00 seconds building connectivity graph
               0.00 seconds searching, evaluating 21 states, to a max depth of 2
               0.00 seconds total time

