
ff: parsing domain file
domain 'SATELLITE' defined
 ... done.
ff: parsing problem file
problem 'STRIPS-SAT-X-1' defined
 ... done.


no metric specified. plan length assumed.

checking for cyclic := effects --- OK.

ff: search configuration is EHC, if that fails then  best-first on 1*g(s) + 5*h(s) where
    metric is  plan length

Cueing down from goal distance:   15 into depth [1]
                                  13            [1]
                                  10            [1][2]
                                   9            [1]
                                   8            [1]
                                   7            [1]
                                   6            [1]
                                   5            [1]
                                   4            [1]
                                   3            [1]
                                   2            [1]
                                   1            [1]
                                   0            

ff: found legal plan as follows

step    0: TURN_TO SATELLITE2 GROUNDSTATION0 PHENOMENON6
        1: SWITCH_ON INSTRUMENT10 SATELLITE3
        2: TURN_TO SATELLITE3 GROUNDSTATION0 PHENOMENON5
        3: CALIBRATE SATELLITE3 INSTRUMENT10 GROUNDSTATION0
        4: TURN_TO SATELLITE3 PHENOMENON5 GROUNDSTATION0
        5: TURN_TO SATELLITE0 PLANET4 STAR3
        6: TAKE_IMAGE SATELLITE3 PHENOMENON5 INSTRUMENT10 INFRARED3
        7: TURN_TO SATELLITE3 PHENOMENON6 PHENOMENON5
        8: TAKE_IMAGE SATELLITE3 PHENOMENON6 INSTRUMENT10 SPECTROGRAPH0
        9: TURN_TO SATELLITE3 STAR7 PHENOMENON6
       10: TAKE_IMAGE SATELLITE3 STAR7 INSTRUMENT10 SPECTROGRAPH0
       11: TURN_TO SATELLITE3 PLANET4 STAR7
       12: TAKE_IMAGE SATELLITE3 PLANET4 INSTRUMENT10 INFRARED2
     

time spent:    0.00 seconds instantiating 524 easy, 0 hard action templates
               0.00 seconds reachability analysis, yielding 92 facts and 524 actions
               0.00 seconds creating final representation with 92 relevant facts, 0 relevant fluents
               0.00 seconds computing LNF
               0.00 seconds building connectivity graph
               0.00 seconds searching, evaluating 28 states, to a max depth of 2
               0.00 seconds total time

