
ff: parsing domain file
domain 'SATELLITE' defined
 ... done.
ff: parsing problem file
problem 'STRIPS-SAT-X-1' defined
 ... done.


no metric specified. plan length assumed.

checking for cyclic := effects --- OK.

ff: search configuration is EHC, if that fails then  best-first on 1*g(s) + 5*h(s) where
    metric is  plan length

Cueing down from goal distance:   14 into depth [1]
                                  12            [1]
                                  11            [1]
                                  10            [1]
                                   9            [1]
                                   8            [1]
                                   7            [1]
                                   6            [1]
                                   5            [1]
                                   4            [1]
                                   3            [1]
                                   2            [1]
                                   1            [1]
                                   0            

ff: found legal plan as follows

step    0: SWITCH_ON INSTRUMENT2 SATELLITE0
        1: CALIBRATE SATELLITE0 INSTRUMENT2 STAR2
        2: TURN_TO SATELLITE0 PHENOMENON6 STAR2
        3: SWITCH_ON INSTRUMENT3 SATELLITE1
        4: CALIBRATE SATELLITE1 INSTRUMENT3 GROUNDSTATION1
        5: TURN_TO SATELLITE1 PHENOMENON7 GROUNDSTATION1
        6: TURN_TO SATELLITE2 PHENOMENON6 STAR2
        7: TURN_TO SATELLITE3 PHENOMENON7 STAR0
        8: TAKE_IMAGE SATELLITE0 PHENOMENON6 INSTRUMENT2 IMAGE3
        9: TURN_TO SATELLITE0 STAR4 PHENOMENON6
       10: TAKE_IMAGE SATELLITE0 STAR4 INSTRUMENT2 SPECTROGRAPH2
       11: TAKE_IMAGE SATELLITE1 PHENOMENON7 INSTRUMENT3 IMAGE0
       12: TURN_TO SATELLITE1 STAR0 PHENOMENON7
     

time spent:    0.00 seconds instantiating 535 easy, 0 hard action templates
               0.00 seconds reachability analysis, yielding 94 facts and 535 actions
               0.00 seconds creating final representation with 94 relevant facts, 0 relevant fluents
               0.00 seconds computing LNF
               0.00 seconds building connectivity graph
               0.00 seconds searching, evaluating 23 states, to a max depth of 1
               0.00 seconds total time

