
ff: parsing domain file
domain 'SATELLITE' defined
 ... done.
ff: parsing problem file
problem 'STRIPS-SAT-X-1' defined
 ... done.


no metric specified. plan length assumed.

checking for cyclic := effects --- OK.

ff: search configuration is EHC, if that fails then  best-first on 1*g(s) + 5*h(s) where
    metric is  plan length

Cueing down from goal distance:   13 into depth [1]
                                  11            [1]
                                   9            [1]
                                   8            [1]
                                   7            [1]
                                   6            [1]
                                   5            [1]
                                   4            [1]
                                   3            [1]
                                   2            [1]
                                   1            [1]
                                   0            

ff: found legal plan as follows

step    0: SWITCH_ON INSTRUMENT1 SATELLITE0
        1: SWITCH_ON INSTRUMENT5 SATELLITE2
        2: CALIBRATE SATELLITE2 INSTRUMENT5 STAR3
        3: TURN_TO SATELLITE2 PHENOMENON4 STAR3
        4: TAKE_IMAGE SATELLITE2 PHENOMENON4 INSTRUMENT5 INFRARED2
        5: TURN_TO SATELLITE2 STAR5 PHENOMENON4
        6: TAKE_IMAGE SATELLITE2 STAR5 INSTRUMENT5 THERMOGRAPH1
        7: TURN_TO SATELLITE2 STAR6 STAR5
        8: TAKE_IMAGE SATELLITE2 STAR6 INSTRUMENT5 SPECTROGRAPH3
        9: TURN_TO SATELLITE2 PLANET7 STAR6
       10: TAKE_IMAGE SATELLITE2 PLANET7 INSTRUMENT5 INFRARED2
     

time spent:    0.00 seconds instantiating 473 easy, 0 hard action templates
               0.00 seconds reachability analysis, yielding 90 facts and 473 actions
               0.00 seconds creating final representation with 90 relevant facts, 0 relevant fluents
               0.00 seconds computing LNF
               0.00 seconds building connectivity graph
               0.00 seconds searching, evaluating 27 states, to a max depth of 1
               0.00 seconds total time

