
ff: parsing domain file
domain 'BLOCKS' defined
 ... done.
ff: parsing problem file
problem 'PB9' defined
 ... done.


no metric specified. plan length assumed.

checking for cyclic := effects --- OK.

ff: search configuration is EHC, if that fails then  best-first on 1*g(s) + 5*h(s) where
    metric is  plan length

Cueing down from goal distance:   21 into depth [1]
                                  20            [1][2][3]
                                  19            [1]
                                  18            [1]
                                  17            [1]
                                  16            [1][2]
                                  15            [1]
                                  14            [1][2][3][4]
                                  12            [1][2][3][4][5]
                                  11            [1][2][3][4][5][6][7][8][9][10][11]
                                  10            [1]
                                   9            [1][2]
                                   8            [1][2]
                                   7            [1][2]
                                   6            [1][2][3][4][5][6][7][8][9][10][11][12]
                                   5            [1]
                                   4            [1]
                                   3            [1]
                                   2            [1]
                                   1            [1]
                                   0            

ff: found legal plan as follows

step    0: UNSTACK BLOCK9 BLOCK2
        1: STACK BLOCK9 BLOCK8
        2: UNSTACK BLOCK4 BLOCK11
        3: STACK BLOCK4 BLOCK9
        4: UNSTACK BLOCK11 BLOCK6
        5: STACK BLOCK11 BLOCK2
        6: UNSTACK BLOCK6 BLOCK7
        7: PUT-DOWN BLOCK6
        8: UNSTACK BLOCK5 BLOCK1
        9: STACK BLOCK5 BLOCK7
       10: UNSTACK BLOCK1 BLOCK3
       11: STACK BLOCK1 BLOCK4
       12: UNSTACK BLOCK3 BLOCK10
       13: STACK BLOCK3 BLOCK6
       14: PICK-UP BLOCK10
       15: STACK BLOCK10 BLOCK11
       16: UNSTACK BLOCK3 BLOCK6
       17: STACK BLOCK3 BLOCK1
       18: UNSTACK BLOCK10 BLOCK11
       19: STACK BLOCK10 BLOCK3
       20: UNSTACK BLOCK11 BLOCK2
       21: STACK BLOCK11 BLOCK10
       22: UNSTACK BLOCK2 BLOCK12
       23: STACK BLOCK2 BLOCK11
       24: UNSTACK BLOCK12 BLOCK13
       25: STACK BLOCK12 BLOCK6
       26: UNSTACK BLOCK5 BLOCK7
       27: STACK BLOCK5 BLOCK12
       28: UNSTACK BLOCK2 BLOCK11
       29: STACK BLOCK2 BLOCK13
       30: UNSTACK BLOCK11 BLOCK10
       31: STACK BLOCK11 BLOCK2
       32: UNSTACK BLOCK10 BLOCK3
       33: STACK BLOCK10 BLOCK11
       34: UNSTACK BLOCK3 BLOCK1
       35: STACK BLOCK3 BLOCK7
       36: UNSTACK BLOCK10 BLOCK11
       37: STACK BLOCK10 BLOCK3
       38: UNSTACK BLOCK11 BLOCK2
       39: STACK BLOCK11 BLOCK10
       40: UNSTACK BLOCK2 BLOCK13
       41: STACK BLOCK2 BLOCK11
       42: PICK-UP BLOCK13
       43: STACK BLOCK13 BLOCK5
       44: UNSTACK BLOCK2 BLOCK11
       45: STACK BLOCK2 BLOCK13
       46: UNSTACK BLOCK11 BLOCK10
       47: STACK BLOCK11 BLOCK2
       48: UNSTACK BLOCK10 BLOCK3
       49: STACK BLOCK10 BLOCK11
       50: UNSTACK BLOCK3 BLOCK7
       51: STACK BLOCK3 BLOCK10
     

time spent:    0.00 seconds instantiating 364 easy, 0 hard action templates
               0.00 seconds reachability analysis, yielding 209 facts and 364 actions
               0.00 seconds creating final representation with 209 relevant facts, 0 relevant fluents
               0.00 seconds computing LNF
               0.00 seconds building connectivity graph
               0.41 seconds searching, evaluating 41492 states, to a max depth of 12
               0.41 seconds total time

