
ff: parsing domain file
domain 'BLOCKS' defined
 ... done.
ff: parsing problem file
problem 'PB3' defined
 ... done.


no metric specified. plan length assumed.

checking for cyclic := effects --- OK.

ff: search configuration is EHC, if that fails then  best-first on 1*g(s) + 5*h(s) where
    metric is  plan length

Cueing down from goal distance:   24 into depth [1]
                                  23            [1]
                                  22            [1]
                                  21            [1][2]
                                  20            [1]
                                  19            [1][2]
                                  18            [1]
                                  17            [1]
                                  16            [1][2]
                                  14            [1]
                                  13            [1][2][3][4]
                                  12            [1][2][3]
                                  11            [1]
                                  10            [1]
                                   9            [1][2][3][4]
                                   8            [1][2]
                                   6            [1][2][3][4][5][6][7][8][9][10][11][12][13]
                                   5            [1]
                                   4            [1]
                                   3            [1]
                                   2            [1][2]
                                   0            

ff: found legal plan as follows

step    0: UNSTACK BLOCK1 BLOCK12
        1: PUT-DOWN BLOCK1
        2: UNSTACK BLOCK4 BLOCK10
        3: STACK BLOCK4 BLOCK9
        4: PICK-UP BLOCK10
        5: STACK BLOCK10 BLOCK1
        6: UNSTACK BLOCK11 BLOCK3
        7: STACK BLOCK11 BLOCK8
        8: UNSTACK BLOCK3 BLOCK2
        9: STACK BLOCK3 BLOCK12
       10: UNSTACK BLOCK2 BLOCK13
       11: PUT-DOWN BLOCK2
       12: PICK-UP BLOCK6
       13: STACK BLOCK6 BLOCK2
       14: UNSTACK BLOCK13 BLOCK5
       15: STACK BLOCK13 BLOCK4
       16: UNSTACK BLOCK6 BLOCK2
       17: STACK BLOCK6 BLOCK13
       18: UNSTACK BLOCK5 BLOCK7
       19: STACK BLOCK5 BLOCK6
       20: PICK-UP BLOCK7
       21: STACK BLOCK7 BLOCK10
       22: UNSTACK BLOCK11 BLOCK8
       23: STACK BLOCK11 BLOCK7
       24: PICK-UP BLOCK8
       25: STACK BLOCK8 BLOCK3
       26: UNSTACK BLOCK11 BLOCK7
       27: STACK BLOCK11 BLOCK8
       28: UNSTACK BLOCK5 BLOCK6
       29: STACK BLOCK5 BLOCK11
       30: UNSTACK BLOCK6 BLOCK13
       31: STACK BLOCK6 BLOCK5
       32: UNSTACK BLOCK13 BLOCK4
       33: STACK BLOCK13 BLOCK6
       34: UNSTACK BLOCK4 BLOCK9
       35: STACK BLOCK4 BLOCK13
       36: PICK-UP BLOCK9
       37: STACK BLOCK9 BLOCK7
       38: UNSTACK BLOCK4 BLOCK13
       39: STACK BLOCK4 BLOCK9
       40: UNSTACK BLOCK13 BLOCK6
       41: STACK BLOCK13 BLOCK4
       42: UNSTACK BLOCK6 BLOCK5
       43: STACK BLOCK6 BLOCK13
       44: UNSTACK BLOCK5 BLOCK11
       45: STACK BLOCK5 BLOCK6
     

time spent:    0.00 seconds instantiating 364 easy, 0 hard action templates
               0.00 seconds reachability analysis, yielding 209 facts and 364 actions
               0.00 seconds creating final representation with 209 relevant facts, 0 relevant fluents
               0.00 seconds computing LNF
               0.00 seconds building connectivity graph
               0.07 seconds searching, evaluating 9904 states, to a max depth of 13
               0.07 seconds total time

