
ff: parsing domain file
domain 'BLOCKS' defined
 ... done.
ff: parsing problem file
problem 'PB8' defined
 ... done.


no metric specified. plan length assumed.

checking for cyclic := effects --- OK.

ff: search configuration is EHC, if that fails then  best-first on 1*g(s) + 5*h(s) where
    metric is  plan length

Cueing down from goal distance:   24 into depth [1][2][3]
                                  23            [1]
                                  22            [1][2][3]
                                  21            [1][2][3][4]
                                  20            [1][2][3][4][5][6][7][8][9][10][11]
                                  19            [1]
                                  18            [1]
                                  17            [1][2][3]
                                  16            [1]
                                  15            [1]
                                  14            [1]
                                  13            [1][2][3]
                                  12            [1]
                                  11            [1][2][3]
                                  10            [1]
                                   9            [1][2]
                                   7            [1][2]
                                   6            [1][2][3][4]
                                   5            [1][2]
                                   3            [1][2][3][4]
                                   2            [1]
                                   1            [1]
                                   0            

ff: found legal plan as follows

step    0: UNSTACK BLOCK1 BLOCK8
        1: STACK BLOCK1 BLOCK5
        2: UNSTACK BLOCK8 BLOCK10
        3: PUT-DOWN BLOCK8
        4: UNSTACK BLOCK1 BLOCK5
        5: STACK BLOCK1 BLOCK8
        6: PICK-UP BLOCK10
        7: STACK BLOCK10 BLOCK5
        8: UNSTACK BLOCK3 BLOCK9
        9: STACK BLOCK3 BLOCK10
       10: UNSTACK BLOCK1 BLOCK8
       11: STACK BLOCK1 BLOCK9
       12: UNSTACK BLOCK3 BLOCK10
       13: STACK BLOCK3 BLOCK8
       14: UNSTACK BLOCK10 BLOCK5
       15: STACK BLOCK10 BLOCK3
       16: UNSTACK BLOCK5 BLOCK11
       17: STACK BLOCK5 BLOCK10
       18: UNSTACK BLOCK11 BLOCK7
       19: STACK BLOCK11 BLOCK5
       20: UNSTACK BLOCK7 BLOCK13
       21: PUT-DOWN BLOCK7
       22: UNSTACK BLOCK13 BLOCK4
       23: PUT-DOWN BLOCK13
       24: UNSTACK BLOCK4 BLOCK2
       25: STACK BLOCK4 BLOCK11
       26: UNSTACK BLOCK2 BLOCK12
       27: STACK BLOCK2 BLOCK13
       28: UNSTACK BLOCK12 BLOCK6
       29: STACK BLOCK12 BLOCK7
       30: UNSTACK BLOCK4 BLOCK11
       31: STACK BLOCK4 BLOCK12
       32: UNSTACK BLOCK11 BLOCK5
       33: STACK BLOCK11 BLOCK6
       34: UNSTACK BLOCK4 BLOCK12
       35: STACK BLOCK4 BLOCK11
       36: UNSTACK BLOCK5 BLOCK10
       37: STACK BLOCK5 BLOCK12
       38: UNSTACK BLOCK10 BLOCK3
       39: STACK BLOCK10 BLOCK5
       40: UNSTACK BLOCK3 BLOCK8
       41: STACK BLOCK3 BLOCK4
       42: UNSTACK BLOCK1 BLOCK9
       43: STACK BLOCK1 BLOCK10
       44: PICK-UP BLOCK9
       45: STACK BLOCK9 BLOCK2
       46: UNSTACK BLOCK1 BLOCK10
       47: STACK BLOCK1 BLOCK9
       48: UNSTACK BLOCK3 BLOCK4
       49: STACK BLOCK3 BLOCK10
       50: UNSTACK BLOCK4 BLOCK11
       51: STACK BLOCK4 BLOCK8
       52: UNSTACK BLOCK3 BLOCK10
       53: STACK BLOCK3 BLOCK4
     

time spent:    0.00 seconds instantiating 364 easy, 0 hard action templates
               0.00 seconds reachability analysis, yielding 209 facts and 364 actions
               0.00 seconds creating final representation with 209 relevant facts, 0 relevant fluents
               0.00 seconds computing LNF
               0.00 seconds building connectivity graph
               0.05 seconds searching, evaluating 5482 states, to a max depth of 11
               0.05 seconds total time

