
ff: parsing domain file
domain 'BLOCKS' defined
 ... done.
ff: parsing problem file
problem 'PB6' defined
 ... done.


no metric specified. plan length assumed.

checking for cyclic := effects --- OK.

ff: search configuration is EHC, if that fails then  best-first on 1*g(s) + 5*h(s) where
    metric is  plan length

Cueing down from goal distance:   22 into depth [1]
                                  21            [1]
                                  20            [1]
                                  19            [1][2][3][4][5]
                                  18            [1]
                                  17            [1][2][3][4][5][6][7]
                                  16            [1][2][3][4]
                                  15            [1]
                                  14            [1]
                                  13            [1][2][3][4]
                                  11            [1]
                                  10            [1]
                                   9            [1][2][3][4][5][6][7][8][9][10][11]
                                   8            [1][2]
                                   7            [1][2][3]
                                   6            [1][2][3][4][5][6][7][8][9][10][11][12][13]
                                   5            [1]
                                   4            [1]
                                   3            [1]
                                   2            [1][2]
                                   0            

ff: found legal plan as follows

step    0: UNSTACK BLOCK8 BLOCK5
        1: PUT-DOWN BLOCK8
        2: UNSTACK BLOCK5 BLOCK2
        3: STACK BLOCK5 BLOCK8
        4: UNSTACK BLOCK6 BLOCK13
        5: STACK BLOCK6 BLOCK2
        6: UNSTACK BLOCK13 BLOCK1
        7: PUT-DOWN BLOCK13
        8: UNSTACK BLOCK5 BLOCK8
        9: STACK BLOCK5 BLOCK6
       10: UNSTACK BLOCK1 BLOCK3
       11: STACK BLOCK1 BLOCK13
       12: UNSTACK BLOCK3 BLOCK10
       13: STACK BLOCK3 BLOCK5
       14: UNSTACK BLOCK1 BLOCK13
       15: STACK BLOCK1 BLOCK3
       16: UNSTACK BLOCK10 BLOCK9
       17: STACK BLOCK10 BLOCK13
       18: UNSTACK BLOCK9 BLOCK12
       19: STACK BLOCK9 BLOCK4
       20: UNSTACK BLOCK10 BLOCK13
       21: STACK BLOCK10 BLOCK9
       22: UNSTACK BLOCK12 BLOCK11
       23: STACK BLOCK12 BLOCK13
       24: UNSTACK BLOCK11 BLOCK7
       25: STACK BLOCK11 BLOCK10
       26: PICK-UP BLOCK7
       27: STACK BLOCK7 BLOCK8
       28: UNSTACK BLOCK1 BLOCK3
       29: STACK BLOCK1 BLOCK11
       30: UNSTACK BLOCK3 BLOCK5
       31: STACK BLOCK3 BLOCK1
       32: UNSTACK BLOCK5 BLOCK6
       33: STACK BLOCK5 BLOCK3
       34: UNSTACK BLOCK6 BLOCK2
       35: STACK BLOCK6 BLOCK12
       36: PICK-UP BLOCK2
       37: STACK BLOCK2 BLOCK7
       38: UNSTACK BLOCK6 BLOCK12
       39: STACK BLOCK6 BLOCK5
       40: UNSTACK BLOCK12 BLOCK13
       41: STACK BLOCK12 BLOCK2
       42: UNSTACK BLOCK6 BLOCK5
       43: STACK BLOCK6 BLOCK12
       44: UNSTACK BLOCK5 BLOCK3
       45: STACK BLOCK5 BLOCK6
       46: UNSTACK BLOCK3 BLOCK1
       47: STACK BLOCK3 BLOCK5
       48: UNSTACK BLOCK1 BLOCK11
       49: STACK BLOCK1 BLOCK3
     

time spent:    0.00 seconds instantiating 364 easy, 0 hard action templates
               0.00 seconds reachability analysis, yielding 209 facts and 364 actions
               0.00 seconds creating final representation with 209 relevant facts, 0 relevant fluents
               0.00 seconds computing LNF
               0.00 seconds building connectivity graph
               0.17 seconds searching, evaluating 20016 states, to a max depth of 13
               0.17 seconds total time

