
ff: parsing domain file
domain 'SATELLITE' defined
 ... done.
ff: parsing problem file
problem 'STRIPS-SAT-X-1' defined
 ... done.


no metric specified. plan length assumed.

checking for cyclic := effects --- OK.

ff: search configuration is EHC, if that fails then  best-first on 1*g(s) + 5*h(s) where
    metric is  plan length

Cueing down from goal distance:   66 into depth [1]
                                  65            [1]
                                  62            [1]
                                  61            [1]
                                  56            [1]
                                  55            [1]
                                  54            [1]
                                  53            [1]
                                  52            [1]
                                  51            [1]
                                  50            [1]
                                  49            [1]
                                  48            [1]
                                  47            [1]
                                  46            [1]
                                  45            [1]
                                  44            [1]
                                  43            [1]
                                  42            [1]
                                  41            [1]
                                  40            [1]
                                  39            [1]
                                  38            [1][2][3][4][5]
                                  37            [1]
                                  36            [1]
                                  35            [1]
                                  34            [1]
                                  33            [1]
                                  32            [1]
                                  31            [1]
                                  30            [1]
                                  29            [1][2]
                                  28            [1]
                                  27            [1]
                                  26            [1]
                                  25            [1]
                                  24            [1]
                                  23            [1]
                                  22            [1]
                                  21            [1]
                                  20            [1]
                                  19            [1]
                                  18            [1][2]
                                  17            [1]
                                  16            [1]
                                  15            [1]
                                  14            [1]
                                  13            [1]
                                  12            [1]
                                  11            [1]
                                  10            [1]
                                   9            [1]
                                   8            [1]
                                   7            [1]
                                   6            [1][2]
                                   5            [1]
                                   4            [1]
                                   3            [1]
                                   2            [1]
                                   1            [1]
                                   0            

ff: found legal plan as follows

step    0: TURN_TO SATELLITE1 GROUNDSTATION7 PHENOMENON15
        1: TURN_TO SATELLITE8 GROUNDSTATION7 STAR16
        2: TURN_TO SATELLITE0 GROUNDSTATION7 GROUNDSTATION0
        3: TURN_TO SATELLITE9 GROUNDSTATION8 PHENOMENON20
        4: SWITCH_ON INSTRUMENT15 SATELLITE1
        5: CALIBRATE SATELLITE1 INSTRUMENT15 GROUNDSTATION7
        6: TURN_TO SATELLITE1 PLANET12 GROUNDSTATION7
        7: TURN_TO SATELLITE2 GROUNDSTATION5 GROUNDSTATION1
        8: TURN_TO SATELLITE3 GROUNDSTATION5 GROUNDSTATION9
        9: TURN_TO SATELLITE4 GROUNDSTATION4 STAR6
       10: TURN_TO SATELLITE6 GROUNDSTATION7 GROUNDSTATION0
       11: TURN_TO SATELLITE8 GROUNDSTATION9 GROUNDSTATION7
       12: TURN_TO SATELLITE10 PLANET13 STAR14
       13: TAKE_IMAGE SATELLITE1 PLANET12 INSTRUMENT15 INFRARED0
       14: TURN_TO SATELLITE1 PLANET13 PLANET12
       15: TAKE_IMAGE SATELLITE1 PLANET13 INSTRUMENT15 INFRARED0
       16: TURN_TO SATELLITE1 STAR14 PLANET13
       17: TAKE_IMAGE SATELLITE1 STAR14 INSTRUMENT15 SPECTROGRAPH9
       18: TURN_TO SATELLITE1 STAR16 STAR14
       19: TAKE_IMAGE SATELLITE1 STAR16 INSTRUMENT15 SPECTROGRAPH9
       20: TURN_TO SATELLITE1 PHENOMENON20 STAR16
       21: TAKE_IMAGE SATELLITE1 PHENOMENON20 INSTRUMENT15 SPECTROGRAPH1
       22: TURN_TO SATELLITE0 GROUNDSTATION1 GROUNDSTATION7
       23: SWITCH_ON INSTRUMENT2 SATELLITE0
       24: TURN_TO SATELLITE6 PHENOMENON18 GROUNDSTATION7
       25: SWITCH_ON INSTRUMENT40 SATELLITE6
       26: SWITCH_ON INSTRUMENT22 SATELLITE2
       27: CALIBRATE SATELLITE0 INSTRUMENT2 GROUNDSTATION1
       28: TURN_TO SATELLITE0 STAR14 GROUNDSTATION1
       29: SWITCH_ON INSTRUMENT29 SATELLITE4
       30: TAKE_IMAGE SATELLITE0 STAR14 INSTRUMENT2 IMAGE8
       31: TURN_TO SATELLITE0 PHENOMENON18 STAR14
       32: TAKE_IMAGE SATELLITE0 PHENOMENON18 INSTRUMENT2 IMAGE2
       33: TURN_TO SATELLITE0 PHENOMENON21 PHENOMENON18
       34: TAKE_IMAGE SATELLITE0 PHENOMENON21 INSTRUMENT2 IMAGE8
       35: TURN_TO SATELLITE6 STAR6 PHENOMENON18
       36: CALIBRATE SATELLITE6 INSTRUMENT40 STAR6
       37: TURN_TO SATELLITE6 PLANET12 STAR6
       38: TAKE_IMAGE SATELLITE6 PLANET12 INSTRUMENT40 THERMOGRAPH6
       39: TURN_TO SATELLITE6 STAR16 PLANET12
       40: TAKE_IMAGE SATELLITE6 STAR16 INSTRUMENT40 THERMOGRAPH3
       41: TURN_TO SATELLITE6 PHENOMENON18 STAR16
       42: TAKE_IMAGE SATELLITE6 PHENOMENON18 INSTRUMENT40 THERMOGRAPH3
       43: TAKE_IMAGE SATELLITE6 PHENOMENON18 INSTRUMENT40 THERMOGRAPH6
       44: TURN_TO SATELLITE6 PHENOMENON19 PHENOMENON18
       45: TAKE_IMAGE SATELLITE6 PHENOMENON19 INSTRUMENT40 THERMOGRAPH3
       46: TURN_TO SATELLITE6 GROUNDSTATION7 PHENOMENON19
       47: TURN_TO SATELLITE2 GROUNDSTATION8 GROUNDSTATION5
       48: CALIBRATE SATELLITE2 INSTRUMENT22 GROUNDSTATION8
       49: TURN_TO SATELLITE2 STAR11 GROUNDSTATION8
       50: TAKE_IMAGE SATELLITE2 STAR11 INSTRUMENT22 INFRARED5
       51: TURN_TO SATELLITE2 PLANET12 STAR11
       52: TAKE_IMAGE SATELLITE2 PLANET12 INSTRUMENT22 INFRARED5
       53: TURN_TO SATELLITE2 STAR14 PLANET12
       54: TAKE_IMAGE SATELLITE2 STAR14 INSTRUMENT22 INFRARED5
       55: TURN_TO SATELLITE2 PHENOMENON20 STAR14
       56: TAKE_IMAGE SATELLITE2 PHENOMENON20 INSTRUMENT22 INFRARED5
       57: TURN_TO SATELLITE2 PHENOMENON21 PHENOMENON20
       58: TAKE_IMAGE SATELLITE2 PHENOMENON21 INSTRUMENT22 IMAGE4
       59: TURN_TO SATELLITE2 GROUNDSTATION5 PHENOMENON21
       60: TURN_TO SATELLITE4 GROUNDSTATION8 GROUNDSTATION4
       61: CALIBRATE SATELLITE4 INSTRUMENT29 GROUNDSTATION8
       62: TURN_TO SATELLITE4 STAR11 GROUNDSTATION8
       63: TAKE_IMAGE SATELLITE4 STAR11 INSTRUMENT29 IMAGE7
       64: TURN_TO SATELLITE4 PHENOMENON21 STAR11
       65: TAKE_IMAGE SATELLITE4 PHENOMENON21 INSTRUMENT29 IMAGE7
       66: TURN_TO SATELLITE4 GROUNDSTATION4 PHENOMENON21
     

time spent:    0.00 seconds instantiating 8389 easy, 0 hard action templates
               0.00 seconds reachability analysis, yielding 627 facts and 8389 actions
               0.00 seconds creating final representation with 627 relevant facts, 0 relevant fluents
               0.01 seconds computing LNF
               0.00 seconds building connectivity graph
              12.96 seconds searching, evaluating 45065 states, to a max depth of 5
              12.97 seconds total time

