
ff: parsing domain file
domain 'SATELLITE' defined
 ... done.
ff: parsing problem file
problem 'STRIPS-SAT-X-1' defined
 ... done.


no metric specified. plan length assumed.

checking for cyclic := effects --- OK.

ff: search configuration is EHC, if that fails then  best-first on 1*g(s) + 5*h(s) where
    metric is  plan length

Cueing down from goal distance:   69 into depth [1]
                                  63            [1]
                                  61            [1]
                                  59            [1]
                                  58            [1]
                                  57            [1]
                                  56            [1]
                                  55            [1]
                                  54            [1]
                                  53            [1]
                                  52            [1]
                                  51            [1]
                                  50            [1]
                                  49            [1]
                                  48            [1]
                                  47            [1]
                                  46            [1]
                                  45            [1]
                                  44            [1]
                                  43            [1]
                                  42            [1]
                                  41            [1]
                                  40            [1]
                                  39            [1]
                                  38            [1]
                                  37            [1]
                                  36            [1]
                                  35            [1]
                                  34            [1]
                                  33            [1]
                                  32            [1]
                                  31            [1]
                                  30            [1]
                                  29            [1]
                                  28            [1]
                                  27            [1]
                                  26            [1]
                                  25            [1]
                                  24            [1]
                                  23            [1]
                                  22            [1]
                                  21            [1]
                                  20            [1][2]
                                  19            [1][2][3]
                                  18            [1]
                                  17            [1]
                                  16            [1]
                                  15            [1]
                                  14            [1]
                                  13            [1]
                                  12            [1]
                                  11            [1][2]
                                  10            [1]
                                   9            [1]
                                   8            [1]
                                   7            [1]
                                   6            [1]
                                   5            [1]
                                   4            [1]
                                   3            [1]
                                   2            [1]
                                   1            [1]
                                   0            

ff: found legal plan as follows

step    0: TURN_TO SATELLITE8 STAR6 PHENOMENON12
        1: TURN_TO SATELLITE0 GROUNDSTATION4 PHENOMENON15
        2: SWITCH_ON INSTRUMENT4 SATELLITE0
        3: TURN_TO SATELLITE3 GROUNDSTATION4 PLANET20
        4: TURN_TO SATELLITE3 STAR8 GROUNDSTATION4
        5: TURN_TO SATELLITE0 STAR2 GROUNDSTATION4
        6: CALIBRATE SATELLITE0 INSTRUMENT4 STAR2
        7: TURN_TO SATELLITE0 PHENOMENON12 STAR2
        8: SWITCH_ON INSTRUMENT11 SATELLITE1
        9: TURN_TO SATELLITE1 STAR2 PLANET20
       10: CALIBRATE SATELLITE1 INSTRUMENT11 STAR2
       11: TURN_TO SATELLITE1 PHENOMENON13 STAR2
       12: SWITCH_ON INSTRUMENT21 SATELLITE3
       13: TURN_TO SATELLITE4 GROUNDSTATION7 STAR10
       14: CALIBRATE SATELLITE3 INSTRUMENT21 STAR8
       15: TURN_TO SATELLITE3 PHENOMENON15 STAR8
       16: TURN_TO SATELLITE8 GROUNDSTATION7 STAR6
       17: TAKE_IMAGE SATELLITE0 PHENOMENON12 INSTRUMENT4 IMAGE3
       18: TAKE_IMAGE SATELLITE0 PHENOMENON12 INSTRUMENT4 SPECTROGRAPH5
       19: TURN_TO SATELLITE0 PHENOMENON13 PHENOMENON12
       20: TAKE_IMAGE SATELLITE1 PHENOMENON13 INSTRUMENT11 IMAGE10
       21: TAKE_IMAGE SATELLITE1 PHENOMENON13 INSTRUMENT11 INFRARED4
       22: TURN_TO SATELLITE1 PHENOMENON15 PHENOMENON13
       23: TAKE_IMAGE SATELLITE0 PHENOMENON13 INSTRUMENT4 IMAGE3
       24: TURN_TO SATELLITE0 PHENOMENON14 PHENOMENON13
       25: TAKE_IMAGE SATELLITE0 PHENOMENON14 INSTRUMENT4 SPECTROGRAPH5
       26: TURN_TO SATELLITE0 PHENOMENON16 PHENOMENON14
       27: TAKE_IMAGE SATELLITE1 PHENOMENON15 INSTRUMENT11 THERMOGRAPH2
       28: TURN_TO SATELLITE1 PHENOMENON16 PHENOMENON15
       29: TAKE_IMAGE SATELLITE3 PHENOMENON15 INSTRUMENT21 INFRARED8
       30: TURN_TO SATELLITE3 PHENOMENON18 PHENOMENON15
       31: TAKE_IMAGE SATELLITE0 PHENOMENON16 INSTRUMENT4 SPECTROGRAPH0
       32: TURN_TO SATELLITE0 PHENOMENON17 PHENOMENON16
       33: TAKE_IMAGE SATELLITE1 PHENOMENON16 INSTRUMENT11 IMAGE10
       34: TAKE_IMAGE SATELLITE0 PHENOMENON17 INSTRUMENT4 SPECTROGRAPH0
       35: TURN_TO SATELLITE0 PHENOMENON19 PHENOMENON17
       36: TAKE_IMAGE SATELLITE3 PHENOMENON18 INSTRUMENT21 INFRARED8
       37: TURN_TO SATELLITE3 PHENOMENON19 PHENOMENON18
       38: TAKE_IMAGE SATELLITE3 PHENOMENON19 INSTRUMENT21 IMAGE9
       39: TAKE_IMAGE SATELLITE0 PHENOMENON19 INSTRUMENT4 SPECTROGRAPH5
       40: TURN_TO SATELLITE0 PLANET20 PHENOMENON19
       41: TAKE_IMAGE SATELLITE0 PLANET20 INSTRUMENT4 SPECTROGRAPH5
       42: TURN_TO SATELLITE4 PHENOMENON14 GROUNDSTATION7
       43: TURN_TO SATELLITE6 PHENOMENON14 GROUNDSTATION7
       44: TURN_TO SATELLITE4 GROUNDSTATION7 PHENOMENON14
       45: SWITCH_ON INSTRUMENT39 SATELLITE6
       46: SWITCH_ON INSTRUMENT26 SATELLITE4
       47: CALIBRATE SATELLITE4 INSTRUMENT26 GROUNDSTATION7
       48: TURN_TO SATELLITE4 STAR11 GROUNDSTATION7
       49: TAKE_IMAGE SATELLITE4 STAR11 INSTRUMENT26 INFRARED6
       50: TURN_TO SATELLITE4 PHENOMENON19 STAR11
       51: TAKE_IMAGE SATELLITE4 PHENOMENON19 INSTRUMENT26 INFRARED6
       52: TURN_TO SATELLITE4 PLANET20 PHENOMENON19
       53: TAKE_IMAGE SATELLITE4 PLANET20 INSTRUMENT26 INFRARED6
       54: TURN_TO SATELLITE6 GROUNDSTATION4 PHENOMENON14
       55: CALIBRATE SATELLITE6 INSTRUMENT39 GROUNDSTATION4
       56: TURN_TO SATELLITE6 STAR11 GROUNDSTATION4
       57: TAKE_IMAGE SATELLITE6 STAR11 INSTRUMENT39 IMAGE7
       58: TURN_TO SATELLITE6 PHENOMENON12 STAR11
       59: TAKE_IMAGE SATELLITE6 PHENOMENON12 INSTRUMENT39 THERMOGRAPH1
       60: TURN_TO SATELLITE6 PHENOMENON16 PHENOMENON12
       61: TAKE_IMAGE SATELLITE6 PHENOMENON16 INSTRUMENT39 IMAGE7
       62: TURN_TO SATELLITE6 PHENOMENON18 PHENOMENON16
       63: TAKE_IMAGE SATELLITE6 PHENOMENON18 INSTRUMENT39 IMAGE7
       64: TURN_TO SATELLITE6 PHENOMENON14 PHENOMENON18
       65: TAKE_IMAGE SATELLITE6 PHENOMENON14 INSTRUMENT39 THERMOGRAPH1
     

time spent:    0.00 seconds instantiating 9660 easy, 0 hard action templates
               0.00 seconds reachability analysis, yielding 667 facts and 9660 actions
               0.00 seconds creating final representation with 667 relevant facts, 0 relevant fluents
               0.01 seconds computing LNF
               0.00 seconds building connectivity graph
               0.14 seconds searching, evaluating 505 states, to a max depth of 3
               0.15 seconds total time

