
ff: parsing domain file
domain 'SATELLITE' defined
 ... done.
ff: parsing problem file
problem 'STRIPS-SAT-X-1' defined
 ... done.


no metric specified. plan length assumed.

checking for cyclic := effects --- OK.

ff: search configuration is EHC, if that fails then  best-first on 1*g(s) + 5*h(s) where
    metric is  plan length

Cueing down from goal distance:   66 into depth [1]
                                  65            [1]
                                  64            [1]
                                  62            [1]
                                  61            [1]
                                  59            [1]
                                  58            [1]
                                  50            [1]
                                  49            [1]
                                  48            [1]
                                  47            [1]
                                  46            [1]
                                  45            [1]
                                  44            [1]
                                  43            [1]
                                  42            [1]
                                  41            [1]
                                  40            [1]
                                  39            [1][2]
                                  37            [1][2]
                                  36            [1]
                                  35            [1]
                                  34            [1]
                                  33            [1]
                                  32            [1][2][3]
                                  31            [1]
                                  30            [1]
                                  29            [1]
                                  28            [1]
                                  27            [1]
                                  26            [1]
                                  25            [1]
                                  24            [1]
                                  23            [1]
                                  22            [1]
                                  21            [1][2][3]
                                  20            [1]
                                  19            [1]
                                  18            [1]
                                  17            [1]
                                  16            [1]
                                  15            [1]
                                  14            [1]
                                  13            [1]
                                  12            [1]
                                  11            [1]
                                  10            [1][2]
                                   9            [1]
                                   8            [1]
                                   7            [1]
                                   6            [1]
                                   5            [1]
                                   4            [1]
                                   3            [1]
                                   2            [1]
                                   1            [1]
                                   0            

ff: found legal plan as follows

step    0: TURN_TO SATELLITE0 GROUNDSTATION2 STAR18
        1: TURN_TO SATELLITE0 GROUNDSTATION6 GROUNDSTATION2
        2: TURN_TO SATELLITE3 STAR10 PHENOMENON15
        3: TURN_TO SATELLITE1 GROUNDSTATION5 STAR1
        4: TURN_TO SATELLITE6 STAR9 PHENOMENON21
        5: TURN_TO SATELLITE1 STAR13 GROUNDSTATION5
        6: SWITCH_ON INSTRUMENT2 SATELLITE0
        7: TURN_TO SATELLITE1 GROUNDSTATION5 STAR13
        8: CALIBRATE SATELLITE0 INSTRUMENT2 GROUNDSTATION6
        9: TURN_TO SATELLITE0 PLANET11 GROUNDSTATION6
       10: TURN_TO SATELLITE3 GROUNDSTATION2 STAR10
       11: TURN_TO SATELLITE9 GROUNDSTATION0 STAR3
       12: TURN_TO SATELLITE10 STAR10 PLANET17
       13: TAKE_IMAGE SATELLITE0 PLANET11 INSTRUMENT2 IMAGE10
       14: TURN_TO SATELLITE0 STAR13 PLANET11
       15: TAKE_IMAGE SATELLITE0 STAR13 INSTRUMENT2 IMAGE10
       16: TURN_TO SATELLITE0 PLANET17 STAR13
       17: TAKE_IMAGE SATELLITE0 PLANET17 INSTRUMENT2 IMAGE10
       18: TURN_TO SATELLITE8 STAR18 PLANET17
       19: SWITCH_ON INSTRUMENT64 SATELLITE8
       20: TURN_TO SATELLITE8 GROUNDSTATION4 STAR18
       21: CALIBRATE SATELLITE8 INSTRUMENT64 GROUNDSTATION4
       22: TURN_TO SATELLITE8 PHENOMENON15 GROUNDSTATION4
       23: TAKE_IMAGE SATELLITE8 PHENOMENON15 INSTRUMENT64 IMAGE0
       24: TURN_TO SATELLITE8 STAR18 PHENOMENON15
       25: TAKE_IMAGE SATELLITE8 STAR18 INSTRUMENT64 IMAGE0
       26: SWITCH_ON INSTRUMENT12 SATELLITE1
       27: TURN_TO SATELLITE2 GROUNDSTATION5 STAR8
       28: SWITCH_ON INSTRUMENT24 SATELLITE2
       29: CALIBRATE SATELLITE1 INSTRUMENT12 GROUNDSTATION5
       30: TURN_TO SATELLITE1 STAR13 GROUNDSTATION5
       31: CALIBRATE SATELLITE2 INSTRUMENT24 GROUNDSTATION5
       32: TURN_TO SATELLITE2 PLANET11 GROUNDSTATION5
       33: TAKE_IMAGE SATELLITE2 PLANET11 INSTRUMENT24 IMAGE8
       34: TURN_TO SATELLITE2 STAR13 PLANET11
       35: TAKE_IMAGE SATELLITE2 STAR13 INSTRUMENT24 INFRARED4
       36: TURN_TO SATELLITE2 PLANET20 STAR13
       37: TAKE_IMAGE SATELLITE1 STAR13 INSTRUMENT12 INFRARED1
       38: TAKE_IMAGE SATELLITE2 PLANET20 INSTRUMENT24 INFRARED4
       39: SWITCH_ON INSTRUMENT28 SATELLITE3
       40: TURN_TO SATELLITE4 GROUNDSTATION0 STAR9
       41: SWITCH_ON INSTRUMENT37 SATELLITE4
       42: CALIBRATE SATELLITE4 INSTRUMENT37 GROUNDSTATION0
       43: TURN_TO SATELLITE4 STAR14 GROUNDSTATION0
       44: TAKE_IMAGE SATELLITE4 STAR14 INSTRUMENT37 INFRARED9
       45: TURN_TO SATELLITE4 PLANET17 STAR14
       46: TAKE_IMAGE SATELLITE4 PLANET17 INSTRUMENT37 INFRARED5
       47: TURN_TO SATELLITE4 PLANET19 PLANET17
       48: TAKE_IMAGE SATELLITE4 PLANET19 INSTRUMENT37 INFRARED9
       49: TAKE_IMAGE SATELLITE4 PLANET19 INSTRUMENT37 INFRARED5
       50: TURN_TO SATELLITE4 PHENOMENON21 PLANET19
       51: TAKE_IMAGE SATELLITE4 PHENOMENON21 INSTRUMENT37 INFRARED5
       52: TURN_TO SATELLITE3 STAR8 GROUNDSTATION2
       53: CALIBRATE SATELLITE3 INSTRUMENT28 STAR8
       54: TURN_TO SATELLITE3 PLANET11 STAR8
       55: TAKE_IMAGE SATELLITE3 PLANET11 INSTRUMENT28 INFRARED2
       56: TURN_TO SATELLITE3 STAR14 PLANET11
       57: TAKE_IMAGE SATELLITE3 STAR14 INSTRUMENT28 INFRARED2
       58: TURN_TO SATELLITE3 PLANET19 STAR14
       59: TAKE_IMAGE SATELLITE3 PLANET19 INSTRUMENT28 INFRARED2
       60: TURN_TO SATELLITE3 PLANET20 PLANET19
       61: TAKE_IMAGE SATELLITE3 PLANET20 INSTRUMENT28 INFRARED2
       62: TURN_TO SATELLITE3 GROUNDSTATION2 PLANET20
     

time spent:    0.00 seconds instantiating 9107 easy, 0 hard action templates
               0.00 seconds reachability analysis, yielding 661 facts and 9107 actions
               0.00 seconds creating final representation with 661 relevant facts, 0 relevant fluents
               0.00 seconds computing LNF
               0.01 seconds building connectivity graph
               0.28 seconds searching, evaluating 1209 states, to a max depth of 3
               0.29 seconds total time

