
ff: parsing domain file
domain 'SATELLITE' defined
 ... done.
ff: parsing problem file
problem 'STRIPS-SAT-X-1' defined
 ... done.


no metric specified. plan length assumed.

checking for cyclic := effects --- OK.

ff: search configuration is EHC, if that fails then  best-first on 1*g(s) + 5*h(s) where
    metric is  plan length

Cueing down from goal distance:   75 into depth [1]
                                  70            [1]
                                  68            [1]
                                  67            [1]
                                  66            [1]
                                  65            [1]
                                  59            [1]
                                  58            [1]
                                  57            [1]
                                  56            [1]
                                  55            [1]
                                  54            [1]
                                  53            [1]
                                  52            [1]
                                  51            [1]
                                  50            [1]
                                  49            [1]
                                  48            [1]
                                  47            [1]
                                  46            [1]
                                  45            [1]
                                  44            [1]
                                  43            [1]
                                  42            [1]
                                  41            [1]
                                  40            [1]
                                  39            [1]
                                  38            [1]
                                  37            [1]
                                  36            [1]
                                  35            [1]
                                  34            [1]
                                  33            [1]
                                  32            [1]
                                  31            [1][2][3][4]
                                  30            [1]
                                  29            [1]
                                  28            [1]
                                  27            [1]
                                  26            [1]
                                  25            [1]
                                  24            [1]
                                  23            [1]
                                  22            [1]
                                  21            [1]
                                  20            [1]
                                  19            [1]
                                  18            [1]
                                  17            [1]
                                  16            [1]
                                  15            [1]
                                  14            [1]
                                  13            [1]
                                  12            [1]
                                  11            [1]
                                  10            [1]
                                   9            [1]
                                   8            [1]
                                   7            [1]
                                   6            [1]
                                   5            [1]
                                   4            [1][2]
                                   3            [1]
                                   2            [1]
                                   1            [1]
                                   0            

ff: found legal plan as follows

step    0: TURN_TO SATELLITE4 STAR9 STAR15
        1: TURN_TO SATELLITE9 STAR9 PHENOMENON16
        2: TURN_TO SATELLITE2 GROUNDSTATION8 PLANET11
        3: TURN_TO SATELLITE1 STAR0 STAR3
        4: TURN_TO SATELLITE1 STAR12 STAR0
        5: SWITCH_ON INSTRUMENT1 SATELLITE0
        6: TURN_TO SATELLITE0 GROUNDSTATION10 PLANET11
        7: TURN_TO SATELLITE1 STAR0 STAR12
        8: CALIBRATE SATELLITE0 INSTRUMENT1 GROUNDSTATION10
        9: TURN_TO SATELLITE0 STAR12 GROUNDSTATION10
       10: SWITCH_ON INSTRUMENT11 SATELLITE2
       11: CALIBRATE SATELLITE2 INSTRUMENT11 GROUNDSTATION8
       12: TURN_TO SATELLITE2 PLANET13 GROUNDSTATION8
       13: TURN_TO SATELLITE4 GROUNDSTATION10 STAR9
       14: TURN_TO SATELLITE6 GROUNDSTATION10 STAR9
       15: TAKE_IMAGE SATELLITE0 STAR12 INSTRUMENT1 SPECTROGRAPH2
       16: TURN_TO SATELLITE0 PLANET13 STAR12
       17: TAKE_IMAGE SATELLITE2 PLANET13 INSTRUMENT11 THERMOGRAPH1
       18: TURN_TO SATELLITE2 PLANET14 PLANET13
       19: TAKE_IMAGE SATELLITE0 PLANET13 INSTRUMENT1 SPECTROGRAPH6
       20: TURN_TO SATELLITE0 PLANET14 PLANET13
       21: TAKE_IMAGE SATELLITE2 PLANET14 INSTRUMENT11 SPECTROGRAPH5
       22: TURN_TO SATELLITE2 STAR15 PLANET14
       23: TAKE_IMAGE SATELLITE0 PLANET14 INSTRUMENT1 SPECTROGRAPH2
       24: TURN_TO SATELLITE0 STAR15 PLANET14
       25: TAKE_IMAGE SATELLITE2 STAR15 INSTRUMENT11 THERMOGRAPH1
       26: TURN_TO SATELLITE2 PHENOMENON18 STAR15
       27: TAKE_IMAGE SATELLITE0 STAR15 INSTRUMENT1 SPECTROGRAPH6
       28: TAKE_IMAGE SATELLITE0 STAR15 INSTRUMENT1 SPECTROGRAPH2
       29: TURN_TO SATELLITE0 PHENOMENON16 STAR15
       30: TAKE_IMAGE SATELLITE0 PHENOMENON16 INSTRUMENT1 SPECTROGRAPH2
       31: TAKE_IMAGE SATELLITE2 PHENOMENON18 INSTRUMENT11 THERMOGRAPH1
       32: TURN_TO SATELLITE2 PHENOMENON20 PHENOMENON18
       33: TAKE_IMAGE SATELLITE2 PHENOMENON20 INSTRUMENT11 THERMOGRAPH1
       34: TURN_TO SATELLITE1 GROUNDSTATION8 STAR0
       35: SWITCH_ON INSTRUMENT8 SATELLITE1
       36: SWITCH_ON INSTRUMENT18 SATELLITE4
       37: SWITCH_ON INSTRUMENT29 SATELLITE7
       38: TURN_TO SATELLITE3 STAR9 PHENOMENON20
       39: TURN_TO SATELLITE7 STAR6 GROUNDSTATION10
       40: CALIBRATE SATELLITE1 INSTRUMENT8 GROUNDSTATION8
       41: TURN_TO SATELLITE1 STAR12 GROUNDSTATION8
       42: CALIBRATE SATELLITE7 INSTRUMENT29 STAR6
       43: TURN_TO SATELLITE7 PLANET11 STAR6
       44: SWITCH_ON INSTRUMENT14 SATELLITE3
       45: CALIBRATE SATELLITE3 INSTRUMENT14 STAR9
       46: TURN_TO SATELLITE3 STAR12 STAR9
       47: TAKE_IMAGE SATELLITE7 PLANET11 INSTRUMENT29 THERMOGRAPH9
       48: TAKE_IMAGE SATELLITE7 PLANET11 INSTRUMENT29 SPECTROGRAPH0
       49: TURN_TO SATELLITE7 PHENOMENON16 PLANET11
       50: TAKE_IMAGE SATELLITE3 STAR12 INSTRUMENT14 SPECTROGRAPH7
       51: TAKE_IMAGE SATELLITE1 STAR12 INSTRUMENT8 IMAGE10
       52: TURN_TO SATELLITE1 PHENOMENON20 STAR12
       53: TAKE_IMAGE SATELLITE7 PHENOMENON16 INSTRUMENT29 SPECTROGRAPH0
       54: TURN_TO SATELLITE7 PLANET19 PHENOMENON16
       55: TAKE_IMAGE SATELLITE7 PLANET19 INSTRUMENT29 SPECTROGRAPH0
       56: TAKE_IMAGE SATELLITE7 PLANET19 INSTRUMENT29 SPECTROGRAPH8
       57: TURN_TO SATELLITE7 PHENOMENON20 PLANET19
       58: TAKE_IMAGE SATELLITE7 PHENOMENON20 INSTRUMENT29 THERMOGRAPH9
       59: TURN_TO SATELLITE7 STAR21 PHENOMENON20
       60: TAKE_IMAGE SATELLITE1 PHENOMENON20 INSTRUMENT8 THERMOGRAPH4
       61: TURN_TO SATELLITE1 PHENOMENON17 PHENOMENON20
       62: TAKE_IMAGE SATELLITE1 PHENOMENON17 INSTRUMENT8 THERMOGRAPH4
       63: TAKE_IMAGE SATELLITE7 STAR21 INSTRUMENT29 SPECTROGRAPH8
       64: TURN_TO SATELLITE4 STAR5 GROUNDSTATION10
       65: CALIBRATE SATELLITE4 INSTRUMENT18 STAR5
       66: TURN_TO SATELLITE4 PHENOMENON16 STAR5
       67: TAKE_IMAGE SATELLITE4 PHENOMENON16 INSTRUMENT18 SPECTROGRAPH3
       68: TURN_TO SATELLITE4 GROUNDSTATION10 PHENOMENON16
     

time spent:    0.00 seconds instantiating 7804 easy, 0 hard action templates
               0.00 seconds reachability analysis, yielding 601 facts and 7804 actions
               0.00 seconds creating final representation with 601 relevant facts, 0 relevant fluents
               0.01 seconds computing LNF
               0.00 seconds building connectivity graph
               0.69 seconds searching, evaluating 3414 states, to a max depth of 4
               0.70 seconds total time

