
ff: parsing domain file
domain 'SATELLITE' defined
 ... done.
ff: parsing problem file
problem 'STRIPS-SAT-X-1' defined
 ... done.


no metric specified. plan length assumed.

checking for cyclic := effects --- OK.

ff: search configuration is EHC, if that fails then  best-first on 1*g(s) + 5*h(s) where
    metric is  plan length

Cueing down from goal distance:   75 into depth [1]
                                  74            [1]
                                  73            [1]
                                  69            [1]
                                  68            [1]
                                  62            [1]
                                  58            [1]
                                  57            [1]
                                  56            [1]
                                  55            [1]
                                  54            [1]
                                  53            [1]
                                  52            [1]
                                  51            [1]
                                  50            [1]
                                  49            [1]
                                  48            [1]
                                  47            [1][2][3]
                                  46            [1]
                                  45            [1]
                                  44            [1]
                                  43            [1]
                                  42            [1]
                                  41            [1]
                                  40            [1][2][3]
                                  39            [1]
                                  38            [1]
                                  37            [1]
                                  36            [1]
                                  35            [1]
                                  34            [1]
                                  33            [1]
                                  32            [1]
                                  31            [1]
                                  30            [1]
                                  29            [1]
                                  28            [1]
                                  27            [1]
                                  26            [1]
                                  25            [1]
                                  24            [1]
                                  23            [1]
                                  22            [1]
                                  21            [1]
                                  20            [1]
                                  19            [1]
                                  18            [1]
                                  17            [1]
                                  16            [1]
                                  15            [1]
                                  14            [1]
                                  13            [1]
                                  12            [1]
                                  11            [1]
                                  10            [1]
                                   9            [1]
                                   8            [1]
                                   7            [1]
                                   6            [1]
                                   5            [1]
                                   4            [1]
                                   3            [1]
                                   2            [1]
                                   1            [1]
                                   0            

ff: found legal plan as follows

step    0: TURN_TO SATELLITE8 STAR1 PHENOMENON11
        1: TURN_TO SATELLITE3 GROUNDSTATION5 PLANET13
        2: TURN_TO SATELLITE7 GROUNDSTATION6 PLANET16
        3: TURN_TO SATELLITE0 STAR0 PHENOMENON11
        4: TURN_TO SATELLITE10 GROUNDSTATION10 PLANET19
        5: SWITCH_ON INSTRUMENT3 SATELLITE0
        6: TURN_TO SATELLITE0 GROUNDSTATION10 STAR0
        7: TURN_TO SATELLITE2 GROUNDSTATION7 GROUNDSTATION4
        8: TURN_TO SATELLITE1 GROUNDSTATION7 GROUNDSTATION6
        9: CALIBRATE SATELLITE0 INSTRUMENT3 GROUNDSTATION10
       10: TURN_TO SATELLITE0 PLANET13 GROUNDSTATION10
       11: TURN_TO SATELLITE9 GROUNDSTATION4 STAR14
       12: TURN_TO SATELLITE10 STAR14 GROUNDSTATION10
       13: TAKE_IMAGE SATELLITE0 PLANET13 INSTRUMENT3 INFRARED0
       14: TURN_TO SATELLITE0 STAR14 PLANET13
       15: TAKE_IMAGE SATELLITE0 STAR14 INSTRUMENT3 INFRARED0
       16: TURN_TO SATELLITE0 GROUNDSTATION6 STAR14
       17: SWITCH_ON INSTRUMENT17 SATELLITE2
       18: CALIBRATE SATELLITE2 INSTRUMENT17 GROUNDSTATION7
       19: TURN_TO SATELLITE2 PLANET16 GROUNDSTATION7
       20: TAKE_IMAGE SATELLITE2 PLANET16 INSTRUMENT17 INFRARED1
       21: TURN_TO SATELLITE2 PLANET17 PLANET16
       22: TAKE_IMAGE SATELLITE2 PLANET17 INSTRUMENT17 INFRARED1
       23: TURN_TO SATELLITE2 PLANET19 PLANET17
       24: TAKE_IMAGE SATELLITE2 PLANET19 INSTRUMENT17 SPECTROGRAPH9
       25: TAKE_IMAGE SATELLITE2 PLANET19 INSTRUMENT17 INFRARED1
       26: TURN_TO SATELLITE1 GROUNDSTATION8 GROUNDSTATION7
       27: SWITCH_ON INSTRUMENT11 SATELLITE1
       28: SWITCH_ON INSTRUMENT22 SATELLITE4
       29: TURN_TO SATELLITE7 GROUNDSTATION4 GROUNDSTATION6
       30: TURN_TO SATELLITE4 GROUNDSTATION5 PLANET21
       31: CALIBRATE SATELLITE1 INSTRUMENT11 GROUNDSTATION8
       32: TURN_TO SATELLITE1 PLANET12 GROUNDSTATION8
       33: CALIBRATE SATELLITE4 INSTRUMENT22 GROUNDSTATION5
       34: TURN_TO SATELLITE4 PHENOMENON11 GROUNDSTATION5
       35: SWITCH_ON INSTRUMENT35 SATELLITE7
       36: CALIBRATE SATELLITE7 INSTRUMENT35 GROUNDSTATION4
       37: TURN_TO SATELLITE7 PHENOMENON11 GROUNDSTATION4
       38: TURN_TO SATELLITE3 PLANET13 GROUNDSTATION5
       39: TURN_TO SATELLITE8 PHENOMENON11 STAR1
       40: TAKE_IMAGE SATELLITE7 PHENOMENON11 INSTRUMENT35 IMAGE2
       41: TAKE_IMAGE SATELLITE4 PHENOMENON11 INSTRUMENT22 THERMOGRAPH3
       42: TURN_TO SATELLITE4 PLANET12 PHENOMENON11
       43: TAKE_IMAGE SATELLITE7 PHENOMENON11 INSTRUMENT35 THERMOGRAPH5
       44: TURN_TO SATELLITE7 PLANET13 PHENOMENON11
       45: TAKE_IMAGE SATELLITE4 PLANET12 INSTRUMENT22 THERMOGRAPH3
       46: TURN_TO SATELLITE4 PLANET16 PLANET12
       47: TAKE_IMAGE SATELLITE1 PLANET12 INSTRUMENT11 THERMOGRAPH7
       48: TURN_TO SATELLITE1 PLANET13 PLANET12
       49: TAKE_IMAGE SATELLITE1 PLANET13 INSTRUMENT11 SPECTROGRAPH10
       50: TURN_TO SATELLITE1 PLANET16 PLANET13
       51: TAKE_IMAGE SATELLITE7 PLANET13 INSTRUMENT35 IMAGE2
       52: TURN_TO SATELLITE7 PHENOMENON15 PLANET13
       53: TAKE_IMAGE SATELLITE7 PHENOMENON15 INSTRUMENT35 THERMOGRAPH5
       54: TAKE_IMAGE SATELLITE1 PLANET16 INSTRUMENT11 THERMOGRAPH6
       55: TURN_TO SATELLITE1 STAR18 PLANET16
       56: TAKE_IMAGE SATELLITE4 PLANET16 INSTRUMENT22 THERMOGRAPH3
       57: TURN_TO SATELLITE4 PLANET17 PLANET16
       58: TAKE_IMAGE SATELLITE4 PLANET17 INSTRUMENT22 IMAGE8
       59: TURN_TO SATELLITE4 STAR18 PLANET17
       60: TAKE_IMAGE SATELLITE1 STAR18 INSTRUMENT11 THERMOGRAPH7
       61: TAKE_IMAGE SATELLITE1 STAR18 INSTRUMENT11 THERMOGRAPH6
       62: TURN_TO SATELLITE1 PLANET19 STAR18
       63: TAKE_IMAGE SATELLITE4 STAR18 INSTRUMENT22 THERMOGRAPH3
       64: TURN_TO SATELLITE4 STAR20 STAR18
       65: TAKE_IMAGE SATELLITE1 PLANET19 INSTRUMENT11 THERMOGRAPH6
       66: TURN_TO SATELLITE1 GROUNDSTATION6 PLANET19
       67: TAKE_IMAGE SATELLITE4 STAR20 INSTRUMENT22 IMAGE8
     

time spent:    0.00 seconds instantiating 8255 easy, 0 hard action templates
               0.00 seconds reachability analysis, yielding 615 facts and 8255 actions
               0.00 seconds creating final representation with 615 relevant facts, 0 relevant fluents
               0.01 seconds computing LNF
               0.00 seconds building connectivity graph
               0.65 seconds searching, evaluating 3037 states, to a max depth of 3
               0.66 seconds total time

