
ff: parsing domain file
domain 'SATELLITE' defined
 ... done.
ff: parsing problem file
problem 'STRIPS-SAT-X-1' defined
 ... done.


no metric specified. plan length assumed.

checking for cyclic := effects --- OK.

ff: search configuration is EHC, if that fails then  best-first on 1*g(s) + 5*h(s) where
    metric is  plan length

Cueing down from goal distance:   59 into depth [1]
                                  54            [1]
                                  52            [1]
                                  51            [1]
                                  50            [1]
                                  49            [1]
                                  48            [1]
                                  47            [1]
                                  46            [1]
                                  45            [1]
                                  44            [1]
                                  42            [1]
                                  41            [1]
                                  40            [1]
                                  39            [1]
                                  38            [1]
                                  37            [1]
                                  36            [1]
                                  35            [1]
                                  34            [1]
                                  33            [1]
                                  32            [1]
                                  31            [1]
                                  30            [1]
                                  29            [1]
                                  28            [1]
                                  27            [1]
                                  26            [1]
                                  25            [1]
                                  24            [1]
                                  23            [1]
                                  22            [1]
                                  21            [1]
                                  20            [1]
                                  19            [1]
                                  18            [1]
                                  17            [1]
                                  16            [1]
                                  15            [1]
                                  14            [1]
                                  13            [1]
                                  12            [1]
                                  11            [1]
                                  10            [1]
                                   9            [1]
                                   8            [1]
                                   7            [1]
                                   6            [1]
                                   5            [1]
                                   4            [1]
                                   3            [1]
                                   2            [1]
                                   1            [1]
                                   0            

ff: found legal plan as follows

step    0: TURN_TO SATELLITE5 STAR5 PHENOMENON12
        1: TURN_TO SATELLITE2 STAR10 PHENOMENON19
        2: TURN_TO SATELLITE3 STAR0 GROUNDSTATION6
        3: SWITCH_ON INSTRUMENT9 SATELLITE2
        4: TURN_TO SATELLITE4 STAR8 GROUNDSTATION6
        5: CALIBRATE SATELLITE2 INSTRUMENT9 STAR10
        6: TURN_TO SATELLITE2 PHENOMENON15 STAR10
        7: SWITCH_ON INSTRUMENT14 SATELLITE3
        8: CALIBRATE SATELLITE3 INSTRUMENT14 STAR0
        9: TURN_TO SATELLITE3 PHENOMENON14 STAR0
       10: SWITCH_ON INSTRUMENT1 SATELLITE0
       11: TURN_TO SATELLITE0 GROUNDSTATION2 STAR0
       12: TURN_TO SATELLITE5 GROUNDSTATION2 STAR5
       13: CALIBRATE SATELLITE0 INSTRUMENT1 GROUNDSTATION2
       14: TURN_TO SATELLITE0 PHENOMENON12 GROUNDSTATION2
       15: SWITCH_ON INSTRUMENT32 SATELLITE5
       16: CALIBRATE SATELLITE5 INSTRUMENT32 GROUNDSTATION2
       17: TURN_TO SATELLITE5 PHENOMENON12 GROUNDSTATION2
       18: TURN_TO SATELLITE0 PHENOMENON18 PHENOMENON12
       19: SWITCH_ON INSTRUMENT24 SATELLITE4
       20: TURN_TO SATELLITE4 STAR10 STAR8
       21: CALIBRATE SATELLITE4 INSTRUMENT24 STAR10
       22: TURN_TO SATELLITE4 PHENOMENON12 STAR10
       23: SWITCH_ON INSTRUMENT41 SATELLITE6
       24: CALIBRATE SATELLITE6 INSTRUMENT41 STAR0
       25: TURN_TO SATELLITE6 PHENOMENON16 STAR0
       26: TURN_TO SATELLITE1 PHENOMENON12 STAR7
       27: TURN_TO SATELLITE9 PHENOMENON20 STAR10
       28: TURN_TO SATELLITE10 STAR7 STAR9
       29: TAKE_IMAGE SATELLITE5 PHENOMENON12 INSTRUMENT32 IMAGE6
       30: TAKE_IMAGE SATELLITE4 PHENOMENON12 INSTRUMENT24 SPECTROGRAPH4
       31: TURN_TO SATELLITE4 STAR13 PHENOMENON12
       32: TAKE_IMAGE SATELLITE5 PHENOMENON12 INSTRUMENT32 THERMOGRAPH3
       33: TURN_TO SATELLITE5 PHENOMENON14 PHENOMENON12
       34: TAKE_IMAGE SATELLITE4 STAR13 INSTRUMENT24 THERMOGRAPH0
       35: TAKE_IMAGE SATELLITE5 PHENOMENON14 INSTRUMENT32 INFRARED10
       36: TURN_TO SATELLITE5 PHENOMENON17 PHENOMENON14
       37: TAKE_IMAGE SATELLITE3 PHENOMENON14 INSTRUMENT14 SPECTROGRAPH7
       38: TURN_TO SATELLITE3 PHENOMENON16 PHENOMENON14
       39: TAKE_IMAGE SATELLITE2 PHENOMENON15 INSTRUMENT9 INFRARED5
       40: TAKE_IMAGE SATELLITE2 PHENOMENON15 INSTRUMENT9 INFRARED2
       41: TAKE_IMAGE SATELLITE6 PHENOMENON16 INSTRUMENT41 IMAGE9
       42: TURN_TO SATELLITE6 STAR13 PHENOMENON16
       43: TAKE_IMAGE SATELLITE3 PHENOMENON16 INSTRUMENT14 SPECTROGRAPH7
       44: TURN_TO SATELLITE3 PHENOMENON19 PHENOMENON16
       45: TAKE_IMAGE SATELLITE5 PHENOMENON17 INSTRUMENT32 INFRARED10
       46: TURN_TO SATELLITE5 PHENOMENON18 PHENOMENON17
       47: TAKE_IMAGE SATELLITE0 PHENOMENON18 INSTRUMENT1 IMAGE1
       48: TURN_TO SATELLITE0 PHENOMENON20 PHENOMENON18
       49: TAKE_IMAGE SATELLITE5 PHENOMENON18 INSTRUMENT32 IMAGE6
       50: TURN_TO SATELLITE5 PHENOMENON20 PHENOMENON18
       51: TAKE_IMAGE SATELLITE0 PHENOMENON20 INSTRUMENT1 INFRARED5
       52: TAKE_IMAGE SATELLITE5 PHENOMENON20 INSTRUMENT32 INFRARED10
     

time spent:    0.00 seconds instantiating 8741 easy, 0 hard action templates
               0.00 seconds reachability analysis, yielding 641 facts and 8741 actions
               0.00 seconds creating final representation with 641 relevant facts, 0 relevant fluents
               0.00 seconds computing LNF
               0.00 seconds building connectivity graph
               0.06 seconds searching, evaluating 254 states, to a max depth of 1
               0.06 seconds total time

