
ff: parsing domain file
domain 'SATELLITE' defined
 ... done.
ff: parsing problem file
problem 'STRIPS-SAT-X-1' defined
 ... done.


no metric specified. plan length assumed.

checking for cyclic := effects --- OK.

ff: search configuration is EHC, if that fails then  best-first on 1*g(s) + 5*h(s) where
    metric is  plan length

Cueing down from goal distance:   60 into depth [1]
                                  55            [1]
                                  53            [1]
                                  52            [1]
                                  51            [1]
                                  50            [1]
                                  48            [1]
                                  46            [1]
                                  45            [1]
                                  44            [1]
                                  43            [1]
                                  42            [1]
                                  41            [1]
                                  40            [1]
                                  39            [1]
                                  38            [1][2]
                                  37            [1]
                                  36            [1]
                                  35            [1]
                                  34            [1]
                                  33            [1][2][3][4]
                                  32            [1][2]
                                  31            [1][2]
                                  30            [1]
                                  29            [1]
                                  28            [1]
                                  27            [1]
                                  26            [1]
                                  25            [1]
                                  24            [1]
                                  23            [1]
                                  22            [1][2]
                                  21            [1]
                                  20            [1]
                                  19            [1]
                                  18            [1]
                                  17            [1]
                                  16            [1]
                                  15            [1]
                                  14            [1]
                                  13            [1]
                                  12            [1]
                                  11            [1]
                                  10            [1]
                                   9            [1]
                                   8            [1][2]
                                   7            [1]
                                   6            [1]
                                   5            [1]
                                   4            [1]
                                   3            [1]
                                   2            [1]
                                   1            [1]
                                   0            

ff: found legal plan as follows

step    0: TURN_TO SATELLITE7 GROUNDSTATION5 PLANET12
        1: TURN_TO SATELLITE1 STAR1 PLANET14
        2: TURN_TO SATELLITE0 GROUNDSTATION5 GROUNDSTATION9
        3: TURN_TO SATELLITE1 GROUNDSTATION9 STAR1
        4: TURN_TO SATELLITE0 GROUNDSTATION0 GROUNDSTATION5
        5: TURN_TO SATELLITE3 STAR6 STAR20
        6: SWITCH_ON INSTRUMENT19 SATELLITE2
        7: SWITCH_ON INSTRUMENT13 SATELLITE1
        8: CALIBRATE SATELLITE1 INSTRUMENT13 GROUNDSTATION9
        9: TURN_TO SATELLITE1 PLANET15 GROUNDSTATION9
       10: TURN_TO SATELLITE7 GROUNDSTATION4 GROUNDSTATION5
       11: TURN_TO SATELLITE10 STAR6 STAR1
       12: TAKE_IMAGE SATELLITE1 PLANET15 INSTRUMENT13 INFRARED8
       13: TURN_TO SATELLITE1 STAR19 PLANET15
       14: TAKE_IMAGE SATELLITE1 STAR19 INSTRUMENT13 INFRARED8
       15: TURN_TO SATELLITE2 STAR2 PHENOMENON13
       16: CALIBRATE SATELLITE2 INSTRUMENT19 STAR2
       17: TURN_TO SATELLITE2 PLANET12 STAR2
       18: TAKE_IMAGE SATELLITE2 PLANET12 INSTRUMENT19 INFRARED1
       19: TURN_TO SATELLITE2 PHENOMENON13 PLANET12
       20: TAKE_IMAGE SATELLITE2 PHENOMENON13 INSTRUMENT19 INFRARED1
       21: TURN_TO SATELLITE0 PLANET14 GROUNDSTATION0
       22: TURN_TO SATELLITE3 PLANET14 STAR6
       23: TURN_TO SATELLITE5 PLANET11 STAR2
       24: SWITCH_ON INSTRUMENT38 SATELLITE5
       25: TURN_TO SATELLITE0 GROUNDSTATION5 PLANET14
       26: SWITCH_ON INSTRUMENT24 SATELLITE3
       27: TURN_TO SATELLITE5 GROUNDSTATION5 PLANET11
       28: CALIBRATE SATELLITE5 INSTRUMENT38 GROUNDSTATION5
       29: TURN_TO SATELLITE5 PLANET18 GROUNDSTATION5
       30: TAKE_IMAGE SATELLITE5 PLANET18 INSTRUMENT38 IMAGE0
       31: TURN_TO SATELLITE5 STAR19 PLANET18
       32: TAKE_IMAGE SATELLITE5 STAR19 INSTRUMENT38 IMAGE0
       33: TURN_TO SATELLITE5 STAR20 STAR19
       34: TAKE_IMAGE SATELLITE5 STAR20 INSTRUMENT38 THERMOGRAPH7
       35: TURN_TO SATELLITE5 PLANET11 STAR20
       36: TAKE_IMAGE SATELLITE5 PLANET11 INSTRUMENT38 IMAGE0
       37: TURN_TO SATELLITE3 GROUNDSTATION9 PLANET14
       38: CALIBRATE SATELLITE3 INSTRUMENT24 GROUNDSTATION9
       39: TURN_TO SATELLITE3 PLANET11 GROUNDSTATION9
       40: TAKE_IMAGE SATELLITE3 PLANET11 INSTRUMENT24 INFRARED6
       41: TURN_TO SATELLITE3 PLANET12 PLANET11
       42: TAKE_IMAGE SATELLITE3 PLANET12 INSTRUMENT24 IMAGE5
       43: TAKE_IMAGE SATELLITE3 PLANET12 INSTRUMENT24 INFRARED6
       44: TURN_TO SATELLITE3 PHENOMENON17 PLANET12
       45: TAKE_IMAGE SATELLITE3 PHENOMENON17 INSTRUMENT24 IMAGE5
       46: TURN_TO SATELLITE3 STAR19 PHENOMENON17
       47: TAKE_IMAGE SATELLITE3 STAR19 INSTRUMENT24 INFRARED6
       48: TURN_TO SATELLITE3 PHENOMENON21 STAR19
       49: TAKE_IMAGE SATELLITE3 PHENOMENON21 INSTRUMENT24 IMAGE5
       50: TURN_TO SATELLITE3 PLANET14 PHENOMENON21
       51: TAKE_IMAGE SATELLITE3 PLANET14 INSTRUMENT24 IMAGE5
       52: SWITCH_ON INSTRUMENT3 SATELLITE0
       53: TURN_TO SATELLITE4 GROUNDSTATION0 PHENOMENON13
       54: CALIBRATE SATELLITE0 INSTRUMENT3 GROUNDSTATION5
       55: TURN_TO SATELLITE0 PLANET15 GROUNDSTATION5
       56: SWITCH_ON INSTRUMENT33 SATELLITE4
       57: CALIBRATE SATELLITE4 INSTRUMENT33 GROUNDSTATION0
       58: TURN_TO SATELLITE4 PLANET15 GROUNDSTATION0
       59: TAKE_IMAGE SATELLITE4 PLANET15 INSTRUMENT33 INFRARED3
       60: TAKE_IMAGE SATELLITE0 PLANET15 INSTRUMENT3 INFRARED4
     

time spent:    0.00 seconds instantiating 8171 easy, 0 hard action templates
               0.00 seconds reachability analysis, yielding 613 facts and 8171 actions
               0.00 seconds creating final representation with 613 relevant facts, 0 relevant fluents
               0.00 seconds computing LNF
               0.01 seconds building connectivity graph
               0.77 seconds searching, evaluating 3936 states, to a max depth of 4
               0.78 seconds total time

