
ff: parsing domain file
domain 'SATELLITE' defined
 ... done.
ff: parsing problem file
problem 'STRIPS-SAT-X-1' defined
 ... done.


no metric specified. plan length assumed.

checking for cyclic := effects --- OK.

ff: search configuration is EHC, if that fails then  best-first on 1*g(s) + 5*h(s) where
    metric is  plan length

Cueing down from goal distance:   52 into depth [1]
                                  47            [1]
                                  46            [1]
                                  43            [1]
                                  42            [1]
                                  41            [1]
                                  40            [1]
                                  39            [1]
                                  38            [1]
                                  37            [1]
                                  36            [1]
                                  35            [1]
                                  34            [1][2]
                                  33            [1]
                                  32            [1]
                                  31            [1]
                                  30            [1]
                                  29            [1]
                                  28            [1]
                                  27            [1][2]
                                  26            [1]
                                  25            [1]
                                  24            [1]
                                  23            [1]
                                  22            [1]
                                  21            [1]
                                  20            [1][2][3]
                                  19            [1]
                                  18            [1]
                                  17            [1]
                                  16            [1]
                                  15            [1]
                                  14            [1]
                                  13            [1]
                                  12            [1]
                                  11            [1]
                                  10            [1]
                                   9            [1]
                                   8            [1]
                                   7            [1]
                                   6            [1]
                                   5            [1]
                                   4            [1]
                                   3            [1]
                                   2            [1]
                                   1            [1]
                                   0            

ff: found legal plan as follows

step    0: TURN_TO SATELLITE6 STAR1 PHENOMENON13
        1: TURN_TO SATELLITE7 STAR7 STAR10
        2: TURN_TO SATELLITE2 STAR5 PLANET16
        3: TURN_TO SATELLITE8 STAR5 STAR17
        4: TURN_TO SATELLITE1 STAR6 PLANET15
        5: SWITCH_ON INSTRUMENT5 SATELLITE1
        6: CALIBRATE SATELLITE1 INSTRUMENT5 STAR6
        7: TURN_TO SATELLITE1 STAR17 STAR6
        8: SWITCH_ON INSTRUMENT11 SATELLITE3
        9: TURN_TO SATELLITE4 PHENOMENON13 PLANET21
       10: TURN_TO SATELLITE9 STAR7 PLANET18
       11: TAKE_IMAGE SATELLITE1 STAR17 INSTRUMENT5 INFRARED0
       12: TURN_TO SATELLITE3 GROUNDSTATION9 PLANET16
       13: CALIBRATE SATELLITE3 INSTRUMENT11 GROUNDSTATION9
       14: TURN_TO SATELLITE3 PLANET16 GROUNDSTATION9
       15: TAKE_IMAGE SATELLITE3 PLANET16 INSTRUMENT11 SPECTROGRAPH2
       16: TURN_TO SATELLITE3 PHENOMENON19 PLANET16
       17: TAKE_IMAGE SATELLITE3 PHENOMENON19 INSTRUMENT11 SPECTROGRAPH2
       18: TURN_TO SATELLITE3 PHENOMENON20 PHENOMENON19
       19: TAKE_IMAGE SATELLITE3 PHENOMENON20 INSTRUMENT11 SPECTROGRAPH2
       20: TURN_TO SATELLITE0 STAR1 PLANET11
       21: SWITCH_ON INSTRUMENT22 SATELLITE7
       22: CALIBRATE SATELLITE7 INSTRUMENT22 STAR7
       23: TURN_TO SATELLITE7 PLANET11 STAR7
       24: TAKE_IMAGE SATELLITE7 PLANET11 INSTRUMENT22 SPECTROGRAPH9
       25: TURN_TO SATELLITE7 PHENOMENON13 PLANET11
       26: TAKE_IMAGE SATELLITE7 PHENOMENON13 INSTRUMENT22 SPECTROGRAPH9
       27: TAKE_IMAGE SATELLITE7 PHENOMENON13 INSTRUMENT22 IMAGE10
       28: SWITCH_ON INSTRUMENT1 SATELLITE0
       29: TURN_TO SATELLITE5 STAR7 GROUNDSTATION4
       30: SWITCH_ON INSTRUMENT14 SATELLITE5
       31: CALIBRATE SATELLITE0 INSTRUMENT1 STAR1
       32: TURN_TO SATELLITE0 PLANET15 STAR1
       33: CALIBRATE SATELLITE5 INSTRUMENT14 STAR7
       34: TURN_TO SATELLITE5 PHENOMENON13 STAR7
       35: TAKE_IMAGE SATELLITE5 PHENOMENON13 INSTRUMENT14 INFRARED5
       36: TURN_TO SATELLITE5 PLANET15 PHENOMENON13
       37: TAKE_IMAGE SATELLITE5 PLANET15 INSTRUMENT14 INFRARED5
       38: TURN_TO SATELLITE5 PHENOMENON20 PLANET15
       39: TAKE_IMAGE SATELLITE0 PLANET15 INSTRUMENT1 IMAGE7
       40: TURN_TO SATELLITE0 PLANET16 PLANET15
       41: TAKE_IMAGE SATELLITE0 PLANET16 INSTRUMENT1 INFRARED6
       42: TAKE_IMAGE SATELLITE0 PLANET16 INSTRUMENT1 IMAGE7
       43: TURN_TO SATELLITE0 STAR17 PLANET16
       44: TAKE_IMAGE SATELLITE0 STAR17 INSTRUMENT1 IMAGE7
       45: TURN_TO SATELLITE0 PLANET21 STAR17
       46: TAKE_IMAGE SATELLITE5 PHENOMENON20 INSTRUMENT14 INFRARED8
       47: TURN_TO SATELLITE5 PLANET21 PHENOMENON20
       48: TAKE_IMAGE SATELLITE0 PLANET21 INSTRUMENT1 IMAGE7
       49: TAKE_IMAGE SATELLITE5 PLANET21 INSTRUMENT14 INFRARED5
     

time spent:    0.00 seconds instantiating 7707 easy, 0 hard action templates
               0.00 seconds reachability analysis, yielding 589 facts and 7707 actions
               0.00 seconds creating final representation with 589 relevant facts, 0 relevant fluents
               0.01 seconds computing LNF
               0.00 seconds building connectivity graph
               0.07 seconds searching, evaluating 413 states, to a max depth of 3
               0.08 seconds total time

