
ff: parsing domain file
domain 'BLOCKS' defined
 ... done.
ff: parsing problem file
problem 'PB5' defined
 ... done.


no metric specified. plan length assumed.

checking for cyclic := effects --- OK.

ff: search configuration is EHC, if that fails then  best-first on 1*g(s) + 5*h(s) where
    metric is  plan length

Cueing down from goal distance:   23 into depth [1][2][3]
                                  22            [1]
                                  21            [1][2][3]
                                  20            [1]
                                  19            [1]
                                  18            [1]
                                  17            [1][2]
                                  15            [1][2][3]
                                  14            [1][2][3][4][5][6]
                                  13            [1][2]
                                  12            [1][2][3]
                                  11            [1][2][3][4][5][6][7][8][9][10][11][12][13][14][15][16][17][18]
                                  10            [1]
                                   9            [1]
                                   8            [1]
                                   7            [1]
                                   6            [1]
                                   5            [1]
                                   4            [1]
                                   3            [1]
                                   2            [1][2]
                                   0            

ff: found legal plan as follows

step    0: UNSTACK BLOCK11 BLOCK1
        1: STACK BLOCK11 BLOCK5
        2: UNSTACK BLOCK1 BLOCK7
        3: PUT-DOWN BLOCK1
        4: UNSTACK BLOCK7 BLOCK9
        5: STACK BLOCK7 BLOCK11
        6: UNSTACK BLOCK9 BLOCK8
        7: PUT-DOWN BLOCK9
        8: UNSTACK BLOCK8 BLOCK12
        9: PUT-DOWN BLOCK8
       10: UNSTACK BLOCK7 BLOCK11
       11: STACK BLOCK7 BLOCK8
       12: UNSTACK BLOCK11 BLOCK5
       13: STACK BLOCK11 BLOCK9
       14: PICK-UP BLOCK12
       15: STACK BLOCK12 BLOCK5
       16: UNSTACK BLOCK3 BLOCK2
       17: STACK BLOCK3 BLOCK7
       18: UNSTACK BLOCK2 BLOCK6
       19: STACK BLOCK2 BLOCK12
       20: UNSTACK BLOCK3 BLOCK7
       21: STACK BLOCK3 BLOCK2
       22: PICK-UP BLOCK6
       23: STACK BLOCK6 BLOCK3
       24: UNSTACK BLOCK11 BLOCK9
       25: STACK BLOCK11 BLOCK7
       26: UNSTACK BLOCK6 BLOCK3
       27: STACK BLOCK6 BLOCK11
       28: UNSTACK BLOCK3 BLOCK2
       29: STACK BLOCK3 BLOCK6
       30: UNSTACK BLOCK2 BLOCK12
       31: STACK BLOCK2 BLOCK3
       32: UNSTACK BLOCK12 BLOCK5
       33: STACK BLOCK12 BLOCK2
       34: UNSTACK BLOCK5 BLOCK4
       35: STACK BLOCK5 BLOCK12
       36: UNSTACK BLOCK4 BLOCK10
       37: STACK BLOCK4 BLOCK9
       38: PICK-UP BLOCK10
       39: STACK BLOCK10 BLOCK1
       40: UNSTACK BLOCK5 BLOCK12
       41: STACK BLOCK5 BLOCK10
       42: UNSTACK BLOCK12 BLOCK2
       43: STACK BLOCK12 BLOCK5
       44: UNSTACK BLOCK2 BLOCK3
       45: STACK BLOCK2 BLOCK12
       46: UNSTACK BLOCK3 BLOCK6
       47: STACK BLOCK3 BLOCK2
       48: UNSTACK BLOCK6 BLOCK11
       49: STACK BLOCK6 BLOCK3
       50: UNSTACK BLOCK11 BLOCK7
       51: STACK BLOCK11 BLOCK6
     

time spent:    0.00 seconds instantiating 312 easy, 0 hard action templates
               0.00 seconds reachability analysis, yielding 181 facts and 312 actions
               0.00 seconds creating final representation with 181 relevant facts, 0 relevant fluents
               0.00 seconds computing LNF
               0.00 seconds building connectivity graph
             638.18 seconds searching, evaluating 2497275 states, to a max depth of 18
             638.18 seconds total time

