
ff: parsing domain file
domain 'BLOCKS' defined
 ... done.
ff: parsing problem file
problem 'PB7' defined
 ... done.


no metric specified. plan length assumed.

checking for cyclic := effects --- OK.

ff: search configuration is EHC, if that fails then  best-first on 1*g(s) + 5*h(s) where
    metric is  plan length

Cueing down from goal distance:   21 into depth [1]
                                  20            [1][2][3]
                                  19            [1]
                                  18            [1]
                                  17            [1]
                                  16            [1][2][3]
                                  15            [1]
                                  14            [1]
                                  13            [1][2][3][4]
                                  11            [1][2][3][4][5][6][7][8]
                                  10            [1][2][3]
                                   9            [1][2]
                                   8            [1]
                                   7            [1][2][3][4][5][6][7]
                                   6            [1]
                                   5            [1]
                                   4            [1]
                                   3            [1][2][3][4]
                                   2            [1][2]
                                   0            

ff: found legal plan as follows

step    0: UNSTACK BLOCK5 BLOCK11
        1: PUT-DOWN BLOCK5
        2: UNSTACK BLOCK1 BLOCK9
        3: STACK BLOCK1 BLOCK5
        4: UNSTACK BLOCK6 BLOCK4
        5: STACK BLOCK6 BLOCK9
        6: UNSTACK BLOCK11 BLOCK12
        7: PUT-DOWN BLOCK11
        8: UNSTACK BLOCK6 BLOCK9
        9: STACK BLOCK6 BLOCK11
       10: UNSTACK BLOCK12 BLOCK7
       11: STACK BLOCK12 BLOCK9
       12: PICK-UP BLOCK7
       13: STACK BLOCK7 BLOCK6
       14: UNSTACK BLOCK12 BLOCK9
       15: STACK BLOCK12 BLOCK7
       16: UNSTACK BLOCK9 BLOCK8
       17: STACK BLOCK9 BLOCK12
       18: UNSTACK BLOCK8 BLOCK2
       19: STACK BLOCK8 BLOCK9
       20: UNSTACK BLOCK2 BLOCK10
       21: PUT-DOWN BLOCK2
       22: UNSTACK BLOCK8 BLOCK9
       23: STACK BLOCK8 BLOCK10
       24: UNSTACK BLOCK9 BLOCK12
       25: STACK BLOCK9 BLOCK8
       26: UNSTACK BLOCK12 BLOCK7
       27: STACK BLOCK12 BLOCK2
       28: UNSTACK BLOCK9 BLOCK8
       29: STACK BLOCK9 BLOCK12
       30: UNSTACK BLOCK8 BLOCK10
       31: STACK BLOCK8 BLOCK7
       32: UNSTACK BLOCK10 BLOCK3
       33: STACK BLOCK10 BLOCK9
       34: PICK-UP BLOCK3
       35: STACK BLOCK3 BLOCK1
       36: UNSTACK BLOCK8 BLOCK7
       37: STACK BLOCK8 BLOCK3
       38: UNSTACK BLOCK10 BLOCK9
       39: STACK BLOCK10 BLOCK7
       40: UNSTACK BLOCK9 BLOCK12
       41: STACK BLOCK9 BLOCK8
       42: UNSTACK BLOCK10 BLOCK7
       43: STACK BLOCK10 BLOCK9
     

time spent:    0.00 seconds instantiating 312 easy, 0 hard action templates
               0.00 seconds reachability analysis, yielding 181 facts and 312 actions
               0.00 seconds creating final representation with 181 relevant facts, 0 relevant fluents
               0.00 seconds computing LNF
               0.00 seconds building connectivity graph
               0.00 seconds searching, evaluating 657 states, to a max depth of 8
               0.00 seconds total time

