
ff: parsing domain file
domain 'BLOCKS' defined
 ... done.
ff: parsing problem file
problem 'PB8' defined
 ... done.


no metric specified. plan length assumed.

checking for cyclic := effects --- OK.

ff: search configuration is EHC, if that fails then  best-first on 1*g(s) + 5*h(s) where
    metric is  plan length

Cueing down from goal distance:   22 into depth [1][2][3]
                                  21            [1][2][3][4]
                                  20            [1][2][3]
                                  19            [1]
                                  18            [1][2]
                                  17            [1][2]
                                  16            [1][2][3][4]
                                  15            [1]
                                  14            [1][2][3]
                                  13            [1][2][3][4][5]
                                  12            [1][2][3]
                                  11            [1][2][3][4][5][6][7][8][9][10][11][12][13][14]
                                  10            [1]
                                   9            [1]
                                   8            [1]
                                   7            [1]
                                   6            [1][2][3]
                                   5            [1]
                                   4            [1]
                                   3            [1][2][3][4]
                                   2            [1]
                                   1            [1]
                                   0            

ff: found legal plan as follows

step    0: UNSTACK BLOCK12 BLOCK6
        1: STACK BLOCK12 BLOCK11
        2: UNSTACK BLOCK3 BLOCK10
        3: STACK BLOCK3 BLOCK12
        4: UNSTACK BLOCK6 BLOCK8
        5: STACK BLOCK6 BLOCK10
        6: UNSTACK BLOCK8 BLOCK5
        7: PUT-DOWN BLOCK8
        8: UNSTACK BLOCK3 BLOCK12
        9: STACK BLOCK3 BLOCK6
       10: UNSTACK BLOCK5 BLOCK4
       11: STACK BLOCK5 BLOCK3
       12: UNSTACK BLOCK12 BLOCK11
       13: STACK BLOCK12 BLOCK5
       14: UNSTACK BLOCK11 BLOCK2
       15: STACK BLOCK11 BLOCK4
       16: UNSTACK BLOCK2 BLOCK7
       17: PUT-DOWN BLOCK2
       18: UNSTACK BLOCK11 BLOCK4
       19: STACK BLOCK11 BLOCK8
       20: PICK-UP BLOCK7
       21: STACK BLOCK7 BLOCK12
       22: UNSTACK BLOCK4 BLOCK9
       23: STACK BLOCK4 BLOCK7
       24: UNSTACK BLOCK11 BLOCK8
       25: STACK BLOCK11 BLOCK9
       26: UNSTACK BLOCK4 BLOCK7
       27: STACK BLOCK4 BLOCK11
       28: UNSTACK BLOCK7 BLOCK12
       29: STACK BLOCK7 BLOCK4
       30: UNSTACK BLOCK12 BLOCK5
       31: STACK BLOCK12 BLOCK8
       32: UNSTACK BLOCK5 BLOCK3
       33: STACK BLOCK5 BLOCK12
       34: UNSTACK BLOCK3 BLOCK6
       35: STACK BLOCK3 BLOCK7
       36: UNSTACK BLOCK6 BLOCK10
       37: STACK BLOCK6 BLOCK5
       38: UNSTACK BLOCK10 BLOCK1
       39: STACK BLOCK10 BLOCK2
       40: UNSTACK BLOCK6 BLOCK5
       41: STACK BLOCK6 BLOCK10
       42: UNSTACK BLOCK3 BLOCK7
       43: STACK BLOCK3 BLOCK6
       44: UNSTACK BLOCK5 BLOCK12
       45: STACK BLOCK5 BLOCK3
       46: PICK-UP BLOCK1
       47: STACK BLOCK1 BLOCK7
       48: UNSTACK BLOCK12 BLOCK8
       49: STACK BLOCK12 BLOCK5
       50: UNSTACK BLOCK1 BLOCK7
       51: STACK BLOCK1 BLOCK12
       52: UNSTACK BLOCK7 BLOCK4
       53: STACK BLOCK7 BLOCK8
       54: UNSTACK BLOCK4 BLOCK11
       55: STACK BLOCK4 BLOCK1
       56: UNSTACK BLOCK7 BLOCK8
       57: STACK BLOCK7 BLOCK4
     

time spent:    0.00 seconds instantiating 312 easy, 0 hard action templates
               0.00 seconds reachability analysis, yielding 181 facts and 312 actions
               0.00 seconds creating final representation with 181 relevant facts, 0 relevant fluents
               0.00 seconds computing LNF
               0.00 seconds building connectivity graph
              10.44 seconds searching, evaluating 321190 states, to a max depth of 14
              10.44 seconds total time

