
ff: parsing domain file
domain 'BLOCKS' defined
 ... done.
ff: parsing problem file
problem 'PB1' defined
 ... done.


no metric specified. plan length assumed.

checking for cyclic := effects --- OK.

ff: search configuration is EHC, if that fails then  best-first on 1*g(s) + 5*h(s) where
    metric is  plan length

Cueing down from goal distance:   23 into depth [1]
                                  22            [1]
                                  21            [1][2][3]
                                  20            [1]
                                  19            [1]
                                  18            [1]
                                  17            [1][2][3][4]
                                  16            [1]
                                  15            [1]
                                  14            [1][2][3]
                                  13            [1]
                                  12            [1][2][3]
                                  11            [1]
                                  10            [1][2][3][4][5]
                                   9            [1][2][3]
                                   8            [1]
                                   7            [1]
                                   6            [1][2][3]
                                   5            [1]
                                   4            [1]
                                   3            [1]
                                   2            [1][2]
                                   0            

ff: found legal plan as follows

step    0: UNSTACK BLOCK6 BLOCK12
        1: PUT-DOWN BLOCK6
        2: UNSTACK BLOCK12 BLOCK9
        3: STACK BLOCK12 BLOCK11
        4: UNSTACK BLOCK9 BLOCK2
        5: PUT-DOWN BLOCK9
        6: UNSTACK BLOCK2 BLOCK10
        7: STACK BLOCK2 BLOCK6
        8: UNSTACK BLOCK10 BLOCK1
        9: STACK BLOCK10 BLOCK12
       10: UNSTACK BLOCK1 BLOCK8
       11: STACK BLOCK1 BLOCK9
       12: UNSTACK BLOCK10 BLOCK12
       13: STACK BLOCK10 BLOCK1
       14: UNSTACK BLOCK8 BLOCK4
       15: STACK BLOCK8 BLOCK12
       16: UNSTACK BLOCK4 BLOCK3
       17: STACK BLOCK4 BLOCK10
       18: UNSTACK BLOCK3 BLOCK5
       19: STACK BLOCK3 BLOCK8
       20: PICK-UP BLOCK5
       21: STACK BLOCK5 BLOCK2
       22: UNSTACK BLOCK3 BLOCK8
       23: STACK BLOCK3 BLOCK5
       24: UNSTACK BLOCK8 BLOCK12
       25: STACK BLOCK8 BLOCK4
       26: UNSTACK BLOCK3 BLOCK5
       27: STACK BLOCK3 BLOCK8
       28: UNSTACK BLOCK12 BLOCK11
       29: STACK BLOCK12 BLOCK5
       30: UNSTACK BLOCK3 BLOCK8
       31: STACK BLOCK3 BLOCK12
       32: UNSTACK BLOCK8 BLOCK4
       33: STACK BLOCK8 BLOCK3
       34: UNSTACK BLOCK11 BLOCK7
       35: STACK BLOCK11 BLOCK4
       36: PICK-UP BLOCK7
       37: STACK BLOCK7 BLOCK11
       38: UNSTACK BLOCK8 BLOCK3
       39: STACK BLOCK8 BLOCK7
     

time spent:    0.00 seconds instantiating 312 easy, 0 hard action templates
               0.00 seconds reachability analysis, yielding 181 facts and 312 actions
               0.00 seconds creating final representation with 181 relevant facts, 0 relevant fluents
               0.00 seconds computing LNF
               0.00 seconds building connectivity graph
               0.00 seconds searching, evaluating 131 states, to a max depth of 5
               0.00 seconds total time

