
ff: parsing domain file
domain 'BLOCKS' defined
 ... done.
ff: parsing problem file
problem 'PB9' defined
 ... done.


no metric specified. plan length assumed.

checking for cyclic := effects --- OK.

ff: search configuration is EHC, if that fails then  best-first on 1*g(s) + 5*h(s) where
    metric is  plan length

Cueing down from goal distance:   21 into depth [1]
                                  20            [1][2]
                                  19            [1]
                                  18            [1]
                                  17            [1]
                                  16            [1][2][3][4][5]
                                  15            [1][2][3]
                                  14            [1][2][3][4][5][6]
                                  13            [1]
                                  12            [1][2][3]
                                  11            [1][2][3][4][5][6][7]
                                  10            [1]
                                   9            [1]
                                   8            [1]
                                   7            [1][2]
                                   5            [1][2][3][4][5][6][7][8][9][10]
                                   4            [1]
                                   3            [1]
                                   2            [1][2]
                                   0            

ff: found legal plan as follows

step    0: UNSTACK BLOCK10 BLOCK9
        1: STACK BLOCK10 BLOCK12
        2: UNSTACK BLOCK9 BLOCK3
        3: PUT-DOWN BLOCK9
        4: PICK-UP BLOCK3
        5: STACK BLOCK3 BLOCK9
        6: UNSTACK BLOCK10 BLOCK12
        7: STACK BLOCK10 BLOCK3
        8: UNSTACK BLOCK12 BLOCK2
        9: STACK BLOCK12 BLOCK11
       10: UNSTACK BLOCK10 BLOCK3
       11: STACK BLOCK10 BLOCK12
       12: PICK-UP BLOCK2
       13: STACK BLOCK2 BLOCK10
       14: UNSTACK BLOCK6 BLOCK1
       15: STACK BLOCK6 BLOCK3
       16: UNSTACK BLOCK1 BLOCK8
       17: STACK BLOCK1 BLOCK6
       18: UNSTACK BLOCK8 BLOCK7
       19: PUT-DOWN BLOCK8
       20: UNSTACK BLOCK1 BLOCK6
       21: STACK BLOCK1 BLOCK7
       22: UNSTACK BLOCK6 BLOCK3
       23: STACK BLOCK6 BLOCK8
       24: UNSTACK BLOCK1 BLOCK7
       25: STACK BLOCK1 BLOCK6
       26: UNSTACK BLOCK7 BLOCK4
       27: STACK BLOCK7 BLOCK3
       28: UNSTACK BLOCK1 BLOCK6
       29: STACK BLOCK1 BLOCK7
       30: UNSTACK BLOCK4 BLOCK5
       31: PUT-DOWN BLOCK4
       32: UNSTACK BLOCK6 BLOCK8
       33: STACK BLOCK6 BLOCK1
       34: UNSTACK BLOCK2 BLOCK10
       35: STACK BLOCK2 BLOCK5
       36: UNSTACK BLOCK10 BLOCK12
       37: STACK BLOCK10 BLOCK8
       38: UNSTACK BLOCK12 BLOCK11
       39: STACK BLOCK12 BLOCK10
       40: PICK-UP BLOCK11
       41: STACK BLOCK11 BLOCK4
       42: UNSTACK BLOCK12 BLOCK10
       43: STACK BLOCK12 BLOCK11
       44: UNSTACK BLOCK10 BLOCK8
       45: STACK BLOCK10 BLOCK12
       46: UNSTACK BLOCK2 BLOCK5
       47: STACK BLOCK2 BLOCK10
     

time spent:    0.00 seconds instantiating 312 easy, 0 hard action templates
               0.00 seconds reachability analysis, yielding 181 facts and 312 actions
               0.00 seconds creating final representation with 181 relevant facts, 0 relevant fluents
               0.00 seconds computing LNF
               0.00 seconds building connectivity graph
               0.02 seconds searching, evaluating 3240 states, to a max depth of 10
               0.02 seconds total time

