
ff: parsing domain file
domain 'BLOCKS' defined
 ... done.
ff: parsing problem file
problem 'PB0' defined
 ... done.


no metric specified. plan length assumed.

checking for cyclic := effects --- OK.

ff: search configuration is EHC, if that fails then  best-first on 1*g(s) + 5*h(s) where
    metric is  plan length

Cueing down from goal distance:   19 into depth [1]
                                  18            [1][2][3]
                                  17            [1]
                                  16            [1][2][3]
                                  15            [1][2][3][4][5][6]
                                  14            [1][2][3][4][5][6][7]
                                  13            [1]
                                  12            [1][2]
                                  10            [1][2][3][4][5][6][7][8][9][10][11][12][13]
                                   9            [1]
                                   8            [1]
                                   7            [1]
                                   6            [1]
                                   5            [1]
                                   4            [1]
                                   3            [1]
                                   2            [1][2]
                                   0            

ff: found legal plan as follows

step    0: UNSTACK BLOCK3 BLOCK7
        1: STACK BLOCK3 BLOCK2
        2: UNSTACK BLOCK7 BLOCK8
        3: STACK BLOCK7 BLOCK1
        4: UNSTACK BLOCK8 BLOCK6
        5: STACK BLOCK8 BLOCK9
        6: UNSTACK BLOCK6 BLOCK4
        7: STACK BLOCK6 BLOCK3
        8: UNSTACK BLOCK7 BLOCK1
        9: STACK BLOCK7 BLOCK4
       10: PICK-UP BLOCK1
       11: STACK BLOCK1 BLOCK8
       12: UNSTACK BLOCK7 BLOCK4
       13: STACK BLOCK7 BLOCK1
       14: UNSTACK BLOCK6 BLOCK3
       15: STACK BLOCK6 BLOCK7
       16: UNSTACK BLOCK3 BLOCK2
       17: STACK BLOCK3 BLOCK6
       18: PICK-UP BLOCK2
       19: STACK BLOCK2 BLOCK4
       20: UNSTACK BLOCK3 BLOCK6
       21: STACK BLOCK3 BLOCK2
       22: UNSTACK BLOCK6 BLOCK7
       23: STACK BLOCK6 BLOCK3
       24: UNSTACK BLOCK7 BLOCK1
       25: STACK BLOCK7 BLOCK6
       26: UNSTACK BLOCK1 BLOCK8
       27: STACK BLOCK1 BLOCK7
       28: UNSTACK BLOCK8 BLOCK9
       29: STACK BLOCK8 BLOCK1
       30: UNSTACK BLOCK9 BLOCK10
       31: STACK BLOCK9 BLOCK8
       32: UNSTACK BLOCK10 BLOCK11
       33: PUT-DOWN BLOCK10
       34: UNSTACK BLOCK9 BLOCK8
       35: STACK BLOCK9 BLOCK10
       36: UNSTACK BLOCK8 BLOCK1
       37: STACK BLOCK8 BLOCK9
       38: UNSTACK BLOCK1 BLOCK7
       39: STACK BLOCK1 BLOCK8
       40: UNSTACK BLOCK11 BLOCK12
       41: PUT-DOWN BLOCK11
       42: PICK-UP BLOCK12
       43: STACK BLOCK12 BLOCK11
       44: UNSTACK BLOCK7 BLOCK6
       45: STACK BLOCK7 BLOCK1
     

time spent:    0.00 seconds instantiating 312 easy, 0 hard action templates
               0.00 seconds reachability analysis, yielding 181 facts and 312 actions
               0.00 seconds creating final representation with 181 relevant facts, 0 relevant fluents
               0.00 seconds computing LNF
               0.00 seconds building connectivity graph
               0.03 seconds searching, evaluating 4640 states, to a max depth of 13
               0.03 seconds total time

