
ff: parsing domain file
domain 'BLOCKS' defined
 ... done.
ff: parsing problem file
problem 'PB6' defined
 ... done.


no metric specified. plan length assumed.

checking for cyclic := effects --- OK.

ff: search configuration is EHC, if that fails then  best-first on 1*g(s) + 5*h(s) where
    metric is  plan length

Cueing down from goal distance:   23 into depth [1][2]
                                  21            [1][2]
                                  19            [1][2][3]
                                  18            [1]
                                  17            [1]
                                  16            [1][2][3][4][5]
                                  14            [1]
                                  13            [1][2][3]
                                  12            [1]
                                  11            [1]
                                  10            [1][2][3][4][5][6][7]
                                   9            [1]
                                   8            [1]
                                   7            [1]
                                   6            [1]
                                   5            [1]
                                   4            [1]
                                   3            [1]
                                   2            [1]
                                   1            [1]
                                   0            

ff: found legal plan as follows

step    0: UNSTACK BLOCK2 BLOCK4
        1: PUT-DOWN BLOCK2
        2: UNSTACK BLOCK3 BLOCK7
        3: PUT-DOWN BLOCK3
        4: UNSTACK BLOCK4 BLOCK9
        5: STACK BLOCK4 BLOCK7
        6: UNSTACK BLOCK9 BLOCK10
        7: PUT-DOWN BLOCK9
        8: UNSTACK BLOCK4 BLOCK7
        9: STACK BLOCK4 BLOCK10
       10: UNSTACK BLOCK1 BLOCK8
       11: STACK BLOCK1 BLOCK9
       12: UNSTACK BLOCK8 BLOCK6
       13: PUT-DOWN BLOCK8
       14: UNSTACK BLOCK1 BLOCK9
       15: STACK BLOCK1 BLOCK8
       16: PICK-UP BLOCK6
       17: STACK BLOCK6 BLOCK9
       18: UNSTACK BLOCK1 BLOCK8
       19: STACK BLOCK1 BLOCK6
       20: UNSTACK BLOCK4 BLOCK10
       21: STACK BLOCK4 BLOCK8
       22: UNSTACK BLOCK10 BLOCK5
       23: STACK BLOCK10 BLOCK7
       24: UNSTACK BLOCK5 BLOCK12
       25: PUT-DOWN BLOCK5
       26: UNSTACK BLOCK10 BLOCK7
       27: STACK BLOCK10 BLOCK5
       28: UNSTACK BLOCK12 BLOCK11
       29: STACK BLOCK12 BLOCK1
       30: PICK-UP BLOCK11
       31: STACK BLOCK11 BLOCK12
       32: PICK-UP BLOCK7
       33: STACK BLOCK7 BLOCK11
       34: UNSTACK BLOCK4 BLOCK8
       35: STACK BLOCK4 BLOCK10
     

time spent:    0.00 seconds instantiating 312 easy, 0 hard action templates
               0.00 seconds reachability analysis, yielding 181 facts and 312 actions
               0.00 seconds creating final representation with 181 relevant facts, 0 relevant fluents
               0.00 seconds computing LNF
               0.00 seconds building connectivity graph
               0.01 seconds searching, evaluating 1150 states, to a max depth of 7
               0.01 seconds total time

