
ff: parsing domain file
domain 'SATELLITE' defined
 ... done.
ff: parsing problem file
problem 'STRIPS-SAT-X-1' defined
 ... done.


no metric specified. plan length assumed.

checking for cyclic := effects --- OK.

ff: search configuration is EHC, if that fails then  best-first on 1*g(s) + 5*h(s) where
    metric is  plan length

Cueing down from goal distance:  107 into depth [1]
                                 104            [1]
                                 103            [1]
                                  98            [1]
                                  96            [1]
                                  94            [1]
                                  93            [1]
                                  91            [1]
                                  90            [1]
                                  89            [1]
                                  87            [1]
                                  86            [1]
                                  85            [1]
                                  84            [1]
                                  83            [1]
                                  80            [1]
                                  79            [1]
                                  78            [1]
                                  77            [1]
                                  76            [1]
                                  75            [1]
                                  74            [1]
                                  73            [1]
                                  72            [1]
                                  71            [1]
                                  70            [1]
                                  69            [1]
                                  68            [1]
                                  67            [1]
                                  66            [1]
                                  65            [1]
                                  64            [1]
                                  63            [1]
                                  62            [1]
                                  61            [1]
                                  60            [1]
                                  59            [1]
                                  58            [1]
                                  57            [1]
                                  56            [1]
                                  55            [1]
                                  54            [1]
                                  53            [1][2][3][4]
                                  52            [1]
                                  51            [1]
                                  50            [1]
                                  49            [1]
                                  48            [1]
                                  47            [1]
                                  46            [1][2][3][4][5]
                                  45            [1]
                                  44            [1]
                                  43            [1]
                                  42            [1]
                                  41            [1]
                                  40            [1]
                                  39            [1]
                                  38            [1]
                                  37            [1]
                                  36            [1]
                                  35            [1]
                                  34            [1]
                                  33            [1]
                                  32            [1]
                                  31            [1]
                                  30            [1]
                                  29            [1]
                                  28            [1]
                                  27            [1]
                                  26            [1]
                                  25            [1]
                                  24            [1][2]
                                  23            [1]
                                  22            [1]
                                  21            [1]
                                  20            [1]
                                  19            [1]
                                  18            [1]
                                  17            [1][2][3][4]
                                  16            [1]
                                  15            [1]
                                  14            [1]
                                  13            [1]
                                  12            [1]
                                  11            [1]
                                  10            [1]
                                   9            [1]
                                   8            [1]
                                   7            [1]
                                   6            [1]
                                   5            [1]
                                   4            [1]
                                   3            [1]
                                   2            [1]
                                   1            [1]
                                   0            

ff: found legal plan as follows

step    0: TURN_TO SATELLITE11 GROUNDSTATION0 STAR16
        1: TURN_TO SATELLITE0 STAR12 PLANET17
        2: TURN_TO SATELLITE14 GROUNDSTATION0 PHENOMENON26
        3: TURN_TO SATELLITE8 STAR11 STAR27
        4: TURN_TO SATELLITE5 STAR8 STAR27
        5: TURN_TO SATELLITE2 GROUNDSTATION14 STAR11
        6: SWITCH_ON INSTRUMENT5 SATELLITE0
        7: CALIBRATE SATELLITE0 INSTRUMENT5 STAR12
        8: TURN_TO SATELLITE0 PLANET17 STAR12
        9: SWITCH_ON INSTRUMENT20 SATELLITE2
       10: TURN_TO SATELLITE1 STAR8 GROUNDSTATION9
       11: TURN_TO SATELLITE5 STAR11 STAR8
       12: CALIBRATE SATELLITE2 INSTRUMENT20 GROUNDSTATION14
       13: TURN_TO SATELLITE2 STAR19 GROUNDSTATION14
       14: SWITCH_ON INSTRUMENT41 SATELLITE5
       15: CALIBRATE SATELLITE5 INSTRUMENT41 STAR11
       16: TURN_TO SATELLITE5 PHENOMENON24 STAR11
       17: SWITCH_ON INSTRUMENT28 SATELLITE4
       18: CALIBRATE SATELLITE4 INSTRUMENT28 GROUNDSTATION1
       19: TURN_TO SATELLITE4 STAR25 GROUNDSTATION1
       20: TURN_TO SATELLITE3 PLANET31 GROUNDSTATION15
       21: TAKE_IMAGE SATELLITE0 PLANET17 INSTRUMENT5 INFRARED7
       22: TURN_TO SATELLITE0 STAR21 PLANET17
       23: TAKE_IMAGE SATELLITE2 STAR19 INSTRUMENT20 IMAGE9
       24: TURN_TO SATELLITE2 PLANET28 STAR19
       25: TAKE_IMAGE SATELLITE0 STAR21 INSTRUMENT5 INFRARED7
       26: TAKE_IMAGE SATELLITE0 STAR21 INSTRUMENT5 IMAGE2
       27: TURN_TO SATELLITE0 PLANET28 STAR21
       28: TAKE_IMAGE SATELLITE5 PHENOMENON24 INSTRUMENT41 SPECTROGRAPH3
       29: TURN_TO SATELLITE5 PLANET29 PHENOMENON24
       30: TAKE_IMAGE SATELLITE4 STAR25 INSTRUMENT28 THERMOGRAPH8
       31: TURN_TO SATELLITE4 STAR27 STAR25
       32: TAKE_IMAGE SATELLITE4 STAR27 INSTRUMENT28 THERMOGRAPH8
       33: TURN_TO SATELLITE4 PLANET31 STAR27
       34: TAKE_IMAGE SATELLITE2 PLANET28 INSTRUMENT20 INFRARED10
       35: TURN_TO SATELLITE2 PHENOMENON18 PLANET28
       36: TAKE_IMAGE SATELLITE0 PLANET28 INSTRUMENT5 IMAGE2
       37: TURN_TO SATELLITE0 PLANET30 PLANET28
       38: TAKE_IMAGE SATELLITE5 PLANET29 INSTRUMENT41 INFRARED13
       39: TAKE_IMAGE SATELLITE0 PLANET30 INSTRUMENT5 IMAGE2
       40: TAKE_IMAGE SATELLITE4 PLANET31 INSTRUMENT28 THERMOGRAPH8
       41: TURN_TO SATELLITE4 PLANET30 PLANET31
       42: TURN_TO SATELLITE13 STAR25 GROUNDSTATION9
       43: SWITCH_ON INSTRUMENT93 SATELLITE13
       44: TURN_TO SATELLITE13 GROUNDSTATION7 STAR25
       45: CALIBRATE SATELLITE13 INSTRUMENT93 GROUNDSTATION7
       46: TURN_TO SATELLITE13 PLANET23 GROUNDSTATION7
       47: TAKE_IMAGE SATELLITE13 PLANET23 INSTRUMENT93 THERMOGRAPH4
       48: TURN_TO SATELLITE13 PLANET28 PLANET23
       49: TAKE_IMAGE SATELLITE13 PLANET28 INSTRUMENT93 THERMOGRAPH4
       50: TURN_TO SATELLITE13 STAR25 PLANET28
       51: TAKE_IMAGE SATELLITE13 STAR25 INSTRUMENT93 THERMOGRAPH4
       52: SWITCH_ON INSTRUMENT7 SATELLITE1
       53: TURN_TO SATELLITE6 GROUNDSTATION9 STAR2
       54: SWITCH_ON INSTRUMENT51 SATELLITE6
       55: CALIBRATE SATELLITE6 INSTRUMENT51 GROUNDSTATION9
       56: TURN_TO SATELLITE6 STAR19 GROUNDSTATION9
       57: TURN_TO SATELLITE10 PLANET23 GROUNDSTATION0
       58: TAKE_IMAGE SATELLITE6 STAR19 INSTRUMENT51 THERMOGRAPH0
       59: TURN_TO SATELLITE6 STAR21 STAR19
       60: TAKE_IMAGE SATELLITE6 STAR21 INSTRUMENT51 THERMOGRAPH0
       61: TAKE_IMAGE SATELLITE6 STAR21 INSTRUMENT51 IMAGE14
       62: TURN_TO SATELLITE6 PLANET23 STAR21
       63: CALIBRATE SATELLITE1 INSTRUMENT7 STAR8
       64: TURN_TO SATELLITE1 STAR19 STAR8
       65: TAKE_IMAGE SATELLITE1 STAR19 INSTRUMENT7 INFRARED11
       66: TURN_TO SATELLITE1 STAR21 STAR19
       67: TAKE_IMAGE SATELLITE1 STAR21 INSTRUMENT7 IMAGE12
       68: TURN_TO SATELLITE1 PHENOMENON26 STAR21
       69: TAKE_IMAGE SATELLITE6 PLANET23 INSTRUMENT51 IMAGE14
       70: TAKE_IMAGE SATELLITE6 PLANET23 INSTRUMENT51 THERMOGRAPH0
       71: TURN_TO SATELLITE6 PLANET29 PLANET23
       72: TAKE_IMAGE SATELLITE1 PHENOMENON26 INSTRUMENT7 IMAGE12
       73: TAKE_IMAGE SATELLITE1 PHENOMENON26 INSTRUMENT7 INFRARED11
       74: TURN_TO SATELLITE1 STAR27 PHENOMENON26
       75: TAKE_IMAGE SATELLITE1 STAR27 INSTRUMENT7 IMAGE12
       76: TURN_TO SATELLITE1 PLANET20 STAR27
       77: TAKE_IMAGE SATELLITE6 PLANET29 INSTRUMENT51 THERMOGRAPH0
       78: SWITCH_ON INSTRUMENT57 SATELLITE7
       79: TURN_TO SATELLITE8 GROUNDSTATION9 STAR11
       80: TURN_TO SATELLITE7 STAR10 GROUNDSTATION4
       81: CALIBRATE SATELLITE7 INSTRUMENT57 STAR10
       82: TURN_TO SATELLITE7 PLANET20 STAR10
       83: TAKE_IMAGE SATELLITE7 PLANET20 INSTRUMENT57 SPECTROGRAPH1
       84: TURN_TO SATELLITE7 PHENOMENON24 PLANET20
       85: TAKE_IMAGE SATELLITE7 PHENOMENON24 INSTRUMENT57 SPECTROGRAPH1
       86: SWITCH_ON INSTRUMENT66 SATELLITE8
       87: TURN_TO SATELLITE9 GROUNDSTATION14 GROUNDSTATION1
       88: CALIBRATE SATELLITE8 INSTRUMENT66 GROUNDSTATION9
       89: TURN_TO SATELLITE8 STAR16 GROUNDSTATION9
       90: SWITCH_ON INSTRUMENT70 SATELLITE9
       91: CALIBRATE SATELLITE9 INSTRUMENT70 GROUNDSTATION14
       92: TURN_TO SATELLITE9 STAR16 GROUNDSTATION14
       93: TAKE_IMAGE SATELLITE9 STAR16 INSTRUMENT70 SPECTROGRAPH15
       94: TURN_TO SATELLITE9 STAR19 STAR16
       95: TAKE_IMAGE SATELLITE8 STAR16 INSTRUMENT66 IMAGE6
       96: TURN_TO SATELLITE8 PLANET23 STAR16
       97: TAKE_IMAGE SATELLITE9 STAR19 INSTRUMENT70 SPECTROGRAPH15
       98: TURN_TO SATELLITE9 STAR25 STAR19
       99: TAKE_IMAGE SATELLITE8 PLANET23 INSTRUMENT66 IMAGE5
      100: TURN_TO SATELLITE8 STAR25 PLANET23
      101: TAKE_IMAGE SATELLITE9 STAR25 INSTRUMENT70 SPECTROGRAPH15
      102: TAKE_IMAGE SATELLITE8 STAR25 INSTRUMENT66 IMAGE5
      103: TURN_TO SATELLITE8 PLANET29 STAR25
      104: TAKE_IMAGE SATELLITE8 PLANET29 INSTRUMENT66 IMAGE5
      105: TAKE_IMAGE SATELLITE8 PLANET29 INSTRUMENT66 IMAGE6
     

time spent:    0.00 seconds instantiating 24524 easy, 0 hard action templates
               0.00 seconds reachability analysis, yielding 1270 facts and 24524 actions
               0.00 seconds creating final representation with 1270 relevant facts, 0 relevant fluents
               0.08 seconds computing LNF
               0.03 seconds building connectivity graph
             524.37 seconds searching, evaluating 239106 states, to a max depth of 5
             524.48 seconds total time

