
ff: parsing domain file
domain 'SATELLITE' defined
 ... done.
ff: parsing problem file
problem 'STRIPS-SAT-X-1' defined
 ... done.


no metric specified. plan length assumed.

checking for cyclic := effects --- OK.

ff: search configuration is EHC, if that fails then  best-first on 1*g(s) + 5*h(s) where
    metric is  plan length

Cueing down from goal distance:  125 into depth [1]
                                 114            [1]
                                 113            [1]
                                 108            [1]
                                 106            [1]
                                  96            [1]
                                  95            [1]
                                  94            [1]
                                  93            [1]
                                  92            [1]
                                  91            [1]
                                  90            [1]
                                  89            [1]
                                  88            [1]
                                  86            [1]
                                  85            [1]
                                  84            [1]
                                  83            [1]
                                  82            [1]
                                  81            [1]
                                  80            [1]
                                  79            [1]
                                  78            [1]
                                  77            [1]
                                  76            [1]
                                  75            [1]
                                  74            [1]
                                  73            [1]
                                  72            [1]
                                  71            [1]
                                  70            [1]
                                  69            [1]
                                  68            [1]
                                  67            [1]
                                  66            [1]
                                  65            [1]
                                  64            [1]
                                  63            [1]
                                  62            [1]
                                  61            [1]
                                  60            [1]
                                  59            [1]
                                  58            [1]
                                  57            [1]
                                  56            [1]
                                  55            [1]
                                  54            [1]
                                  53            [1]
                                  52            [1]
                                  51            [1]
                                  50            [1]
                                  49            [1]
                                  48            [1]
                                  47            [1]
                                  46            [1]
                                  45            [1]
                                  44            [1]
                                  43            [1][2][3]
                                  42            [1]
                                  41            [1]
                                  40            [1]
                                  39            [1]
                                  38            [1]
                                  37            [1]
                                  36            [1]
                                  35            [1]
                                  34            [1]
                                  33            [1]
                                  32            [1]
                                  31            [1]
                                  30            [1]
                                  29            [1]
                                  28            [1]
                                  27            [1]
                                  26            [1]
                                  25            [1]
                                  24            [1]
                                  23            [1]
                                  22            [1]
                                  21            [1]
                                  20            [1]
                                  19            [1]
                                  18            [1]
                                  17            [1]
                                  16            [1]
                                  15            [1]
                                  14            [1]
                                  13            [1]
                                  12            [1]
                                  11            [1]
                                  10            [1][2]
                                   9            [1]
                                   8            [1]
                                   7            [1]
                                   6            [1]
                                   5            [1]
                                   4            [1]
                                   3            [1]
                                   2            [1]
                                   1            [1]
                                   0            

ff: found legal plan as follows

step    0: TURN_TO SATELLITE6 GROUNDSTATION10 PLANET20
        1: TURN_TO SATELLITE0 STAR12 STAR19
        2: TURN_TO SATELLITE3 GROUNDSTATION11 PLANET25
        3: TURN_TO SATELLITE1 GROUNDSTATION9 GROUNDSTATION11
        4: TURN_TO SATELLITE2 STAR13 PLANET26
        5: SWITCH_ON INSTRUMENT12 SATELLITE1
        6: TURN_TO SATELLITE2 STAR12 STAR13
        7: CALIBRATE SATELLITE1 INSTRUMENT12 GROUNDSTATION9
        8: TURN_TO SATELLITE1 STAR18 GROUNDSTATION9
        9: SWITCH_ON INSTRUMENT34 SATELLITE3
       10: TURN_TO SATELLITE0 STAR7 STAR12
       11: CALIBRATE SATELLITE3 INSTRUMENT34 GROUNDSTATION11
       12: TURN_TO SATELLITE3 PHENOMENON22 GROUNDSTATION11
       13: SWITCH_ON INSTRUMENT28 SATELLITE2
       14: CALIBRATE SATELLITE2 INSTRUMENT28 STAR12
       15: TURN_TO SATELLITE2 STAR16 STAR12
       16: SWITCH_ON INSTRUMENT56 SATELLITE6
       17: CALIBRATE SATELLITE6 INSTRUMENT56 GROUNDSTATION10
       18: TURN_TO SATELLITE6 PLANET23 GROUNDSTATION10
       19: TURN_TO SATELLITE7 STAR14 STAR29
       20: TAKE_IMAGE SATELLITE2 STAR16 INSTRUMENT28 THERMOGRAPH13
       21: TURN_TO SATELLITE2 STAR17 STAR16
       22: TAKE_IMAGE SATELLITE2 STAR17 INSTRUMENT28 IMAGE11
       23: TAKE_IMAGE SATELLITE2 STAR17 INSTRUMENT28 THERMOGRAPH13
       24: TURN_TO SATELLITE2 STAR19 STAR17
       25: TAKE_IMAGE SATELLITE1 STAR18 INSTRUMENT12 INFRARED14
       26: TURN_TO SATELLITE1 PLANET21 STAR18
       27: TAKE_IMAGE SATELLITE2 STAR19 INSTRUMENT28 IMAGE11
       28: TURN_TO SATELLITE2 PLANET20 STAR19
       29: TAKE_IMAGE SATELLITE2 PLANET20 INSTRUMENT28 SPECTROGRAPH9
       30: TURN_TO SATELLITE2 PLANET25 PLANET20
       31: TAKE_IMAGE SATELLITE1 PLANET21 INSTRUMENT12 THERMOGRAPH5
       32: TURN_TO SATELLITE1 PLANET26 PLANET21
       33: TAKE_IMAGE SATELLITE3 PHENOMENON22 INSTRUMENT34 THERMOGRAPH6
       34: TURN_TO SATELLITE3 PLANET25 PHENOMENON22
       35: TAKE_IMAGE SATELLITE6 PLANET23 INSTRUMENT56 SPECTROGRAPH4
       36: TURN_TO SATELLITE6 PLANET25 PLANET23
       37: TAKE_IMAGE SATELLITE3 PLANET25 INSTRUMENT34 THERMOGRAPH3
       38: TURN_TO SATELLITE3 PLANET26 PLANET25
       39: TAKE_IMAGE SATELLITE6 PLANET25 INSTRUMENT56 SPECTROGRAPH4
       40: TAKE_IMAGE SATELLITE2 PLANET25 INSTRUMENT28 IMAGE11
       41: TURN_TO SATELLITE2 PLANET26 PLANET25
       42: TAKE_IMAGE SATELLITE3 PLANET26 INSTRUMENT34 THERMOGRAPH6
       43: TURN_TO SATELLITE3 PLANET27 PLANET26
       44: TAKE_IMAGE SATELLITE1 PLANET26 INSTRUMENT12 INFRARED14
       45: TURN_TO SATELLITE1 PLANET27 PLANET26
       46: TAKE_IMAGE SATELLITE2 PLANET26 INSTRUMENT28 IMAGE11
       47: TURN_TO SATELLITE2 STAR30 PLANET26
       48: TAKE_IMAGE SATELLITE3 PLANET27 INSTRUMENT34 IMAGE8
       49: TURN_TO SATELLITE3 STAR17 PLANET27
       50: TAKE_IMAGE SATELLITE3 STAR17 INSTRUMENT34 IMAGE8
       51: TAKE_IMAGE SATELLITE1 PLANET27 INSTRUMENT12 INFRARED14
       52: TURN_TO SATELLITE1 STAR31 PLANET27
       53: TAKE_IMAGE SATELLITE2 STAR30 INSTRUMENT28 THERMOGRAPH13
       54: TAKE_IMAGE SATELLITE2 STAR30 INSTRUMENT28 IMAGE11
       55: TAKE_IMAGE SATELLITE1 STAR31 INSTRUMENT12 INFRARED14
       56: TURN_TO SATELLITE1 GROUNDSTATION10 STAR31
       57: SWITCH_ON INSTRUMENT0 SATELLITE0
       58: TURN_TO SATELLITE4 STAR14 GROUNDSTATION4
       59: SWITCH_ON INSTRUMENT44 SATELLITE4
       60: CALIBRATE SATELLITE0 INSTRUMENT0 STAR7
       61: TURN_TO SATELLITE0 STAR17 STAR7
       62: CALIBRATE SATELLITE4 INSTRUMENT44 STAR14
       63: TURN_TO SATELLITE4 STAR17 STAR14
       64: SWITCH_ON INSTRUMENT64 SATELLITE7
       65: TURN_TO SATELLITE5 PLANET28 GROUNDSTATION9
       66: TURN_TO SATELLITE13 PLANET20 STAR5
       67: TAKE_IMAGE SATELLITE0 STAR17 INSTRUMENT0 SPECTROGRAPH0
       68: TURN_TO SATELLITE0 PLANET20 STAR17
       69: TAKE_IMAGE SATELLITE4 STAR17 INSTRUMENT44 INFRARED10
       70: TURN_TO SATELLITE4 PLANET24 STAR17
       71: TAKE_IMAGE SATELLITE0 PLANET20 INSTRUMENT0 SPECTROGRAPH0
       72: TAKE_IMAGE SATELLITE0 PLANET20 INSTRUMENT0 IMAGE7
       73: TAKE_IMAGE SATELLITE0 PLANET20 INSTRUMENT0 THERMOGRAPH1
       74: TURN_TO SATELLITE0 PHENOMENON22 PLANET20
       75: TAKE_IMAGE SATELLITE0 PHENOMENON22 INSTRUMENT0 IMAGE7
       76: TAKE_IMAGE SATELLITE0 PHENOMENON22 INSTRUMENT0 SPECTROGRAPH0
       77: TURN_TO SATELLITE0 PLANET24 PHENOMENON22
       78: TAKE_IMAGE SATELLITE4 PLANET24 INSTRUMENT44 INFRARED15
       79: TAKE_IMAGE SATELLITE4 PLANET24 INSTRUMENT44 INFRARED10
       80: TURN_TO SATELLITE4 PLANET28 PLANET24
       81: TAKE_IMAGE SATELLITE0 PLANET24 INSTRUMENT0 SPECTROGRAPH0
       82: TURN_TO SATELLITE0 PLANET25 PLANET24
       83: TAKE_IMAGE SATELLITE0 PLANET25 INSTRUMENT0 IMAGE7
       84: TURN_TO SATELLITE0 PLANET26 PLANET25
       85: TAKE_IMAGE SATELLITE0 PLANET26 INSTRUMENT0 THERMOGRAPH1
       86: TAKE_IMAGE SATELLITE0 PLANET26 INSTRUMENT0 IMAGE7
       87: TURN_TO SATELLITE0 PLANET27 PLANET26
       88: TAKE_IMAGE SATELLITE0 PLANET27 INSTRUMENT0 SPECTROGRAPH0
       89: TAKE_IMAGE SATELLITE0 PLANET27 INSTRUMENT0 IMAGE7
       90: TAKE_IMAGE SATELLITE4 PLANET28 INSTRUMENT44 INFRARED10
       91: TAKE_IMAGE SATELLITE4 PLANET28 INSTRUMENT44 INFRARED15
       92: TURN_TO SATELLITE7 GROUNDSTATION4 STAR14
       93: CALIBRATE SATELLITE7 INSTRUMENT64 GROUNDSTATION4
       94: TURN_TO SATELLITE7 STAR19 GROUNDSTATION4
       95: TAKE_IMAGE SATELLITE7 STAR19 INSTRUMENT64 INFRARED12
       96: TURN_TO SATELLITE7 PLANET20 STAR19
       97: TAKE_IMAGE SATELLITE7 PLANET20 INSTRUMENT64 INFRARED12
       98: TURN_TO SATELLITE7 PLANET27 PLANET20
       99: TAKE_IMAGE SATELLITE7 PLANET27 INSTRUMENT64 INFRARED12
      100: TURN_TO SATELLITE7 STAR30 PLANET27
      101: TAKE_IMAGE SATELLITE7 STAR30 INSTRUMENT64 INFRARED12
      102: TURN_TO SATELLITE7 STAR14 STAR30
     

time spent:    0.00 seconds instantiating 27315 easy, 0 hard action templates
               0.00 seconds reachability analysis, yielding 1364 facts and 27315 actions
               0.01 seconds creating final representation with 1364 relevant facts, 0 relevant fluents
               0.10 seconds computing LNF
               0.04 seconds building connectivity graph
               3.38 seconds searching, evaluating 2051 states, to a max depth of 3
               3.53 seconds total time

