
ff: parsing domain file
domain 'BLOCKS' defined
 ... done.
ff: parsing problem file
problem 'PB5' defined
 ... done.


no metric specified. plan length assumed.

checking for cyclic := effects --- OK.

ff: search configuration is EHC, if that fails then  best-first on 1*g(s) + 5*h(s) where
    metric is  plan length

Cueing down from goal distance:   39 into depth [1][2][3][4][5]
                                  38            [1]
                                  37            [1][2][3]
                                  36            [1]
                                  35            [1][2][3][4][5]
                                  34            [1]
                                  33            [1][2][3]
                                  32            [1][2][3][4][5]
                                  31            [1][2][3]
                                  30            [1][2][3][4][5][6][7][8]
                                  29            [1]
                                  28            [1]
                                  27            [1][2]
                                  26            [1][2][3][4][5]
                                  25            [1]
                                  24            [1]
                                  23            [1]
                                  22            [1][2][3]
                                  21            [1]
                                  20            [1]
                                  19            [1][2][3]
                                  18            [1][2][3]
                                  17            [1]
                                  16            [1][2][3][4][5][6][7][8][9][10]
                                  15            [1]
                                  14            [1][2]
                                  12            [1]
                                  11            [1]
                                  10            [1][2][3][4][5][6][7][8][9][10][11][12][13][14][15]
                                   9            [1]
                                   8            [1]
                                   7            [1]
                                   6            [1]
                                   5            [1]
                                   4            [1]
                                   3            [1]
                                   2            [1][2]
                                   0            

ff: found legal plan as follows

step    0: UNSTACK BLOCK7 BLOCK6
        1: STACK BLOCK7 BLOCK11
        2: UNSTACK BLOCK6 BLOCK16
        3: STACK BLOCK6 BLOCK7
        4: UNSTACK BLOCK16 BLOCK12
        5: PUT-DOWN BLOCK16
        6: UNSTACK BLOCK6 BLOCK7
        7: STACK BLOCK6 BLOCK12
        8: UNSTACK BLOCK7 BLOCK11
        9: STACK BLOCK7 BLOCK16
       10: UNSTACK BLOCK11 BLOCK9
       11: STACK BLOCK11 BLOCK7
       12: UNSTACK BLOCK9 BLOCK2
       13: STACK BLOCK9 BLOCK11
       14: UNSTACK BLOCK2 BLOCK18
       15: PUT-DOWN BLOCK2
       16: UNSTACK BLOCK9 BLOCK11
       17: STACK BLOCK9 BLOCK6
       18: UNSTACK BLOCK11 BLOCK7
       19: STACK BLOCK11 BLOCK9
       20: UNSTACK BLOCK18 BLOCK1
       21: STACK BLOCK18 BLOCK11
       22: UNSTACK BLOCK1 BLOCK17
       23: STACK BLOCK1 BLOCK2
       24: UNSTACK BLOCK18 BLOCK11
       25: STACK BLOCK18 BLOCK17
       26: UNSTACK BLOCK11 BLOCK9
       27: STACK BLOCK11 BLOCK18
       28: UNSTACK BLOCK9 BLOCK6
       29: STACK BLOCK9 BLOCK1
       30: UNSTACK BLOCK6 BLOCK12
       31: STACK BLOCK6 BLOCK11
       32: UNSTACK BLOCK12 BLOCK13
       33: STACK BLOCK12 BLOCK9
       34: UNSTACK BLOCK13 BLOCK10
       35: STACK BLOCK13 BLOCK7
       36: UNSTACK BLOCK10 BLOCK14
       37: STACK BLOCK10 BLOCK12
       38: UNSTACK BLOCK14 BLOCK5
       39: STACK BLOCK14 BLOCK10
       40: UNSTACK BLOCK5 BLOCK20
       41: STACK BLOCK5 BLOCK14
       42: UNSTACK BLOCK20 BLOCK8
       43: PUT-DOWN BLOCK20
       44: UNSTACK BLOCK5 BLOCK14
       45: STACK BLOCK5 BLOCK20
       46: UNSTACK BLOCK6 BLOCK11
       47: STACK BLOCK6 BLOCK14
       48: UNSTACK BLOCK8 BLOCK4
       49: STACK BLOCK8 BLOCK5
       50: UNSTACK BLOCK6 BLOCK14
       51: STACK BLOCK6 BLOCK8
       52: UNSTACK BLOCK4 BLOCK15
       53: STACK BLOCK4 BLOCK13
       54: UNSTACK BLOCK15 BLOCK19
       55: STACK BLOCK15 BLOCK14
       56: UNSTACK BLOCK19 BLOCK3
       57: STACK BLOCK19 BLOCK11
       58: PICK-UP BLOCK3
       59: STACK BLOCK3 BLOCK15
       60: UNSTACK BLOCK19 BLOCK11
       61: STACK BLOCK19 BLOCK6
       62: UNSTACK BLOCK11 BLOCK18
       63: STACK BLOCK11 BLOCK19
       64: UNSTACK BLOCK4 BLOCK13
       65: STACK BLOCK4 BLOCK3
       66: UNSTACK BLOCK18 BLOCK17
       67: STACK BLOCK18 BLOCK13
       68: UNSTACK BLOCK11 BLOCK19
       69: STACK BLOCK11 BLOCK18
       70: UNSTACK BLOCK19 BLOCK6
       71: STACK BLOCK19 BLOCK11
       72: PICK-UP BLOCK17
       73: STACK BLOCK17 BLOCK6
       74: UNSTACK BLOCK4 BLOCK3
       75: STACK BLOCK4 BLOCK19
       76: UNSTACK BLOCK3 BLOCK15
       77: STACK BLOCK3 BLOCK4
       78: UNSTACK BLOCK15 BLOCK14
       79: STACK BLOCK15 BLOCK3
       80: UNSTACK BLOCK14 BLOCK10
       81: STACK BLOCK14 BLOCK15
       82: UNSTACK BLOCK10 BLOCK12
       83: STACK BLOCK10 BLOCK14
       84: UNSTACK BLOCK12 BLOCK9
       85: STACK BLOCK12 BLOCK17
       86: UNSTACK BLOCK10 BLOCK14
       87: STACK BLOCK10 BLOCK12
       88: UNSTACK BLOCK14 BLOCK15
       89: STACK BLOCK14 BLOCK10
       90: UNSTACK BLOCK15 BLOCK3
       91: STACK BLOCK15 BLOCK14
       92: UNSTACK BLOCK3 BLOCK4
       93: STACK BLOCK3 BLOCK15
       94: UNSTACK BLOCK9 BLOCK1
       95: STACK BLOCK9 BLOCK3
       96: UNSTACK BLOCK4 BLOCK19
       97: STACK BLOCK4 BLOCK9
     

time spent:    0.00 seconds instantiating 840 easy, 0 hard action templates
               0.00 seconds reachability analysis, yielding 461 facts and 840 actions
               0.00 seconds creating final representation with 461 relevant facts, 0 relevant fluents
               0.00 seconds computing LNF
               0.00 seconds building connectivity graph
               2.05 seconds searching, evaluating 97026 states, to a max depth of 15
               2.05 seconds total time

