
ff: parsing domain file
domain 'SATELLITE' defined
 ... done.
ff: parsing problem file
problem 'STRIPS-SAT-X-1' defined
 ... done.


no metric specified. plan length assumed.

checking for cyclic := effects --- OK.

ff: search configuration is EHC, if that fails then  best-first on 1*g(s) + 5*h(s) where
    metric is  plan length

Cueing down from goal distance:    9 into depth [1]
                                   8            [1]
                                   5            [1]
                                   4            [1]
                                   3            [1]
                                   2            [1]
                                   1            [1]
                                   0            

ff: found legal plan as follows

step    0: SWITCH_ON INSTRUMENT1 SATELLITE1
        1: TURN_TO SATELLITE1 STAR1 STAR2
        2: CALIBRATE SATELLITE1 INSTRUMENT1 STAR1
        3: TURN_TO SATELLITE1 STAR2 STAR1
        4: TAKE_IMAGE SATELLITE1 STAR2 INSTRUMENT1 THERMOGRAPH1
        5: TURN_TO SATELLITE1 PHENOMENON3 STAR2
        6: TAKE_IMAGE SATELLITE1 PHENOMENON3 INSTRUMENT1 SPECTROGRAPH0
     

time spent:    0.00 seconds instantiating 61 easy, 0 hard action templates
               0.00 seconds reachability analysis, yielding 24 facts and 61 actions
               0.00 seconds creating final representation with 24 relevant facts, 0 relevant fluents
               0.00 seconds computing LNF
               0.00 seconds building connectivity graph
               0.00 seconds searching, evaluating 12 states, to a max depth of 1
               0.00 seconds total time

