
ff: parsing domain file
domain 'SATELLITE' defined
 ... done.
ff: parsing problem file
problem 'STRIPS-SAT-X-1' defined
 ... done.


no metric specified. plan length assumed.

checking for cyclic := effects --- OK.

ff: search configuration is EHC, if that fails then  best-first on 1*g(s) + 5*h(s) where
    metric is  plan length

Cueing down from goal distance:   10 into depth [1]
                                   9            [1]
                                   8            [1]
                                   5            [1]
                                   4            [1]
                                   3            [1]
                                   2            [1]
                                   1            [1]
                                   0            

ff: found legal plan as follows

step    0: TURN_TO SATELLITE1 STAR0 GROUNDSTATION1
        1: TURN_TO SATELLITE0 STAR0 STAR2
        2: SWITCH_ON INSTRUMENT1 SATELLITE1
        3: CALIBRATE SATELLITE1 INSTRUMENT1 STAR0
        4: TURN_TO SATELLITE1 STAR2 STAR0
        5: TAKE_IMAGE SATELLITE1 STAR2 INSTRUMENT1 SPECTROGRAPH1
        6: TURN_TO SATELLITE1 PHENOMENON3 STAR2
        7: TAKE_IMAGE SATELLITE1 PHENOMENON3 INSTRUMENT1 THERMOGRAPH0
     

time spent:    0.00 seconds instantiating 50 easy, 0 hard action templates
               0.00 seconds reachability analysis, yielding 22 facts and 50 actions
               0.00 seconds creating final representation with 22 relevant facts, 0 relevant fluents
               0.00 seconds computing LNF
               0.00 seconds building connectivity graph
               0.00 seconds searching, evaluating 11 states, to a max depth of 1
               0.00 seconds total time

