
ff: parsing domain file
domain 'SATELLITE' defined
 ... done.
ff: parsing problem file
problem 'STRIPS-SAT-X-1' defined
 ... done.


no metric specified. plan length assumed.

checking for cyclic := effects --- OK.

ff: search configuration is EHC, if that fails then  best-first on 1*g(s) + 5*h(s) where
    metric is  plan length

Cueing down from goal distance:    9 into depth [1]
                                   8            [1]
                                   7            [1]
                                   6            [1]
                                   5            [1][2]
                                   4            [1][2]
                                   3            [1]
                                   2            [1]
                                   1            [1]
                                   0            

ff: found legal plan as follows

step    0: TURN_TO SATELLITE1 STAR0 STAR2
        1: TURN_TO SATELLITE0 STAR2 GROUNDSTATION1
        2: SWITCH_ON INSTRUMENT0 SATELLITE0
        3: TURN_TO SATELLITE1 STAR2 STAR0
        4: TURN_TO SATELLITE0 STAR0 STAR2
        5: CALIBRATE SATELLITE0 INSTRUMENT0 STAR0
        6: TURN_TO SATELLITE0 STAR2 STAR0
        7: TAKE_IMAGE SATELLITE0 STAR2 INSTRUMENT0 INFRARED0
        8: TURN_TO SATELLITE0 PHENOMENON3 STAR2
        9: TAKE_IMAGE SATELLITE0 PHENOMENON3 INSTRUMENT0 INFRARED0
       10: TURN_TO SATELLITE0 STAR0 PHENOMENON3
     

time spent:    0.00 seconds instantiating 50 easy, 0 hard action templates
               0.00 seconds reachability analysis, yielding 22 facts and 50 actions
               0.00 seconds creating final representation with 22 relevant facts, 0 relevant fluents
               0.00 seconds computing LNF
               0.00 seconds building connectivity graph
               0.00 seconds searching, evaluating 17 states, to a max depth of 2
               0.00 seconds total time

