
ff: parsing domain file
domain 'BLOCKS' defined
 ... done.
ff: parsing problem file
problem 'PB1' defined
 ... done.


no metric specified. plan length assumed.

checking for cyclic := effects --- OK.

ff: search configuration is EHC, if that fails then  best-first on 1*g(s) + 5*h(s) where
    metric is  plan length

Cueing down from goal distance:   32 into depth [1]
                                  31            [1]
                                  30            [1]
                                  29            [1]
                                  28            [1]
                                  27            [1]
                                  26            [1]
                                  25            [1]
                                  24            [1]
                                  23            [1][2][3]
                                  22            [1]
                                  21            [1]
                                  20            [1]
                                  19            [1]
                                  18            [1][2][3][4]
                                  16            [1]
                                  15            [1][2][3]
                                  14            [1]
                                  13            [1]
                                  12            [1]
                                  11            [1]
                                  10            [1][2][3]
                                   9            [1]
                                   8            [1][2][3]
                                   7            [1]
                                   6            [1][2]
                                   4            [1][2][3]
                                   3            [1]
                                   2            [1][2]
                                   0            

ff: found legal plan as follows

step    0: UNSTACK BLOCK3 BLOCK13
        1: PUT-DOWN BLOCK3
        2: UNSTACK BLOCK13 BLOCK1
        3: PUT-DOWN BLOCK13
        4: UNSTACK BLOCK1 BLOCK12
        5: STACK BLOCK1 BLOCK3
        6: UNSTACK BLOCK15 BLOCK14
        7: STACK BLOCK15 BLOCK8
        8: PICK-UP BLOCK12
        9: STACK BLOCK12 BLOCK17
       10: UNSTACK BLOCK14 BLOCK5
       11: STACK BLOCK14 BLOCK1
       12: PICK-UP BLOCK5
       13: STACK BLOCK5 BLOCK13
       14: UNSTACK BLOCK12 BLOCK17
       15: STACK BLOCK12 BLOCK14
       16: UNSTACK BLOCK2 BLOCK4
       17: STACK BLOCK2 BLOCK12
       18: UNSTACK BLOCK4 BLOCK10
       19: STACK BLOCK4 BLOCK15
       20: UNSTACK BLOCK10 BLOCK11
       21: PUT-DOWN BLOCK10
       22: UNSTACK BLOCK2 BLOCK12
       23: STACK BLOCK2 BLOCK10
       24: UNSTACK BLOCK17 BLOCK16
       25: STACK BLOCK17 BLOCK11
       26: UNSTACK BLOCK16 BLOCK7
       27: STACK BLOCK16 BLOCK12
       28: UNSTACK BLOCK7 BLOCK9
       29: STACK BLOCK7 BLOCK17
       30: UNSTACK BLOCK9 BLOCK18
       31: STACK BLOCK9 BLOCK16
       32: UNSTACK BLOCK18 BLOCK6
       33: STACK BLOCK18 BLOCK5
       34: PICK-UP BLOCK6
       35: STACK BLOCK6 BLOCK2
       36: UNSTACK BLOCK9 BLOCK16
       37: STACK BLOCK9 BLOCK7
       38: UNSTACK BLOCK16 BLOCK12
       39: STACK BLOCK16 BLOCK18
       40: UNSTACK BLOCK9 BLOCK7
       41: STACK BLOCK9 BLOCK12
     

time spent:    0.00 seconds instantiating 684 easy, 0 hard action templates
               0.00 seconds reachability analysis, yielding 379 facts and 684 actions
               0.00 seconds creating final representation with 379 relevant facts, 0 relevant fluents
               0.00 seconds computing LNF
               0.00 seconds building connectivity graph
               0.00 seconds searching, evaluating 182 states, to a max depth of 4
               0.00 seconds total time

