
ff: parsing domain file
domain 'BLOCKS' defined
 ... done.
ff: parsing problem file
problem 'PB5' defined
 ... done.


no metric specified. plan length assumed.

checking for cyclic := effects --- OK.

ff: search configuration is EHC, if that fails then  best-first on 1*g(s) + 5*h(s) where
    metric is  plan length

Cueing down from goal distance:   38 into depth [1][2][3]
                                  37            [1][2][3][4]
                                  36            [1]
                                  35            [1][2][3]
                                  34            [1][2][3][4]
                                  33            [1][2][3][4][5][6][7][8][9]
                                  32            [1][2][3]
                                  31            [1]
                                  30            [1]
                                  29            [1][2][3]
                                  28            [1][2][3]
                                  27            [1]
                                  26            [1][2][3][4][5][6][7]
                                  25            [1][2]
                                  24            [1]
                                  23            [1]
                                  22            [1]
                                  21            [1][2]
                                  20            [1][2][3]
                                  19            [1]
                                  18            [1]
                                  17            [1]
                                  16            [1][2]
                                  14            [1][2]
                                  12            [1]
                                  11            [1]
                                  10            [1][2][3][4][5][6][7]
                                   9            [1]
                                   8            [1][2]
                                   6            [1][2][3][4][5][6][7][8][9]
                                   5            [1]
                                   4            [1][2]
                                   2            [1][2]
                                   0            

ff: found legal plan as follows

step    0: UNSTACK BLOCK12 BLOCK14
        1: STACK BLOCK12 BLOCK18
        2: PICK-UP BLOCK14
        3: STACK BLOCK14 BLOCK9
        4: UNSTACK BLOCK16 BLOCK19
        5: STACK BLOCK16 BLOCK14
        6: UNSTACK BLOCK19 BLOCK3
        7: PUT-DOWN BLOCK19
        8: UNSTACK BLOCK3 BLOCK1
        9: STACK BLOCK3 BLOCK19
       10: UNSTACK BLOCK16 BLOCK14
       11: STACK BLOCK16 BLOCK1
       12: UNSTACK BLOCK12 BLOCK18
       13: STACK BLOCK12 BLOCK16
       14: PICK-UP BLOCK18
       15: STACK BLOCK18 BLOCK14
       16: UNSTACK BLOCK12 BLOCK16
       17: STACK BLOCK12 BLOCK18
       18: UNSTACK BLOCK16 BLOCK1
       19: STACK BLOCK16 BLOCK12
       20: UNSTACK BLOCK1 BLOCK11
       21: STACK BLOCK1 BLOCK16
       22: UNSTACK BLOCK11 BLOCK4
       23: PUT-DOWN BLOCK11
       24: UNSTACK BLOCK4 BLOCK13
       25: STACK BLOCK4 BLOCK11
       26: UNSTACK BLOCK13 BLOCK8
       27: PUT-DOWN BLOCK13
       28: UNSTACK BLOCK1 BLOCK16
       29: STACK BLOCK1 BLOCK8
       30: UNSTACK BLOCK16 BLOCK12
       31: STACK BLOCK16 BLOCK1
       32: UNSTACK BLOCK4 BLOCK11
       33: STACK BLOCK4 BLOCK16
       34: UNSTACK BLOCK12 BLOCK18
       35: STACK BLOCK12 BLOCK11
       36: UNSTACK BLOCK18 BLOCK14
       37: STACK BLOCK18 BLOCK4
       38: UNSTACK BLOCK14 BLOCK9
       39: STACK BLOCK14 BLOCK18
       40: UNSTACK BLOCK9 BLOCK6
       41: STACK BLOCK9 BLOCK13
       42: UNSTACK BLOCK6 BLOCK7
       43: STACK BLOCK6 BLOCK3
       44: UNSTACK BLOCK14 BLOCK18
       45: STACK BLOCK14 BLOCK9
       46: UNSTACK BLOCK18 BLOCK4
       47: STACK BLOCK18 BLOCK14
       48: UNSTACK BLOCK4 BLOCK16
       49: STACK BLOCK4 BLOCK6
       50: UNSTACK BLOCK7 BLOCK15
       51: STACK BLOCK7 BLOCK4
       52: UNSTACK BLOCK15 BLOCK10
       53: STACK BLOCK15 BLOCK12
       54: UNSTACK BLOCK10 BLOCK5
       55: PUT-DOWN BLOCK10
       56: UNSTACK BLOCK5 BLOCK17
       57: STACK BLOCK5 BLOCK15
       58: UNSTACK BLOCK17 BLOCK2
       59: PUT-DOWN BLOCK17
       60: PICK-UP BLOCK2
       61: STACK BLOCK2 BLOCK18
       62: UNSTACK BLOCK16 BLOCK1
       63: STACK BLOCK16 BLOCK17
       64: UNSTACK BLOCK1 BLOCK8
       65: STACK BLOCK1 BLOCK16
       66: PICK-UP BLOCK8
       67: STACK BLOCK8 BLOCK2
       68: UNSTACK BLOCK1 BLOCK16
       69: STACK BLOCK1 BLOCK8
       70: UNSTACK BLOCK16 BLOCK17
       71: STACK BLOCK16 BLOCK1
       72: UNSTACK BLOCK7 BLOCK4
       73: STACK BLOCK7 BLOCK17
       74: UNSTACK BLOCK4 BLOCK6
       75: STACK BLOCK4 BLOCK16
       76: UNSTACK BLOCK6 BLOCK3
       77: STACK BLOCK6 BLOCK5
       78: UNSTACK BLOCK3 BLOCK19
       79: STACK BLOCK3 BLOCK10
       80: UNSTACK BLOCK6 BLOCK5
       81: STACK BLOCK6 BLOCK3
       82: UNSTACK BLOCK4 BLOCK16
       83: STACK BLOCK4 BLOCK6
       84: UNSTACK BLOCK7 BLOCK17
       85: STACK BLOCK7 BLOCK19
     

time spent:    0.00 seconds instantiating 760 easy, 0 hard action templates
               0.00 seconds reachability analysis, yielding 419 facts and 760 actions
               0.00 seconds creating final representation with 419 relevant facts, 0 relevant fluents
               0.00 seconds computing LNF
               0.00 seconds building connectivity graph
               0.20 seconds searching, evaluating 9842 states, to a max depth of 9
               0.20 seconds total time

