
ff: parsing domain file
domain 'BLOCKS' defined
 ... done.
ff: parsing problem file
problem 'PB2' defined
 ... done.


no metric specified. plan length assumed.

checking for cyclic := effects --- OK.

ff: search configuration is EHC, if that fails then  best-first on 1*g(s) + 5*h(s) where
    metric is  plan length

Cueing down from goal distance:   36 into depth [1]
                                  35            [1][2]
                                  34            [1]
                                  33            [1][2]
                                  32            [1][2][3]
                                  31            [1][2]
                                  30            [1][2]
                                  29            [1][2]
                                  28            [1][2][3][4][5][6][7][8]
                                  27            [1][2]
                                  26            [1]
                                  25            [1]
                                  24            [1]
                                  23            [1][2][3][4]
                                  22            [1]
                                  21            [1][2][3]
                                  20            [1]
                                  19            [1]
                                  18            [1][2][3][4]
                                  17            [1]
                                  16            [1][2][3]
                                  15            [1]
                                  14            [1][2][3][4][5]
                                  13            [1]
                                  12            [1]
                                  11            [1][2]
                                   9            [1][2][3][4][5][6][7][8][9][10]
                                   8            [1]
                                   7            [1]
                                   6            [1]
                                   5            [1][2][3]
                                   4            [1][2][3][4][5][6][7]
                                   3            [1]
                                   2            [1][2]
                                   0            

ff: found legal plan as follows

step    0: UNSTACK BLOCK7 BLOCK3
        1: STACK BLOCK7 BLOCK5
        2: UNSTACK BLOCK3 BLOCK19
        3: PUT-DOWN BLOCK3
        4: UNSTACK BLOCK16 BLOCK15
        5: STACK BLOCK16 BLOCK17
        6: UNSTACK BLOCK8 BLOCK9
        7: STACK BLOCK8 BLOCK19
        8: UNSTACK BLOCK9 BLOCK2
        9: STACK BLOCK9 BLOCK15
       10: UNSTACK BLOCK2 BLOCK11
       11: STACK BLOCK2 BLOCK9
       12: UNSTACK BLOCK11 BLOCK6
       13: STACK BLOCK11 BLOCK8
       14: PICK-UP BLOCK6
       15: STACK BLOCK6 BLOCK16
       16: UNSTACK BLOCK7 BLOCK5
       17: STACK BLOCK7 BLOCK11
       18: UNSTACK BLOCK5 BLOCK10
       19: STACK BLOCK5 BLOCK6
       20: UNSTACK BLOCK10 BLOCK13
       21: PUT-DOWN BLOCK10
       22: UNSTACK BLOCK7 BLOCK11
       23: STACK BLOCK7 BLOCK5
       24: UNSTACK BLOCK13 BLOCK14
       25: PUT-DOWN BLOCK13
       26: UNSTACK BLOCK14 BLOCK4
       27: STACK BLOCK14 BLOCK3
       28: UNSTACK BLOCK7 BLOCK5
       29: STACK BLOCK7 BLOCK11
       30: UNSTACK BLOCK5 BLOCK6
       31: STACK BLOCK5 BLOCK4
       32: UNSTACK BLOCK7 BLOCK11
       33: STACK BLOCK7 BLOCK5
       34: UNSTACK BLOCK6 BLOCK16
       35: STACK BLOCK6 BLOCK7
       36: UNSTACK BLOCK16 BLOCK17
       37: STACK BLOCK16 BLOCK11
       38: UNSTACK BLOCK17 BLOCK18
       39: STACK BLOCK17 BLOCK13
       40: PICK-UP BLOCK18
       41: STACK BLOCK18 BLOCK6
       42: UNSTACK BLOCK16 BLOCK11
       43: STACK BLOCK16 BLOCK17
       44: UNSTACK BLOCK18 BLOCK6
       45: STACK BLOCK18 BLOCK2
       46: UNSTACK BLOCK11 BLOCK8
       47: STACK BLOCK11 BLOCK18
       48: UNSTACK BLOCK8 BLOCK19
       49: STACK BLOCK8 BLOCK14
       50: UNSTACK BLOCK11 BLOCK18
       51: STACK BLOCK11 BLOCK8
       52: UNSTACK BLOCK19 BLOCK12
       53: STACK BLOCK19 BLOCK11
       54: UNSTACK BLOCK18 BLOCK2
       55: STACK BLOCK18 BLOCK19
       56: UNSTACK BLOCK2 BLOCK9
       57: STACK BLOCK2 BLOCK18
       58: UNSTACK BLOCK9 BLOCK15
       59: STACK BLOCK9 BLOCK12
       60: UNSTACK BLOCK15 BLOCK1
       61: STACK BLOCK15 BLOCK6
       62: UNSTACK BLOCK9 BLOCK12
       63: STACK BLOCK9 BLOCK15
       64: UNSTACK BLOCK2 BLOCK18
       65: STACK BLOCK2 BLOCK9
       66: PICK-UP BLOCK1
       67: STACK BLOCK1 BLOCK18
       68: PICK-UP BLOCK12
       69: STACK BLOCK12 BLOCK16
       70: UNSTACK BLOCK1 BLOCK18
       71: STACK BLOCK1 BLOCK12
       72: UNSTACK BLOCK18 BLOCK19
       73: STACK BLOCK18 BLOCK2
       74: UNSTACK BLOCK1 BLOCK12
       75: STACK BLOCK1 BLOCK18
       76: UNSTACK BLOCK12 BLOCK16
       77: STACK BLOCK12 BLOCK1
     

time spent:    0.00 seconds instantiating 760 easy, 0 hard action templates
               0.00 seconds reachability analysis, yielding 419 facts and 760 actions
               0.00 seconds creating final representation with 419 relevant facts, 0 relevant fluents
               0.00 seconds computing LNF
               0.00 seconds building connectivity graph
               0.82 seconds searching, evaluating 36273 states, to a max depth of 10
               0.82 seconds total time

