
ff: parsing domain file
domain 'SATELLITE' defined
 ... done.
ff: parsing problem file
problem 'STRIPS-SAT-X-1' defined
 ... done.


no metric specified. plan length assumed.

checking for cyclic := effects --- OK.

ff: search configuration is EHC, if that fails then  best-first on 1*g(s) + 5*h(s) where
    metric is  plan length

Cueing down from goal distance:   98 into depth [1]
                                  97            [1]
                                  95            [1]
                                  92            [1]
                                  91            [1]
                                  89            [1]
                                  88            [1]
                                  86            [1]
                                  85            [1]
                                  81            [1]
                                  80            [1]
                                  79            [1]
                                  78            [1]
                                  77            [1]
                                  74            [1]
                                  73            [1]
                                  72            [1]
                                  71            [1]
                                  68            [1]
                                  67            [1]
                                  66            [1]
                                  65            [1]
                                  64            [1]
                                  63            [1]
                                  62            [1]
                                  61            [1]
                                  60            [1]
                                  59            [1]
                                  58            [1]
                                  57            [1]
                                  56            [1]
                                  55            [1]
                                  54            [1]
                                  53            [1]
                                  52            [1]
                                  51            [1][2]
                                  50            [1][2]
                                  49            [1][2]
                                  48            [1]
                                  47            [1]
                                  46            [1][2][3][4][5][6]