
ff: parsing domain file
domain 'SATELLITE' defined
 ... done.
ff: parsing problem file
problem 'STRIPS-SAT-X-1' defined
 ... done.


no metric specified. plan length assumed.

checking for cyclic := effects --- OK.

ff: search configuration is EHC, if that fails then  best-first on 1*g(s) + 5*h(s) where
    metric is  plan length

Cueing down from goal distance:   97 into depth [1]
                                  96            [1]
                                  91            [1]
                                  88            [1]
                                  83            [1]
                                  80            [1]
                                  79            [1]
                                  77            [1]
                                  76            [1]
                                  75            [1]
                                  74            [1]
                                  73            [1]
                                  72            [1]
                                  71            [1]
                                  70            [1]
                                  69            [1]
                                  68            [1]
                                  67            [1]
                                  66            [1]
                                  65            [1]
                                  64            [1]
                                  63            [1]
                                  62            [1]
                                  61            [1]
                                  60            [1]
                                  59            [1]
                                  58            [1]
                                  57            [1]
                                  56            [1]
                                  55            [1]
                                  54            [1]
                                  53            [1]
                                  52            [1]
                                  51            [1]
                                  50            [1]
                                  49            [1]
                                  48            [1]
                                  47            [1]
                                  46            [1][2]
                                  45            [1]
                                  44            [1]
                                  43            [1][2][3][4]
                                  42            [1]
                                  41            [1]
                                  40            [1]
                                  39            [1]
                                  38            [1]
                                  37            [1]
                                  36            [1]
                                  35            [1]
                                  34            [1]
                                  33            [1]
                                  32            [1]
                                  31            [1]
                                  30            [1]
                                  29            [1]
                                  28            [1]
                                  27            [1]
                                  26            [1][2]
                                  25            [1]
                                  24            [1]
                                  23            [1]
                                  22            [1]
                                  21            [1]
                                  20            [1]
                                  19            [1]
                                  18            [1]
                                  17            [1]
                                  16            [1]
                                  15            [1][2]
                                  14            [1]
                                  13            [1]
                                  12            [1][2]
                                  11            [1]
                                  10            [1]
                                   9            [1]
                                   8            [1]
                                   7            [1]
                                   6            [1]
                                   5            [1]
                                   4            [1]
                                   3            [1]
                                   2            [1]
                                   1            [1]
                                   0            

ff: found legal plan as follows

step    0: TURN_TO SATELLITE1 GROUNDSTATION3 STAR8
        1: TURN_TO SATELLITE2 STAR5 STAR19
        2: TURN_TO SATELLITE6 GROUNDSTATION7 PLANET23
        3: TURN_TO SATELLITE10 GROUNDSTATION0 PLANET24
        4: TURN_TO SATELLITE7 STAR4 STAR25
        5: TURN_TO SATELLITE0 GROUNDSTATION10 GROUNDSTATION1
        6: TURN_TO SATELLITE4 STAR11 PLANET26
        7: TURN_TO SATELLITE1 GROUNDSTATION0 GROUNDSTATION3
        8: SWITCH_ON INSTRUMENT20 SATELLITE3
        9: SWITCH_ON INSTRUMENT1 SATELLITE0
       10: CALIBRATE SATELLITE0 INSTRUMENT1 GROUNDSTATION10
       11: TURN_TO SATELLITE0 PHENOMENON14 GROUNDSTATION10
       12: TURN_TO SATELLITE1 STAR11 GROUNDSTATION0
       13: TURN_TO SATELLITE2 PLANET15 STAR5
       14: TURN_TO SATELLITE13 PLANET26 STAR22
       15: TAKE_IMAGE SATELLITE0 PHENOMENON14 INSTRUMENT1 SPECTROGRAPH7
       16: TURN_TO SATELLITE0 PLANET15 PHENOMENON14
       17: TAKE_IMAGE SATELLITE0 PLANET15 INSTRUMENT1 IMAGE6
       18: TURN_TO SATELLITE0 PHENOMENON16 PLANET15
       19: TAKE_IMAGE SATELLITE0 PHENOMENON16 INSTRUMENT1 SPECTROGRAPH7
       20: TURN_TO SATELLITE0 PLANET17 PHENOMENON16
       21: TAKE_IMAGE SATELLITE0 PLANET17 INSTRUMENT1 THERMOGRAPH2
       22: TURN_TO SATELLITE0 PHENOMENON18 PLANET17
       23: TAKE_IMAGE SATELLITE0 PHENOMENON18 INSTRUMENT1 SPECTROGRAPH7
       24: TAKE_IMAGE SATELLITE0 PHENOMENON18 INSTRUMENT1 IMAGE6
       25: TURN_TO SATELLITE0 STAR19 PHENOMENON18
       26: TAKE_IMAGE SATELLITE0 STAR19 INSTRUMENT1 THERMOGRAPH2
       27: TURN_TO SATELLITE0 STAR21 STAR19
       28: TAKE_IMAGE SATELLITE0 STAR21 INSTRUMENT1 THERMOGRAPH2
       29: TAKE_IMAGE SATELLITE0 STAR21 INSTRUMENT1 IMAGE6
       30: TURN_TO SATELLITE0 PLANET24 STAR21
       31: TAKE_IMAGE SATELLITE0 PLANET24 INSTRUMENT1 THERMOGRAPH2
       32: TURN_TO SATELLITE0 PLANET26 PLANET24
       33: TAKE_IMAGE SATELLITE0 PLANET26 INSTRUMENT1 SPECTROGRAPH7
       34: TURN_TO SATELLITE0 STAR27 PLANET26
       35: TAKE_IMAGE SATELLITE0 STAR27 INSTRUMENT1 THERMOGRAPH2
       36: TURN_TO SATELLITE0 STAR25 STAR27
       37: TAKE_IMAGE SATELLITE0 STAR25 INSTRUMENT1 SPECTROGRAPH7
       38: TURN_TO SATELLITE3 STAR2 STAR21
       39: CALIBRATE SATELLITE3 INSTRUMENT20 STAR2
       40: TURN_TO SATELLITE3 STAR21 STAR2
       41: TAKE_IMAGE SATELLITE3 STAR21 INSTRUMENT20 INFRARED1
       42: SWITCH_ON INSTRUMENT8 SATELLITE1
       43: SWITCH_ON INSTRUMENT31 SATELLITE4
       44: TURN_TO SATELLITE12 PHENOMENON18 STAR4
       45: SWITCH_ON INSTRUMENT90 SATELLITE12
       46: CALIBRATE SATELLITE4 INSTRUMENT31 STAR11
       47: TURN_TO SATELLITE4 PHENOMENON16 STAR11
       48: CALIBRATE SATELLITE1 INSTRUMENT8 STAR11
       49: TURN_TO SATELLITE6 STAR25 GROUNDSTATION7
       50: SWITCH_ON INSTRUMENT48 SATELLITE6
       51: SWITCH_ON INSTRUMENT50 SATELLITE7
       52: CALIBRATE SATELLITE7 INSTRUMENT50 STAR4
       53: TURN_TO SATELLITE7 STAR25 STAR4
       54: TURN_TO SATELLITE7 STAR27 STAR25
       55: TAKE_IMAGE SATELLITE4 PHENOMENON16 INSTRUMENT31 INFRARED0
       56: TURN_TO SATELLITE4 PLANET26 PHENOMENON16
       57: TAKE_IMAGE SATELLITE4 PLANET26 INSTRUMENT31 IMAGE8
       58: TAKE_IMAGE SATELLITE7 STAR27 INSTRUMENT50 SPECTROGRAPH12
       59: TAKE_IMAGE SATELLITE7 STAR27 INSTRUMENT50 INFRARED13
       60: TURN_TO SATELLITE7 STAR25 STAR27
       61: TAKE_IMAGE SATELLITE7 STAR25 INSTRUMENT50 SPECTROGRAPH12
       62: TURN_TO SATELLITE12 STAR6 PHENOMENON18
       63: CALIBRATE SATELLITE12 INSTRUMENT90 STAR6
       64: TURN_TO SATELLITE12 PHENOMENON14 STAR6
       65: TAKE_IMAGE SATELLITE12 PHENOMENON14 INSTRUMENT90 THERMOGRAPH9
       66: TURN_TO SATELLITE12 STAR19 PHENOMENON14
       67: TAKE_IMAGE SATELLITE12 STAR19 INSTRUMENT90 THERMOGRAPH9
       68: TURN_TO SATELLITE12 STAR20 STAR19
       69: TAKE_IMAGE SATELLITE12 STAR20 INSTRUMENT90 THERMOGRAPH9
       70: TURN_TO SATELLITE12 PLANET23 STAR20
       71: TAKE_IMAGE SATELLITE12 PLANET23 INSTRUMENT90 THERMOGRAPH9
       72: TURN_TO SATELLITE12 PHENOMENON18 PLANET23
       73: TAKE_IMAGE SATELLITE12 PHENOMENON18 INSTRUMENT90 THERMOGRAPH9
       74: TURN_TO SATELLITE6 STAR4 STAR25
       75: CALIBRATE SATELLITE6 INSTRUMENT48 STAR4
       76: TURN_TO SATELLITE6 STAR25 STAR4
       77: TAKE_IMAGE SATELLITE6 STAR25 INSTRUMENT48 IMAGE5
       78: TURN_TO SATELLITE1 PHENOMENON14 STAR11
       79: TAKE_IMAGE SATELLITE1 PHENOMENON14 INSTRUMENT8 IMAGE10
       80: TURN_TO SATELLITE1 PHENOMENON16 PHENOMENON14
       81: TAKE_IMAGE SATELLITE1 PHENOMENON16 INSTRUMENT8 INFRARED4
       82: TURN_TO SATELLITE1 STAR19 PHENOMENON16
       83: TAKE_IMAGE SATELLITE1 STAR19 INSTRUMENT8 INFRARED4
       84: TURN_TO SATELLITE1 STAR20 STAR19
       85: TAKE_IMAGE SATELLITE1 STAR20 INSTRUMENT8 IMAGE10
       86: TURN_TO SATELLITE1 PLANET23 STAR20
       87: TAKE_IMAGE SATELLITE1 PLANET23 INSTRUMENT8 INFRARED13
       88: TURN_TO SATELLITE1 PLANET24 PLANET23
       89: TAKE_IMAGE SATELLITE1 PLANET24 INSTRUMENT8 IMAGE10
       90: TURN_TO SATELLITE1 STAR11 PLANET24
     

time spent:    0.00 seconds instantiating 17347 easy, 0 hard action templates
               0.00 seconds reachability analysis, yielding 1004 facts and 17347 actions
               0.00 seconds creating final representation with 1004 relevant facts, 0 relevant fluents
               0.05 seconds computing LNF
               0.01 seconds building connectivity graph
               9.10 seconds searching, evaluating 15645 states, to a max depth of 4
               9.16 seconds total time

