
ff: parsing domain file
domain 'SATELLITE' defined
 ... done.
ff: parsing problem file
problem 'STRIPS-SAT-X-1' defined
 ... done.


no metric specified. plan length assumed.

checking for cyclic := effects --- OK.

ff: search configuration is EHC, if that fails then  best-first on 1*g(s) + 5*h(s) where
    metric is  plan length

Cueing down from goal distance:   97 into depth [1]
                                  95            [1]
                                  94            [1]
                                  92            [1]
                                  86            [1]
                                  85            [1]
                                  84            [1]
                                  83            [1]
                                  81            [1]
                                  80            [1]
                                  79            [1]
                                  75            [1]
                                  74            [1]
                                  73            [1]
                                  72            [1]
                                  71            [1]
                                  70            [1]
                                  69            [1]
                                  68            [1]
                                  67            [1]
                                  66            [1]
                                  65            [1]
                                  64            [1]
                                  63            [1]
                                  62            [1]
                                  61            [1]
                                  60            [1]
                                  59            [1]
                                  58            [1]
                                  57            [1]
                                  56            [1]
                                  55            [1]
                                  54            [1][2]
                                  53            [1]
                                  52            [1]
                                  51            [1]
                                  50            [1]
                                  49            [1]
                                  48            [1]
                                  47            [1]
                                  46            [1]
                                  45            [1]
                                  44            [1]
                                  43            [1]
                                  42            [1]
                                  41            [1]
                                  40            [1]
                                  39            [1]
                                  38            [1]
                                  37            [1]
                                  36            [1]
                                  35            [1]
                                  34            [1]
                                  33            [1]
                                  32            [1][2][3][4][5]
                                  31            [1]
                                  30            [1]
                                  29            [1]
                                  28            [1]
                                  27            [1]
                                  26            [1]
                                  25            [1]
                                  24            [1]
                                  23            [1]
                                  22            [1][2][3][4][5][6]
                                  21            [1]
                                  20            [1]
                                  19            [1]
                                  18            [1]
                                  17            [1]
                                  16            [1]
                                  15            [1]
                                  14            [1]
                                  13            [1]
                                  12            [1]
                                  11            [1]
                                  10            [1]
                                   9            [1]
                                   8            [1]
                                   7            [1]
                                   6            [1]
                                   5            [1]
                                   4            [1]
                                   3            [1]
                                   2            [1]
                                   1            [1]
                                   0            

ff: found legal plan as follows

step    0: TURN_TO SATELLITE6 GROUNDSTATION8 STAR16
        1: TURN_TO SATELLITE2 STAR4 GROUNDSTATION8
        2: TURN_TO SATELLITE3 GROUNDSTATION3 STAR18
        3: TURN_TO SATELLITE13 STAR4 STAR19
        4: TURN_TO SATELLITE1 STAR9 STAR12
        5: TURN_TO SATELLITE6 GROUNDSTATION5 GROUNDSTATION8
        6: TURN_TO SATELLITE3 GROUNDSTATION0 GROUNDSTATION3
        7: SWITCH_ON INSTRUMENT6 SATELLITE2
        8: CALIBRATE SATELLITE2 INSTRUMENT6 STAR4
        9: TURN_TO SATELLITE2 PLANET14 STAR4
       10: SWITCH_ON INSTRUMENT4 SATELLITE1
       11: CALIBRATE SATELLITE1 INSTRUMENT4 STAR9
       12: TURN_TO SATELLITE1 STAR18 STAR9
       13: SWITCH_ON INSTRUMENT1 SATELLITE0
       14: TURN_TO SATELLITE4 GROUNDSTATION5 PLANET20
       15: TURN_TO SATELLITE8 STAR12 PLANET23
       16: TURN_TO SATELLITE11 STAR13 STAR12
       17: TURN_TO SATELLITE12 GROUNDSTATION2 PLANET23
       18: TAKE_IMAGE SATELLITE2 PLANET14 INSTRUMENT6 INFRARED3
       19: TURN_TO SATELLITE2 STAR16 PLANET14
       20: TAKE_IMAGE SATELLITE2 STAR16 INSTRUMENT6 INFRARED8
       21: TURN_TO SATELLITE2 STAR18 STAR16
       22: TAKE_IMAGE SATELLITE2 STAR18 INSTRUMENT6 INFRARED3
       23: TURN_TO SATELLITE2 PLANET23 STAR18
       24: TAKE_IMAGE SATELLITE1 STAR18 INSTRUMENT4 IMAGE7
       25: TURN_TO SATELLITE1 PLANET20 STAR18
       26: TAKE_IMAGE SATELLITE1 PLANET20 INSTRUMENT4 IMAGE7
       27: TURN_TO SATELLITE1 PHENOMENON21 PLANET20
       28: TAKE_IMAGE SATELLITE1 PHENOMENON21 INSTRUMENT4 IMAGE7
       29: TURN_TO SATELLITE1 PLANET23 PHENOMENON21
       30: TAKE_IMAGE SATELLITE2 PLANET23 INSTRUMENT6 INFRARED3
       31: TAKE_IMAGE SATELLITE1 PLANET23 INSTRUMENT4 IMAGE7
       32: TURN_TO SATELLITE0 GROUNDSTATION8 STAR15
       33: CALIBRATE SATELLITE0 INSTRUMENT1 GROUNDSTATION8
       34: TURN_TO SATELLITE0 STAR15 GROUNDSTATION8
       35: SWITCH_ON INSTRUMENT28 SATELLITE6
       36: CALIBRATE SATELLITE6 INSTRUMENT28 GROUNDSTATION5
       37: TURN_TO SATELLITE6 STAR16 GROUNDSTATION5
       38: TAKE_IMAGE SATELLITE0 STAR15 INSTRUMENT1 SPECTROGRAPH0
       39: TURN_TO SATELLITE0 STAR16 STAR15
       40: TAKE_IMAGE SATELLITE0 STAR16 INSTRUMENT1 IMAGE9
       41: TURN_TO SATELLITE0 STAR17 STAR16
       42: TAKE_IMAGE SATELLITE6 STAR16 INSTRUMENT28 SPECTROGRAPH2
       43: TURN_TO SATELLITE6 STAR19 STAR16
       44: TAKE_IMAGE SATELLITE0 STAR17 INSTRUMENT1 IMAGE9
       45: TURN_TO SATELLITE0 PHENOMENON22 STAR17
       46: TAKE_IMAGE SATELLITE6 STAR19 INSTRUMENT28 THERMOGRAPH4
       47: TURN_TO SATELLITE6 STAR24 STAR19
       48: TAKE_IMAGE SATELLITE0 PHENOMENON22 INSTRUMENT1 SPECTROGRAPH0
       49: TURN_TO SATELLITE0 STAR25 PHENOMENON22
       50: TAKE_IMAGE SATELLITE6 STAR24 INSTRUMENT28 THERMOGRAPH4
       51: TURN_TO SATELLITE6 PLANET26 STAR24
       52: TAKE_IMAGE SATELLITE0 STAR25 INSTRUMENT1 IMAGE9
       53: TURN_TO SATELLITE0 PLANET23 STAR25
       54: TAKE_IMAGE SATELLITE6 PLANET26 INSTRUMENT28 SPECTROGRAPH2
       55: TURN_TO SATELLITE3 GROUNDSTATION11 GROUNDSTATION0
       56: SWITCH_ON INSTRUMENT13 SATELLITE3
       57: TURN_TO SATELLITE4 GROUNDSTATION10 GROUNDSTATION5
       58: CALIBRATE SATELLITE3 INSTRUMENT13 GROUNDSTATION11
       59: TURN_TO SATELLITE3 PLANET14 GROUNDSTATION11
       60: TAKE_IMAGE SATELLITE3 PLANET14 INSTRUMENT13 SPECTROGRAPH6
       61: TURN_TO SATELLITE3 STAR15 PLANET14
       62: TAKE_IMAGE SATELLITE3 STAR15 INSTRUMENT13 SPECTROGRAPH6
       63: TURN_TO SATELLITE3 PHENOMENON22 STAR15
       64: TAKE_IMAGE SATELLITE3 PHENOMENON22 INSTRUMENT13 THERMOGRAPH12
       65: TURN_TO SATELLITE3 STAR24 PHENOMENON22
       66: TAKE_IMAGE SATELLITE3 STAR24 INSTRUMENT13 THERMOGRAPH12
       67: TURN_TO SATELLITE3 PLANET26 STAR24
       68: TAKE_IMAGE SATELLITE3 PLANET26 INSTRUMENT13 SPECTROGRAPH6
       69: TURN_TO SATELLITE4 STAR12 GROUNDSTATION10
       70: SWITCH_ON INSTRUMENT20 SATELLITE4
       71: TURN_TO SATELLITE5 STAR1 PHENOMENON21
       72: TURN_TO SATELLITE7 STAR13 STAR4
       73: CALIBRATE SATELLITE4 INSTRUMENT20 STAR12
       74: TURN_TO SATELLITE4 STAR19 STAR12
       75: SWITCH_ON INSTRUMENT24 SATELLITE5
       76: CALIBRATE SATELLITE5 INSTRUMENT24 STAR1
       77: TURN_TO SATELLITE5 STAR16 STAR1
       78: SWITCH_ON INSTRUMENT32 SATELLITE7
       79: CALIBRATE SATELLITE7 INSTRUMENT32 STAR13
       80: TURN_TO SATELLITE7 STAR19 STAR13
       81: TAKE_IMAGE SATELLITE5 STAR16 INSTRUMENT24 INFRARED11
       82: TURN_TO SATELLITE5 STAR19 STAR16
       83: TAKE_IMAGE SATELLITE5 STAR19 INSTRUMENT24 INFRARED11
       84: TAKE_IMAGE SATELLITE7 STAR19 INSTRUMENT32 INFRARED10
       85: TURN_TO SATELLITE7 STAR27 STAR19
       86: TAKE_IMAGE SATELLITE4 STAR19 INSTRUMENT20 THERMOGRAPH13
       87: TURN_TO SATELLITE4 PHENOMENON22 STAR19
       88: TAKE_IMAGE SATELLITE4 PHENOMENON22 INSTRUMENT20 SPECTROGRAPH1
       89: TURN_TO SATELLITE4 STAR25 PHENOMENON22
       90: TAKE_IMAGE SATELLITE4 STAR25 INSTRUMENT20 SPECTROGRAPH1
       91: TURN_TO SATELLITE4 STAR27 STAR25
       92: TAKE_IMAGE SATELLITE7 STAR27 INSTRUMENT32 INFRARED10
       93: TAKE_IMAGE SATELLITE4 STAR27 INSTRUMENT20 SPECTROGRAPH1
       94: TAKE_IMAGE SATELLITE4 STAR27 INSTRUMENT20 THERMOGRAPH13
       95: TURN_TO SATELLITE4 GROUNDSTATION5 STAR27
     

time spent:    0.00 seconds instantiating 17449 easy, 0 hard action templates
               0.00 seconds reachability analysis, yielding 998 facts and 17449 actions
               0.00 seconds creating final representation with 998 relevant facts, 0 relevant fluents
               0.04 seconds computing LNF
               0.00 seconds building connectivity graph
               9.24 seconds searching, evaluating 17134 states, to a max depth of 6
               9.28 seconds total time

