
ff: parsing domain file
domain 'SATELLITE' defined
 ... done.
ff: parsing problem file
problem 'STRIPS-SAT-X-1' defined
 ... done.


no metric specified. plan length assumed.

checking for cyclic := effects --- OK.

ff: search configuration is EHC, if that fails then  best-first on 1*g(s) + 5*h(s) where
    metric is  plan length

Cueing down from goal distance:   90 into depth [1]
                                  89            [1]
                                  87            [1]
                                  85            [1]
                                  84            [1]
                                  82            [1]
                                  81            [1]
                                  80            [1]
                                  78            [1]
                                  77            [1]
                                  76            [1]
                                  73            [1]
                                  72            [1]
                                  71            [1]
                                  70            [1]
                                  69            [1]
                                  68            [1]
                                  67            [1]
                                  66            [1]
                                  65            [1]
                                  64            [1]
                                  63            [1]
                                  62            [1]
                                  61            [1]
                                  60            [1]
                                  59            [1]
                                  58            [1]
                                  57            [1]
                                  56            [1]
                                  55            [1]
                                  54            [1][2]
                                  53            [1]
                                  52            [1]
                                  51            [1]
                                  50            [1]
                                  49            [1]
                                  48            [1]
                                  47            [1]
                                  46            [1]
                                  45            [1]
                                  44            [1][2][3][4]
                                  43            [1]
                                  42            [1]
                                  41            [1]
                                  40            [1]
                                  39            [1]
                                  38            [1]
                                  37            [1]
                                  36            [1]
                                  35            [1]
                                  34            [1]
                                  33            [1]
                                  32            [1]
                                  31            [1]
                                  30            [1]
                                  29            [1]
                                  28            [1][2]
                                  27            [1]
                                  26            [1]
                                  25            [1]
                                  24            [1]
                                  23            [1]
                                  22            [1]
                                  21            [1]
                                  20            [1]
                                  19            [1]
                                  18            [1]
                                  17            [1]
                                  16            [1]
                                  15            [1]
                                  14            [1][2]
                                  13            [1]
                                  12            [1]
                                  11            [1]
                                  10            [1]
                                   9            [1]
                                   8            [1]
                                   7            [1]
                                   6            [1]
                                   5            [1]
                                   4            [1]
                                   3            [1]
                                   2            [1]
                                   1            [1]
                                   0            

ff: found legal plan as follows

step    0: TURN_TO SATELLITE3 GROUNDSTATION13 STAR11
        1: TURN_TO SATELLITE10 STAR3 PHENOMENON20
        2: TURN_TO SATELLITE0 STAR10 PHENOMENON20
        3: TURN_TO SATELLITE2 GROUNDSTATION4 PHENOMENON18
        4: TURN_TO SATELLITE11 STAR1 PLANET23
        5: TURN_TO SATELLITE5 STAR10 PHENOMENON15
        6: TURN_TO SATELLITE5 PLANET17 STAR10
        7: SWITCH_ON INSTRUMENT14 SATELLITE2
        8: CALIBRATE SATELLITE2 INSTRUMENT14 GROUNDSTATION4
        9: TURN_TO SATELLITE2 PLANET14 GROUNDSTATION4
       10: SWITCH_ON INSTRUMENT19 SATELLITE3
       11: CALIBRATE SATELLITE3 INSTRUMENT19 GROUNDSTATION13
       12: TURN_TO SATELLITE3 PLANET17 GROUNDSTATION13
       13: SWITCH_ON INSTRUMENT25 SATELLITE5
       14: TURN_TO SATELLITE1 GROUNDSTATION13 STAR2
       15: TURN_TO SATELLITE4 STAR10 STAR6
       16: TAKE_IMAGE SATELLITE2 PLANET14 INSTRUMENT14 SPECTROGRAPH13
       17: TURN_TO SATELLITE2 PHENOMENON15 PLANET14
       18: TAKE_IMAGE SATELLITE2 PHENOMENON15 INSTRUMENT14 IMAGE3
       19: TURN_TO SATELLITE2 PHENOMENON18 PHENOMENON15
       20: TAKE_IMAGE SATELLITE3 PLANET17 INSTRUMENT19 THERMOGRAPH7
       21: TURN_TO SATELLITE3 PHENOMENON22 PLANET17
       22: TAKE_IMAGE SATELLITE2 PHENOMENON18 INSTRUMENT14 SPECTROGRAPH1
       23: TURN_TO SATELLITE2 PLANET24 PHENOMENON18
       24: TAKE_IMAGE SATELLITE3 PHENOMENON22 INSTRUMENT19 THERMOGRAPH7
       25: TAKE_IMAGE SATELLITE2 PLANET24 INSTRUMENT14 SPECTROGRAPH1
       26: TAKE_IMAGE SATELLITE2 PLANET24 INSTRUMENT14 SPECTROGRAPH13
       27: TURN_TO SATELLITE2 PLANET26 PLANET24
       28: TAKE_IMAGE SATELLITE2 PLANET26 INSTRUMENT14 SPECTROGRAPH13
       29: TURN_TO SATELLITE2 STAR0 PLANET26
       30: TURN_TO SATELLITE5 STAR10 PLANET17
       31: CALIBRATE SATELLITE5 INSTRUMENT25 STAR10
       32: TURN_TO SATELLITE5 PLANET14 STAR10
       33: TAKE_IMAGE SATELLITE5 PLANET14 INSTRUMENT25 THERMOGRAPH2
       34: TURN_TO SATELLITE5 PLANET17 PLANET14
       35: TAKE_IMAGE SATELLITE5 PLANET17 INSTRUMENT25 THERMOGRAPH2
       36: TAKE_IMAGE SATELLITE5 PLANET17 INSTRUMENT25 INFRARED6
       37: TURN_TO SATELLITE5 PHENOMENON20 PLANET17
       38: TAKE_IMAGE SATELLITE5 PHENOMENON20 INSTRUMENT25 INFRARED6
       39: TURN_TO SATELLITE5 PLANET26 PHENOMENON20
       40: TAKE_IMAGE SATELLITE5 PLANET26 INSTRUMENT25 INFRARED6
       41: TURN_TO SATELLITE0 STAR11 STAR10
       42: SWITCH_ON INSTRUMENT4 SATELLITE0
       43: CALIBRATE SATELLITE0 INSTRUMENT4 STAR11
       44: SWITCH_ON INSTRUMENT11 SATELLITE1
       45: TURN_TO SATELLITE0 PLANET14 STAR11
       46: CALIBRATE SATELLITE1 INSTRUMENT11 GROUNDSTATION13
       47: TURN_TO SATELLITE8 PHENOMENON20 GROUNDSTATION13
       48: TAKE_IMAGE SATELLITE0 PLANET14 INSTRUMENT4 IMAGE12
       49: TURN_TO SATELLITE0 PHENOMENON16 PLANET14
       50: TAKE_IMAGE SATELLITE0 PHENOMENON16 INSTRUMENT4 IMAGE12
       51: TAKE_IMAGE SATELLITE0 PHENOMENON16 INSTRUMENT4 INFRARED9
       52: TURN_TO SATELLITE0 PHENOMENON19 PHENOMENON16
       53: TAKE_IMAGE SATELLITE0 PHENOMENON19 INSTRUMENT4 IMAGE12
       54: TURN_TO SATELLITE0 PHENOMENON20 PHENOMENON19
       55: TAKE_IMAGE SATELLITE0 PHENOMENON20 INSTRUMENT4 INFRARED9
       56: TAKE_IMAGE SATELLITE0 PHENOMENON20 INSTRUMENT4 IMAGE12
       57: TURN_TO SATELLITE0 PLANET25 PHENOMENON20
       58: TAKE_IMAGE SATELLITE0 PLANET25 INSTRUMENT4 INFRARED9
       59: TURN_TO SATELLITE0 STAR2 PLANET25
       60: TURN_TO SATELLITE1 PLANET14 GROUNDSTATION13
       61: TAKE_IMAGE SATELLITE1 PLANET14 INSTRUMENT11 THERMOGRAPH4
       62: TURN_TO SATELLITE1 PHENOMENON19 PLANET14
       63: TAKE_IMAGE SATELLITE1 PHENOMENON19 INSTRUMENT11 SPECTROGRAPH8
       64: TAKE_IMAGE SATELLITE1 PHENOMENON19 INSTRUMENT11 SPECTROGRAPH0
       65: TURN_TO SATELLITE1 PLANET23 PHENOMENON19
       66: TAKE_IMAGE SATELLITE1 PLANET23 INSTRUMENT11 SPECTROGRAPH8
       67: TURN_TO SATELLITE1 PLANET24 PLANET23
       68: TAKE_IMAGE SATELLITE1 PLANET24 INSTRUMENT11 SPECTROGRAPH0
       69: TAKE_IMAGE SATELLITE1 PLANET24 INSTRUMENT11 SPECTROGRAPH8
       70: TURN_TO SATELLITE1 PLANET25 PLANET24
       71: TAKE_IMAGE SATELLITE1 PLANET25 INSTRUMENT11 SPECTROGRAPH0
       72: TURN_TO SATELLITE1 PLANET26 PLANET25
       73: TAKE_IMAGE SATELLITE1 PLANET26 INSTRUMENT11 THERMOGRAPH4
       74: TURN_TO SATELLITE1 GROUNDSTATION13 PLANET26
       75: SWITCH_ON INSTRUMENT27 SATELLITE6
       76: TURN_TO SATELLITE7 STAR9 STAR0
       77: CALIBRATE SATELLITE6 INSTRUMENT27 STAR6
       78: TURN_TO SATELLITE6 STAR21 STAR6
       79: SWITCH_ON INSTRUMENT43 SATELLITE7
       80: CALIBRATE SATELLITE7 INSTRUMENT43 STAR9
       81: TURN_TO SATELLITE7 PHENOMENON20 STAR9
       82: TAKE_IMAGE SATELLITE7 PHENOMENON20 INSTRUMENT43 SPECTROGRAPH5
       83: TURN_TO SATELLITE7 STAR21 PHENOMENON20
       84: TAKE_IMAGE SATELLITE7 STAR21 INSTRUMENT43 SPECTROGRAPH5
       85: TURN_TO SATELLITE7 PHENOMENON22 STAR21
       86: TAKE_IMAGE SATELLITE6 STAR21 INSTRUMENT27 INFRARED10
       87: TURN_TO SATELLITE6 PLANET27 STAR21
       88: TAKE_IMAGE SATELLITE7 PHENOMENON22 INSTRUMENT43 SPECTROGRAPH5
       89: TAKE_IMAGE SATELLITE6 PLANET27 INSTRUMENT27 INFRARED10
     

time spent:    0.00 seconds instantiating 16720 easy, 0 hard action templates
               0.00 seconds reachability analysis, yielding 994 facts and 16720 actions
               0.00 seconds creating final representation with 994 relevant facts, 0 relevant fluents
               0.02 seconds computing LNF
               0.01 seconds building connectivity graph
               2.40 seconds searching, evaluating 4436 states, to a max depth of 4
               2.43 seconds total time

