
ff: parsing domain file
domain 'SATELLITE' defined
 ... done.
ff: parsing problem file
problem 'STRIPS-SAT-X-1' defined
 ... done.


no metric specified. plan length assumed.

checking for cyclic := effects --- OK.

ff: search configuration is EHC, if that fails then  best-first on 1*g(s) + 5*h(s) where
    metric is  plan length

Cueing down from goal distance:   79 into depth [1]
                                  77            [1]
                                  75            [1]
                                  74            [1]
                                  72            [1]
                                  71            [1][2]
                                  70            [1][2]
                                  69            [1][2]
                                  68            [1]
                                  67            [1]
                                  66            [1]
                                  65            [1]
                                  64            [1]
                                  63            [1]
                                  62            [1]
                                  61            [1]
                                  60            [1]
                                  59            [1]
                                  58            [1][2]
                                  57            [1]
                                  56            [1]
                                  55            [1]
                                  53            [1]
                                  52            [1]
                                  51            [1]
                                  50            [1]
                                  49            [1]
                                  48            [1]
                                  47            [1]
                                  46            [1]
                                  45            [1]
                                  44            [1]
                                  43            [1]
                                  42            [1]
                                  41            [1]
                                  40            [1]
                                  39            [1]
                                  38            [1][2][3][4]
                                  34            [1]
                                  33            [1]
                                  32            [1]
                                  31            [1]
                                  30            [1]
                                  29            [1]
                                  28            [1]
                                  27            [1]
                                  26            [1]
                                  25            [1]
                                  24            [1][2]
                                  23            [1]
                                  22            [1]
                                  21            [1]
                                  20            [1]
                                  19            [1]
                                  18            [1]
                                  17            [1]
                                  16            [1]
                                  15            [1]
                                  14            [1][2]
                                  13            [1]
                                  12            [1]
                                  11            [1]
                                  10            [1]
                                   9            [1]
                                   8            [1]
                                   7            [1]
                                   6            [1]
                                   5            [1]
                                   4            [1]
                                   3            [1]
                                   2            [1]
                                   1            [1]
                                   0            

ff: found legal plan as follows

step    0: TURN_TO SATELLITE2 GROUNDSTATION4 STAR17
        1: TURN_TO SATELLITE6 STAR7 PHENOMENON20
        2: TURN_TO SATELLITE1 GROUNDSTATION10 PHENOMENON27
        3: TURN_TO SATELLITE0 GROUNDSTATION1 STAR7
        4: TURN_TO SATELLITE12 STAR9 GROUNDSTATION4
        5: TURN_TO SATELLITE1 STAR14 GROUNDSTATION10
        6: TURN_TO SATELLITE6 STAR14 STAR7
        7: TURN_TO SATELLITE1 GROUNDSTATION10 STAR14
        8: SWITCH_ON INSTRUMENT48 SATELLITE6
        9: TURN_TO SATELLITE6 GROUNDSTATION8 STAR14
       10: CALIBRATE SATELLITE6 INSTRUMENT48 GROUNDSTATION8
       11: TURN_TO SATELLITE6 PLANET15 GROUNDSTATION8
       12: TAKE_IMAGE SATELLITE6 PLANET15 INSTRUMENT48 INFRARED12
       13: TAKE_IMAGE SATELLITE6 PLANET15 INSTRUMENT48 IMAGE11
       14: TAKE_IMAGE SATELLITE6 PLANET15 INSTRUMENT48 INFRARED9
       15: TURN_TO SATELLITE6 PHENOMENON21 PLANET15
       16: TAKE_IMAGE SATELLITE6 PHENOMENON21 INSTRUMENT48 INFRARED9
       17: TURN_TO SATELLITE6 PHENOMENON24 PHENOMENON21
       18: TAKE_IMAGE SATELLITE6 PHENOMENON24 INSTRUMENT48 IMAGE11
       19: TURN_TO SATELLITE6 STAR14 PHENOMENON24
       20: TAKE_IMAGE SATELLITE6 STAR14 INSTRUMENT48 IMAGE11
       21: SWITCH_ON INSTRUMENT12 SATELLITE1
       22: TURN_TO SATELLITE2 STAR12 GROUNDSTATION4
       23: CALIBRATE SATELLITE1 INSTRUMENT12 GROUNDSTATION10
       24: TURN_TO SATELLITE1 STAR16 GROUNDSTATION10
       25: SWITCH_ON INSTRUMENT2 SATELLITE0
       26: CALIBRATE SATELLITE0 INSTRUMENT2 GROUNDSTATION1
       27: TURN_TO SATELLITE0 PHENOMENON20 GROUNDSTATION1
       28: TURN_TO SATELLITE7 PHENOMENON20 STAR5
       29: TAKE_IMAGE SATELLITE1 STAR16 INSTRUMENT12 SPECTROGRAPH0
       30: TURN_TO SATELLITE1 PHENOMENON19 STAR16
       31: TAKE_IMAGE SATELLITE1 PHENOMENON19 INSTRUMENT12 IMAGE10
       32: TURN_TO SATELLITE1 PHENOMENON21 PHENOMENON19
       33: TAKE_IMAGE SATELLITE0 PHENOMENON20 INSTRUMENT2 INFRARED4
       34: TURN_TO SATELLITE0 PHENOMENON23 PHENOMENON20
       35: TAKE_IMAGE SATELLITE1 PHENOMENON21 INSTRUMENT12 SPECTROGRAPH0
       36: TAKE_IMAGE SATELLITE0 PHENOMENON23 INSTRUMENT2 INFRARED5
       37: TURN_TO SATELLITE0 PHENOMENON24 PHENOMENON23
       38: TAKE_IMAGE SATELLITE0 PHENOMENON24 INSTRUMENT2 INFRARED5
       39: TURN_TO SATELLITE0 PLANET15 PHENOMENON24
       40: TAKE_IMAGE SATELLITE0 PLANET15 INSTRUMENT2 INFRARED4
       41: SWITCH_ON INSTRUMENT16 SATELLITE2
       42: TURN_TO SATELLITE4 STAR16 STAR9
       43: SWITCH_ON INSTRUMENT34 SATELLITE4
       44: SWITCH_ON INSTRUMENT58 SATELLITE7
       45: CALIBRATE SATELLITE2 INSTRUMENT16 STAR12
       46: TURN_TO SATELLITE2 STAR14 STAR12
       47: TAKE_IMAGE SATELLITE2 STAR14 INSTRUMENT16 SPECTROGRAPH8
       48: TURN_TO SATELLITE2 PHENOMENON21 STAR14
       49: TAKE_IMAGE SATELLITE2 PHENOMENON21 INSTRUMENT16 INFRARED3
       50: TURN_TO SATELLITE2 PHENOMENON24 PHENOMENON21
       51: TAKE_IMAGE SATELLITE2 PHENOMENON24 INSTRUMENT16 SPECTROGRAPH13
       52: TAKE_IMAGE SATELLITE2 PHENOMENON24 INSTRUMENT16 SPECTROGRAPH8
       53: TURN_TO SATELLITE2 STAR25 PHENOMENON24
       54: TAKE_IMAGE SATELLITE2 STAR25 INSTRUMENT16 SPECTROGRAPH8
       55: TURN_TO SATELLITE4 STAR2 STAR16
       56: CALIBRATE SATELLITE4 INSTRUMENT34 STAR2
       57: TURN_TO SATELLITE4 STAR16 STAR2
       58: TAKE_IMAGE SATELLITE4 STAR16 INSTRUMENT34 INFRARED7
       59: TAKE_IMAGE SATELLITE4 STAR16 INSTRUMENT34 SPECTROGRAPH1
       60: TURN_TO SATELLITE4 STAR17 STAR16
       61: TAKE_IMAGE SATELLITE4 STAR17 INSTRUMENT34 INFRARED7
       62: TURN_TO SATELLITE4 PHENOMENON19 STAR17
       63: TAKE_IMAGE SATELLITE4 PHENOMENON19 INSTRUMENT34 INFRARED7
       64: TURN_TO SATELLITE4 PHENOMENON21 PHENOMENON19
       65: TAKE_IMAGE SATELLITE4 PHENOMENON21 INSTRUMENT34 SPECTROGRAPH1
       66: TURN_TO SATELLITE7 GROUNDSTATION3 PHENOMENON20
       67: CALIBRATE SATELLITE7 INSTRUMENT58 GROUNDSTATION3
       68: TURN_TO SATELLITE7 PLANET18 GROUNDSTATION3
       69: TAKE_IMAGE SATELLITE7 PLANET18 INSTRUMENT58 THERMOGRAPH2
       70: TURN_TO SATELLITE7 PHENOMENON19 PLANET18
       71: TAKE_IMAGE SATELLITE7 PHENOMENON19 INSTRUMENT58 SPECTROGRAPH6
       72: TAKE_IMAGE SATELLITE7 PHENOMENON19 INSTRUMENT58 THERMOGRAPH2
       73: TURN_TO SATELLITE7 PHENOMENON23 PHENOMENON19
       74: TAKE_IMAGE SATELLITE7 PHENOMENON23 INSTRUMENT58 SPECTROGRAPH6
       75: TURN_TO SATELLITE7 STAR25 PHENOMENON23
       76: TAKE_IMAGE SATELLITE7 STAR25 INSTRUMENT58 THERMOGRAPH2
       77: TAKE_IMAGE SATELLITE7 STAR25 INSTRUMENT58 SPECTROGRAPH6
       78: TURN_TO SATELLITE7 STAR26 STAR25
       79: TAKE_IMAGE SATELLITE7 STAR26 INSTRUMENT58 THERMOGRAPH2
       80: TURN_TO SATELLITE7 PHENOMENON20 STAR26
     

time spent:    0.00 seconds instantiating 18942 easy, 0 hard action templates
               0.00 seconds reachability analysis, yielding 1052 facts and 18942 actions
               0.00 seconds creating final representation with 1052 relevant facts, 0 relevant fluents
               0.02 seconds computing LNF
               0.02 seconds building connectivity graph
               9.07 seconds searching, evaluating 14602 states, to a max depth of 4
               9.11 seconds total time

