
ff: parsing domain file
domain 'SATELLITE' defined
 ... done.
ff: parsing problem file
problem 'STRIPS-SAT-X-1' defined
 ... done.


no metric specified. plan length assumed.

checking for cyclic := effects --- OK.

ff: search configuration is EHC, if that fails then  best-first on 1*g(s) + 5*h(s) where
    metric is  plan length

Cueing down from goal distance:   20 into depth [1]
                                  18            [1]
                                  17            [1]
                                  16            [1]
                                  15            [1]
                                  14            [1]
                                  13            [1]
                                  12            [1]
                                  11            [1]
                                  10            [1]
                                   9            [1]
                                   8            [1]
                                   7            [1]
                                   6            [1]
                                   5            [1]
                                   4            [1][2]
                                   3            [1]
                                   2            [1]
                                   1            [1]
                                   0            

ff: found legal plan as follows

step    0: TURN_TO SATELLITE1 GROUNDSTATION2 PHENOMENON7
        1: TURN_TO SATELLITE0 STAR1 GROUNDSTATION2
        2: SWITCH_ON INSTRUMENT0 SATELLITE0
        3: CALIBRATE SATELLITE0 INSTRUMENT0 STAR1
        4: TURN_TO SATELLITE0 STAR5 STAR1
        5: SWITCH_ON INSTRUMENT12 SATELLITE4
        6: TURN_TO SATELLITE1 STAR1 GROUNDSTATION2
        7: TURN_TO SATELLITE2 STAR0 STAR1
        8: TAKE_IMAGE SATELLITE0 STAR5 INSTRUMENT0 INFRARED4
        9: TURN_TO SATELLITE0 STAR6 STAR5
       10: TAKE_IMAGE SATELLITE0 STAR6 INSTRUMENT0 THERMOGRAPH2
       11: TURN_TO SATELLITE0 PHENOMENON7 STAR6
       12: TAKE_IMAGE SATELLITE0 PHENOMENON7 INSTRUMENT0 IMAGE1
       13: TURN_TO SATELLITE0 PHENOMENON8 PHENOMENON7
       14: TAKE_IMAGE SATELLITE0 PHENOMENON8 INSTRUMENT0 THERMOGRAPH2
       15: TURN_TO SATELLITE4 STAR1 PHENOMENON9
       16: CALIBRATE SATELLITE4 INSTRUMENT12 STAR1
       17: TURN_TO SATELLITE4 PHENOMENON9 STAR1
       18: TAKE_IMAGE SATELLITE4 PHENOMENON9 INSTRUMENT12 SPECTROGRAPH3
       19: TURN_TO SATELLITE4 PHENOMENON8 PHENOMENON9
     

time spent:    0.00 seconds instantiating 901 easy, 0 hard action templates
               0.00 seconds reachability analysis, yielding 139 facts and 901 actions
               0.00 seconds creating final representation with 139 relevant facts, 0 relevant fluents
               0.00 seconds computing LNF
               0.00 seconds building connectivity graph
               0.00 seconds searching, evaluating 61 states, to a max depth of 2
               0.00 seconds total time

