
ff: parsing domain file
domain 'SATELLITE' defined
 ... done.
ff: parsing problem file
problem 'STRIPS-SAT-X-1' defined
 ... done.


no metric specified. plan length assumed.

checking for cyclic := effects --- OK.

ff: search configuration is EHC, if that fails then  best-first on 1*g(s) + 5*h(s) where
    metric is  plan length

Cueing down from goal distance:   18 into depth [1]
                                  16            [1]
                                  15            [1]
                                  14            [1]
                                  13            [1][2]
                                  12            [1]
                                  11            [1]
                                  10            [1]
                                   9            [1]
                                   8            [1]
                                   7            [1][2]
                                   6            [1][2]
                                   5            [1]
                                   4            [1]
                                   3            [1]
                                   2            [1]
                                   1            [1]
                                   0            

ff: found legal plan as follows

step    0: TURN_TO SATELLITE3 GROUNDSTATION4 PHENOMENON6
        1: SWITCH_ON INSTRUMENT2 SATELLITE1
        2: SWITCH_ON INSTRUMENT0 SATELLITE0
        3: TURN_TO SATELLITE3 STAR2 GROUNDSTATION4
        4: TURN_TO SATELLITE0 GROUNDSTATION3 STAR7
        5: CALIBRATE SATELLITE0 INSTRUMENT0 GROUNDSTATION3
        6: TURN_TO SATELLITE0 PHENOMENON6 GROUNDSTATION3
        7: TAKE_IMAGE SATELLITE0 PHENOMENON6 INSTRUMENT0 INFRARED3
        8: TURN_TO SATELLITE0 STAR9 PHENOMENON6
        9: TAKE_IMAGE SATELLITE0 STAR9 INSTRUMENT0 INFRARED0
       10: TURN_TO SATELLITE0 STAR7 STAR9
       11: TURN_TO SATELLITE1 GROUNDSTATION4 PHENOMENON5
       12: CALIBRATE SATELLITE1 INSTRUMENT2 GROUNDSTATION4
       13: TURN_TO SATELLITE1 PHENOMENON5 GROUNDSTATION4
       14: TAKE_IMAGE SATELLITE1 PHENOMENON5 INSTRUMENT2 IMAGE2
       15: TURN_TO SATELLITE1 STAR7 PHENOMENON5
       16: TAKE_IMAGE SATELLITE1 STAR7 INSTRUMENT2 IMAGE2
       17: TURN_TO SATELLITE1 STAR8 STAR7
       18: TAKE_IMAGE SATELLITE1 STAR8 INSTRUMENT2 IMAGE2
       19: TURN_TO SATELLITE1 GROUNDSTATION4 STAR8
     

time spent:    0.00 seconds instantiating 918 easy, 0 hard action templates
               0.00 seconds reachability analysis, yielding 137 facts and 918 actions
               0.00 seconds creating final representation with 137 relevant facts, 0 relevant fluents
               0.00 seconds computing LNF
               0.00 seconds building connectivity graph
               0.00 seconds searching, evaluating 57 states, to a max depth of 2
               0.00 seconds total time

