
ff: parsing domain file
domain 'SATELLITE' defined
 ... done.
ff: parsing problem file
problem 'STRIPS-SAT-X-1' defined
 ... done.


no metric specified. plan length assumed.

checking for cyclic := effects --- OK.

ff: search configuration is EHC, if that fails then  best-first on 1*g(s) + 5*h(s) where
    metric is  plan length

Cueing down from goal distance:   24 into depth [1]
                                  22            [1]
                                  21            [1]
                                  20            [1]
                                  18            [1]
                                  17            [1]
                                  16            [1]
                                  15            [1]
                                  14            [1]
                                  12            [1]
                                  11            [1]
                                  10            [1]
                                   9            [1]
                                   8            [1]
                                   7            [1]
                                   6            [1]
                                   5            [1]
                                   4            [1]
                                   3            [1]
                                   2            [1]
                                   1            [1]
                                   0            

ff: found legal plan as follows

step    0: TURN_TO SATELLITE1 STAR3 STAR5
        1: TURN_TO SATELLITE0 GROUNDSTATION1 STAR8
        2: TURN_TO SATELLITE1 GROUNDSTATION4 STAR3
        3: TURN_TO SATELLITE3 GROUNDSTATION1 PLANET9
        4: SWITCH_ON INSTRUMENT14 SATELLITE4
        5: SWITCH_ON INSTRUMENT0 SATELLITE0
        6: CALIBRATE SATELLITE0 INSTRUMENT0 GROUNDSTATION1
        7: TURN_TO SATELLITE0 STAR5 GROUNDSTATION1
        8: SWITCH_ON INSTRUMENT3 SATELLITE1
        9: CALIBRATE SATELLITE1 INSTRUMENT3 GROUNDSTATION4
       10: TURN_TO SATELLITE1 PHENOMENON6 GROUNDSTATION4
       11: TURN_TO SATELLITE2 STAR0 GROUNDSTATION4
       12: TAKE_IMAGE SATELLITE0 STAR5 INSTRUMENT0 SPECTROGRAPH3
       13: TURN_TO SATELLITE0 STAR7 STAR5
       14: TAKE_IMAGE SATELLITE1 PHENOMENON6 INSTRUMENT3 THERMOGRAPH1
       15: TURN_TO SATELLITE1 STAR8 PHENOMENON6
       16: TAKE_IMAGE SATELLITE0 STAR7 INSTRUMENT0 SPECTROGRAPH3
       17: TAKE_IMAGE SATELLITE1 STAR8 INSTRUMENT3 THERMOGRAPH4
       18: TURN_TO SATELLITE1 PLANET9 STAR8
       19: TAKE_IMAGE SATELLITE1 PLANET9 INSTRUMENT3 THERMOGRAPH4
       20: TURN_TO SATELLITE1 STAR2 PLANET9
     

time spent:    0.00 seconds instantiating 944 easy, 0 hard action templates
               0.00 seconds reachability analysis, yielding 141 facts and 944 actions
               0.00 seconds creating final representation with 141 relevant facts, 0 relevant fluents
               0.00 seconds computing LNF
               0.00 seconds building connectivity graph
               0.00 seconds searching, evaluating 54 states, to a max depth of 1
               0.00 seconds total time

