
ff: parsing domain file
domain 'SATELLITE' defined
 ... done.
ff: parsing problem file
problem 'STRIPS-SAT-X-1' defined
 ... done.


no metric specified. plan length assumed.

checking for cyclic := effects --- OK.

ff: search configuration is EHC, if that fails then  best-first on 1*g(s) + 5*h(s) where
    metric is  plan length

Cueing down from goal distance:   19 into depth [1]
                                  17            [1]
                                  16            [1]
                                  15            [1]
                                  14            [1]
                                  13            [1]
                                  12            [1]
                                  11            [1]
                                  10            [1]
                                   9            [1]
                                   8            [1]
                                   7            [1]
                                   6            [1]
                                   5            [1]
                                   4            [1]
                                   3            [1]
                                   2            [1]
                                   1            [1]
                                   0            

ff: found legal plan as follows

step    0: TURN_TO SATELLITE4 GROUNDSTATION0 PLANET8
        1: SWITCH_ON INSTRUMENT4 SATELLITE1
        2: TURN_TO SATELLITE1 STAR1 PHENOMENON6
        3: TURN_TO SATELLITE0 GROUNDSTATION0 STAR9
        4: CALIBRATE SATELLITE1 INSTRUMENT4 STAR1
        5: TURN_TO SATELLITE1 PHENOMENON6 STAR1
        6: SWITCH_ON INSTRUMENT0 SATELLITE0
        7: CALIBRATE SATELLITE0 INSTRUMENT0 GROUNDSTATION0
        8: TURN_TO SATELLITE0 PLANET5 GROUNDSTATION0
        9: TAKE_IMAGE SATELLITE0 PLANET5 INSTRUMENT0 SPECTROGRAPH0
       10: TURN_TO SATELLITE0 PLANET7 PLANET5
       11: TAKE_IMAGE SATELLITE1 PHENOMENON6 INSTRUMENT4 IMAGE4
       12: TURN_TO SATELLITE1 PLANET8 PHENOMENON6
       13: TAKE_IMAGE SATELLITE0 PLANET7 INSTRUMENT0 SPECTROGRAPH0
       14: TAKE_IMAGE SATELLITE1 PLANET8 INSTRUMENT4 INFRARED2
       15: TURN_TO SATELLITE1 STAR9 PLANET8
       16: TAKE_IMAGE SATELLITE1 STAR9 INSTRUMENT4 INFRARED2
       17: TURN_TO SATELLITE1 GROUNDSTATION0 STAR9
     

time spent:    0.00 seconds instantiating 891 easy, 0 hard action templates
               0.00 seconds reachability analysis, yielding 139 facts and 891 actions
               0.00 seconds creating final representation with 139 relevant facts, 0 relevant fluents
               0.00 seconds computing LNF
               0.00 seconds building connectivity graph
               0.00 seconds searching, evaluating 41 states, to a max depth of 1
               0.00 seconds total time

