
ff: parsing domain file
domain 'SATELLITE' defined
 ... done.
ff: parsing problem file
problem 'STRIPS-SAT-X-1' defined
 ... done.


no metric specified. plan length assumed.

checking for cyclic := effects --- OK.

ff: search configuration is EHC, if that fails then  best-first on 1*g(s) + 5*h(s) where
    metric is  plan length

Cueing down from goal distance:   23 into depth [1]
                                  21            [1]
                                  20            [1]
                                  16            [1]
                                  15            [1]
                                  14            [1]
                                  13            [1]
                                  12            [1]
                                  11            [1]
                                  10            [1]
                                   9            [1]
                                   8            [1]
                                   7            [1]
                                   6            [1]
                                   5            [1]
                                   4            [1]
                                   3            [1]
                                   2            [1]
                                   1            [1]
                                   0            

ff: found legal plan as follows

step    0: TURN_TO SATELLITE2 GROUNDSTATION0 PHENOMENON5
        1: TURN_TO SATELLITE0 GROUNDSTATION0 GROUNDSTATION3
        2: SWITCH_ON INSTRUMENT2 SATELLITE0
        3: CALIBRATE SATELLITE0 INSTRUMENT2 GROUNDSTATION0
        4: TURN_TO SATELLITE0 PHENOMENON5 GROUNDSTATION0
        5: SWITCH_ON INSTRUMENT5 SATELLITE1
        6: CALIBRATE SATELLITE1 INSTRUMENT5 GROUNDSTATION1
        7: TURN_TO SATELLITE1 PHENOMENON9 GROUNDSTATION1
        8: TURN_TO SATELLITE2 PHENOMENON9 GROUNDSTATION0
        9: TURN_TO SATELLITE3 GROUNDSTATION4 STAR2
       10: TAKE_IMAGE SATELLITE0 PHENOMENON5 INSTRUMENT2 INFRARED3
       11: TURN_TO SATELLITE0 PLANET6 PHENOMENON5
       12: TAKE_IMAGE SATELLITE0 PLANET6 INSTRUMENT2 INFRARED3
       13: TURN_TO SATELLITE0 PLANET7 PLANET6
       14: TAKE_IMAGE SATELLITE0 PLANET7 INSTRUMENT2 SPECTROGRAPH1
       15: TURN_TO SATELLITE0 PLANET8 PLANET7
       16: TAKE_IMAGE SATELLITE0 PLANET8 INSTRUMENT2 SPECTROGRAPH1
       17: TAKE_IMAGE SATELLITE1 PHENOMENON9 INSTRUMENT5 INFRARED4
       18: TURN_TO SATELLITE1 GROUNDSTATION3 PHENOMENON9
     

time spent:    0.00 seconds instantiating 888 easy, 0 hard action templates
               0.00 seconds reachability analysis, yielding 137 facts and 888 actions
               0.00 seconds creating final representation with 137 relevant facts, 0 relevant fluents
               0.00 seconds computing LNF
               0.00 seconds building connectivity graph
               0.00 seconds searching, evaluating 53 states, to a max depth of 1
               0.00 seconds total time

