
ff: parsing domain file
domain 'SATELLITE' defined
 ... done.
ff: parsing problem file
problem 'STRIPS-SAT-X-1' defined
 ... done.


no metric specified. plan length assumed.

checking for cyclic := effects --- OK.

ff: search configuration is EHC, if that fails then  best-first on 1*g(s) + 5*h(s) where
    metric is  plan length

Cueing down from goal distance:   15 into depth [1]
                                  14            [1][2]
                                  13            [1][2]
                                  12            [1][2]
                                  11            [1]
                                  10            [1]
                                   9            [1]
                                   8            [1]
                                   7            [1]
                                   6            [1]
                                   5            [1]
                                   4            [1][2]
                                   3            [1]
                                   2            [1]
                                   1            [1]
                                   0            

ff: found legal plan as follows

step    0: TURN_TO SATELLITE0 STAR2 GROUNDSTATION3
        1: TURN_TO SATELLITE0 PLANET7 STAR2
        2: TURN_TO SATELLITE4 PLANET7 GROUNDSTATION4
        3: SWITCH_ON INSTRUMENT1 SATELLITE0
        4: SWITCH_ON INSTRUMENT3 SATELLITE1
        5: TURN_TO SATELLITE0 STAR2 PLANET7
        6: CALIBRATE SATELLITE0 INSTRUMENT1 STAR2
        7: TURN_TO SATELLITE0 STAR5 STAR2
        8: TAKE_IMAGE SATELLITE0 STAR5 INSTRUMENT1 SPECTROGRAPH0
        9: TURN_TO SATELLITE0 PLANET7 STAR5
       10: TAKE_IMAGE SATELLITE0 PLANET7 INSTRUMENT1 IMAGE4
       11: TURN_TO SATELLITE0 PLANET8 PLANET7
       12: TAKE_IMAGE SATELLITE0 PLANET8 INSTRUMENT1 IMAGE4
       13: TURN_TO SATELLITE0 GROUNDSTATION4 PLANET8
       14: TURN_TO SATELLITE1 GROUNDSTATION1 GROUNDSTATION0
       15: CALIBRATE SATELLITE1 INSTRUMENT3 GROUNDSTATION1
       16: TURN_TO SATELLITE1 PLANET9 GROUNDSTATION1
       17: TAKE_IMAGE SATELLITE1 PLANET9 INSTRUMENT3 IMAGE3
       18: TURN_TO SATELLITE1 GROUNDSTATION0 PLANET9
     

time spent:    0.00 seconds instantiating 885 easy, 0 hard action templates
               0.00 seconds reachability analysis, yielding 135 facts and 885 actions
               0.00 seconds creating final representation with 135 relevant facts, 0 relevant fluents
               0.00 seconds computing LNF
               0.00 seconds building connectivity graph
               0.00 seconds searching, evaluating 73 states, to a max depth of 2
               0.00 seconds total time

