
ff: parsing domain file
domain 'SATELLITE' defined
 ... done.
ff: parsing problem file
problem 'STRIPS-SAT-X-1' defined
 ... done.


no metric specified. plan length assumed.

checking for cyclic := effects --- OK.

ff: search configuration is EHC, if that fails then  best-first on 1*g(s) + 5*h(s) where
    metric is  plan length

Cueing down from goal distance:   16 into depth [1]
                                  15            [1]
                                  14            [1]
                                  13            [1]
                                  12            [1]
                                  11            [1]
                                  10            [1]
                                   9            [1]
                                   8            [1]
                                   7            [1]
                                   6            [1]
                                   5            [1]
                                   4            [1]
                                   3            [1]
                                   2            [1]
                                   1            [1]
                                   0            

ff: found legal plan as follows

step    0: TURN_TO SATELLITE0 STAR3 STAR4
        1: TURN_TO SATELLITE1 STAR2 STAR0
        2: SWITCH_ON INSTRUMENT0 SATELLITE0
        3: CALIBRATE SATELLITE0 INSTRUMENT0 STAR3
        4: TURN_TO SATELLITE0 PHENOMENON5 STAR3
        5: SWITCH_ON INSTRUMENT4 SATELLITE1
        6: CALIBRATE SATELLITE1 INSTRUMENT4 STAR2
        7: TURN_TO SATELLITE1 PHENOMENON6 STAR2
        8: TURN_TO SATELLITE3 GROUNDSTATION1 PHENOMENON5
        9: TAKE_IMAGE SATELLITE0 PHENOMENON5 INSTRUMENT0 IMAGE0
       10: TURN_TO SATELLITE0 PHENOMENON6 PHENOMENON5
       11: TAKE_IMAGE SATELLITE1 PHENOMENON6 INSTRUMENT4 THERMOGRAPH3
       12: TURN_TO SATELLITE1 PHENOMENON8 PHENOMENON6
       13: TAKE_IMAGE SATELLITE1 PHENOMENON8 INSTRUMENT4 THERMOGRAPH3
       14: TURN_TO SATELLITE1 PLANET9 PHENOMENON8
       15: TAKE_IMAGE SATELLITE1 PLANET9 INSTRUMENT4 THERMOGRAPH3
     

time spent:    0.00 seconds instantiating 769 easy, 0 hard action templates
               0.00 seconds reachability analysis, yielding 131 facts and 769 actions
               0.00 seconds creating final representation with 131 relevant facts, 0 relevant fluents
               0.00 seconds computing LNF
               0.00 seconds building connectivity graph
               0.00 seconds searching, evaluating 32 states, to a max depth of 1
               0.00 seconds total time

