
ff: parsing domain file
domain 'SATELLITE' defined
 ... done.
ff: parsing problem file
problem 'STRIPS-SAT-X-1' defined
 ... done.


no metric specified. plan length assumed.

checking for cyclic := effects --- OK.

ff: search configuration is EHC, if that fails then  best-first on 1*g(s) + 5*h(s) where
    metric is  plan length

Cueing down from goal distance:   17 into depth [1]
                                  15            [1]
                                  14            [1]
                                  13            [1]
                                  12            [1]
                                  11            [1]
                                  10            [1]
                                   9            [1]
                                   8            [1]
                                   7            [1]
                                   6            [1][2]
                                   5            [1]
                                   4            [1]
                                   3            [1]
                                   2            [1]
                                   1            [1]
                                   0            

ff: found legal plan as follows

step    0: TURN_TO SATELLITE2 STAR0 STAR5
        1: TURN_TO SATELLITE0 GROUNDSTATION4 GROUNDSTATION2
        2: SWITCH_ON INSTRUMENT0 SATELLITE0
        3: CALIBRATE SATELLITE0 INSTRUMENT0 GROUNDSTATION4
        4: TURN_TO SATELLITE0 STAR7 GROUNDSTATION4
        5: SWITCH_ON INSTRUMENT2 SATELLITE1
        6: TAKE_IMAGE SATELLITE0 STAR7 INSTRUMENT0 THERMOGRAPH1
        7: TURN_TO SATELLITE0 PHENOMENON8 STAR7
        8: TAKE_IMAGE SATELLITE0 PHENOMENON8 INSTRUMENT0 INFRARED4
        9: TURN_TO SATELLITE0 PLANET9 PHENOMENON8
       10: TURN_TO SATELLITE1 GROUNDSTATION2 STAR3
       11: CALIBRATE SATELLITE1 INSTRUMENT2 GROUNDSTATION2
       12: TURN_TO SATELLITE1 STAR5 GROUNDSTATION2
       13: TAKE_IMAGE SATELLITE1 STAR5 INSTRUMENT2 INFRARED0
       14: TURN_TO SATELLITE1 PLANET9 STAR5
       15: TAKE_IMAGE SATELLITE1 PLANET9 INSTRUMENT2 INFRARED0
       16: TURN_TO SATELLITE1 STAR3 PLANET9
     

time spent:    0.00 seconds instantiating 829 easy, 0 hard action templates
               0.00 seconds reachability analysis, yielding 131 facts and 829 actions
               0.00 seconds creating final representation with 131 relevant facts, 0 relevant fluents
               0.00 seconds computing LNF
               0.00 seconds building connectivity graph
               0.00 seconds searching, evaluating 45 states, to a max depth of 2
               0.00 seconds total time

