
ff: parsing domain file
domain 'BLOCKS' defined
 ... done.
ff: parsing problem file
problem 'PB0' defined
 ... done.


no metric specified. plan length assumed.

checking for cyclic := effects --- OK.

ff: search configuration is EHC, if that fails then  best-first on 1*g(s) + 5*h(s) where
    metric is  plan length

Cueing down from goal distance:    6 into depth [1][2][3]
                                   5            [1]
                                   4            [1]
                                   3            [1]
                                   2            [1]
                                   1            [1]
                                   0            

ff: found legal plan as follows

step    0: UNSTACK BLOCK3 BLOCK1
        1: PUT-DOWN BLOCK3
        2: UNSTACK BLOCK1 BLOCK2
        3: PUT-DOWN BLOCK1
        4: PICK-UP BLOCK2
        5: STACK BLOCK2 BLOCK1
        6: PICK-UP BLOCK3
        7: STACK BLOCK3 BLOCK2
     

time spent:    0.00 seconds instantiating 24 easy, 0 hard action templates
               0.00 seconds reachability analysis, yielding 19 facts and 24 actions
               0.00 seconds creating final representation with 19 relevant facts, 0 relevant fluents
               0.00 seconds computing LNF
               0.00 seconds building connectivity graph
               0.00 seconds searching, evaluating 12 states, to a max depth of 3
               0.00 seconds total time

