
ff: parsing domain file
domain 'SATELLITE' defined
 ... done.
ff: parsing problem file
problem 'STRIPS-SAT-X-1' defined
 ... done.


no metric specified. plan length assumed.

checking for cyclic := effects --- OK.

ff: search configuration is EHC, if that fails then  best-first on 1*g(s) + 5*h(s) where
    metric is  plan length

Cueing down from goal distance:  211 into depth [1]
                                 208            [1]
                                 205            [1]
                                 196            [1]
                                 193            [1]
                                 192            [1]
                                 178            [1]
                                 166            [1]
                                 159            [1]
                                 158            [1]
                                 157            [1]
                                 156            [1]
                                 155            [1]
                                 154            [1]
                                 153            [1]
                                 152            [1]
                                 151            [1]
                                 149            [1]
                                 146            [1]
                                 145            [1]
                                 144            [1]
                                 143            [1]
                                 142            [1]
                                 141            [1]
                                 140            [1]
                                 139            [1]
                                 138            [1]
                                 137            [1]
                                 136            [1]
                                 135            [1]
                                 134            [1]
                                 133            [1]
                                 132            [1]
                                 131            [1]
                                 130            [1]
                                 129            [1]
                                 128            [1]
                                 127            [1]
                                 126            [1]
                                 125            [1]
                                 124            [1]
                                 123            [1]
                                 122            [1]
                                 121            [1]
                                 120            [1]
                                 119            [1]
                                 118            [1]
                                 117            [1][2]
                                 116            [1][2][3][4]