
ff: parsing domain file
domain 'SATELLITE' defined
 ... done.
ff: parsing problem file
problem 'STRIPS-SAT-X-1' defined
 ... done.


no metric specified. plan length assumed.

checking for cyclic := effects --- OK.

ff: search configuration is EHC, if that fails then  best-first on 1*g(s) + 5*h(s) where
    metric is  plan length

Cueing down from goal distance:  238 into depth [1]
                                 234            [1]
                                 232            [1]
                                 229            [1]
                                 225            [1]
                                 224            [1]
                                 219            [1]
                                 218            [1]
                                 208            [1]
                                 206            [1]
                                 199            [1]
                                 197            [1]
                                 196            [1]
                                 195            [1]
                                 186            [1]
                                 185            [1]
                                 184            [1]
                                 183            [1]
                                 180            [1]
                                 179            [1]
                                 178            [1]
                                 177            [1]
                                 176            [1]
                                 171            [1]
                                 170            [1]
                                 169            [1]
                                 168            [1]
                                 167            [1]
                                 166            [1]
                                 165            [1]
                                 164            [1]
                                 163            [1]
                                 162            [1]
                                 161            [1]
                                 160            [1]
                                 159            [1]
                                 158            [1]
                                 157            [1]
                                 156            [1]
                                 155            [1]
                                 154            [1]
                                 153            [1]
                                 152            [1]
                                 151            [1]
                                 150            [1]
                                 149            [1]
                                 148            [1]
                                 147            [1]
                                 146            [1]
                                 145            [1]
                                 144            [1]
                                 143            [1]
                                 142            [1]
                                 141            [1]
                                 140            [1]
                                 139            [1]
                                 138            [1]
                                 137            [1]
                                 136            [1]
                                 135            [1]
                                 134            [1]
                                 133            [1]
                                 132            [1]
                                 131            [1]
                                 130            [1]
                                 129            [1]
                                 128            [1]
                                 127            [1]
                                 126            [1]
                                 125            [1]
                                 124            [1]
                                 123            [1]
                                 122            [1]
                                 121            [1]
                                 120            [1]
                                 119            [1]
                                 118            [1]
                                 117            [1]
                                 116            [1]
                                 115            [1][2]
                                 114            [1][2]
                                 113            [1][2]
                                 112            [1]
                                 111            [1]
                                 110            [1]
                                 109            [1]
                                 108            [1]
                                 107            [1]
                                 106            [1]
                                 105            [1][2][3]
                                 104            [1][2][3]