
ff: parsing domain file
domain 'BLOCKS' defined
 ... done.
ff: parsing problem file
problem 'PB3' defined
 ... done.


no metric specified. plan length assumed.

checking for cyclic := effects --- OK.

ff: search configuration is EHC, if that fails then  best-first on 1*g(s) + 5*h(s) where
    metric is  plan length

Cueing down from goal distance:   55 into depth [1]
                                  54            [1]
                                  53            [1]
                                  52            [1]
                                  51            [1][2][3]
                                  50            [1][2][3]
                                  49            [1]
                                  48            [1]
                                  47            [1][2][3]
                                  46            [1][2][3]
                                  45            [1]
                                  44            [1]
                                  43            [1][2][3]
                                  42            [1][2][3][4][5][6][7][8]
                                  41            [1][2][3]
                                  40            [1]
                                  39            [1][2]
                                  38            [1][2][3]
                                  37            [1]
                                  36            [1]
                                  35            [1][2][3][4]
                                  34            [1]
                                  33            [1]
                                  32            [1][2][3][4][5]
                                  31            [1][2][3][4][5][6][7]
                                  30            [1]
                                  29            [1][2]
                                  28            [1][2]
                                  27            [1]
                                  26            [1]
                                  25            [1]
                                  24            [1]
                                  23            [1]
                                  22            [1]
                                  21            [1]
                                  20            [1][2][3]
                                  19            [1][2]
                                  18            [1][2][3]
                                  17            [1][2]
                                  16            [1][2]
                                  15            [1][2][3][4][5][6][7]
                                  14            [1]
                                  13            [1][2]
                                  11            [1][2][3][4][5][6][7][8][9][10][11][12][13]
                                  10            [1]
                                   9            [1]
                                   8            [1]
                                   7            [1][2]
                                   5            [1][2][3][4][5][6][7][8][9][10]
                                   4            [1]
                                   3            [1]
                                   2            [1][2]
                                   0            

ff: found legal plan as follows

step    0: UNSTACK BLOCK6 BLOCK10
        1: PUT-DOWN BLOCK6
        2: UNSTACK BLOCK10 BLOCK17
        3: STACK BLOCK10 BLOCK6
        4: UNSTACK BLOCK23 BLOCK18
        5: STACK BLOCK23 BLOCK17
        6: PICK-UP BLOCK14
        7: STACK BLOCK14 BLOCK10
        8: UNSTACK BLOCK18 BLOCK9
        9: PUT-DOWN BLOCK18
       10: UNSTACK BLOCK14 BLOCK10
       11: STACK BLOCK14 BLOCK18
       12: UNSTACK BLOCK9 BLOCK8
       13: STACK BLOCK9 BLOCK23
       14: PICK-UP BLOCK3
       15: STACK BLOCK3 BLOCK9
       16: UNSTACK BLOCK8 BLOCK25
       17: STACK BLOCK8 BLOCK10
       18: UNSTACK BLOCK3 BLOCK9
       19: STACK BLOCK3 BLOCK8
       20: UNSTACK BLOCK9 BLOCK23
       21: STACK BLOCK9 BLOCK14
       22: UNSTACK BLOCK23 BLOCK17
       23: STACK BLOCK23 BLOCK25
       24: UNSTACK BLOCK17 BLOCK21
       25: STACK BLOCK17 BLOCK9
       26: UNSTACK BLOCK21 BLOCK26
       27: STACK BLOCK21 BLOCK23
       28: UNSTACK BLOCK26 BLOCK22
       29: STACK BLOCK26 BLOCK21
       30: UNSTACK BLOCK22 BLOCK15
       31: PUT-DOWN BLOCK22
       32: UNSTACK BLOCK15 BLOCK27
       33: STACK BLOCK15 BLOCK17
       34: UNSTACK BLOCK26 BLOCK21
       35: STACK BLOCK26 BLOCK15
       36: UNSTACK BLOCK27 BLOCK5
       37: PUT-DOWN BLOCK27
       38: UNSTACK BLOCK26 BLOCK15
       39: STACK BLOCK26 BLOCK27
       40: UNSTACK BLOCK15 BLOCK17
       41: STACK BLOCK15 BLOCK26
       42: UNSTACK BLOCK17 BLOCK9
       43: STACK BLOCK17 BLOCK22
       44: UNSTACK BLOCK15 BLOCK26
       45: STACK BLOCK15 BLOCK17
       46: UNSTACK BLOCK5 BLOCK11
       47: STACK BLOCK5 BLOCK26
       48: UNSTACK BLOCK11 BLOCK24
       49: STACK BLOCK11 BLOCK9
       50: UNSTACK BLOCK24 BLOCK12
       51: STACK BLOCK24 BLOCK21
       52: UNSTACK BLOCK12 BLOCK19
       53: STACK BLOCK12 BLOCK24
       54: UNSTACK BLOCK19 BLOCK16
       55: STACK BLOCK19 BLOCK15
       56: UNSTACK BLOCK5 BLOCK26
       57: STACK BLOCK5 BLOCK11
       58: UNSTACK BLOCK16 BLOCK2
       59: STACK BLOCK16 BLOCK5
       60: UNSTACK BLOCK2 BLOCK7
       61: PUT-DOWN BLOCK2
       62: UNSTACK BLOCK7 BLOCK20
       63: STACK BLOCK7 BLOCK3
       64: UNSTACK BLOCK12 BLOCK24
       65: STACK BLOCK12 BLOCK7
       66: UNSTACK BLOCK24 BLOCK21
       67: STACK BLOCK24 BLOCK2
       68: UNSTACK BLOCK20 BLOCK4
       69: STACK BLOCK20 BLOCK26
       70: UNSTACK BLOCK4 BLOCK13
       71: STACK BLOCK4 BLOCK20
       72: UNSTACK BLOCK21 BLOCK23
       73: STACK BLOCK21 BLOCK4
       74: UNSTACK BLOCK13 BLOCK1
       75: STACK BLOCK13 BLOCK16
       76: UNSTACK BLOCK1 BLOCK28
       77: STACK BLOCK1 BLOCK23
       78: PICK-UP BLOCK28
       79: STACK BLOCK28 BLOCK21
       80: UNSTACK BLOCK1 BLOCK23
       81: STACK BLOCK1 BLOCK28
       82: UNSTACK BLOCK23 BLOCK25
       83: STACK BLOCK23 BLOCK13
       84: PICK-UP BLOCK25
       85: STACK BLOCK25 BLOCK12
       86: UNSTACK BLOCK23 BLOCK13
       87: STACK BLOCK23 BLOCK25
       88: UNSTACK BLOCK1 BLOCK28
       89: STACK BLOCK1 BLOCK23
       90: UNSTACK BLOCK13 BLOCK16
       91: STACK BLOCK13 BLOCK28
       92: UNSTACK BLOCK16 BLOCK5
       93: STACK BLOCK16 BLOCK13
       94: UNSTACK BLOCK5 BLOCK11
       95: STACK BLOCK5 BLOCK1
       96: UNSTACK BLOCK11 BLOCK9
       97: STACK BLOCK11 BLOCK19
       98: UNSTACK BLOCK9 BLOCK14
       99: STACK BLOCK9 BLOCK24
      100: UNSTACK BLOCK11 BLOCK19
      101: STACK BLOCK11 BLOCK9
      102: UNSTACK BLOCK5 BLOCK1
      103: STACK BLOCK5 BLOCK11
      104: UNSTACK BLOCK16 BLOCK13
      105: STACK BLOCK16 BLOCK5
      106: UNSTACK BLOCK13 BLOCK28
      107: STACK BLOCK13 BLOCK16
      108: UNSTACK BLOCK28 BLOCK21
      109: STACK BLOCK28 BLOCK19
      110: UNSTACK BLOCK21 BLOCK4
      111: STACK BLOCK21 BLOCK28
      112: UNSTACK BLOCK4 BLOCK20
      113: STACK BLOCK4 BLOCK21
      114: UNSTACK BLOCK20 BLOCK26
      115: STACK BLOCK20 BLOCK14
      116: UNSTACK BLOCK4 BLOCK21
      117: STACK BLOCK4 BLOCK20
      118: UNSTACK BLOCK21 BLOCK28
      119: STACK BLOCK21 BLOCK4
      120: UNSTACK BLOCK28 BLOCK19
      121: STACK BLOCK28 BLOCK21
     

time spent:    0.00 seconds instantiating 1624 easy, 0 hard action templates
               0.00 seconds reachability analysis, yielding 869 facts and 1624 actions
               0.00 seconds creating final representation with 869 relevant facts, 0 relevant fluents
               0.00 seconds computing LNF
               0.00 seconds building connectivity graph
              34.51 seconds searching, evaluating 391494 states, to a max depth of 13
              34.51 seconds total time

