
ff: parsing domain file
domain 'SATELLITE' defined
 ... done.
ff: parsing problem file
problem 'STRIPS-SAT-X-1' defined
 ... done.


no metric specified. plan length assumed.

checking for cyclic := effects --- OK.

ff: search configuration is EHC, if that fails then  best-first on 1*g(s) + 5*h(s) where
    metric is  plan length

Cueing down from goal distance:  325 into depth [1]
                                 322            [1]
                                 319            [1]
                                 310            [1]
                                 301            [1]
                                 295            [1]
                                 292            [1]
                                 284            [1]
                                 283            [1]
                                 277            [1]
                                 272            [1]
                                 261            [1]
                                 258            [1]
                                 257            [1]
                                 256            [1]
                                 255            [1]
                                 244            [1]
                                 243            [1]
                                 238            [1]
                                 237            [1]
                                 236            [1]
                                 235            [1]
                                 234            [1]
                                 233            [1]
                                 232            [1][2]
                                 231            [1][2]
                                 230            [1][2]
                                 229            [1]
                                 228            [1]
                                 227            [1]
                                 226            [1]
                                 225            [1]
                                 224            [1]
                                 223            [1]
                                 222            [1]
                                 221            [1]
                                 220            [1]
                                 219            [1]
                                 218            [1]
                                 217            [1]
                                 216            [1]
                                 215            [1]
                                 214            [1]
                                 213            [1]
                                 212            [1]
                                 211            [1]
                                 210            [1]
                                 209            [1]
                                 208            [1]
                                 207            [1]
                                 206            [1][2]
                                 205            [1]
                                 204            [1]
                                 203            [1]
                                 202            [1]
                                 201            [1]
                                 200            [1]
                                 199            [1]
                                 198            [1]
                                 197            [1]
                                 196            [1]
                                 195            [1]
                                 194            [1]
                                 193            [1][2][3]