
ff: parsing domain file
domain 'BLOCKS' defined
 ... done.
ff: parsing problem file
problem 'PB5' defined
 ... done.


no metric specified. plan length assumed.

checking for cyclic := effects --- OK.

ff: search configuration is EHC, if that fails then  best-first on 1*g(s) + 5*h(s) where
    metric is  plan length

Cueing down from goal distance:   31 into depth [1]
                                  30            [1][2][3][4]
                                  29            [1]
                                  28            [1]
                                  27            [1]
                                  26            [1][2][3]
                                  25            [1]
                                  24            [1]
                                  23            [1][2][3]
                                  22            [1]
                                  21            [1]
                                  20            [1]
                                  19            [1][2]
                                  18            [1]
                                  17            [1][2][3][4]
                                  16            [1]
                                  15            [1]
                                  14            [1]
                                  13            [1][2][3][4][5][6]
                                  12            [1][2][3]
                                  11            [1]
                                  10            [1]
                                   9            [1][2][3][4]
                                   8            [1]
                                   7            [1]
                                   6            [1]
                                   5            [1]
                                   4            [1][2]
                                   2            [1][2]
                                   0            

ff: found legal plan as follows

step    0: PICK-UP BLOCK16
        1: STACK BLOCK16 BLOCK17
        2: UNSTACK BLOCK1 BLOCK11
        3: STACK BLOCK1 BLOCK16
        4: UNSTACK BLOCK11 BLOCK2
        5: PUT-DOWN BLOCK11
        6: UNSTACK BLOCK15 BLOCK13
        7: STACK BLOCK15 BLOCK11
        8: UNSTACK BLOCK2 BLOCK9
        9: STACK BLOCK2 BLOCK15
       10: UNSTACK BLOCK9 BLOCK7
       11: PUT-DOWN BLOCK9
       12: UNSTACK BLOCK7 BLOCK5
       13: STACK BLOCK7 BLOCK9
       14: UNSTACK BLOCK5 BLOCK8
       15: PUT-DOWN BLOCK5
       16: UNSTACK BLOCK1 BLOCK16
       17: STACK BLOCK1 BLOCK8
       18: UNSTACK BLOCK2 BLOCK15
       19: STACK BLOCK2 BLOCK7
       20: UNSTACK BLOCK16 BLOCK17
       21: STACK BLOCK16 BLOCK13
       22: UNSTACK BLOCK17 BLOCK3
       23: STACK BLOCK17 BLOCK5
       24: UNSTACK BLOCK16 BLOCK13
       25: STACK BLOCK16 BLOCK17
       26: PICK-UP BLOCK3
       27: STACK BLOCK3 BLOCK15
       28: UNSTACK BLOCK13 BLOCK4
       29: STACK BLOCK13 BLOCK14
       30: PICK-UP BLOCK4
       31: STACK BLOCK4 BLOCK16
       32: UNSTACK BLOCK13 BLOCK14
       33: STACK BLOCK13 BLOCK4
       34: UNSTACK BLOCK3 BLOCK15
       35: STACK BLOCK3 BLOCK13
       36: UNSTACK BLOCK1 BLOCK8
       37: STACK BLOCK1 BLOCK15
       38: UNSTACK BLOCK8 BLOCK6
       39: STACK BLOCK8 BLOCK3
       40: UNSTACK BLOCK1 BLOCK15
       41: STACK BLOCK1 BLOCK8
       42: UNSTACK BLOCK6 BLOCK12
       43: STACK BLOCK6 BLOCK15
       44: PICK-UP BLOCK10
       45: STACK BLOCK10 BLOCK6
       46: PICK-UP BLOCK12
       47: STACK BLOCK12 BLOCK2
     

time spent:    0.00 seconds instantiating 612 easy, 0 hard action templates
               0.00 seconds reachability analysis, yielding 341 facts and 612 actions
               0.00 seconds creating final representation with 341 relevant facts, 0 relevant fluents
               0.00 seconds computing LNF
               0.00 seconds building connectivity graph
               0.06 seconds searching, evaluating 3858 states, to a max depth of 6
               0.06 seconds total time

