
ff: parsing domain file
domain 'BLOCKS' defined
 ... done.
ff: parsing problem file
problem 'PB1' defined
 ... done.


no metric specified. plan length assumed.

checking for cyclic := effects --- OK.

ff: search configuration is EHC, if that fails then  best-first on 1*g(s) + 5*h(s) where
    metric is  plan length

Cueing down from goal distance:   30 into depth [1]
                                  29            [1]
                                  28            [1]
                                  27            [1]
                                  26            [1]
                                  25            [1]
                                  24            [1]
                                  23            [1]
                                  22            [1]
                                  21            [1]
                                  20            [1][2]
                                  18            [1][2][3][4]
                                  16            [1][2][3]
                                  15            [1]
                                  14            [1]
                                  13            [1][2][3][4][5]
                                  12            [1]
                                  11            [1][2]
                                  10            [1][2]
                                   9            [1]
                                   8            [1]
                                   7            [1]
                                   6            [1][2][3][4][5][6][7]
                                   5            [1]
                                   4            [1]
                                   3            [1]
                                   2            [1][2]
                                   0            

ff: found legal plan as follows

step    0: UNSTACK BLOCK4 BLOCK9
        1: PUT-DOWN BLOCK4
        2: UNSTACK BLOCK9 BLOCK16
        3: PUT-DOWN BLOCK9
        4: UNSTACK BLOCK10 BLOCK15
        5: PUT-DOWN BLOCK10
        6: UNSTACK BLOCK15 BLOCK11
        7: STACK BLOCK15 BLOCK9
        8: UNSTACK BLOCK16 BLOCK3
        9: STACK BLOCK16 BLOCK10
       10: UNSTACK BLOCK1 BLOCK8
       11: STACK BLOCK1 BLOCK15
       12: UNSTACK BLOCK3 BLOCK7
       13: STACK BLOCK3 BLOCK16
       14: UNSTACK BLOCK7 BLOCK14
       15: PUT-DOWN BLOCK7
       16: UNSTACK BLOCK3 BLOCK16
       17: STACK BLOCK3 BLOCK11
       18: UNSTACK BLOCK14 BLOCK2
       19: STACK BLOCK14 BLOCK16
       20: UNSTACK BLOCK3 BLOCK11
       21: STACK BLOCK3 BLOCK14
       22: UNSTACK BLOCK8 BLOCK17
       23: STACK BLOCK8 BLOCK7
       24: UNSTACK BLOCK17 BLOCK12
       25: PUT-DOWN BLOCK17
       26: UNSTACK BLOCK2 BLOCK6
       27: STACK BLOCK2 BLOCK12
       28: UNSTACK BLOCK3 BLOCK14
       29: STACK BLOCK3 BLOCK2
       30: PICK-UP BLOCK6
       31: STACK BLOCK6 BLOCK4
       32: UNSTACK BLOCK8 BLOCK7
       33: STACK BLOCK8 BLOCK6
       34: UNSTACK BLOCK3 BLOCK2
       35: STACK BLOCK3 BLOCK17
       36: UNSTACK BLOCK2 BLOCK12
       37: STACK BLOCK2 BLOCK14
       38: UNSTACK BLOCK12 BLOCK13
       39: STACK BLOCK12 BLOCK5
       40: UNSTACK BLOCK2 BLOCK14
       41: STACK BLOCK2 BLOCK12
       42: UNSTACK BLOCK3 BLOCK17
       43: STACK BLOCK3 BLOCK2
       44: PICK-UP BLOCK13
       45: STACK BLOCK13 BLOCK3
     

time spent:    0.00 seconds instantiating 612 easy, 0 hard action templates
               0.00 seconds reachability analysis, yielding 341 facts and 612 actions
               0.00 seconds creating final representation with 341 relevant facts, 0 relevant fluents
               0.00 seconds computing LNF
               0.00 seconds building connectivity graph
               0.01 seconds searching, evaluating 1327 states, to a max depth of 7
               0.01 seconds total time

