
ff: parsing domain file
domain 'BLOCKS' defined
 ... done.
ff: parsing problem file
problem 'PB4' defined
 ... done.


no metric specified. plan length assumed.

checking for cyclic := effects --- OK.

ff: search configuration is EHC, if that fails then  best-first on 1*g(s) + 5*h(s) where
    metric is  plan length

Cueing down from goal distance:   34 into depth [1]
                                  33            [1]
                                  32            [1][2][3]
                                  31            [1][2][3][4]
                                  30            [1][2][3][4][5][6][7]
                                  29            [1]
                                  28            [1]
                                  27            [1][2][3][4][5][6][7][8][9][10]
                                  26            [1]
                                  25            [1]
                                  24            [1][2][3][4]
                                  23            [1][2][3]
                                  22            [1]
                                  21            [1][2]
                                  19            [1]
                                  18            [1][2][3][4][5]
                                  17            [1][2]
                                  16            [1][2][3][4][5][6]
                                  15            [1][2]
                                  14            [1][2][3][4]
                                  13            [1][2]
                                  11            [1][2][3]
                                  10            [1][2]
                                   9            [1]
                                   8            [1][2][3][4]
                                   7            [1]
                                   6            [1]
                                   5            [1][2][3][4]
                                   4            [1]
                                   3            [1]
                                   2            [1][2]
                                   0            

ff: found legal plan as follows

step    0: UNSTACK BLOCK4 BLOCK13
        1: PUT-DOWN BLOCK4
        2: UNSTACK BLOCK16 BLOCK5
        3: STACK BLOCK16 BLOCK4
        4: UNSTACK BLOCK5 BLOCK8
        5: STACK BLOCK5 BLOCK13
        6: UNSTACK BLOCK8 BLOCK6
        7: STACK BLOCK8 BLOCK16
        8: PICK-UP BLOCK6
        9: STACK BLOCK6 BLOCK5
       10: UNSTACK BLOCK8 BLOCK16
       11: STACK BLOCK8 BLOCK6
       12: UNSTACK BLOCK16 BLOCK4
       13: PUT-DOWN BLOCK16
       14: UNSTACK BLOCK8 BLOCK6
       15: STACK BLOCK8 BLOCK4
       16: UNSTACK BLOCK6 BLOCK5
       17: STACK BLOCK6 BLOCK8
       18: UNSTACK BLOCK5 BLOCK13
       19: STACK BLOCK5 BLOCK16
       20: UNSTACK BLOCK13 BLOCK9
       21: STACK BLOCK13 BLOCK5
       22: UNSTACK BLOCK9 BLOCK7
       23: STACK BLOCK9 BLOCK13
       24: UNSTACK BLOCK7 BLOCK17
       25: STACK BLOCK7 BLOCK9
       26: UNSTACK BLOCK17 BLOCK3
       27: STACK BLOCK17 BLOCK6
       28: UNSTACK BLOCK3 BLOCK11
       29: STACK BLOCK3 BLOCK17
       30: UNSTACK BLOCK7 BLOCK9
       31: STACK BLOCK7 BLOCK3
       32: UNSTACK BLOCK11 BLOCK15
       33: STACK BLOCK11 BLOCK9
       34: UNSTACK BLOCK15 BLOCK14
       35: STACK BLOCK15 BLOCK11
       36: UNSTACK BLOCK14 BLOCK10
       37: PUT-DOWN BLOCK14
       38: UNSTACK BLOCK10 BLOCK1
       39: PUT-DOWN BLOCK10
       40: UNSTACK BLOCK7 BLOCK3
       41: STACK BLOCK7 BLOCK10
       42: UNSTACK BLOCK1 BLOCK12
       43: STACK BLOCK1 BLOCK15
       44: UNSTACK BLOCK12 BLOCK2
       45: PUT-DOWN BLOCK12
       46: UNSTACK BLOCK7 BLOCK10
       47: STACK BLOCK7 BLOCK2
       48: UNSTACK BLOCK1 BLOCK15
       49: STACK BLOCK1 BLOCK14
       50: UNSTACK BLOCK15 BLOCK11
       51: STACK BLOCK15 BLOCK12
       52: UNSTACK BLOCK7 BLOCK2
       53: STACK BLOCK7 BLOCK1
       54: UNSTACK BLOCK11 BLOCK9
       55: STACK BLOCK11 BLOCK2
       56: UNSTACK BLOCK9 BLOCK13
       57: STACK BLOCK9 BLOCK15
       58: UNSTACK BLOCK11 BLOCK2
       59: STACK BLOCK11 BLOCK9
       60: UNSTACK BLOCK13 BLOCK5
       61: STACK BLOCK13 BLOCK2
       62: UNSTACK BLOCK5 BLOCK16
       63: STACK BLOCK5 BLOCK13
       64: PICK-UP BLOCK16
       65: STACK BLOCK16 BLOCK3
       66: UNSTACK BLOCK7 BLOCK1
       67: STACK BLOCK7 BLOCK10
       68: UNSTACK BLOCK1 BLOCK14
       69: STACK BLOCK1 BLOCK16
       70: UNSTACK BLOCK7 BLOCK10
       71: STACK BLOCK7 BLOCK1
       72: UNSTACK BLOCK5 BLOCK13
       73: STACK BLOCK5 BLOCK10
       74: UNSTACK BLOCK13 BLOCK2
       75: STACK BLOCK13 BLOCK14
       76: UNSTACK BLOCK5 BLOCK10
       77: STACK BLOCK5 BLOCK13
       78: PICK-UP BLOCK2
       79: STACK BLOCK2 BLOCK5
     

time spent:    0.00 seconds instantiating 612 easy, 0 hard action templates
               0.00 seconds reachability analysis, yielding 341 facts and 612 actions
               0.00 seconds creating final representation with 341 relevant facts, 0 relevant fluents
               0.00 seconds computing LNF
               0.00 seconds building connectivity graph
               0.04 seconds searching, evaluating 2325 states, to a max depth of 10
               0.04 seconds total time

