
ff: parsing domain file
domain 'BLOCKS' defined
 ... done.
ff: parsing problem file
problem 'PB0' defined
 ... done.


no metric specified. plan length assumed.

checking for cyclic := effects --- OK.

ff: search configuration is EHC, if that fails then  best-first on 1*g(s) + 5*h(s) where
    metric is  plan length

Cueing down from goal distance:   30 into depth [1][2][3][4][5]
                                  29            [1][2][3][4][5][6]
                                  28            [1][2][3][4][5][6]
                                  27            [1][2][3][4][5][6]
                                  26            [1]
                                  25            [1][2]
                                  24            [1][2][3][4][5]
                                  23            [1]
                                  22            [1]
                                  21            [1]
                                  20            [1]
                                  19            [1][2]
                                  18            [1][2][3][4][5][6][7][8][9][10]
                                  17            [1]
                                  16            [1]
                                  15            [1]
                                  14            [1][2]
                                  12            [1]
                                  11            [1]
                                  10            [1][2]
                                   8            [1][2][3][4][5][6][7][8][9][10][11][12][13][14][15][16]
                                   7            [1]
                                   6            [1][2][3]
                                   5            [1][2][3][4][5][6][7][8][9][10]
                                   4            [1]
                                   3            [1]
                                   2            [1][2]
                                   0            

ff: found legal plan as follows

step    0: UNSTACK BLOCK15 BLOCK4
        1: STACK BLOCK15 BLOCK9
        2: UNSTACK BLOCK5 BLOCK6
        3: STACK BLOCK5 BLOCK15
        4: UNSTACK BLOCK4 BLOCK13
        5: STACK BLOCK4 BLOCK1
        6: UNSTACK BLOCK13 BLOCK14
        7: STACK BLOCK13 BLOCK6
        8: UNSTACK BLOCK14 BLOCK8
        9: STACK BLOCK14 BLOCK13
       10: UNSTACK BLOCK5 BLOCK15
       11: STACK BLOCK5 BLOCK8
       12: UNSTACK BLOCK14 BLOCK13
       13: STACK BLOCK14 BLOCK5
       14: UNSTACK BLOCK15 BLOCK9
       15: STACK BLOCK15 BLOCK14
       16: UNSTACK BLOCK13 BLOCK6
       17: STACK BLOCK13 BLOCK15
       18: UNSTACK BLOCK6 BLOCK12
       19: STACK BLOCK6 BLOCK4
       20: UNSTACK BLOCK9 BLOCK3
       21: STACK BLOCK9 BLOCK12
       22: UNSTACK BLOCK13 BLOCK15
       23: STACK BLOCK13 BLOCK6
       24: UNSTACK BLOCK3 BLOCK7
       25: STACK BLOCK3 BLOCK15
       26: UNSTACK BLOCK7 BLOCK2
       27: STACK BLOCK7 BLOCK13
       28: UNSTACK BLOCK2 BLOCK17
       29: PUT-DOWN BLOCK2
       30: UNSTACK BLOCK17 BLOCK10
       31: PUT-DOWN BLOCK17
       32: UNSTACK BLOCK10 BLOCK16
       33: STACK BLOCK10 BLOCK7
       34: PICK-UP BLOCK16
       35: STACK BLOCK16 BLOCK10
       36: UNSTACK BLOCK3 BLOCK15
       37: STACK BLOCK3 BLOCK16
       38: UNSTACK BLOCK15 BLOCK14
       39: STACK BLOCK15 BLOCK2
       40: UNSTACK BLOCK14 BLOCK5
       41: STACK BLOCK14 BLOCK15
       42: UNSTACK BLOCK5 BLOCK8
       43: STACK BLOCK5 BLOCK17
       44: UNSTACK BLOCK14 BLOCK15
       45: STACK BLOCK14 BLOCK5
       46: UNSTACK BLOCK15 BLOCK2
       47: STACK BLOCK15 BLOCK14
       48: UNSTACK BLOCK8 BLOCK11
       49: STACK BLOCK8 BLOCK2
       50: PICK-UP BLOCK11
       51: STACK BLOCK11 BLOCK9
       52: UNSTACK BLOCK3 BLOCK16
       53: STACK BLOCK3 BLOCK11
       54: UNSTACK BLOCK16 BLOCK10
       55: STACK BLOCK16 BLOCK15
       56: UNSTACK BLOCK10 BLOCK7
       57: STACK BLOCK10 BLOCK8
       58: UNSTACK BLOCK7 BLOCK13
       59: STACK BLOCK7 BLOCK10
       60: UNSTACK BLOCK13 BLOCK6
       61: STACK BLOCK13 BLOCK3
       62: UNSTACK BLOCK6 BLOCK4
       63: STACK BLOCK6 BLOCK13
       64: UNSTACK BLOCK4 BLOCK1
       65: STACK BLOCK4 BLOCK16
       66: UNSTACK BLOCK7 BLOCK10
       67: STACK BLOCK7 BLOCK1
       68: UNSTACK BLOCK10 BLOCK8
       69: STACK BLOCK10 BLOCK7
       70: UNSTACK BLOCK6 BLOCK13
       71: STACK BLOCK6 BLOCK4
       72: UNSTACK BLOCK13 BLOCK3
       73: STACK BLOCK13 BLOCK8
       74: UNSTACK BLOCK6 BLOCK4
       75: STACK BLOCK6 BLOCK13
       76: UNSTACK BLOCK4 BLOCK16
       77: STACK BLOCK4 BLOCK6
       78: UNSTACK BLOCK16 BLOCK15
       79: STACK BLOCK16 BLOCK10
       80: UNSTACK BLOCK4 BLOCK6
       81: STACK BLOCK4 BLOCK16
       82: UNSTACK BLOCK6 BLOCK13
       83: STACK BLOCK6 BLOCK4
       84: UNSTACK BLOCK13 BLOCK8
       85: STACK BLOCK13 BLOCK6
     

time spent:    0.00 seconds instantiating 612 easy, 0 hard action templates
               0.00 seconds reachability analysis, yielding 341 facts and 612 actions
               0.00 seconds creating final representation with 341 relevant facts, 0 relevant fluents
               0.00 seconds computing LNF
               0.00 seconds building connectivity graph
               4.36 seconds searching, evaluating 190792 states, to a max depth of 16
               4.36 seconds total time

