
ff: parsing domain file
domain 'BLOCKS' defined
 ... done.
ff: parsing problem file
problem 'PB6' defined
 ... done.


no metric specified. plan length assumed.

checking for cyclic := effects --- OK.

ff: search configuration is EHC, if that fails then  best-first on 1*g(s) + 5*h(s) where
    metric is  plan length

Cueing down from goal distance:   32 into depth [1][2][3]
                                  31            [1][2][3][4][5][6][7][8]
                                  30            [1]
                                  29            [1]
                                  28            [1][2][3][4][5]
                                  27            [1]
                                  26            [1][2]
                                  25            [1][2][3][4][5][6][7][8]
                                  24            [1][2][3][4]
                                  23            [1]
                                  22            [1][2][3][4][5]
                                  21            [1]
                                  20            [1][2]
                                  19            [1]
                                  18            [1]
                                  17            [1][2][3][4][5][6][7][8][9][10][11][12][13]
                                  16            [1]
                                  15            [1]
                                  14            [1]
                                  13            [1]
                                  12            [1]
                                  11            [1]
                                  10            [1]
                                   9            [1][2]
                                   7            [1][2]
                                   6            [1][2][3][4][5][6][7]
                                   5            [1]
                                   4            [1][2]
                                   2            [1][2]
                                   0            

ff: found legal plan as follows

step    0: UNSTACK BLOCK8 BLOCK12
        1: STACK BLOCK8 BLOCK16
        2: PICK-UP BLOCK12
        3: STACK BLOCK12 BLOCK8
        4: UNSTACK BLOCK2 BLOCK11
        5: STACK BLOCK2 BLOCK12
        6: UNSTACK BLOCK11 BLOCK9
        7: STACK BLOCK11 BLOCK2
        8: UNSTACK BLOCK9 BLOCK6
        9: STACK BLOCK9 BLOCK11
       10: UNSTACK BLOCK6 BLOCK3
       11: PUT-DOWN BLOCK6
       12: UNSTACK BLOCK3 BLOCK15
       13: STACK BLOCK3 BLOCK9
       14: UNSTACK BLOCK15 BLOCK5
       15: PUT-DOWN BLOCK15
       16: UNSTACK BLOCK3 BLOCK9
       17: STACK BLOCK3 BLOCK5
       18: UNSTACK BLOCK9 BLOCK11
       19: STACK BLOCK9 BLOCK15
       20: UNSTACK BLOCK3 BLOCK5
       21: STACK BLOCK3 BLOCK9
       22: UNSTACK BLOCK5 BLOCK10
       23: STACK BLOCK5 BLOCK11
       24: UNSTACK BLOCK3 BLOCK9
       25: STACK BLOCK3 BLOCK5
       26: UNSTACK BLOCK9 BLOCK15
       27: STACK BLOCK9 BLOCK3
       28: UNSTACK BLOCK10 BLOCK14
       29: STACK BLOCK10 BLOCK15
       30: UNSTACK BLOCK14 BLOCK13
       31: PUT-DOWN BLOCK14
       32: UNSTACK BLOCK13 BLOCK1
       33: STACK BLOCK13 BLOCK14
       34: UNSTACK BLOCK1 BLOCK4
       35: STACK BLOCK1 BLOCK13
       36: UNSTACK BLOCK4 BLOCK17
       37: STACK BLOCK4 BLOCK6
       38: UNSTACK BLOCK17 BLOCK7
       39: STACK BLOCK17 BLOCK9
       40: UNSTACK BLOCK1 BLOCK13
       41: STACK BLOCK1 BLOCK7
       42: UNSTACK BLOCK17 BLOCK9
       43: STACK BLOCK17 BLOCK13
       44: UNSTACK BLOCK9 BLOCK3
       45: STACK BLOCK9 BLOCK17
       46: UNSTACK BLOCK3 BLOCK5
       47: STACK BLOCK3 BLOCK4
       48: UNSTACK BLOCK5 BLOCK11
       49: STACK BLOCK5 BLOCK10
       50: UNSTACK BLOCK11 BLOCK2
       51: STACK BLOCK11 BLOCK1
       52: UNSTACK BLOCK5 BLOCK10
       53: STACK BLOCK5 BLOCK11
       54: UNSTACK BLOCK3 BLOCK4
       55: STACK BLOCK3 BLOCK5
       56: UNSTACK BLOCK2 BLOCK12
       57: STACK BLOCK2 BLOCK4
       58: UNSTACK BLOCK9 BLOCK17
       59: STACK BLOCK9 BLOCK3
       60: UNSTACK BLOCK10 BLOCK15
       61: STACK BLOCK10 BLOCK2
       62: UNSTACK BLOCK17 BLOCK13
       63: STACK BLOCK17 BLOCK9
       64: UNSTACK BLOCK13 BLOCK14
       65: STACK BLOCK13 BLOCK17
       66: UNSTACK BLOCK12 BLOCK8
       67: STACK BLOCK12 BLOCK13
       68: UNSTACK BLOCK8 BLOCK16
       69: STACK BLOCK8 BLOCK14
       70: UNSTACK BLOCK12 BLOCK13
       71: STACK BLOCK12 BLOCK8
       72: UNSTACK BLOCK13 BLOCK17
       73: STACK BLOCK13 BLOCK12
       74: PICK-UP BLOCK16
       75: STACK BLOCK16 BLOCK10
     

time spent:    0.00 seconds instantiating 612 easy, 0 hard action templates
               0.00 seconds reachability analysis, yielding 341 facts and 612 actions
               0.00 seconds creating final representation with 341 relevant facts, 0 relevant fluents
               0.00 seconds computing LNF
               0.00 seconds building connectivity graph
              18.92 seconds searching, evaluating 313665 states, to a max depth of 13
              18.92 seconds total time

