
ff: parsing domain file
domain 'BLOCKS' defined
 ... done.
ff: parsing problem file
problem 'PB0' defined
 ... done.


no metric specified. plan length assumed.

checking for cyclic := effects --- OK.

ff: search configuration is EHC, if that fails then  best-first on 1*g(s) + 5*h(s) where
    metric is  plan length

Cueing down from goal distance:   15 into depth [1][2][3][4][5][6]
                                  13            [1]
                                  12            [1]
                                  11            [1][2]
                                   9            [1]
                                   8            [1][2]
                                   7            [1]
                                   6            [1][2][3][4]
                                   5            [1]
                                   4            [1]
                                   3            [1][2][3][4]
                                   2            [1][2]
                                   0            

ff: found legal plan as follows

step    0: UNSTACK BLOCK4 BLOCK7
        1: STACK BLOCK4 BLOCK9
        2: UNSTACK BLOCK7 BLOCK2
        3: STACK BLOCK7 BLOCK4
        4: UNSTACK BLOCK2 BLOCK8
        5: PUT-DOWN BLOCK2
        6: UNSTACK BLOCK8 BLOCK3
        7: PUT-DOWN BLOCK8
        8: UNSTACK BLOCK3 BLOCK1
        9: PUT-DOWN BLOCK3
       10: UNSTACK BLOCK7 BLOCK4
       11: STACK BLOCK7 BLOCK1
       12: UNSTACK BLOCK4 BLOCK9
       13: STACK BLOCK4 BLOCK8
       14: UNSTACK BLOCK7 BLOCK1
       15: STACK BLOCK7 BLOCK3
       16: UNSTACK BLOCK1 BLOCK6
       17: STACK BLOCK1 BLOCK4
       18: UNSTACK BLOCK7 BLOCK3
       19: STACK BLOCK7 BLOCK1
       20: UNSTACK BLOCK9 BLOCK5
       21: STACK BLOCK9 BLOCK6
       22: PICK-UP BLOCK5
       23: STACK BLOCK5 BLOCK7
       24: UNSTACK BLOCK9 BLOCK6
       25: STACK BLOCK9 BLOCK5
     

time spent:    0.00 seconds instantiating 180 easy, 0 hard action templates
               0.00 seconds reachability analysis, yielding 109 facts and 180 actions
               0.00 seconds creating final representation with 109 relevant facts, 0 relevant fluents
               0.00 seconds computing LNF
               0.00 seconds building connectivity graph
               0.00 seconds searching, evaluating 186 states, to a max depth of 6
               0.00 seconds total time

