
ff: parsing domain file
domain 'BLOCKS' defined
 ... done.
ff: parsing problem file
problem 'PB1' defined
 ... done.


no metric specified. plan length assumed.

checking for cyclic := effects --- OK.

ff: search configuration is EHC, if that fails then  best-first on 1*g(s) + 5*h(s) where
    metric is  plan length

Cueing down from goal distance:   16 into depth [1][2]
                                  15            [1][2]
                                  13            [1]
                                  12            [1][2]
                                  11            [1][2][3][4][5][6]
                                  10            [1][2][3]
                                   9            [1][2][3][4][5][6][7]
                                   8            [1]
                                   7            [1]
                                   6            [1]
                                   5            [1][2][3][4][5][6][7][8][9][10]
                                   4            [1]
                                   3            [1]
                                   2            [1]
                                   1            [1]
                                   0            

ff: found legal plan as follows

step    0: UNSTACK BLOCK6 BLOCK1
        1: STACK BLOCK6 BLOCK2
        2: UNSTACK BLOCK1 BLOCK5
        3: PUT-DOWN BLOCK1
        4: UNSTACK BLOCK5 BLOCK3
        5: STACK BLOCK5 BLOCK8
        6: PICK-UP BLOCK3
        7: STACK BLOCK3 BLOCK4
        8: UNSTACK BLOCK6 BLOCK2
        9: STACK BLOCK6 BLOCK1
       10: UNSTACK BLOCK2 BLOCK7
       11: STACK BLOCK2 BLOCK3
       12: UNSTACK BLOCK7 BLOCK9
       13: STACK BLOCK7 BLOCK5
       14: UNSTACK BLOCK6 BLOCK1
       15: STACK BLOCK6 BLOCK2
       16: UNSTACK BLOCK7 BLOCK5
       17: STACK BLOCK7 BLOCK6
       18: UNSTACK BLOCK5 BLOCK8
       19: STACK BLOCK5 BLOCK7
       20: PICK-UP BLOCK8
       21: STACK BLOCK8 BLOCK9
       22: UNSTACK BLOCK5 BLOCK7
       23: STACK BLOCK5 BLOCK8
       24: UNSTACK BLOCK7 BLOCK6
       25: STACK BLOCK7 BLOCK5
       26: UNSTACK BLOCK6 BLOCK2
       27: STACK BLOCK6 BLOCK1
       28: UNSTACK BLOCK2 BLOCK3
       29: STACK BLOCK2 BLOCK6
       30: UNSTACK BLOCK3 BLOCK4
       31: STACK BLOCK3 BLOCK2
       32: PICK-UP BLOCK4
       33: STACK BLOCK4 BLOCK7
       34: UNSTACK BLOCK3 BLOCK2
       35: STACK BLOCK3 BLOCK4
       36: UNSTACK BLOCK2 BLOCK6
       37: STACK BLOCK2 BLOCK3
       38: UNSTACK BLOCK6 BLOCK1
       39: STACK BLOCK6 BLOCK2
     

time spent:    0.00 seconds instantiating 180 easy, 0 hard action templates
               0.00 seconds reachability analysis, yielding 109 facts and 180 actions
               0.00 seconds creating final representation with 109 relevant facts, 0 relevant fluents
               0.00 seconds computing LNF
               0.00 seconds building connectivity graph
               0.01 seconds searching, evaluating 2252 states, to a max depth of 10
               0.01 seconds total time

