
ff: parsing domain file
domain 'BLOCKS' defined
 ... done.
ff: parsing problem file
problem 'PB5' defined
 ... done.


no metric specified. plan length assumed.

checking for cyclic := effects --- OK.

ff: search configuration is EHC, if that fails then  best-first on 1*g(s) + 5*h(s) where
    metric is  plan length

Cueing down from goal distance:   15 into depth [1][2]
                                  13            [1][2][3]
                                  12            [1]
                                  11            [1]
                                  10            [1][2][3]
                                   8            [1][2][3][4][5][6][7]
                                   7            [1][2]
                                   6            [1]
                                   5            [1]
                                   4            [1]
                                   3            [1][2][3][4]
                                   2            [1]
                                   1            [1]
                                   0            

ff: found legal plan as follows

step    0: UNSTACK BLOCK9 BLOCK5
        1: PUT-DOWN BLOCK9
        2: UNSTACK BLOCK4 BLOCK1
        3: STACK BLOCK4 BLOCK9
        4: UNSTACK BLOCK1 BLOCK7
        5: PUT-DOWN BLOCK1
        6: PICK-UP BLOCK8
        7: STACK BLOCK8 BLOCK7
        8: PICK-UP BLOCK6
        9: STACK BLOCK6 BLOCK1
       10: UNSTACK BLOCK8 BLOCK7
       11: STACK BLOCK8 BLOCK6
       12: UNSTACK BLOCK7 BLOCK3
       13: STACK BLOCK7 BLOCK8
       14: UNSTACK BLOCK3 BLOCK2
       15: STACK BLOCK3 BLOCK5
       16: UNSTACK BLOCK4 BLOCK9
       17: STACK BLOCK4 BLOCK2
       18: UNSTACK BLOCK7 BLOCK8
       19: STACK BLOCK7 BLOCK3
       20: UNSTACK BLOCK8 BLOCK6
       21: STACK BLOCK8 BLOCK7
       22: UNSTACK BLOCK4 BLOCK2
       23: STACK BLOCK4 BLOCK9
       24: PICK-UP BLOCK2
       25: STACK BLOCK2 BLOCK8
       26: UNSTACK BLOCK4 BLOCK9
       27: STACK BLOCK4 BLOCK2
     

time spent:    0.00 seconds instantiating 180 easy, 0 hard action templates
               0.00 seconds reachability analysis, yielding 109 facts and 180 actions
               0.00 seconds creating final representation with 109 relevant facts, 0 relevant fluents
               0.00 seconds computing LNF
               0.00 seconds building connectivity graph
               0.00 seconds searching, evaluating 464 states, to a max depth of 7
               0.00 seconds total time

