
ff: parsing domain file
domain 'SATELLITE' defined
 ... done.
ff: parsing problem file
problem 'STRIPS-SAT-X-1' defined
 ... done.


no metric specified. plan length assumed.

checking for cyclic := effects --- OK.

ff: search configuration is EHC, if that fails then  best-first on 1*g(s) + 5*h(s) where
    metric is  plan length

Cueing down from goal distance:   13 into depth [1]
                                  12            [1]
                                  11            [1]
                                   8            [1][2]
                                   7            [1][2]
                                   6            [1]
                                   5            [1][2]
                                   4            [1][2]
                                   3            [1]
                                   2            [1]
                                   1            [1]
                                   0            

ff: found legal plan as follows

step    0: TURN_TO SATELLITE0 GROUNDSTATION1 PHENOMENON3
        1: SWITCH_ON INSTRUMENT2 SATELLITE1
        2: SWITCH_ON INSTRUMENT4 SATELLITE2
        3: TURN_TO SATELLITE1 STAR0 PHENOMENON3
        4: CALIBRATE SATELLITE1 INSTRUMENT2 STAR0
        5: TURN_TO SATELLITE1 PHENOMENON3 STAR0
        6: TAKE_IMAGE SATELLITE1 PHENOMENON3 INSTRUMENT2 INFRARED0
        7: TURN_TO SATELLITE1 STAR0 PHENOMENON3
        8: TURN_TO SATELLITE2 GROUNDSTATION1 PLANET4
        9: CALIBRATE SATELLITE2 INSTRUMENT4 GROUNDSTATION1
       10: TURN_TO SATELLITE2 PLANET4 GROUNDSTATION1
       11: TAKE_IMAGE SATELLITE2 PLANET4 INSTRUMENT4 INFRARED1
       12: TURN_TO SATELLITE2 PLANET5 PLANET4
       13: TAKE_IMAGE SATELLITE2 PLANET5 INSTRUMENT4 INFRARED1
       14: TURN_TO SATELLITE2 GROUNDSTATION1 PLANET5
     

time spent:    0.00 seconds instantiating 186 easy, 0 hard action templates
               0.00 seconds reachability analysis, yielding 51 facts and 186 actions
               0.00 seconds creating final representation with 51 relevant facts, 0 relevant fluents
               0.00 seconds computing LNF
               0.00 seconds building connectivity graph
               0.00 seconds searching, evaluating 27 states, to a max depth of 2
               0.00 seconds total time

