
ff: parsing domain file
domain 'SATELLITE' defined
 ... done.
ff: parsing problem file
problem 'STRIPS-SAT-X-1' defined
 ... done.


no metric specified. plan length assumed.

checking for cyclic := effects --- OK.

ff: search configuration is EHC, if that fails then  best-first on 1*g(s) + 5*h(s) where
    metric is  plan length

Cueing down from goal distance:   12 into depth [1]
                                  11            [1]
                                   8            [1]
                                   7            [1][2]
                                   6            [1]
                                   5            [1]
                                   4            [1]
                                   3            [1]
                                   2            [1]
                                   1            [1]
                                   0            

ff: found legal plan as follows

step    0: TURN_TO SATELLITE1 STAR0 GROUNDSTATION1
        1: SWITCH_ON INSTRUMENT5 SATELLITE2
        2: TURN_TO SATELLITE0 STAR0 GROUNDSTATION1
        3: TURN_TO SATELLITE2 GROUNDSTATION2 PLANET4
        4: CALIBRATE SATELLITE2 INSTRUMENT5 GROUNDSTATION2
        5: TURN_TO SATELLITE2 PLANET3 GROUNDSTATION2
        6: TAKE_IMAGE SATELLITE2 PLANET3 INSTRUMENT5 SPECTROGRAPH2
        7: TURN_TO SATELLITE2 PLANET4 PLANET3
        8: TAKE_IMAGE SATELLITE2 PLANET4 INSTRUMENT5 THERMOGRAPH1
        9: TURN_TO SATELLITE2 STAR5 PLANET4
       10: TAKE_IMAGE SATELLITE2 STAR5 INSTRUMENT5 SPECTROGRAPH2
     

time spent:    0.00 seconds instantiating 213 easy, 0 hard action templates
               0.00 seconds reachability analysis, yielding 53 facts and 213 actions
               0.00 seconds creating final representation with 53 relevant facts, 0 relevant fluents
               0.00 seconds computing LNF
               0.00 seconds building connectivity graph
               0.00 seconds searching, evaluating 23 states, to a max depth of 2
               0.00 seconds total time

