
ff: parsing domain file
domain 'SATELLITE' defined
 ... done.
ff: parsing problem file
problem 'STRIPS-SAT-X-1' defined
 ... done.


no metric specified. plan length assumed.

checking for cyclic := effects --- OK.

ff: search configuration is EHC, if that fails then  best-first on 1*g(s) + 5*h(s) where
    metric is  plan length

Cueing down from goal distance:   12 into depth [1]
                                  11            [1]
                                  10            [1]
                                   9            [1]
                                   8            [1]
                                   7            [1]
                                   6            [1]
                                   5            [1]
                                   4            [1]
                                   3            [1]
                                   2            [1]
                                   1            [1]
                                   0            

ff: found legal plan as follows

step    0: SWITCH_ON INSTRUMENT0 SATELLITE0
        1: TURN_TO SATELLITE0 GROUNDSTATION0 PLANET5
        2: TURN_TO SATELLITE1 STAR2 STAR1
        3: CALIBRATE SATELLITE0 INSTRUMENT0 GROUNDSTATION0
        4: TURN_TO SATELLITE0 STAR4 GROUNDSTATION0
        5: SWITCH_ON INSTRUMENT2 SATELLITE1
        6: CALIBRATE SATELLITE1 INSTRUMENT2 STAR2
        7: TURN_TO SATELLITE1 PLANET5 STAR2
        8: TAKE_IMAGE SATELLITE0 STAR4 INSTRUMENT0 SPECTROGRAPH0
        9: TAKE_IMAGE SATELLITE1 PLANET5 INSTRUMENT2 INFRARED1
       10: TURN_TO SATELLITE1 STAR3 PLANET5
       11: TAKE_IMAGE SATELLITE1 STAR3 INSTRUMENT2 INFRARED1
     

time spent:    0.00 seconds instantiating 168 easy, 0 hard action templates
               0.00 seconds reachability analysis, yielding 47 facts and 168 actions
               0.00 seconds creating final representation with 47 relevant facts, 0 relevant fluents
               0.00 seconds computing LNF
               0.00 seconds building connectivity graph
               0.00 seconds searching, evaluating 18 states, to a max depth of 1
               0.00 seconds total time

