
ff: parsing domain file
domain 'SATELLITE' defined
 ... done.
ff: parsing problem file
problem 'STRIPS-SAT-X-1' defined
 ... done.


no metric specified. plan length assumed.

checking for cyclic := effects --- OK.

ff: search configuration is EHC, if that fails then  best-first on 1*g(s) + 5*h(s) where
    metric is  plan length

Cueing down from goal distance:   14 into depth [1]
                                  12            [1]
                                  11            [1]
                                  10            [1]
                                   9            [1]
                                   8            [1]
                                   7            [1]
                                   6            [1]
                                   5            [1]
                                   4            [1]
                                   3            [1]
                                   2            [1]
                                   1            [1]
                                   0            

ff: found legal plan as follows

step    0: TURN_TO SATELLITE2 STAR1 PLANET3
        1: SWITCH_ON INSTRUMENT1 SATELLITE0
        2: SWITCH_ON INSTRUMENT2 SATELLITE1
        3: TURN_TO SATELLITE1 STAR1 STAR0
        4: CALIBRATE SATELLITE1 INSTRUMENT2 STAR1
        5: TURN_TO SATELLITE1 PLANET3 STAR1
        6: TURN_TO SATELLITE2 STAR2 STAR1
        7: TAKE_IMAGE SATELLITE1 PLANET3 INSTRUMENT2 INFRARED0
        8: TURN_TO SATELLITE1 STAR4 PLANET3
        9: TAKE_IMAGE SATELLITE1 STAR4 INSTRUMENT2 INFRARED2
       10: TURN_TO SATELLITE1 STAR5 STAR4
       11: TAKE_IMAGE SATELLITE1 STAR5 INSTRUMENT2 INFRARED0
       12: TURN_TO SATELLITE1 STAR0 STAR5
     

time spent:    0.00 seconds instantiating 183 easy, 0 hard action templates
               0.00 seconds reachability analysis, yielding 49 facts and 183 actions
               0.00 seconds creating final representation with 49 relevant facts, 0 relevant fluents
               0.00 seconds computing LNF
               0.00 seconds building connectivity graph
               0.00 seconds searching, evaluating 33 states, to a max depth of 1
               0.00 seconds total time

