
ff: parsing domain file
domain 'SATELLITE' defined
 ... done.
ff: parsing problem file
problem 'STRIPS-SAT-X-1' defined
 ... done.


no metric specified. plan length assumed.

checking for cyclic := effects --- OK.

ff: search configuration is EHC, if that fails then  best-first on 1*g(s) + 5*h(s) where
    metric is  plan length

Cueing down from goal distance:    9 into depth [1]
                                   8            [1]
                                   7            [1][2]
                                   6            [1]
                                   5            [1]
                                   4            [1]
                                   3            [1]
                                   2            [1]
                                   1            [1]
                                   0            

ff: found legal plan as follows

step    0: SWITCH_ON INSTRUMENT0 SATELLITE0
        1: TURN_TO SATELLITE1 PHENOMENON3 STAR1
        2: TURN_TO SATELLITE0 GROUNDSTATION0 PLANET5
        3: CALIBRATE SATELLITE0 INSTRUMENT0 GROUNDSTATION0
        4: TURN_TO SATELLITE0 PHENOMENON3 GROUNDSTATION0
        5: TAKE_IMAGE SATELLITE0 PHENOMENON3 INSTRUMENT0 SPECTROGRAPH1
        6: TURN_TO SATELLITE0 PHENOMENON4 PHENOMENON3
        7: TAKE_IMAGE SATELLITE0 PHENOMENON4 INSTRUMENT0 SPECTROGRAPH1
        8: TURN_TO SATELLITE0 PLANET5 PHENOMENON4
        9: TAKE_IMAGE SATELLITE0 PLANET5 INSTRUMENT0 SPECTROGRAPH1
     

time spent:    0.00 seconds instantiating 267 easy, 0 hard action templates
               0.00 seconds reachability analysis, yielding 57 facts and 267 actions
               0.00 seconds creating final representation with 57 relevant facts, 0 relevant fluents
               0.00 seconds computing LNF
               0.00 seconds building connectivity graph
               0.00 seconds searching, evaluating 22 states, to a max depth of 2
               0.00 seconds total time

