
ff: parsing domain file
domain 'SATELLITE' defined
 ... done.
ff: parsing problem file
problem 'STRIPS-SAT-X-1' defined
 ... done.


no metric specified. plan length assumed.

checking for cyclic := effects --- OK.

ff: search configuration is EHC, if that fails then  best-first on 1*g(s) + 5*h(s) where
    metric is  plan length

Cueing down from goal distance:   10 into depth [1]
                                   7            [1]
                                   6            [1]
                                   5            [1]
                                   4            [1]
                                   3            [1]
                                   2            [1]
                                   1            [1]
                                   0            

ff: found legal plan as follows

step    0: SWITCH_ON INSTRUMENT1 SATELLITE0
        1: CALIBRATE SATELLITE0 INSTRUMENT1 STAR1
        2: TURN_TO SATELLITE0 PHENOMENON3 STAR1
        3: TAKE_IMAGE SATELLITE0 PHENOMENON3 INSTRUMENT1 SPECTROGRAPH0
        4: TURN_TO SATELLITE0 STAR4 PHENOMENON3
        5: TAKE_IMAGE SATELLITE0 STAR4 INSTRUMENT1 SPECTROGRAPH0
        6: TURN_TO SATELLITE0 PHENOMENON5 STAR4
        7: TAKE_IMAGE SATELLITE0 PHENOMENON5 INSTRUMENT1 IMAGE1
     

time spent:    0.00 seconds instantiating 225 easy, 0 hard action templates
               0.00 seconds reachability analysis, yielding 53 facts and 225 actions
               0.00 seconds creating final representation with 53 relevant facts, 0 relevant fluents
               0.00 seconds computing LNF
               0.00 seconds building connectivity graph
               0.00 seconds searching, evaluating 16 states, to a max depth of 1
               0.00 seconds total time

