
ff: parsing domain file
domain 'SATELLITE' defined
 ... done.
ff: parsing problem file
problem 'STRIPS-SAT-X-1' defined
 ... done.


no metric specified. plan length assumed.

checking for cyclic := effects --- OK.

ff: search configuration is EHC, if that fails then  best-first on 1*g(s) + 5*h(s) where
    metric is  plan length

Cueing down from goal distance:  113 into depth [1]
                                 112            [1]
                                 111            [1]
                                 103            [1]
                                  99            [1]
                                  96            [1]
                                  94            [1]
                                  93            [1]
                                  91            [1]
                                  90            [1]
                                  89            [1]
                                  88            [1]
                                  85            [1]
                                  84            [1]
                                  83            [1]
                                  81            [1]
                                  80            [1]
                                  79            [1]
                                  78            [1]
                                  77            [1]
                                  76            [1]
                                  75            [1]
                                  74            [1]
                                  73            [1]
                                  72            [1]
                                  71            [1]
                                  70            [1]
                                  69            [1]
                                  68            [1]
                                  67            [1]
                                  66            [1]
                                  65            [1]
                                  64            [1]
                                  63            [1]
                                  62            [1]
                                  61            [1]
                                  60            [1][2]
                                  59            [1]
                                  58            [1]
                                  57            [1][2]
                                  56            [1]
                                  55            [1][2]
                                  54            [1]
                                  53            [1]
                                  52            [1]
                                  51            [1]
                                  50            [1]
                                  49            [1]
                                  48            [1]
                                  47            [1]
                                  46            [1][2][3]
                                  45            [1]
                                  44            [1]
                                  43            [1]
                                  42            [1]
                                  41            [1]
                                  40            [1]
                                  39            [1]
                                  38            [1]
                                  37            [1]
                                  36            [1]
                                  35            [1]
                                  34            [1]
                                  33            [1]
                                  32            [1]
                                  31            [1]
                                  30            [1]
                                  29            [1]
                                  28            [1]
                                  27            [1]
                                  26            [1]
                                  25            [1]
                                  24            [1]
                                  23            [1]
                                  22            [1]
                                  21            [1]
                                  20            [1][2]
                                  19            [1]
                                  18            [1]
                                  17            [1]
                                  16            [1]
                                  15            [1]
                                  14            [1]
                                  13            [1]
                                  12            [1]
                                  11            [1]
                                  10            [1][2]
                                   9            [1]
                                   8            [1]
                                   7            [1]
                                   6            [1]
                                   5            [1]
                                   4            [1]
                                   3            [1]
                                   2            [1]
                                   1            [1]
                                   0            

ff: found legal plan as follows

step    0: TURN_TO SATELLITE0 STAR1 PLANET23
        1: TURN_TO SATELLITE2 STAR1 STAR19
        2: TURN_TO SATELLITE5 STAR9 STAR19
        3: TURN_TO SATELLITE1 GROUNDSTATION16 PHENOMENON20
        4: TURN_TO SATELLITE9 GROUNDSTATION11 STAR22
        5: TURN_TO SATELLITE11 GROUNDSTATION3 STAR28
        6: TURN_TO SATELLITE3 STAR7 STAR9
        7: TURN_TO SATELLITE14 STAR13 STAR33
        8: SWITCH_ON INSTRUMENT26 SATELLITE2
        9: CALIBRATE SATELLITE2 INSTRUMENT26 STAR1
       10: TURN_TO SATELLITE2 PHENOMENON27 STAR1
       11: SWITCH_ON INSTRUMENT36 SATELLITE3
       12: CALIBRATE SATELLITE3 INSTRUMENT36 STAR7
       13: TURN_TO SATELLITE3 STAR28 STAR7
       14: SWITCH_ON INSTRUMENT17 SATELLITE1
       15: CALIBRATE SATELLITE1 INSTRUMENT17 GROUNDSTATION16
       16: TURN_TO SATELLITE1 STAR19 GROUNDSTATION16
       17: SWITCH_ON INSTRUMENT141 SATELLITE15
       18: TURN_TO SATELLITE5 STAR0 STAR9
       19: TURN_TO SATELLITE7 GROUNDSTATION3 GROUNDSTATION14
       20: TURN_TO SATELLITE8 STAR22 GROUNDSTATION11
       21: TURN_TO SATELLITE9 STAR10 GROUNDSTATION11
       22: TURN_TO SATELLITE16 STAR7 PHENOMENON31
       23: TAKE_IMAGE SATELLITE1 STAR19 INSTRUMENT17 INFRARED8
       24: TURN_TO SATELLITE1 PLANET30 STAR19
       25: TAKE_IMAGE SATELLITE2 PHENOMENON27 INSTRUMENT26 INFRARED9
       26: TAKE_IMAGE SATELLITE3 STAR28 INSTRUMENT36 THERMOGRAPH2
       27: TURN_TO SATELLITE3 PLANET30 STAR28
       28: TAKE_IMAGE SATELLITE3 PLANET30 INSTRUMENT36 THERMOGRAPH2
       29: TURN_TO SATELLITE3 PHENOMENON31 PLANET30
       30: TAKE_IMAGE SATELLITE1 PLANET30 INSTRUMENT17 INFRARED8
       31: TAKE_IMAGE SATELLITE1 PLANET30 INSTRUMENT17 IMAGE0
       32: TURN_TO SATELLITE1 STAR33 PLANET30
       33: TAKE_IMAGE SATELLITE3 PHENOMENON31 INSTRUMENT36 INFRARED13
       34: TAKE_IMAGE SATELLITE1 STAR33 INSTRUMENT17 INFRARED8
       35: TURN_TO SATELLITE1 PLANET25 STAR33
       36: TURN_TO SATELLITE15 STAR5 PHENOMENON31
       37: CALIBRATE SATELLITE15 INSTRUMENT141 STAR5
       38: TURN_TO SATELLITE15 PHENOMENON31 STAR5
       39: TAKE_IMAGE SATELLITE15 PHENOMENON31 INSTRUMENT141 THERMOGRAPH11
       40: TURN_TO SATELLITE14 STAR33 STAR13
       41: SWITCH_ON INSTRUMENT124 SATELLITE14
       42: TURN_TO SATELLITE0 STAR9 STAR1
       43: TURN_TO SATELLITE14 STAR13 STAR33
       44: CALIBRATE SATELLITE14 INSTRUMENT124 STAR13
       45: TURN_TO SATELLITE14 STAR19 STAR13
       46: TAKE_IMAGE SATELLITE14 STAR19 INSTRUMENT124 SPECTROGRAPH1
       47: TURN_TO SATELLITE14 PLANET23 STAR19
       48: TAKE_IMAGE SATELLITE14 PLANET23 INSTRUMENT124 SPECTROGRAPH1
       49: TURN_TO SATELLITE14 PHENOMENON27 PLANET23
       50: TAKE_IMAGE SATELLITE14 PHENOMENON27 INSTRUMENT124 THERMOGRAPH3
       51: TURN_TO SATELLITE14 STAR33 PHENOMENON27
       52: TAKE_IMAGE SATELLITE14 STAR33 INSTRUMENT124 SPECTROGRAPH1
       53: SWITCH_ON INSTRUMENT12 SATELLITE0
       54: SWITCH_ON INSTRUMENT86 SATELLITE7
       55: SWITCH_ON INSTRUMENT54 SATELLITE5
       56: TURN_TO SATELLITE4 GROUNDSTATION3 GROUNDSTATION4
       57: CALIBRATE SATELLITE7 INSTRUMENT86 GROUNDSTATION3
       58: CALIBRATE SATELLITE0 INSTRUMENT12 STAR9
       59: TURN_TO SATELLITE0 STAR19 STAR9
       60: SWITCH_ON INSTRUMENT40 SATELLITE4
       61: CALIBRATE SATELLITE4 INSTRUMENT40 GROUNDSTATION3
       62: TURN_TO SATELLITE4 STAR22 GROUNDSTATION3
       63: TAKE_IMAGE SATELLITE0 STAR19 INSTRUMENT12 IMAGE7
       64: TURN_TO SATELLITE0 PHENOMENON20 STAR19
       65: TAKE_IMAGE SATELLITE0 PHENOMENON20 INSTRUMENT12 IMAGE7
       66: TAKE_IMAGE SATELLITE0 PHENOMENON20 INSTRUMENT12 INFRARED4
       67: TURN_TO SATELLITE0 STAR22 PHENOMENON20
       68: TAKE_IMAGE SATELLITE4 STAR22 INSTRUMENT40 INFRARED15
       69: TURN_TO SATELLITE4 PHENOMENON29 STAR22
       70: TAKE_IMAGE SATELLITE0 STAR22 INSTRUMENT12 IMAGE7
       71: TURN_TO SATELLITE0 PHENOMENON27 STAR22
       72: TAKE_IMAGE SATELLITE0 PHENOMENON27 INSTRUMENT12 IMAGE7
       73: TURN_TO SATELLITE0 PHENOMENON29 PHENOMENON27
       74: TAKE_IMAGE SATELLITE4 PHENOMENON29 INSTRUMENT40 THERMOGRAPH6
       75: TAKE_IMAGE SATELLITE4 PHENOMENON29 INSTRUMENT40 INFRARED15
       76: TAKE_IMAGE SATELLITE0 PHENOMENON29 INSTRUMENT12 IMAGE7
       77: TURN_TO SATELLITE0 PLANET30 PHENOMENON29
       78: TAKE_IMAGE SATELLITE0 PLANET30 INSTRUMENT12 IMAGE7
       79: TURN_TO SATELLITE0 STAR32 PLANET30
       80: TAKE_IMAGE SATELLITE0 STAR32 INSTRUMENT12 INFRARED4
       81: TURN_TO SATELLITE5 STAR7 STAR0
       82: CALIBRATE SATELLITE5 INSTRUMENT54 STAR7
       83: TURN_TO SATELLITE5 PHENOMENON18 STAR7
       84: TAKE_IMAGE SATELLITE5 PHENOMENON18 INSTRUMENT54 INFRARED12
       85: TURN_TO SATELLITE5 PLANET23 PHENOMENON18
       86: TAKE_IMAGE SATELLITE5 PLANET23 INSTRUMENT54 INFRARED12
       87: TURN_TO SATELLITE5 PHENOMENON27 PLANET23
       88: TAKE_IMAGE SATELLITE5 PHENOMENON27 INSTRUMENT54 IMAGE14
       89: TURN_TO SATELLITE5 PLANET30 PHENOMENON27
       90: TAKE_IMAGE SATELLITE5 PLANET30 INSTRUMENT54 IMAGE14
       91: TURN_TO SATELLITE5 STAR0 PLANET30
       92: TURN_TO SATELLITE7 STAR17 GROUNDSTATION3
       93: TAKE_IMAGE SATELLITE7 STAR17 INSTRUMENT86 IMAGE16
       94: TURN_TO SATELLITE7 PHENOMENON18 STAR17
       95: TAKE_IMAGE SATELLITE7 PHENOMENON18 INSTRUMENT86 THERMOGRAPH5
       96: TURN_TO SATELLITE7 PHENOMENON20 PHENOMENON18
       97: TAKE_IMAGE SATELLITE7 PHENOMENON20 INSTRUMENT86 IMAGE16
       98: TURN_TO SATELLITE7 PLANET24 PHENOMENON20
       99: TAKE_IMAGE SATELLITE7 PLANET24 INSTRUMENT86 SPECTROGRAPH10
      100: TURN_TO SATELLITE7 PHENOMENON29 PLANET24
      101: TAKE_IMAGE SATELLITE7 PHENOMENON29 INSTRUMENT86 SPECTROGRAPH10
      102: TURN_TO SATELLITE7 GROUNDSTATION3 PHENOMENON29
     

time spent:    0.00 seconds instantiating 30084 easy, 0 hard action templates
               0.00 seconds reachability analysis, yielding 1467 facts and 30084 actions
               0.00 seconds creating final representation with 1467 relevant facts, 0 relevant fluents
               0.05 seconds computing LNF
               0.02 seconds building connectivity graph
              10.82 seconds searching, evaluating 5271 states, to a max depth of 3
              10.89 seconds total time

