
ff: parsing domain file
domain 'SATELLITE' defined
 ... done.
ff: parsing problem file
problem 'STRIPS-SAT-X-1' defined
 ... done.


no metric specified. plan length assumed.

checking for cyclic := effects --- OK.

ff: search configuration is EHC, if that fails then  best-first on 1*g(s) + 5*h(s) where
    metric is  plan length

Cueing down from goal distance:  149 into depth [1]
                                 140            [1]
                                 131            [1]
                                 125            [1]
                                 124            [1]
                                 114            [1]
                                 109            [1]
                                 107            [1]
                                 104            [1]
                                  96            [1]
                                  95            [1]
                                  94            [1]
                                  93            [1][2][3]
                                  92            [1]
                                  91            [1][2]
                                  90            [1]
                                  89            [1]
                                  88            [1]
                                  87            [1]
                                  86            [1]
                                  85            [1]
                                  84            [1]
                                  83            [1]
                                  82            [1]
                                  81            [1]
                                  80            [1]
                                  79            [1][2][3]
                                  78            [1][2][3][4]