
ff: parsing domain file
domain 'SATELLITE' defined
 ... done.
ff: parsing problem file
problem 'STRIPS-SAT-X-1' defined
 ... done.


no metric specified. plan length assumed.

checking for cyclic := effects --- OK.

ff: search configuration is EHC, if that fails then  best-first on 1*g(s) + 5*h(s) where
    metric is  plan length

Cueing down from goal distance:  132 into depth [1]
                                 130            [1]
                                 125            [1]
                                 122            [1]
                                 117            [1]
                                 116            [1]
                                 114            [1]
                                 105            [1]
                                 103            [1]
                                 102            [1]
                                 101            [1]
                                  96            [1]
                                  95            [1]
                                  94            [1]
                                  93            [1]
                                  92            [1]
                                  91            [1]
                                  90            [1]
                                  89            [1]
                                  88            [1]
                                  87            [1]
                                  86            [1]
                                  85            [1]
                                  84            [1]
                                  83            [1]
                                  82            [1]
                                  81            [1]
                                  80            [1]
                                  79            [1]
                                  78            [1]
                                  77            [1]
                                  76            [1]
                                  75            [1]
                                  74            [1]
                                  73            [1][2]
                                  72            [1]
                                  71            [1]
                                  70            [1]
                                  69            [1]
                                  68            [1]
                                  67            [1]
                                  66            [1]
                                  65            [1]
                                  64            [1]
                                  63            [1]
                                  62            [1]
                                  61            [1]
                                  60            [1]
                                  59            [1][2]
                                  58            [1]
                                  57            [1]
                                  56            [1]
                                  55            [1]
                                  54            [1]
                                  53            [1]
                                  52            [1]
                                  51            [1]
                                  50            [1]
                                  49            [1]
                                  48            [1]
                                  47            [1]
                                  46            [1]
                                  45            [1]
                                  44            [1]
                                  43            [1]
                                  42            [1]
                                  41            [1]
                                  40            [1]
                                  39            [1][2]
                                  38            [1]
                                  37            [1]
                                  36            [1]
                                  35            [1]
                                  34            [1]
                                  33            [1]
                                  32            [1]
                                  31            [1]
                                  30            [1]
                                  29            [1]
                                  28            [1]
                                  27            [1][2][3]
                                  26            [1]
                                  25            [1]
                                  24            [1]
                                  23            [1]
                                  22            [1]
                                  21            [1]
                                  20            [1]
                                  19            [1]
                                  18            [1]
                                  17            [1]
                                  16            [1]
                                  15            [1]
                                  14            [1]
                                  13            [1]
                                  12            [1]
                                  11            [1]
                                  10            [1]
                                   9            [1]
                                   8            [1]
                                   7            [1]
                                   6            [1]
                                   5            [1]
                                   4            [1]
                                   3            [1]
                                   2            [1]
                                   1            [1]
                                   0            

ff: found legal plan as follows

step    0: TURN_TO SATELLITE4 GROUNDSTATION16 PHENOMENON23
        1: TURN_TO SATELLITE8 STAR1 PHENOMENON23
        2: TURN_TO SATELLITE3 GROUNDSTATION14 PLANET33
        3: TURN_TO SATELLITE9 STAR13 PHENOMENON28
        4: TURN_TO SATELLITE1 STAR6 PLANET24
        5: TURN_TO SATELLITE7 GROUNDSTATION8 PLANET31
        6: TURN_TO SATELLITE5 STAR2 PHENOMENON32
        7: SWITCH_ON INSTRUMENT35 SATELLITE3
        8: CALIBRATE SATELLITE3 INSTRUMENT35 GROUNDSTATION14
        9: TURN_TO SATELLITE3 PLANET17 GROUNDSTATION14
       10: SWITCH_ON INSTRUMENT10 SATELLITE0
       11: TURN_TO SATELLITE10 PHENOMENON30 STAR10
       12: TURN_TO SATELLITE11 PHENOMENON28 GROUNDSTATION12
       13: TURN_TO SATELLITE12 GROUNDSTATION16 STAR10
       14: TURN_TO SATELLITE14 STAR5 GROUNDSTATION4
       15: TAKE_IMAGE SATELLITE3 PLANET17 INSTRUMENT35 SPECTROGRAPH12
       16: TURN_TO SATELLITE3 PHENOMENON21 PLANET17
       17: TAKE_IMAGE SATELLITE3 PHENOMENON21 INSTRUMENT35 IMAGE0
       18: TAKE_IMAGE SATELLITE3 PHENOMENON21 INSTRUMENT35 IMAGE15
       19: TURN_TO SATELLITE3 STAR26 PHENOMENON21
       20: TAKE_IMAGE SATELLITE3 STAR26 INSTRUMENT35 IMAGE15
       21: TAKE_IMAGE SATELLITE3 STAR26 INSTRUMENT35 IMAGE0
       22: TURN_TO SATELLITE3 PLANET27 STAR26
       23: TAKE_IMAGE SATELLITE3 PLANET27 INSTRUMENT35 IMAGE0
       24: TAKE_IMAGE SATELLITE3 PLANET27 INSTRUMENT35 IMAGE15
       25: TURN_TO SATELLITE3 PHENOMENON28 PLANET27
       26: TAKE_IMAGE SATELLITE3 PHENOMENON28 INSTRUMENT35 IMAGE15
       27: TAKE_IMAGE SATELLITE3 PHENOMENON28 INSTRUMENT35 SPECTROGRAPH12
       28: TAKE_IMAGE SATELLITE3 PHENOMENON28 INSTRUMENT35 IMAGE0
       29: TURN_TO SATELLITE3 PLANET31 PHENOMENON28
       30: TAKE_IMAGE SATELLITE3 PLANET31 INSTRUMENT35 IMAGE0
       31: TAKE_IMAGE SATELLITE3 PLANET31 INSTRUMENT35 SPECTROGRAPH12
       32: TURN_TO SATELLITE3 PHENOMENON32 PLANET31
       33: TAKE_IMAGE SATELLITE3 PHENOMENON32 INSTRUMENT35 IMAGE15
       34: TURN_TO SATELLITE0 STAR5 PHENOMENON22
       35: CALIBRATE SATELLITE0 INSTRUMENT10 STAR5
       36: TURN_TO SATELLITE0 PHENOMENON22 STAR5
       37: TAKE_IMAGE SATELLITE0 PHENOMENON22 INSTRUMENT10 INFRARED11
       38: TURN_TO SATELLITE0 PHENOMENON23 PHENOMENON22
       39: TAKE_IMAGE SATELLITE0 PHENOMENON23 INSTRUMENT10 INFRARED11
       40: TURN_TO SATELLITE0 PLANET25 PHENOMENON23
       41: TAKE_IMAGE SATELLITE0 PLANET25 INSTRUMENT10 INFRARED6
       42: TAKE_IMAGE SATELLITE0 PLANET25 INSTRUMENT10 INFRARED11
       43: TURN_TO SATELLITE0 STAR26 PLANET25
       44: TAKE_IMAGE SATELLITE0 STAR26 INSTRUMENT10 INFRARED6
       45: TAKE_IMAGE SATELLITE0 STAR26 INSTRUMENT10 IMAGE1
       46: TAKE_IMAGE SATELLITE0 STAR26 INSTRUMENT10 INFRARED11
       47: TURN_TO SATELLITE0 PHENOMENON28 STAR26
       48: TAKE_IMAGE SATELLITE0 PHENOMENON28 INSTRUMENT10 INFRARED6
       49: SWITCH_ON INSTRUMENT22 SATELLITE2
       50: TURN_TO SATELLITE6 GROUNDSTATION4 STAR11
       51: TURN_TO SATELLITE4 GROUNDSTATION7 GROUNDSTATION16
       52: SWITCH_ON INSTRUMENT58 SATELLITE6
       53: CALIBRATE SATELLITE6 INSTRUMENT58 GROUNDSTATION4
       54: TURN_TO SATELLITE6 PLANET18 GROUNDSTATION4
       55: TAKE_IMAGE SATELLITE6 PLANET18 INSTRUMENT58 SPECTROGRAPH3
       56: TURN_TO SATELLITE6 PHENOMENON19 PLANET18
       57: TAKE_IMAGE SATELLITE6 PHENOMENON19 INSTRUMENT58 THERMOGRAPH16
       58: TURN_TO SATELLITE6 PHENOMENON23 PHENOMENON19
       59: TAKE_IMAGE SATELLITE6 PHENOMENON23 INSTRUMENT58 THERMOGRAPH16
       60: TURN_TO SATELLITE6 PLANET25 PHENOMENON23
       61: TAKE_IMAGE SATELLITE6 PLANET25 INSTRUMENT58 SPECTROGRAPH3
       62: TURN_TO SATELLITE6 PLANET27 PLANET25
       63: TAKE_IMAGE SATELLITE6 PLANET27 INSTRUMENT58 THERMOGRAPH8
       64: TURN_TO SATELLITE6 PHENOMENON30 PLANET27
       65: TAKE_IMAGE SATELLITE6 PHENOMENON30 INSTRUMENT58 THERMOGRAPH16
       66: TURN_TO SATELLITE6 PLANET31 PHENOMENON30
       67: TAKE_IMAGE SATELLITE6 PLANET31 INSTRUMENT58 THERMOGRAPH8
       68: TURN_TO SATELLITE6 PLANET33 PLANET31
       69: TAKE_IMAGE SATELLITE6 PLANET33 INSTRUMENT58 SPECTROGRAPH3
       70: TURN_TO SATELLITE2 STAR9 PHENOMENON22
       71: CALIBRATE SATELLITE2 INSTRUMENT22 STAR9
       72: TURN_TO SATELLITE2 PHENOMENON21 STAR9
       73: TAKE_IMAGE SATELLITE2 PHENOMENON21 INSTRUMENT22 THERMOGRAPH10
       74: TURN_TO SATELLITE2 PHENOMENON22 PHENOMENON21
       75: TAKE_IMAGE SATELLITE2 PHENOMENON22 INSTRUMENT22 THERMOGRAPH10
       76: TAKE_IMAGE SATELLITE2 PHENOMENON22 INSTRUMENT22 THERMOGRAPH13
       77: TURN_TO SATELLITE2 PLANET27 PHENOMENON22
       78: TAKE_IMAGE SATELLITE2 PLANET27 INSTRUMENT22 THERMOGRAPH10
       79: TAKE_IMAGE SATELLITE2 PLANET27 INSTRUMENT22 THERMOGRAPH13
       80: TURN_TO SATELLITE2 PHENOMENON32 PLANET27
       81: TAKE_IMAGE SATELLITE2 PHENOMENON32 INSTRUMENT22 THERMOGRAPH10
       82: TURN_TO SATELLITE2 PHENOMENON28 PHENOMENON32
       83: SWITCH_ON INSTRUMENT19 SATELLITE1
       84: TURN_TO SATELLITE5 GROUNDSTATION12 STAR2
       85: SWITCH_ON INSTRUMENT55 SATELLITE5
       86: CALIBRATE SATELLITE5 INSTRUMENT55 GROUNDSTATION12
       87: TURN_TO SATELLITE5 PLANET18 GROUNDSTATION12
       88: CALIBRATE SATELLITE1 INSTRUMENT19 STAR6
       89: TURN_TO SATELLITE1 PLANET20 STAR6
       90: TAKE_IMAGE SATELLITE5 PLANET18 INSTRUMENT55 THERMOGRAPH2
       91: TURN_TO SATELLITE5 PLANET20 PLANET18
       92: TAKE_IMAGE SATELLITE1 PLANET20 INSTRUMENT19 INFRARED14
       93: TAKE_IMAGE SATELLITE1 PLANET20 INSTRUMENT19 THERMOGRAPH7
       94: TURN_TO SATELLITE1 PHENOMENON21 PLANET20
       95: TAKE_IMAGE SATELLITE5 PLANET20 INSTRUMENT55 THERMOGRAPH2
       96: TURN_TO SATELLITE5 PHENOMENON23 PLANET20
       97: TAKE_IMAGE SATELLITE1 PHENOMENON21 INSTRUMENT19 INFRARED14
       98: TURN_TO SATELLITE1 PHENOMENON30 PHENOMENON21
       99: TAKE_IMAGE SATELLITE5 PHENOMENON23 INSTRUMENT55 THERMOGRAPH2
      100: TURN_TO SATELLITE5 PLANET25 PHENOMENON23
      101: TAKE_IMAGE SATELLITE5 PLANET25 INSTRUMENT55 INFRARED4
      102: TURN_TO SATELLITE5 PHENOMENON29 PLANET25
      103: TAKE_IMAGE SATELLITE5 PHENOMENON29 INSTRUMENT55 THERMOGRAPH2
      104: TURN_TO SATELLITE5 PHENOMENON30 PHENOMENON29
      105: TAKE_IMAGE SATELLITE1 PHENOMENON30 INSTRUMENT19 INFRARED14
      106: TURN_TO SATELLITE1 PHENOMENON32 PHENOMENON30
      107: TAKE_IMAGE SATELLITE5 PHENOMENON30 INSTRUMENT55 THERMOGRAPH2
      108: TURN_TO SATELLITE5 PHENOMENON32 PHENOMENON30
      109: TAKE_IMAGE SATELLITE5 PHENOMENON32 INSTRUMENT55 INFRARED4
      110: TAKE_IMAGE SATELLITE1 PHENOMENON32 INSTRUMENT19 THERMOGRAPH7
      111: TAKE_IMAGE SATELLITE1 PHENOMENON32 INSTRUMENT19 INFRARED14
     

time spent:    0.00 seconds instantiating 29088 easy, 0 hard action templates
               0.00 seconds reachability analysis, yielding 1425 facts and 29088 actions
               0.01 seconds creating final representation with 1425 relevant facts, 0 relevant fluents
               0.08 seconds computing LNF
               0.03 seconds building connectivity graph
               6.96 seconds searching, evaluating 2269 states, to a max depth of 3
               7.08 seconds total time

