
ff: parsing domain file
domain 'BLOCKS' defined
 ... done.
ff: parsing problem file
problem 'PB4' defined
 ... done.


no metric specified. plan length assumed.

checking for cyclic := effects --- OK.

ff: search configuration is EHC, if that fails then  best-first on 1*g(s) + 5*h(s) where
    metric is  plan length

Cueing down from goal distance:    9 into depth [1][2][3][4]
                                   7            [1][2][3][4][5][6]
                                   6            [1]
                                   5            [1]
                                   4            [1]
                                   3            [1]
                                   2            [1][2]
                                   0            

ff: found legal plan as follows

step    0: UNSTACK BLOCK1 BLOCK7
        1: PUT-DOWN BLOCK1
        2: UNSTACK BLOCK7 BLOCK8
        3: PUT-DOWN BLOCK7
        4: UNSTACK BLOCK8 BLOCK6
        5: STACK BLOCK8 BLOCK7
        6: UNSTACK BLOCK6 BLOCK2
        7: STACK BLOCK6 BLOCK8
        8: UNSTACK BLOCK2 BLOCK5
        9: PUT-DOWN BLOCK2
       10: UNSTACK BLOCK6 BLOCK8
       11: STACK BLOCK6 BLOCK5
       12: PICK-UP BLOCK1
       13: STACK BLOCK1 BLOCK2
       14: UNSTACK BLOCK8 BLOCK7
       15: STACK BLOCK8 BLOCK6
     

time spent:    0.00 seconds instantiating 144 easy, 0 hard action templates
               0.00 seconds reachability analysis, yielding 89 facts and 144 actions
               0.00 seconds creating final representation with 89 relevant facts, 0 relevant fluents
               0.00 seconds computing LNF
               0.00 seconds building connectivity graph
               0.00 seconds searching, evaluating 73 states, to a max depth of 6
               0.00 seconds total time

