
ff: parsing domain file
domain 'BLOCKS' defined
 ... done.
ff: parsing problem file
problem 'PB5' defined
 ... done.


no metric specified. plan length assumed.

checking for cyclic := effects --- OK.

ff: search configuration is EHC, if that fails then  best-first on 1*g(s) + 5*h(s) where
    metric is  plan length

Cueing down from goal distance:   16 into depth [1]
                                  15            [1]
                                  14            [1]
                                  13            [1][2]
                                  12            [1][2][3]
                                  11            [1]
                                  10            [1]
                                   9            [1][2][3][4][5][6][7]
                                   8            [1][2]
                                   7            [1][2][3][4][5][6][7][8][9][10]
                                   6            [1][2][3][4][5][6][7][8][9][10][11][12]
                                   5            [1]
                                   4            [1]
                                   3            [1]
                                   2            [1]
                                   1            [1]
                                   0            

ff: found legal plan as follows

step    0: UNSTACK BLOCK5 BLOCK1
        1: PUT-DOWN BLOCK5
        2: UNSTACK BLOCK7 BLOCK8
        3: STACK BLOCK7 BLOCK1
        4: PICK-UP BLOCK3
        5: STACK BLOCK3 BLOCK7
        6: PICK-UP BLOCK8
        7: STACK BLOCK8 BLOCK5
        8: UNSTACK BLOCK3 BLOCK7
        9: STACK BLOCK3 BLOCK8
       10: UNSTACK BLOCK7 BLOCK1
       11: STACK BLOCK7 BLOCK3
       12: UNSTACK BLOCK1 BLOCK6
       13: PUT-DOWN BLOCK1
       14: UNSTACK BLOCK6 BLOCK4
       15: STACK BLOCK6 BLOCK7
       16: UNSTACK BLOCK4 BLOCK2
       17: STACK BLOCK4 BLOCK6
       18: PICK-UP BLOCK1
       19: STACK BLOCK1 BLOCK2
       20: UNSTACK BLOCK4 BLOCK6
       21: PUT-DOWN BLOCK4
       22: UNSTACK BLOCK6 BLOCK7
       23: STACK BLOCK6 BLOCK4
       24: UNSTACK BLOCK7 BLOCK3
       25: STACK BLOCK7 BLOCK6
       26: UNSTACK BLOCK1 BLOCK2
       27: STACK BLOCK1 BLOCK7
       28: PICK-UP BLOCK2
       29: STACK BLOCK2 BLOCK3
       30: UNSTACK BLOCK1 BLOCK7
       31: STACK BLOCK1 BLOCK2
       32: UNSTACK BLOCK7 BLOCK6
       33: STACK BLOCK7 BLOCK1
       34: UNSTACK BLOCK6 BLOCK4
       35: STACK BLOCK6 BLOCK7
       36: PICK-UP BLOCK4
       37: STACK BLOCK4 BLOCK6
     

time spent:    0.00 seconds instantiating 144 easy, 0 hard action templates
               0.00 seconds reachability analysis, yielding 89 facts and 144 actions
               0.00 seconds creating final representation with 89 relevant facts, 0 relevant fluents
               0.00 seconds computing LNF
               0.00 seconds building connectivity graph
               0.01 seconds searching, evaluating 2309 states, to a max depth of 12
               0.01 seconds total time

