
ff: parsing domain file
domain 'BLOCKS' defined
 ... done.
ff: parsing problem file
problem 'PB1' defined
 ... done.


no metric specified. plan length assumed.

checking for cyclic := effects --- OK.

ff: search configuration is EHC, if that fails then  best-first on 1*g(s) + 5*h(s) where
    metric is  plan length

Cueing down from goal distance:   12 into depth [1]
                                  11            [1]
                                  10            [1]
                                   9            [1][2][3]
                                   7            [1][2][3][4]
                                   6            [1]
                                   5            [1]
                                   4            [1][2][3][4]
                                   3            [1][2][3][4]
                                   2            [1][2]
                                   0            

ff: found legal plan as follows

step    0: UNSTACK BLOCK5 BLOCK8
        1: PUT-DOWN BLOCK5
        2: PICK-UP BLOCK6
        3: STACK BLOCK6 BLOCK8
        4: UNSTACK BLOCK1 BLOCK2
        5: PUT-DOWN BLOCK1
        6: UNSTACK BLOCK6 BLOCK8
        7: STACK BLOCK6 BLOCK2
        8: PICK-UP BLOCK8
        9: STACK BLOCK8 BLOCK5
       10: UNSTACK BLOCK6 BLOCK2
       11: STACK BLOCK6 BLOCK8
       12: UNSTACK BLOCK2 BLOCK7
       13: STACK BLOCK2 BLOCK6
       14: UNSTACK BLOCK7 BLOCK4
       15: STACK BLOCK7 BLOCK1
       16: UNSTACK BLOCK2 BLOCK6
       17: STACK BLOCK2 BLOCK4
       18: UNSTACK BLOCK7 BLOCK1
       19: STACK BLOCK7 BLOCK2
     

time spent:    0.00 seconds instantiating 144 easy, 0 hard action templates
               0.00 seconds reachability analysis, yielding 89 facts and 144 actions
               0.00 seconds creating final representation with 89 relevant facts, 0 relevant fluents
               0.00 seconds computing LNF
               0.00 seconds building connectivity graph
               0.00 seconds searching, evaluating 72 states, to a max depth of 4
               0.00 seconds total time

