
ff: parsing domain file
domain 'BLOCKS' defined
 ... done.
ff: parsing problem file
problem 'PB8' defined
 ... done.


no metric specified. plan length assumed.

checking for cyclic := effects --- OK.

ff: search configuration is EHC, if that fails then  best-first on 1*g(s) + 5*h(s) where
    metric is  plan length

Cueing down from goal distance:   12 into depth [1][2]
                                  10            [1][2][3][4]
                                   9            [1]
                                   8            [1][2]
                                   7            [1]
                                   6            [1][2][3][4]
                                   5            [1]
                                   4            [1]
                                   3            [1][2][3][4]
                                   2            [1]
                                   1            [1]
                                   0            

ff: found legal plan as follows

step    0: UNSTACK BLOCK5 BLOCK4
        1: PUT-DOWN BLOCK5
        2: UNSTACK BLOCK6 BLOCK2
        3: STACK BLOCK6 BLOCK5
        4: UNSTACK BLOCK2 BLOCK8
        5: PUT-DOWN BLOCK2
        6: PICK-UP BLOCK3
        7: STACK BLOCK3 BLOCK8
        8: UNSTACK BLOCK6 BLOCK5
        9: STACK BLOCK6 BLOCK2
       10: UNSTACK BLOCK1 BLOCK7
       11: STACK BLOCK1 BLOCK6
       12: PICK-UP BLOCK7
       13: STACK BLOCK7 BLOCK4
       14: UNSTACK BLOCK1 BLOCK6
       15: STACK BLOCK1 BLOCK7
       16: UNSTACK BLOCK3 BLOCK8
       17: STACK BLOCK3 BLOCK5
       18: PICK-UP BLOCK8
       19: STACK BLOCK8 BLOCK6
       20: UNSTACK BLOCK3 BLOCK5
       21: STACK BLOCK3 BLOCK8
     

time spent:    0.00 seconds instantiating 144 easy, 0 hard action templates
               0.00 seconds reachability analysis, yielding 89 facts and 144 actions
               0.00 seconds creating final representation with 89 relevant facts, 0 relevant fluents
               0.00 seconds computing LNF
               0.00 seconds building connectivity graph
               0.00 seconds searching, evaluating 145 states, to a max depth of 4
               0.00 seconds total time

