
ff: parsing domain file
domain 'BLOCKS' defined
 ... done.
ff: parsing problem file
problem 'PB7' defined
 ... done.


no metric specified. plan length assumed.

checking for cyclic := effects --- OK.

ff: search configuration is EHC, if that fails then  best-first on 1*g(s) + 5*h(s) where
    metric is  plan length

Cueing down from goal distance:   11 into depth [1]
                                  10            [1]
                                   9            [1]
                                   8            [1]
                                   7            [1]
                                   6            [1]
                                   5            [1][2][3][4]
                                   4            [1]
                                   3            [1]
                                   2            [1][2]
                                   0            

ff: found legal plan as follows

step    0: UNSTACK BLOCK2 BLOCK7
        1: PUT-DOWN BLOCK2
        2: UNSTACK BLOCK6 BLOCK5
        3: STACK BLOCK6 BLOCK2
        4: UNSTACK BLOCK5 BLOCK1
        5: STACK BLOCK5 BLOCK7
        6: UNSTACK BLOCK1 BLOCK8
        7: STACK BLOCK1 BLOCK5
        8: UNSTACK BLOCK8 BLOCK3
        9: STACK BLOCK8 BLOCK6
       10: UNSTACK BLOCK1 BLOCK5
       11: STACK BLOCK1 BLOCK8
       12: UNSTACK BLOCK3 BLOCK4
       13: PUT-DOWN BLOCK3
     

time spent:    0.00 seconds instantiating 144 easy, 0 hard action templates
               0.00 seconds reachability analysis, yielding 89 facts and 144 actions
               0.00 seconds creating final representation with 89 relevant facts, 0 relevant fluents
               0.00 seconds computing LNF
               0.00 seconds building connectivity graph
               0.00 seconds searching, evaluating 26 states, to a max depth of 4
               0.00 seconds total time

