
ff: parsing domain file
domain 'BLOCKS' defined
 ... done.
ff: parsing problem file
problem 'PB0' defined
 ... done.


no metric specified. plan length assumed.

checking for cyclic := effects --- OK.

ff: search configuration is EHC, if that fails then  best-first on 1*g(s) + 5*h(s) where
    metric is  plan length

Cueing down from goal distance:   11 into depth [1][2]
                                   9            [1][2][3]
                                   8            [1]
                                   7            [1]
                                   6            [1][2][3][4][5][6]
                                   5            [1]
                                   4            [1]
                                   3            [1]
                                   2            [1]
                                   1            [1]
                                   0            

ff: found legal plan as follows

step    0: UNSTACK BLOCK5 BLOCK1
        1: PUT-DOWN BLOCK5
        2: UNSTACK BLOCK1 BLOCK4
        3: STACK BLOCK1 BLOCK6
        4: UNSTACK BLOCK4 BLOCK7
        5: PUT-DOWN BLOCK4
        6: UNSTACK BLOCK7 BLOCK8
        7: STACK BLOCK7 BLOCK5
        8: UNSTACK BLOCK8 BLOCK2
        9: STACK BLOCK8 BLOCK4
       10: UNSTACK BLOCK7 BLOCK5
       11: STACK BLOCK7 BLOCK8
       12: UNSTACK BLOCK1 BLOCK6
       13: STACK BLOCK1 BLOCK7
       14: PICK-UP BLOCK6
       15: STACK BLOCK6 BLOCK2
     

time spent:    0.00 seconds instantiating 144 easy, 0 hard action templates
               0.00 seconds reachability analysis, yielding 89 facts and 144 actions
               0.00 seconds creating final representation with 89 relevant facts, 0 relevant fluents
               0.00 seconds computing LNF
               0.00 seconds building connectivity graph
               0.00 seconds searching, evaluating 249 states, to a max depth of 6
               0.00 seconds total time

