
ff: parsing domain file
domain 'SATELLITE' defined
 ... done.
ff: parsing problem file
problem 'STRIPS-SAT-X-1' defined
 ... done.


no metric specified. plan length assumed.

checking for cyclic := effects --- OK.

ff: search configuration is EHC, if that fails then  best-first on 1*g(s) + 5*h(s) where
    metric is  plan length

Cueing down from goal distance:  354 into depth [1]
                                 346            [1]
                                 344            [1]
                                 342            [1]
                                 336            [1]
                                 321            [1]
                                 315            [1]
                                 310            [1]
                                 309            [1]
                                 291            [1]
                                 290            [1]
                                 284            [1]
                                 282            [1]
                                 281            [1]
                                 277            [1]
                                 276            [1]
                                 269            [1]
                                 267            [1]
                                 266            [1]
                                 265            [1]
                                 263            [1]
                                 262            [1]
                                 261            [1]
                                 251            [1]
                                 250            [1]
                                 249            [1]
                                 248            [1]
                                 247            [1]
                                 246            [1]
                                 245            [1]
                                 244            [1]
                                 243            [1]
                                 242            [1]
                                 241            [1]
                                 240            [1]
                                 239            [1]
                                 238            [1]
                                 237            [1]
                                 236            [1]
                                 235            [1]
                                 234            [1]
                                 233            [1]
                                 232            [1]
                                 231            [1]
                                 230            [1]
                                 229            [1]
                                 228            [1]
                                 227            [1]
                                 226            [1]
                                 225            [1]
                                 224            [1]
                                 223            [1]
                                 222            [1]
                                 221            [1]
                                 220            [1]
                                 219            [1]
                                 218            [1]
                                 217            [1]
                                 216            [1]
                                 215            [1]
                                 214            [1]
                                 213            [1]
                                 212            [1]
                                 211            [1]
                                 210            [1]
                                 209            [1]
                                 208            [1]
                                 207            [1]
                                 206            [1]
                                 205            [1]
                                 204            [1]
                                 203            [1]
                                 202            [1]
                                 201            [1]
                                 200            [1]
                                 199            [1]
                                 198            [1]
                                 197            [1]
                                 196            [1]
                                 195            [1]
                                 194            [1]
                                 193            [1]
                                 192            [1]
                                 191            [1]
                                 190            [1]
                                 189            [1]
                                 188            [1]
                                 187            [1]
                                 186            [1]
                                 185            [1]
                                 184            [1]
                                 183            [1]
                                 182            [1]
                                 181            [1]
                                 180            [1]
                                 179            [1]
                                 178            [1]
                                 177            [1]
                                 176            [1]
                                 175            [1]
                                 174            [1]
                                 173            [1]
                                 172            [1]
                                 171            [1]
                                 170            [1][2]
                                 169            [1][2]
                                 168            [1]
                                 167            [1]
                                 166            [1]
                                 165            [1]
                                 164            [1]
                                 163            [1]
                                 162            [1]
                                 161            [1]
                                 160            [1]
                                 159            [1]
                                 158            [1]
                                 157            [1][2][3]