
ff: parsing domain file
domain 'BLOCKS' defined
 ... done.
ff: parsing problem file
problem 'PB7' defined
 ... done.


no metric specified. plan length assumed.

checking for cyclic := effects --- OK.

ff: search configuration is EHC, if that fails then  best-first on 1*g(s) + 5*h(s) where
    metric is  plan length

Cueing down from goal distance:    6 into depth [1][2][3]
                                   5            [1]
                                   4            [1]
                                   3            [1]
                                   2            [1]
                                   1            [1]
                                   0            

ff: found legal plan as follows

step    0: UNSTACK BLOCK2 BLOCK5
        1: STACK BLOCK2 BLOCK1
        2: UNSTACK BLOCK5 BLOCK4
        3: PUT-DOWN BLOCK5
        4: UNSTACK BLOCK4 BLOCK3
        5: STACK BLOCK4 BLOCK5
        6: UNSTACK BLOCK2 BLOCK1
        7: STACK BLOCK2 BLOCK3
     

time spent:    0.00 seconds instantiating 60 easy, 0 hard action templates
               0.00 seconds reachability analysis, yielding 41 facts and 60 actions
               0.00 seconds creating final representation with 41 relevant facts, 0 relevant fluents
               0.00 seconds computing LNF
               0.00 seconds building connectivity graph
               0.00 seconds searching, evaluating 13 states, to a max depth of 3
               0.00 seconds total time

