
ff: parsing domain file
domain 'BLOCKS' defined
 ... done.
ff: parsing problem file
problem 'PB9' defined
 ... done.


no metric specified. plan length assumed.

checking for cyclic := effects --- OK.

ff: search configuration is EHC, if that fails then  best-first on 1*g(s) + 5*h(s) where
    metric is  plan length

Cueing down from goal distance:   10 into depth [1]
                                   9            [1]
                                   8            [1]
                                   7            [1]
                                   6            [1]
                                   5            [1]
                                   4            [1]
                                   3            [1]
                                   2            [1][2]
                                   0            

ff: found legal plan as follows

step    0: UNSTACK BLOCK5 BLOCK4
        1: PUT-DOWN BLOCK5
        2: UNSTACK BLOCK4 BLOCK1
        3: STACK BLOCK4 BLOCK5
        4: UNSTACK BLOCK1 BLOCK3
        5: PUT-DOWN BLOCK1
        6: PICK-UP BLOCK2
        7: STACK BLOCK2 BLOCK1
        8: PICK-UP BLOCK3
        9: STACK BLOCK3 BLOCK2
     

time spent:    0.00 seconds instantiating 60 easy, 0 hard action templates
               0.00 seconds reachability analysis, yielding 41 facts and 60 actions
               0.00 seconds creating final representation with 41 relevant facts, 0 relevant fluents
               0.00 seconds computing LNF
               0.00 seconds building connectivity graph
               0.00 seconds searching, evaluating 18 states, to a max depth of 2
               0.00 seconds total time

