
ff: parsing domain file
domain 'BLOCKS' defined
 ... done.
ff: parsing problem file
problem 'PB5' defined
 ... done.


no metric specified. plan length assumed.

checking for cyclic := effects --- OK.

ff: search configuration is EHC, if that fails then  best-first on 1*g(s) + 5*h(s) where
    metric is  plan length

Cueing down from goal distance:   10 into depth [1]
                                   9            [1]
                                   8            [1]
                                   7            [1][2][3]
                                   6            [1]
                                   5            [1]
                                   4            [1][2][3][4][5][6][7]
                                   3            [1]
                                   2            [1]
                                   1            [1]
                                   0            

ff: found legal plan as follows

step    0: UNSTACK BLOCK3 BLOCK2
        1: PUT-DOWN BLOCK3
        2: UNSTACK BLOCK2 BLOCK1
        3: STACK BLOCK2 BLOCK5
        4: UNSTACK BLOCK1 BLOCK4
        5: STACK BLOCK1 BLOCK2
        6: PICK-UP BLOCK4
        7: STACK BLOCK4 BLOCK3
        8: UNSTACK BLOCK1 BLOCK2
        9: PUT-DOWN BLOCK1
       10: UNSTACK BLOCK2 BLOCK5
       11: STACK BLOCK2 BLOCK1
       12: PICK-UP BLOCK5
       13: STACK BLOCK5 BLOCK4
       14: UNSTACK BLOCK2 BLOCK1
       15: STACK BLOCK2 BLOCK5
       16: PICK-UP BLOCK1
       17: STACK BLOCK1 BLOCK2
     

time spent:    0.00 seconds instantiating 60 easy, 0 hard action templates
               0.00 seconds reachability analysis, yielding 41 facts and 60 actions
               0.00 seconds creating final representation with 41 relevant facts, 0 relevant fluents
               0.00 seconds computing LNF
               0.00 seconds building connectivity graph
               0.00 seconds searching, evaluating 63 states, to a max depth of 7
               0.00 seconds total time

