
ff: parsing domain file
domain 'BLOCKS' defined
 ... done.
ff: parsing problem file
problem 'PB2' defined
 ... done.


no metric specified. plan length assumed.

checking for cyclic := effects --- OK.

ff: search configuration is EHC, if that fails then  best-first on 1*g(s) + 5*h(s) where
    metric is  plan length

Cueing down from goal distance:    8 into depth [1]
                                   7            [1][2][3]
                                   6            [1]
                                   5            [1]
                                   4            [1][2][3][4][5][6][7]
                                   3            [1]
                                   2            [1]
                                   1            [1]
                                   0            

ff: found legal plan as follows

step    0: UNSTACK BLOCK2 BLOCK5
        1: STACK BLOCK2 BLOCK3
        2: UNSTACK BLOCK4 BLOCK1
        3: STACK BLOCK4 BLOCK2
        4: PICK-UP BLOCK5
        5: STACK BLOCK5 BLOCK1
        6: UNSTACK BLOCK4 BLOCK2
        7: PUT-DOWN BLOCK4
        8: UNSTACK BLOCK2 BLOCK3
        9: STACK BLOCK2 BLOCK4
       10: PICK-UP BLOCK3
       11: STACK BLOCK3 BLOCK5
       12: UNSTACK BLOCK2 BLOCK4
       13: STACK BLOCK2 BLOCK3
       14: PICK-UP BLOCK4
       15: STACK BLOCK4 BLOCK2
     

time spent:    0.00 seconds instantiating 60 easy, 0 hard action templates
               0.00 seconds reachability analysis, yielding 41 facts and 60 actions
               0.00 seconds creating final representation with 41 relevant facts, 0 relevant fluents
               0.00 seconds computing LNF
               0.00 seconds building connectivity graph
               0.00 seconds searching, evaluating 73 states, to a max depth of 7
               0.00 seconds total time

