
ff: parsing domain file
domain 'BLOCKS' defined
 ... done.
ff: parsing problem file
problem 'PB4' defined
 ... done.


no metric specified. plan length assumed.

checking for cyclic := effects --- OK.

ff: search configuration is EHC, if that fails then  best-first on 1*g(s) + 5*h(s) where
    metric is  plan length

Cueing down from goal distance:    8 into depth [1]
                                   7            [1][2]
                                   6            [1][2][3][4][5][6]
                                   5            [1][2][3][4][5][6][7][8][9]
                                   4            [1]
                                   3            [1]
                                   2            [1]
                                   1            [1]
                                   0            

ff: found legal plan as follows

step    0: UNSTACK BLOCK1 BLOCK2
        1: STACK BLOCK1 BLOCK5
        2: PICK-UP BLOCK4
        3: STACK BLOCK4 BLOCK2
        4: UNSTACK BLOCK1 BLOCK5
        5: PUT-DOWN BLOCK1
        6: UNSTACK BLOCK5 BLOCK3
        7: STACK BLOCK5 BLOCK1
        8: UNSTACK BLOCK4 BLOCK2
        9: STACK BLOCK4 BLOCK5
       10: PICK-UP BLOCK2
       11: STACK BLOCK2 BLOCK3
       12: UNSTACK BLOCK4 BLOCK5
       13: STACK BLOCK4 BLOCK2
       14: UNSTACK BLOCK5 BLOCK1
       15: STACK BLOCK5 BLOCK4
       16: PICK-UP BLOCK1
       17: STACK BLOCK1 BLOCK5
     

time spent:    0.00 seconds instantiating 60 easy, 0 hard action templates
               0.00 seconds reachability analysis, yielding 41 facts and 60 actions
               0.00 seconds creating final representation with 41 relevant facts, 0 relevant fluents
               0.00 seconds computing LNF
               0.00 seconds building connectivity graph
               0.00 seconds searching, evaluating 315 states, to a max depth of 9
               0.00 seconds total time

