
ff: parsing domain file
domain 'BLOCKS' defined
 ... done.
ff: parsing problem file
problem 'PB6' defined
 ... done.


no metric specified. plan length assumed.

checking for cyclic := effects --- OK.

ff: search configuration is EHC, if that fails then  best-first on 1*g(s) + 5*h(s) where
    metric is  plan length

Cueing down from goal distance:   10 into depth [1][2][3]
                                   9            [1]
                                   8            [1][2]
                                   7            [1]
                                   6            [1]
                                   5            [1]
                                   4            [1]
                                   3            [1][2][3][4]
                                   2            [1]
                                   1            [1]
                                   0            

ff: found legal plan as follows

step    0: UNSTACK BLOCK1 BLOCK2
        1: PUT-DOWN BLOCK1
        2: UNSTACK BLOCK2 BLOCK3
        3: PUT-DOWN BLOCK2
        4: UNSTACK BLOCK3 BLOCK5
        5: STACK BLOCK3 BLOCK1
        6: UNSTACK BLOCK5 BLOCK4
        7: STACK BLOCK5 BLOCK2
        8: PICK-UP BLOCK4
        9: STACK BLOCK4 BLOCK5
       10: UNSTACK BLOCK3 BLOCK1
       11: PUT-DOWN BLOCK3
       12: PICK-UP BLOCK1
       13: STACK BLOCK1 BLOCK4
       14: PICK-UP BLOCK3
       15: STACK BLOCK3 BLOCK1
     

time spent:    0.00 seconds instantiating 60 easy, 0 hard action templates
               0.00 seconds reachability analysis, yielding 41 facts and 60 actions
               0.00 seconds creating final representation with 41 relevant facts, 0 relevant fluents
               0.00 seconds computing LNF
               0.00 seconds building connectivity graph
               0.00 seconds searching, evaluating 28 states, to a max depth of 4
               0.00 seconds total time

