
ff: parsing domain file
domain 'BLOCKS' defined
 ... done.
ff: parsing problem file
problem 'PB8' defined
 ... done.


no metric specified. plan length assumed.

checking for cyclic := effects --- OK.

ff: search configuration is EHC, if that fails then  best-first on 1*g(s) + 5*h(s) where
    metric is  plan length

Cueing down from goal distance:    8 into depth [1][2]
                                   7            [1][2][3][4][5][6]
                                   6            [1]
                                   5            [1]
                                   4            [1][2]
                                   2            [1]
                                   1            [1]
                                   0            

ff: found legal plan as follows

step    0: PICK-UP BLOCK1
        1: STACK BLOCK1 BLOCK5
        2: UNSTACK BLOCK3 BLOCK2
        3: STACK BLOCK3 BLOCK1
        4: UNSTACK BLOCK2 BLOCK4
        5: PUT-DOWN BLOCK2
        6: UNSTACK BLOCK3 BLOCK1
        7: STACK BLOCK3 BLOCK4
        8: UNSTACK BLOCK1 BLOCK5
        9: STACK BLOCK1 BLOCK3
       10: PICK-UP BLOCK5
       11: STACK BLOCK5 BLOCK2
     

time spent:    0.00 seconds instantiating 60 easy, 0 hard action templates
               0.00 seconds reachability analysis, yielding 41 facts and 60 actions
               0.00 seconds creating final representation with 41 relevant facts, 0 relevant fluents
               0.00 seconds computing LNF
               0.00 seconds building connectivity graph
               0.00 seconds searching, evaluating 41 states, to a max depth of 6
               0.00 seconds total time

