
ff: parsing domain file
domain 'BLOCKS' defined
 ... done.
ff: parsing problem file
problem 'PB4' defined
 ... done.


no metric specified. plan length assumed.

checking for cyclic := effects --- OK.

ff: search configuration is EHC, if that fails then  best-first on 1*g(s) + 5*h(s) where
    metric is  plan length

Cueing down from goal distance:   40 into depth [1]
                                  39            [1]
                                  38            [1][2]
                                  36            [1][2][3]
                                  35            [1]
                                  34            [1][2][3][4][5]
                                  33            [1][2][3][4]
                                  32            [1][2][3][4]
                                  31            [1][2]
                                  30            [1]
                                  29            [1]
                                  28            [1][2][3]
                                  27            [1]
                                  26            [1]
                                  25            [1]
                                  24            [1]
                                  23            [1][2][3]
                                  22            [1]
                                  21            [1][2]
                                  20            [1][2][3][4]
                                  19            [1]
                                  18            [1]
                                  17            [1][2]
                                  15            [1]
                                  14            [1]
                                  13            [1][2][3][4][5]
                                  12            [1][2][3][4][5][6]
                                  11            [1]
                                  10            [1]
                                   9            [1]
                                   8            [1][2][3][4]
                                   7            [1][2]
                                   5            [1][2][3][4][5][6][7][8][9][10]
                                   4            [1]
                                   3            [1]
                                   2            [1][2]
                                   0            

ff: found legal plan as follows

step    0: UNSTACK BLOCK11 BLOCK21
        1: PUT-DOWN BLOCK11
        2: UNSTACK BLOCK15 BLOCK1
        3: STACK BLOCK15 BLOCK11
        4: UNSTACK BLOCK21 BLOCK19
        5: STACK BLOCK21 BLOCK15
        6: UNSTACK BLOCK19 BLOCK2
        7: PUT-DOWN BLOCK19
        8: UNSTACK BLOCK1 BLOCK4
        9: STACK BLOCK1 BLOCK21
       10: UNSTACK BLOCK4 BLOCK5
       11: STACK BLOCK4 BLOCK19
       12: UNSTACK BLOCK1 BLOCK21
       13: STACK BLOCK1 BLOCK9
       14: UNSTACK BLOCK5 BLOCK22
       15: STACK BLOCK5 BLOCK21
       16: UNSTACK BLOCK1 BLOCK9
       17: STACK BLOCK1 BLOCK5
       18: UNSTACK BLOCK22 BLOCK14
       19: STACK BLOCK22 BLOCK9
       20: UNSTACK BLOCK14 BLOCK6
       21: STACK BLOCK14 BLOCK4
       22: UNSTACK BLOCK6 BLOCK20
       23: PUT-DOWN BLOCK6
       24: PICK-UP BLOCK2
       25: STACK BLOCK2 BLOCK22
       26: UNSTACK BLOCK20 BLOCK12
       27: STACK BLOCK20 BLOCK6
       28: UNSTACK BLOCK2 BLOCK22
       29: STACK BLOCK2 BLOCK20
       30: UNSTACK BLOCK12 BLOCK7
       31: STACK BLOCK12 BLOCK2
       32: UNSTACK BLOCK22 BLOCK9
       33: STACK BLOCK22 BLOCK7
       34: UNSTACK BLOCK9 BLOCK10
       35: STACK BLOCK9 BLOCK12
       36: UNSTACK BLOCK22 BLOCK7
       37: STACK BLOCK22 BLOCK10
       38: UNSTACK BLOCK7 BLOCK8
       39: STACK BLOCK7 BLOCK22
       40: UNSTACK BLOCK8 BLOCK18
       41: STACK BLOCK8 BLOCK1
       42: UNSTACK BLOCK18 BLOCK16
       43: STACK BLOCK18 BLOCK9
       44: UNSTACK BLOCK16 BLOCK17
       45: PUT-DOWN BLOCK16
       46: PICK-UP BLOCK17
       47: STACK BLOCK17 BLOCK18
       48: UNSTACK BLOCK14 BLOCK4
       49: STACK BLOCK14 BLOCK17
       50: UNSTACK BLOCK4 BLOCK19
       51: STACK BLOCK4 BLOCK16
       52: UNSTACK BLOCK7 BLOCK22
       53: STACK BLOCK7 BLOCK19
       54: UNSTACK BLOCK4 BLOCK16
       55: STACK BLOCK4 BLOCK7
       56: UNSTACK BLOCK14 BLOCK17
       57: STACK BLOCK14 BLOCK4
       58: UNSTACK BLOCK22 BLOCK10
       59: STACK BLOCK22 BLOCK16
       60: UNSTACK BLOCK10 BLOCK13
       61: STACK BLOCK10 BLOCK17
       62: UNSTACK BLOCK22 BLOCK16
       63: STACK BLOCK22 BLOCK10
       64: UNSTACK BLOCK8 BLOCK1
       65: STACK BLOCK8 BLOCK22
       66: UNSTACK BLOCK1 BLOCK5
       67: STACK BLOCK1 BLOCK16
       68: UNSTACK BLOCK5 BLOCK21
       69: STACK BLOCK5 BLOCK8
       70: UNSTACK BLOCK21 BLOCK15
       71: STACK BLOCK21 BLOCK14
       72: UNSTACK BLOCK5 BLOCK8
       73: STACK BLOCK5 BLOCK21
       74: UNSTACK BLOCK1 BLOCK16
       75: STACK BLOCK1 BLOCK5
       76: UNSTACK BLOCK8 BLOCK22
       77: STACK BLOCK8 BLOCK1
     

time spent:    0.00 seconds instantiating 1012 easy, 0 hard action templates
               0.00 seconds reachability analysis, yielding 551 facts and 1012 actions
               0.00 seconds creating final representation with 551 relevant facts, 0 relevant fluents
               0.00 seconds computing LNF
               0.00 seconds building connectivity graph
               0.12 seconds searching, evaluating 6978 states, to a max depth of 10
               0.12 seconds total time

