
ff: parsing domain file
domain 'BLOCKS' defined
 ... done.
ff: parsing problem file
problem 'PB0' defined
 ... done.


no metric specified. plan length assumed.

checking for cyclic := effects --- OK.

ff: search configuration is EHC, if that fails then  best-first on 1*g(s) + 5*h(s) where
    metric is  plan length

Cueing down from goal distance:   42 into depth [1]
                                  41            [1][2][3][4]
                                  40            [1]
                                  39            [1]
                                  38            [1]
                                  37            [1]
                                  36            [1][2][3]
                                  35            [1]
                                  34            [1][2][3][4][5][6]
                                  33            [1]
                                  32            [1]
                                  31            [1]
                                  30            [1][2][3][4]
                                  29            [1]
                                  28            [1]
                                  27            [1]
                                  26            [1]
                                  25            [1][2]
                                  23            [1][2][3]
                                  22            [1][2]
                                  21            [1][2][3][4][5][6]
                                  20            [1][2]
                                  19            [1]
                                  18            [1]
                                  17            [1][2][3][4][5][6][7][8][9]
                                  16            [1]
                                  15            [1][2]
                                  14            [1]
                                  13            [1][2][3][4]
                                  12            [1]
                                  11            [1][2]
                                  10            [1][2][3]
                                   9            [1][2][3][4][5][6][7]
                                   8            [1]
                                   7            [1][2]
                                   5            [1][2][3][4][5][6][7][8][9][10]
                                   4            [1]
                                   3            [1]
                                   2            [1][2]
                                   0            

ff: found legal plan as follows

step    0: UNSTACK BLOCK21 BLOCK13
        1: STACK BLOCK21 BLOCK17
        2: UNSTACK BLOCK13 BLOCK1
        3: STACK BLOCK13 BLOCK21
        4: UNSTACK BLOCK1 BLOCK6
        5: PUT-DOWN BLOCK1
        6: UNSTACK BLOCK6 BLOCK22
        7: PUT-DOWN BLOCK6
        8: UNSTACK BLOCK22 BLOCK15
        9: STACK BLOCK22 BLOCK13
       10: PICK-UP BLOCK15
       11: STACK BLOCK15 BLOCK6
       12: UNSTACK BLOCK22 BLOCK13
       13: STACK BLOCK22 BLOCK2
       14: UNSTACK BLOCK7 BLOCK18
       15: STACK BLOCK7 BLOCK22
       16: UNSTACK BLOCK18 BLOCK3
       17: STACK BLOCK18 BLOCK15
       18: UNSTACK BLOCK3 BLOCK14
       19: STACK BLOCK3 BLOCK1
       20: UNSTACK BLOCK13 BLOCK21
       21: STACK BLOCK13 BLOCK3
       22: UNSTACK BLOCK21 BLOCK17
       23: STACK BLOCK21 BLOCK18
       24: UNSTACK BLOCK17 BLOCK16
       25: STACK BLOCK17 BLOCK14
       26: UNSTACK BLOCK16 BLOCK11
       27: STACK BLOCK16 BLOCK13
       28: UNSTACK BLOCK11 BLOCK5
       29: STACK BLOCK11 BLOCK16
       30: UNSTACK BLOCK21 BLOCK18
       31: STACK BLOCK21 BLOCK17
       32: UNSTACK BLOCK5 BLOCK9
       33: STACK BLOCK5 BLOCK21
       34: UNSTACK BLOCK7 BLOCK22
       35: STACK BLOCK7 BLOCK9
       36: UNSTACK BLOCK5 BLOCK21
       37: STACK BLOCK5 BLOCK22
       38: UNSTACK BLOCK7 BLOCK9
       39: STACK BLOCK7 BLOCK5
       40: UNSTACK BLOCK9 BLOCK19
       41: STACK BLOCK9 BLOCK18
       42: UNSTACK BLOCK7 BLOCK5
       43: STACK BLOCK7 BLOCK9
       44: UNSTACK BLOCK19 BLOCK4
       45: PUT-DOWN BLOCK19
       46: UNSTACK BLOCK4 BLOCK12
       47: STACK BLOCK4 BLOCK21
       48: UNSTACK BLOCK5 BLOCK22
       49: STACK BLOCK5 BLOCK12
       50: UNSTACK BLOCK22 BLOCK2
       51: STACK BLOCK22 BLOCK4
       52: UNSTACK BLOCK2 BLOCK10
       53: STACK BLOCK2 BLOCK19
       54: UNSTACK BLOCK10 BLOCK20
       55: STACK BLOCK10 BLOCK11
       56: UNSTACK BLOCK5 BLOCK12
       57: STACK BLOCK5 BLOCK22
       58: PICK-UP BLOCK12
       59: STACK BLOCK12 BLOCK10
       60: UNSTACK BLOCK5 BLOCK22
       61: STACK BLOCK5 BLOCK12
       62: UNSTACK BLOCK22 BLOCK4
       63: STACK BLOCK22 BLOCK2
       64: UNSTACK BLOCK4 BLOCK21
       65: STACK BLOCK4 BLOCK5
       66: UNSTACK BLOCK20 BLOCK8
       67: STACK BLOCK20 BLOCK4
       68: PICK-UP BLOCK8
       69: STACK BLOCK8 BLOCK7
       70: UNSTACK BLOCK20 BLOCK4
       71: STACK BLOCK20 BLOCK21
       72: UNSTACK BLOCK4 BLOCK5
       73: STACK BLOCK4 BLOCK20
       74: UNSTACK BLOCK5 BLOCK12
       75: STACK BLOCK5 BLOCK22
       76: UNSTACK BLOCK4 BLOCK20
       77: STACK BLOCK4 BLOCK5
       78: UNSTACK BLOCK20 BLOCK21
       79: STACK BLOCK20 BLOCK4
       80: UNSTACK BLOCK8 BLOCK7
       81: STACK BLOCK8 BLOCK21
       82: UNSTACK BLOCK7 BLOCK9
       83: STACK BLOCK7 BLOCK20
       84: UNSTACK BLOCK9 BLOCK18
       85: STACK BLOCK9 BLOCK8
       86: UNSTACK BLOCK18 BLOCK15
       87: STACK BLOCK18 BLOCK12
       88: UNSTACK BLOCK9 BLOCK8
       89: STACK BLOCK9 BLOCK18
       90: UNSTACK BLOCK7 BLOCK20
       91: STACK BLOCK7 BLOCK9
       92: UNSTACK BLOCK8 BLOCK21
       93: STACK BLOCK8 BLOCK7
     

time spent:    0.00 seconds instantiating 1012 easy, 0 hard action templates
               0.00 seconds reachability analysis, yielding 551 facts and 1012 actions
               0.00 seconds creating final representation with 551 relevant facts, 0 relevant fluents
               0.00 seconds computing LNF
               0.00 seconds building connectivity graph
               1.43 seconds searching, evaluating 41743 states, to a max depth of 10
               1.43 seconds total time

