
ff: parsing domain file
domain 'BLOCKS' defined
 ... done.
ff: parsing problem file
problem 'PB8' defined
 ... done.


no metric specified. plan length assumed.

checking for cyclic := effects --- OK.

ff: search configuration is EHC, if that fails then  best-first on 1*g(s) + 5*h(s) where
    metric is  plan length

Cueing down from goal distance:   18 into depth [1]
                                  17            [1][2][3]
                                  16            [1]
                                  15            [1]
                                  14            [1][2][3][4][5][6]
                                  13            [1]
                                  12            [1]
                                  11            [1]
                                  10            [1]
                                   9            [1]
                                   8            [1][2][3]
                                   7            [1]
                                   6            [1]
                                   5            [1][2][3][4]
                                   4            [1][2]
                                   2            [1][2]
                                   0            

ff: found legal plan as follows

step    0: UNSTACK BLOCK8 BLOCK6
        1: STACK BLOCK8 BLOCK10
        2: UNSTACK BLOCK3 BLOCK2
        3: STACK BLOCK3 BLOCK6
        4: PICK-UP BLOCK2
        5: STACK BLOCK2 BLOCK9
        6: UNSTACK BLOCK8 BLOCK10
        7: STACK BLOCK8 BLOCK3
        8: UNSTACK BLOCK10 BLOCK4
        9: STACK BLOCK10 BLOCK8
       10: UNSTACK BLOCK4 BLOCK5
       11: PUT-DOWN BLOCK4
       12: UNSTACK BLOCK5 BLOCK7
       13: STACK BLOCK5 BLOCK4
       14: UNSTACK BLOCK10 BLOCK8
       15: STACK BLOCK10 BLOCK5
       16: PICK-UP BLOCK7
       17: STACK BLOCK7 BLOCK2
       18: UNSTACK BLOCK8 BLOCK3
       19: STACK BLOCK8 BLOCK10
       20: UNSTACK BLOCK7 BLOCK2
       21: STACK BLOCK7 BLOCK8
       22: UNSTACK BLOCK3 BLOCK6
       23: STACK BLOCK3 BLOCK2
       24: UNSTACK BLOCK6 BLOCK1
       25: STACK BLOCK6 BLOCK7
       26: UNSTACK BLOCK3 BLOCK2
       27: STACK BLOCK3 BLOCK6
       28: PICK-UP BLOCK1
       29: STACK BLOCK1 BLOCK2
     

time spent:    0.00 seconds instantiating 220 easy, 0 hard action templates
               0.00 seconds reachability analysis, yielding 131 facts and 220 actions
               0.00 seconds creating final representation with 131 relevant facts, 0 relevant fluents
               0.00 seconds computing LNF
               0.00 seconds building connectivity graph
               0.00 seconds searching, evaluating 178 states, to a max depth of 6
               0.00 seconds total time

