
ff: parsing domain file
domain 'BLOCKS' defined
 ... done.
ff: parsing problem file
problem 'PB9' defined
 ... done.


no metric specified. plan length assumed.

checking for cyclic := effects --- OK.

ff: search configuration is EHC, if that fails then  best-first on 1*g(s) + 5*h(s) where
    metric is  plan length

Cueing down from goal distance:   16 into depth [1]
                                  15            [1][2][3]
                                  14            [1][2][3][4]
                                  13            [1]
                                  12            [1]
                                  11            [1]
                                  10            [1]
                                   9            [1][2][3][4]
                                   8            [1]
                                   7            [1]
                                   6            [1][2][3][4][5][6][7]
                                   5            [1]
                                   4            [1]
                                   3            [1]
                                   2            [1][2]
                                   0            

ff: found legal plan as follows

step    0: UNSTACK BLOCK7 BLOCK6
        1: STACK BLOCK7 BLOCK4
        2: UNSTACK BLOCK2 BLOCK5
        3: STACK BLOCK2 BLOCK6
        4: UNSTACK BLOCK5 BLOCK1
        5: STACK BLOCK5 BLOCK7
        6: UNSTACK BLOCK1 BLOCK3
        7: PUT-DOWN BLOCK1
        8: UNSTACK BLOCK3 BLOCK8
        9: PUT-DOWN BLOCK3
       10: UNSTACK BLOCK5 BLOCK7
       11: STACK BLOCK5 BLOCK1
       12: UNSTACK BLOCK7 BLOCK4
       13: STACK BLOCK7 BLOCK8
       14: PICK-UP BLOCK4
       15: STACK BLOCK4 BLOCK5
       16: UNSTACK BLOCK7 BLOCK8
       17: STACK BLOCK7 BLOCK4
       18: UNSTACK BLOCK2 BLOCK6
       19: STACK BLOCK2 BLOCK8
       20: UNSTACK BLOCK6 BLOCK10
       21: STACK BLOCK6 BLOCK7
       22: UNSTACK BLOCK10 BLOCK9
       23: STACK BLOCK10 BLOCK3
       24: UNSTACK BLOCK6 BLOCK7
       25: STACK BLOCK6 BLOCK10
       26: PICK-UP BLOCK9
       27: STACK BLOCK9 BLOCK7
       28: UNSTACK BLOCK2 BLOCK8
       29: STACK BLOCK2 BLOCK6
     

time spent:    0.00 seconds instantiating 220 easy, 0 hard action templates
               0.00 seconds reachability analysis, yielding 131 facts and 220 actions
               0.00 seconds creating final representation with 131 relevant facts, 0 relevant fluents
               0.00 seconds computing LNF
               0.00 seconds building connectivity graph
               0.00 seconds searching, evaluating 303 states, to a max depth of 7
               0.00 seconds total time

