
ff: parsing domain file
domain 'BLOCKS' defined
 ... done.
ff: parsing problem file
problem 'PB0' defined
 ... done.


no metric specified. plan length assumed.

checking for cyclic := effects --- OK.

ff: search configuration is EHC, if that fails then  best-first on 1*g(s) + 5*h(s) where
    metric is  plan length

Cueing down from goal distance:   18 into depth [1]
                                  17            [1]
                                  16            [1]
                                  15            [1][2][3]
                                  13            [1]
                                  12            [1]
                                  11            [1]
                                  10            [1]
                                   9            [1]
                                   8            [1][2][3]
                                   7            [1]
                                   6            [1]
                                   5            [1][2][3][4][5][6][7][8][9][10]
                                   4            [1]
                                   3            [1]
                                   2            [1]
                                   1            [1]
                                   0            

ff: found legal plan as follows

step    0: UNSTACK BLOCK1 BLOCK6
        1: PUT-DOWN BLOCK1
        2: PICK-UP BLOCK6
        3: STACK BLOCK6 BLOCK10
        4: UNSTACK BLOCK2 BLOCK3
        5: PUT-DOWN BLOCK2
        6: UNSTACK BLOCK3 BLOCK5
        7: STACK BLOCK3 BLOCK9
        8: UNSTACK BLOCK8 BLOCK7
        9: STACK BLOCK8 BLOCK3
       10: PICK-UP BLOCK7
       11: STACK BLOCK7 BLOCK6
       12: UNSTACK BLOCK5 BLOCK4
       13: STACK BLOCK5 BLOCK7
       14: PICK-UP BLOCK4
       15: STACK BLOCK4 BLOCK8
       16: UNSTACK BLOCK5 BLOCK7
       17: STACK BLOCK5 BLOCK4
       18: UNSTACK BLOCK7 BLOCK6
       19: STACK BLOCK7 BLOCK5
       20: UNSTACK BLOCK6 BLOCK10
       21: STACK BLOCK6 BLOCK7
       22: PICK-UP BLOCK10
       23: STACK BLOCK10 BLOCK1
       24: UNSTACK BLOCK6 BLOCK7
       25: STACK BLOCK6 BLOCK10
       26: UNSTACK BLOCK7 BLOCK5
       27: STACK BLOCK7 BLOCK6
       28: UNSTACK BLOCK5 BLOCK4
       29: STACK BLOCK5 BLOCK7
     

time spent:    0.00 seconds instantiating 220 easy, 0 hard action templates
               0.00 seconds reachability analysis, yielding 131 facts and 220 actions
               0.00 seconds creating final representation with 131 relevant facts, 0 relevant fluents
               0.00 seconds computing LNF
               0.00 seconds building connectivity graph
               0.00 seconds searching, evaluating 970 states, to a max depth of 10
               0.00 seconds total time

