
ff: parsing domain file
domain 'BLOCKS' defined
 ... done.
ff: parsing problem file
problem 'PB6' defined
 ... done.


no metric specified. plan length assumed.

checking for cyclic := effects --- OK.

ff: search configuration is EHC, if that fails then  best-first on 1*g(s) + 5*h(s) where
    metric is  plan length

Cueing down from goal distance:   38 into depth [1]
                                  37            [1]
                                  36            [1]
                                  35            [1]
                                  34            [1]
                                  33            [1]
                                  32            [1]
                                  31            [1][2]
                                  30            [1]
                                  29            [1]
                                  28            [1][2]
                                  27            [1]
                                  26            [1]
                                  25            [1]
                                  24            [1]
                                  23            [1]
                                  22            [1][2][3]
                                  21            [1][2][3][4][5]
                                  20            [1][2][3][4][5][6]
                                  19            [1][2]
                                  18            [1][2][3][4][5][6][7]
                                  17            [1][2][3]
                                  16            [1][2][3][4][5][6]
                                  15            [1][2][3][4][5][6][7]
                                  14            [1]
                                  13            [1]
                                  12            [1]
                                  11            [1][2][3][4][5][6][7]
                                  10            [1]
                                   9            [1][2]
                                   7            [1][2][3][4][5][6][7]
                                   6            [1]
                                   5            [1][2]
                                   3            [1][2][3][4]
                                   2            [1][2]
                                   0            

ff: found legal plan as follows

step    0: UNSTACK BLOCK21 BLOCK18
        1: PUT-DOWN BLOCK21
        2: UNSTACK BLOCK18 BLOCK4
        3: PUT-DOWN BLOCK18
        4: UNSTACK BLOCK4 BLOCK8
        5: STACK BLOCK4 BLOCK21
        6: UNSTACK BLOCK5 BLOCK20
        7: STACK BLOCK5 BLOCK8
        8: UNSTACK BLOCK20 BLOCK16
        9: STACK BLOCK20 BLOCK4
       10: UNSTACK BLOCK9 BLOCK1
       11: STACK BLOCK9 BLOCK16
       12: UNSTACK BLOCK1 BLOCK2
       13: STACK BLOCK1 BLOCK18
       14: UNSTACK BLOCK13 BLOCK14
       15: STACK BLOCK13 BLOCK2
       16: UNSTACK BLOCK14 BLOCK11
       17: PUT-DOWN BLOCK14
       18: UNSTACK BLOCK11 BLOCK17
       19: STACK BLOCK11 BLOCK20
       20: PICK-UP BLOCK17
       21: STACK BLOCK17 BLOCK9
       22: UNSTACK BLOCK6 BLOCK7
       23: STACK BLOCK6 BLOCK17
       24: UNSTACK BLOCK7 BLOCK19
       25: STACK BLOCK7 BLOCK14
       26: UNSTACK BLOCK11 BLOCK20
       27: STACK BLOCK11 BLOCK13
       28: PICK-UP BLOCK19
       29: STACK BLOCK19 BLOCK20
       30: UNSTACK BLOCK7 BLOCK14
       31: STACK BLOCK7 BLOCK11
       32: UNSTACK BLOCK5 BLOCK8
       33: STACK BLOCK5 BLOCK19
       34: UNSTACK BLOCK8 BLOCK12
       35: STACK BLOCK8 BLOCK14
       36: UNSTACK BLOCK12 BLOCK15
       37: STACK BLOCK12 BLOCK6
       38: UNSTACK BLOCK5 BLOCK19
       39: STACK BLOCK5 BLOCK8
       40: UNSTACK BLOCK15 BLOCK10
       41: STACK BLOCK15 BLOCK5
       42: UNSTACK BLOCK12 BLOCK6
       43: STACK BLOCK12 BLOCK19
       44: UNSTACK BLOCK6 BLOCK17
       45: STACK BLOCK6 BLOCK10
       46: UNSTACK BLOCK12 BLOCK19
       47: STACK BLOCK12 BLOCK6
       48: UNSTACK BLOCK17 BLOCK9
       49: STACK BLOCK17 BLOCK15
       50: UNSTACK BLOCK9 BLOCK16
       51: STACK BLOCK9 BLOCK12
       52: PICK-UP BLOCK16
       53: STACK BLOCK16 BLOCK1
       54: UNSTACK BLOCK9 BLOCK12
       55: STACK BLOCK9 BLOCK16
       56: UNSTACK BLOCK17 BLOCK15
       57: STACK BLOCK17 BLOCK9
       58: UNSTACK BLOCK15 BLOCK5
       59: STACK BLOCK15 BLOCK19
       60: UNSTACK BLOCK5 BLOCK8
       61: STACK BLOCK5 BLOCK15
       62: UNSTACK BLOCK8 BLOCK14
       63: STACK BLOCK8 BLOCK17
       64: UNSTACK BLOCK5 BLOCK15
       65: STACK BLOCK5 BLOCK8
       66: UNSTACK BLOCK15 BLOCK19
       67: STACK BLOCK15 BLOCK5
       68: UNSTACK BLOCK12 BLOCK6
       69: STACK BLOCK12 BLOCK19
       70: UNSTACK BLOCK6 BLOCK10
       71: STACK BLOCK6 BLOCK15
       72: UNSTACK BLOCK10 BLOCK3
       73: STACK BLOCK10 BLOCK14
       74: UNSTACK BLOCK6 BLOCK15
       75: STACK BLOCK6 BLOCK10
       76: UNSTACK BLOCK12 BLOCK19
       77: STACK BLOCK12 BLOCK6
       78: UNSTACK BLOCK7 BLOCK11
       79: STACK BLOCK7 BLOCK15
       80: UNSTACK BLOCK11 BLOCK13
       81: STACK BLOCK11 BLOCK3
       82: UNSTACK BLOCK7 BLOCK15
       83: STACK BLOCK7 BLOCK11
     

time spent:    0.00 seconds instantiating 924 easy, 0 hard action templates
               0.00 seconds reachability analysis, yielding 505 facts and 924 actions
               0.00 seconds creating final representation with 505 relevant facts, 0 relevant fluents
               0.00 seconds computing LNF
               0.00 seconds building connectivity graph
               0.82 seconds searching, evaluating 32615 states, to a max depth of 7
               0.82 seconds total time

