
ff: parsing domain file
domain 'BLOCKS' defined
 ... done.
ff: parsing problem file
problem 'PB3' defined
 ... done.


no metric specified. plan length assumed.

checking for cyclic := effects --- OK.

ff: search configuration is EHC, if that fails then  best-first on 1*g(s) + 5*h(s) where
    metric is  plan length

Cueing down from goal distance:   12 into depth [1]
                                  11            [1][2][3]
                                  10            [1][2]
                                   8            [1][2][3][4]
                                   6            [1][2]
                                   4            [1][2]
                                   3            [1][2][3][4]
                                   2            [1][2]
                                   0            

ff: found legal plan as follows

step    0: UNSTACK BLOCK5 BLOCK3
        1: PUT-DOWN BLOCK5
        2: PICK-UP BLOCK1
        3: STACK BLOCK1 BLOCK5
        4: UNSTACK BLOCK3 BLOCK2
        5: STACK BLOCK3 BLOCK1
        6: UNSTACK BLOCK2 BLOCK7
        7: PUT-DOWN BLOCK2
        8: UNSTACK BLOCK7 BLOCK4
        9: PUT-DOWN BLOCK7
       10: UNSTACK BLOCK4 BLOCK6
       11: STACK BLOCK4 BLOCK7
       12: UNSTACK BLOCK3 BLOCK1
       13: STACK BLOCK3 BLOCK6
       14: UNSTACK BLOCK4 BLOCK7
       15: STACK BLOCK4 BLOCK3
     

time spent:    0.00 seconds instantiating 112 easy, 0 hard action templates
               0.00 seconds reachability analysis, yielding 71 facts and 112 actions
               0.00 seconds creating final representation with 71 relevant facts, 0 relevant fluents
               0.00 seconds computing LNF
               0.00 seconds building connectivity graph
               0.00 seconds searching, evaluating 43 states, to a max depth of 4
               0.00 seconds total time

