
ff: parsing domain file
domain 'BLOCKS' defined
 ... done.
ff: parsing problem file
problem 'PB7' defined
 ... done.


no metric specified. plan length assumed.

checking for cyclic := effects --- OK.

ff: search configuration is EHC, if that fails then  best-first on 1*g(s) + 5*h(s) where
    metric is  plan length

Cueing down from goal distance:   10 into depth [1][2]
                                   8            [1]
                                   7            [1]
                                   6            [1][2]
                                   4            [1]
                                   3            [1]
                                   2            [1][2]
                                   0            

ff: found legal plan as follows

step    0: UNSTACK BLOCK2 BLOCK7
        1: STACK BLOCK2 BLOCK3
        2: UNSTACK BLOCK7 BLOCK5
        3: PUT-DOWN BLOCK7
        4: UNSTACK BLOCK5 BLOCK1
        5: PUT-DOWN BLOCK5
        6: UNSTACK BLOCK1 BLOCK4
        7: STACK BLOCK1 BLOCK7
        8: PICK-UP BLOCK4
        9: STACK BLOCK4 BLOCK1
     

time spent:    0.00 seconds instantiating 112 easy, 0 hard action templates
               0.00 seconds reachability analysis, yielding 71 facts and 112 actions
               0.00 seconds creating final representation with 71 relevant facts, 0 relevant fluents
               0.00 seconds computing LNF
               0.00 seconds building connectivity graph
               0.00 seconds searching, evaluating 18 states, to a max depth of 2
               0.00 seconds total time

