
ff: parsing domain file
domain 'BLOCKS' defined
 ... done.
ff: parsing problem file
problem 'PB4' defined
 ... done.


no metric specified. plan length assumed.

checking for cyclic := effects --- OK.

ff: search configuration is EHC, if that fails then  best-first on 1*g(s) + 5*h(s) where
    metric is  plan length

Cueing down from goal distance:    7 into depth [1][2]
                                   5            [1][2][3][4]
                                   4            [1][2]
                                   2            [1]
                                   1            [1]
                                   0            

ff: found legal plan as follows

step    0: UNSTACK BLOCK6 BLOCK1
        1: STACK BLOCK6 BLOCK3
        2: UNSTACK BLOCK2 BLOCK5
        3: STACK BLOCK2 BLOCK7
        4: UNSTACK BLOCK5 BLOCK4
        5: PUT-DOWN BLOCK5
        6: UNSTACK BLOCK2 BLOCK7
        7: STACK BLOCK2 BLOCK5
        8: PICK-UP BLOCK4
        9: STACK BLOCK4 BLOCK7
     

time spent:    0.00 seconds instantiating 112 easy, 0 hard action templates
               0.00 seconds reachability analysis, yielding 71 facts and 112 actions
               0.00 seconds creating final representation with 71 relevant facts, 0 relevant fluents
               0.00 seconds computing LNF
               0.00 seconds building connectivity graph
               0.00 seconds searching, evaluating 28 states, to a max depth of 4
               0.00 seconds total time

