
ff: parsing domain file
domain 'BLOCKS' defined
 ... done.
ff: parsing problem file
problem 'PB2' defined
 ... done.


no metric specified. plan length assumed.

checking for cyclic := effects --- OK.

ff: search configuration is EHC, if that fails then  best-first on 1*g(s) + 5*h(s) where
    metric is  plan length

Cueing down from goal distance:   13 into depth [1]
                                  12            [1]
                                  11            [1]
                                  10            [1][2][3]
                                   9            [1][2][3][4][5][6][7][8]
                                   8            [1]
                                   7            [1][2][3]
                                   6            [1][2][3][4][5][6][7][8][9][10][11][12][13]
                                   5            [1]
                                   4            [1]
                                   3            [1]
                                   2            [1]
                                   1            [1]
                                   0            

ff: found legal plan as follows

step    0: UNSTACK BLOCK6 BLOCK1
        1: PUT-DOWN BLOCK6
        2: PICK-UP BLOCK2
        3: STACK BLOCK2 BLOCK1
        4: UNSTACK BLOCK5 BLOCK4
        5: STACK BLOCK5 BLOCK3
        6: UNSTACK BLOCK4 BLOCK7
        7: STACK BLOCK4 BLOCK2
        8: PICK-UP BLOCK7
        9: STACK BLOCK7 BLOCK6
       10: UNSTACK BLOCK4 BLOCK2
       11: STACK BLOCK4 BLOCK5
       12: UNSTACK BLOCK2 BLOCK1
       13: STACK BLOCK2 BLOCK4
       14: PICK-UP BLOCK1
       15: STACK BLOCK1 BLOCK7
       16: UNSTACK BLOCK2 BLOCK4
       17: STACK BLOCK2 BLOCK1
       18: UNSTACK BLOCK4 BLOCK5
       19: STACK BLOCK4 BLOCK2
       20: UNSTACK BLOCK5 BLOCK3
       21: STACK BLOCK5 BLOCK4
       22: PICK-UP BLOCK3
       23: STACK BLOCK3 BLOCK5
     

time spent:    0.00 seconds instantiating 112 easy, 0 hard action templates
               0.00 seconds reachability analysis, yielding 71 facts and 112 actions
               0.00 seconds creating final representation with 71 relevant facts, 0 relevant fluents
               0.00 seconds computing LNF
               0.00 seconds building connectivity graph
               0.01 seconds searching, evaluating 2529 states, to a max depth of 13
               0.01 seconds total time

