
ff: parsing domain file
domain 'BLOCKS' defined
 ... done.
ff: parsing problem file
problem 'PB6' defined
 ... done.


no metric specified. plan length assumed.

checking for cyclic := effects --- OK.

ff: search configuration is EHC, if that fails then  best-first on 1*g(s) + 5*h(s) where
    metric is  plan length

Cueing down from goal distance:   12 into depth [1][2][3][4][5][6]
                                  11            [1]
                                  10            [1]
                                   9            [1][2][3][4]
                                   8            [1]
                                   7            [1]
                                   6            [1][2]
                                   4            [1]
                                   3            [1][2][3]
                                   2            [1]
                                   1            [1]
                                   0            

ff: found legal plan as follows

step    0: UNSTACK BLOCK2 BLOCK3
        1: PUT-DOWN BLOCK2
        2: UNSTACK BLOCK3 BLOCK4
        3: STACK BLOCK3 BLOCK2
        4: UNSTACK BLOCK4 BLOCK6
        5: PUT-DOWN BLOCK4
        6: UNSTACK BLOCK3 BLOCK2
        7: STACK BLOCK3 BLOCK4
        8: UNSTACK BLOCK6 BLOCK5
        9: STACK BLOCK6 BLOCK3
       10: UNSTACK BLOCK5 BLOCK1
       11: PUT-DOWN BLOCK5
       12: UNSTACK BLOCK6 BLOCK3
       13: STACK BLOCK6 BLOCK5
       14: UNSTACK BLOCK1 BLOCK7
       15: STACK BLOCK1 BLOCK3
       16: PICK-UP BLOCK2
       17: STACK BLOCK2 BLOCK1
       18: PICK-UP BLOCK7
       19: STACK BLOCK7 BLOCK6
       20: UNSTACK BLOCK2 BLOCK1
       21: STACK BLOCK2 BLOCK7
     

time spent:    0.00 seconds instantiating 112 easy, 0 hard action templates
               0.00 seconds reachability analysis, yielding 71 facts and 112 actions
               0.00 seconds creating final representation with 71 relevant facts, 0 relevant fluents
               0.00 seconds computing LNF
               0.00 seconds building connectivity graph
               0.00 seconds searching, evaluating 50 states, to a max depth of 6
               0.00 seconds total time

