
ff: parsing domain file
domain 'BLOCKS' defined
 ... done.
ff: parsing problem file
problem 'PB5' defined
 ... done.


no metric specified. plan length assumed.

checking for cyclic := effects --- OK.

ff: search configuration is EHC, if that fails then  best-first on 1*g(s) + 5*h(s) where
    metric is  plan length

Cueing down from goal distance:   14 into depth [1]
                                  13            [1]
                                  12            [1]
                                  11            [1][2][3]
                                   9            [1]
                                   8            [1][2][3]
                                   7            [1]
                                   6            [1][2][3]
                                   5            [1][2][3][4][5][6][7][8][9][10]
                                   4            [1]
                                   3            [1]
                                   2            [1][2]
                                   0            

ff: found legal plan as follows

step    0: UNSTACK BLOCK3 BLOCK1
        1: PUT-DOWN BLOCK3
        2: UNSTACK BLOCK1 BLOCK4
        3: STACK BLOCK1 BLOCK7
        4: UNSTACK BLOCK4 BLOCK2
        5: PUT-DOWN BLOCK4
        6: UNSTACK BLOCK2 BLOCK6
        7: STACK BLOCK2 BLOCK4
        8: UNSTACK BLOCK6 BLOCK5
        9: PUT-DOWN BLOCK6
       10: UNSTACK BLOCK2 BLOCK4
       11: STACK BLOCK2 BLOCK1
       12: PICK-UP BLOCK5
       13: STACK BLOCK5 BLOCK6
       14: UNSTACK BLOCK2 BLOCK1
       15: STACK BLOCK2 BLOCK5
       16: UNSTACK BLOCK1 BLOCK7
       17: STACK BLOCK1 BLOCK4
       18: PICK-UP BLOCK7
       19: STACK BLOCK7 BLOCK3
       20: UNSTACK BLOCK1 BLOCK4
       21: STACK BLOCK1 BLOCK7
       22: UNSTACK BLOCK2 BLOCK5
       23: STACK BLOCK2 BLOCK1
       24: UNSTACK BLOCK5 BLOCK6
       25: STACK BLOCK5 BLOCK2
     

time spent:    0.00 seconds instantiating 112 easy, 0 hard action templates
               0.00 seconds reachability analysis, yielding 71 facts and 112 actions
               0.00 seconds creating final representation with 71 relevant facts, 0 relevant fluents
               0.00 seconds computing LNF
               0.00 seconds building connectivity graph
               0.00 seconds searching, evaluating 1001 states, to a max depth of 10
               0.00 seconds total time

