
ff: parsing domain file
domain 'BLOCKS' defined
 ... done.
ff: parsing problem file
problem 'PB9' defined
 ... done.


no metric specified. plan length assumed.

checking for cyclic := effects --- OK.

ff: search configuration is EHC, if that fails then  best-first on 1*g(s) + 5*h(s) where
    metric is  plan length

Cueing down from goal distance:   14 into depth [1]
                                  13            [1]
                                  12            [1][2]
                                  10            [1][2]
                                   8            [1][2][3]
                                   7            [1][2][3]
                                   6            [1]
                                   5            [1]
                                   4            [1]
                                   3            [1][2][3]
                                   2            [1]
                                   1            [1]
                                   0            

ff: found legal plan as follows

step    0: UNSTACK BLOCK7 BLOCK3
        1: PUT-DOWN BLOCK7
        2: UNSTACK BLOCK3 BLOCK5
        3: PUT-DOWN BLOCK3
        4: UNSTACK BLOCK5 BLOCK1
        5: PUT-DOWN BLOCK5
        6: UNSTACK BLOCK4 BLOCK2
        7: STACK BLOCK4 BLOCK5
        8: PICK-UP BLOCK1
        9: STACK BLOCK1 BLOCK4
       10: UNSTACK BLOCK2 BLOCK6
       11: STACK BLOCK2 BLOCK7
       12: UNSTACK BLOCK1 BLOCK4
       13: STACK BLOCK1 BLOCK2
       14: PICK-UP BLOCK6
       15: STACK BLOCK6 BLOCK1
       16: UNSTACK BLOCK4 BLOCK5
       17: STACK BLOCK4 BLOCK6
     

time spent:    0.00 seconds instantiating 112 easy, 0 hard action templates
               0.00 seconds reachability analysis, yielding 71 facts and 112 actions
               0.00 seconds creating final representation with 71 relevant facts, 0 relevant fluents
               0.00 seconds computing LNF
               0.00 seconds building connectivity graph
               0.00 seconds searching, evaluating 73 states, to a max depth of 3
               0.00 seconds total time

