
ff: parsing domain file
domain 'BLOCKS' defined
 ... done.
ff: parsing problem file
problem 'PB3' defined
 ... done.


no metric specified. plan length assumed.

checking for cyclic := effects --- OK.

ff: search configuration is EHC, if that fails then  best-first on 1*g(s) + 5*h(s) where
    metric is  plan length

Cueing down from goal distance:   27 into depth [1]
                                  26            [1][2]
                                  25            [1][2]
                                  24            [1][2][3]
                                  22            [1]
                                  21            [1][2][3][4]
                                  20            [1]
                                  19            [1][2][3][4][5][6][7][8][9]
                                  18            [1][2]
                                  17            [1][2][3]
                                  16            [1][2][3][4][5][6][7]
                                  15            [1][2]
                                  14            [1]
                                  13            [1]
                                  12            [1]
                                  11            [1][2][3][4][5]
                                  10            [1][2][3][4][5][6][7][8][9][10][11][12][13][14][15]
                                   9            [1]
                                   8            [1]
                                   7            [1]
                                   6            [1]
                                   5            [1]
                                   4            [1]
                                   3            [1][2][3][4]
                                   2            [1]
                                   1            [1]
                                   0            

ff: found legal plan as follows

step    0: UNSTACK BLOCK5 BLOCK6
        1: STACK BLOCK5 BLOCK13
        2: UNSTACK BLOCK8 BLOCK12
        3: STACK BLOCK8 BLOCK5
        4: UNSTACK BLOCK11 BLOCK2
        5: STACK BLOCK11 BLOCK12
        6: UNSTACK BLOCK2 BLOCK3
        7: PUT-DOWN BLOCK2
        8: PICK-UP BLOCK4
        9: STACK BLOCK4 BLOCK3
       10: UNSTACK BLOCK9 BLOCK7
       11: STACK BLOCK9 BLOCK11
       12: PICK-UP BLOCK6
       13: STACK BLOCK6 BLOCK7
       14: UNSTACK BLOCK8 BLOCK5
       15: STACK BLOCK8 BLOCK9
       16: UNSTACK BLOCK5 BLOCK13
       17: STACK BLOCK5 BLOCK8
       18: UNSTACK BLOCK13 BLOCK15
       19: STACK BLOCK13 BLOCK6
       20: UNSTACK BLOCK15 BLOCK10
       21: PUT-DOWN BLOCK15
       22: UNSTACK BLOCK5 BLOCK8
       23: STACK BLOCK5 BLOCK13
       24: UNSTACK BLOCK8 BLOCK9
       25: STACK BLOCK8 BLOCK5
       26: UNSTACK BLOCK9 BLOCK11
       27: STACK BLOCK9 BLOCK10
       28: UNSTACK BLOCK11 BLOCK12
       29: STACK BLOCK11 BLOCK9
       30: UNSTACK BLOCK12 BLOCK14
       31: STACK BLOCK12 BLOCK11
       32: UNSTACK BLOCK14 BLOCK1
       33: STACK BLOCK14 BLOCK15
       34: PICK-UP BLOCK1
       35: STACK BLOCK1 BLOCK8
       36: UNSTACK BLOCK12 BLOCK11
       37: STACK BLOCK12 BLOCK14
       38: UNSTACK BLOCK11 BLOCK9
       39: STACK BLOCK11 BLOCK12
       40: UNSTACK BLOCK4 BLOCK3
       41: STACK BLOCK4 BLOCK2
       42: PICK-UP BLOCK3
       43: STACK BLOCK3 BLOCK9
       44: UNSTACK BLOCK1 BLOCK8
       45: STACK BLOCK1 BLOCK3
       46: UNSTACK BLOCK8 BLOCK5
       47: STACK BLOCK8 BLOCK4
       48: UNSTACK BLOCK5 BLOCK13
       49: STACK BLOCK5 BLOCK8
       50: UNSTACK BLOCK13 BLOCK6
       51: STACK BLOCK13 BLOCK11
       52: UNSTACK BLOCK5 BLOCK8
       53: STACK BLOCK5 BLOCK13
       54: UNSTACK BLOCK8 BLOCK4
       55: STACK BLOCK8 BLOCK5
       56: UNSTACK BLOCK1 BLOCK3
       57: STACK BLOCK1 BLOCK8
       58: UNSTACK BLOCK3 BLOCK9
       59: STACK BLOCK3 BLOCK1
       60: UNSTACK BLOCK4 BLOCK2
       61: STACK BLOCK4 BLOCK3
       62: UNSTACK BLOCK9 BLOCK10
       63: STACK BLOCK9 BLOCK4
       64: PICK-UP BLOCK10
       65: STACK BLOCK10 BLOCK6
       66: UNSTACK BLOCK9 BLOCK4
       67: STACK BLOCK9 BLOCK10
     

time spent:    0.00 seconds instantiating 480 easy, 0 hard action templates
               0.00 seconds reachability analysis, yielding 271 facts and 480 actions
               0.00 seconds creating final representation with 271 relevant facts, 0 relevant fluents
               0.00 seconds computing LNF
               0.00 seconds building connectivity graph
              81.57 seconds searching, evaluating 842107 states, to a max depth of 15
              81.57 seconds total time

