
ff: parsing domain file
domain 'BLOCKS' defined
 ... done.
ff: parsing problem file
problem 'PB4' defined
 ... done.


no metric specified. plan length assumed.

checking for cyclic := effects --- OK.

ff: search configuration is EHC, if that fails then  best-first on 1*g(s) + 5*h(s) where
    metric is  plan length

Cueing down from goal distance:   25 into depth [1]
                                  24            [1][2][3]
                                  22            [1][2][3]
                                  21            [1]
                                  20            [1][2][3][4][5][6]
                                  19            [1]
                                  18            [1]
                                  17            [1]
                                  16            [1][2][3]
                                  15            [1][2][3][4][5][6][7][8][9]
                                  14            [1][2][3]
                                  13            [1][2][3][4][5][6][7][8]
                                  12            [1]
                                  11            [1]
                                  10            [1][2][3]
                                   9            [1][2][3][4][5][6][7][8][9]
                                   8            [1]
                                   7            [1][2][3]
                                   6            [1][2][3][4][5][6][7][8][9][10][11][12][13]
                                   5            [1]
                                   4            [1]
                                   3            [1]
                                   2            [1][2]
                                   0            

ff: found legal plan as follows

step    0: UNSTACK BLOCK2 BLOCK9
        1: STACK BLOCK2 BLOCK12
        2: UNSTACK BLOCK9 BLOCK6
        3: PUT-DOWN BLOCK9
        4: UNSTACK BLOCK6 BLOCK10
        5: STACK BLOCK6 BLOCK9
        6: PICK-UP BLOCK7
        7: STACK BLOCK7 BLOCK10
        8: UNSTACK BLOCK2 BLOCK12
        9: STACK BLOCK2 BLOCK7
       10: UNSTACK BLOCK12 BLOCK1
       11: STACK BLOCK12 BLOCK6
       12: UNSTACK BLOCK1 BLOCK3
       13: PUT-DOWN BLOCK1
       14: UNSTACK BLOCK3 BLOCK14
       15: PUT-DOWN BLOCK3
       16: UNSTACK BLOCK12 BLOCK6
       17: STACK BLOCK12 BLOCK14
       18: UNSTACK BLOCK2 BLOCK7
       19: STACK BLOCK2 BLOCK3
       20: UNSTACK BLOCK12 BLOCK14
       21: STACK BLOCK12 BLOCK7
       22: UNSTACK BLOCK14 BLOCK8
       23: STACK BLOCK14 BLOCK6
       24: UNSTACK BLOCK8 BLOCK4
       25: PUT-DOWN BLOCK8
       26: UNSTACK BLOCK12 BLOCK7
       27: STACK BLOCK12 BLOCK14
       28: UNSTACK BLOCK2 BLOCK3
       29: STACK BLOCK2 BLOCK12
       30: UNSTACK BLOCK4 BLOCK11
       31: STACK BLOCK4 BLOCK8
       32: UNSTACK BLOCK11 BLOCK13
       33: STACK BLOCK11 BLOCK7
       34: UNSTACK BLOCK13 BLOCK15
       35: STACK BLOCK13 BLOCK11
       36: UNSTACK BLOCK15 BLOCK5
       37: STACK BLOCK15 BLOCK3
       38: UNSTACK BLOCK4 BLOCK8
       39: STACK BLOCK4 BLOCK15
       40: UNSTACK BLOCK13 BLOCK11
       41: STACK BLOCK13 BLOCK8
       42: UNSTACK BLOCK11 BLOCK7
       43: STACK BLOCK11 BLOCK13
       44: UNSTACK BLOCK2 BLOCK12
       45: STACK BLOCK2 BLOCK4
       46: UNSTACK BLOCK12 BLOCK14
       47: STACK BLOCK12 BLOCK7
       48: UNSTACK BLOCK14 BLOCK6
       49: STACK BLOCK14 BLOCK11
       50: UNSTACK BLOCK6 BLOCK9
       51: STACK BLOCK6 BLOCK5
       52: UNSTACK BLOCK12 BLOCK7
       53: STACK BLOCK12 BLOCK9
       54: UNSTACK BLOCK14 BLOCK11
       55: STACK BLOCK14 BLOCK12
       56: UNSTACK BLOCK11 BLOCK13
       57: STACK BLOCK11 BLOCK14
       58: UNSTACK BLOCK13 BLOCK8
       59: STACK BLOCK13 BLOCK6
       60: UNSTACK BLOCK11 BLOCK14
       61: STACK BLOCK11 BLOCK13
       62: UNSTACK BLOCK14 BLOCK12
       63: STACK BLOCK14 BLOCK11
       64: UNSTACK BLOCK12 BLOCK9
       65: STACK BLOCK12 BLOCK14
       66: UNSTACK BLOCK2 BLOCK4
       67: STACK BLOCK2 BLOCK12
     

time spent:    0.00 seconds instantiating 480 easy, 0 hard action templates
               0.00 seconds reachability analysis, yielding 271 facts and 480 actions
               0.00 seconds creating final representation with 271 relevant facts, 0 relevant fluents
               0.00 seconds computing LNF
               0.00 seconds building connectivity graph
               0.93 seconds searching, evaluating 72888 states, to a max depth of 13
               0.93 seconds total time

