
ff: parsing domain file
domain 'BLOCKS' defined
 ... done.
ff: parsing problem file
problem 'PB6' defined
 ... done.


no metric specified. plan length assumed.

checking for cyclic := effects --- OK.

ff: search configuration is EHC, if that fails then  best-first on 1*g(s) + 5*h(s) where
    metric is  plan length

Cueing down from goal distance:   28 into depth [1]
                                  27            [1][2]
                                  26            [1]
                                  25            [1][2]
                                  24            [1][2][3]
                                  23            [1]
                                  22            [1]
                                  21            [1]
                                  20            [1]
                                  19            [1][2]
                                  18            [1]
                                  17            [1][2]
                                  15            [1][2]
                                  13            [1][2][3][4][5][6]
                                  12            [1][2][3][4][5][6]
                                  11            [1]
                                  10            [1][2][3]
                                   9            [1][2][3][4][5][6][7]
                                   8            [1]
                                   7            [1][2]
                                   5            [1][2][3][4][5][6][7][8][9][10]
                                   4            [1]
                                   3            [1]
                                   2            [1][2]
                                   0            

ff: found legal plan as follows

step    0: UNSTACK BLOCK5 BLOCK13
        1: STACK BLOCK5 BLOCK15
        2: UNSTACK BLOCK13 BLOCK14
        3: PUT-DOWN BLOCK13
        4: UNSTACK BLOCK14 BLOCK6
        5: STACK BLOCK14 BLOCK8
        6: UNSTACK BLOCK6 BLOCK12
        7: STACK BLOCK6 BLOCK14
        8: UNSTACK BLOCK12 BLOCK4
        9: PUT-DOWN BLOCK12
       10: UNSTACK BLOCK4 BLOCK1
       11: STACK BLOCK4 BLOCK13
       12: UNSTACK BLOCK10 BLOCK3
       13: STACK BLOCK10 BLOCK1
       14: UNSTACK BLOCK3 BLOCK11
       15: STACK BLOCK3 BLOCK12
       16: UNSTACK BLOCK6 BLOCK14
       17: STACK BLOCK6 BLOCK4
       18: UNSTACK BLOCK11 BLOCK9
       19: STACK BLOCK11 BLOCK3
       20: UNSTACK BLOCK5 BLOCK15
       21: STACK BLOCK5 BLOCK11
       22: PICK-UP BLOCK15
       23: STACK BLOCK15 BLOCK10
       24: UNSTACK BLOCK5 BLOCK11
       25: STACK BLOCK5 BLOCK15
       26: UNSTACK BLOCK14 BLOCK8
       27: STACK BLOCK14 BLOCK11
       28: UNSTACK BLOCK8 BLOCK2
       29: STACK BLOCK8 BLOCK9
       30: UNSTACK BLOCK2 BLOCK7
       31: PUT-DOWN BLOCK2
       32: UNSTACK BLOCK8 BLOCK9
       33: STACK BLOCK8 BLOCK14
       34: PICK-UP BLOCK7
       35: STACK BLOCK7 BLOCK9
       36: UNSTACK BLOCK8 BLOCK14
       37: STACK BLOCK8 BLOCK7
       38: UNSTACK BLOCK14 BLOCK11
       39: STACK BLOCK14 BLOCK8
       40: UNSTACK BLOCK5 BLOCK15
       41: STACK BLOCK5 BLOCK11
       42: UNSTACK BLOCK15 BLOCK10
       43: STACK BLOCK15 BLOCK14
       44: UNSTACK BLOCK10 BLOCK1
       45: STACK BLOCK10 BLOCK15
       46: PICK-UP BLOCK1
       47: STACK BLOCK1 BLOCK2
       48: UNSTACK BLOCK10 BLOCK15
       49: STACK BLOCK10 BLOCK1
       50: UNSTACK BLOCK15 BLOCK14
       51: STACK BLOCK15 BLOCK10
       52: UNSTACK BLOCK5 BLOCK11
       53: STACK BLOCK5 BLOCK15
     

time spent:    0.00 seconds instantiating 480 easy, 0 hard action templates
               0.00 seconds reachability analysis, yielding 271 facts and 480 actions
               0.00 seconds creating final representation with 271 relevant facts, 0 relevant fluents
               0.00 seconds computing LNF
               0.00 seconds building connectivity graph
               0.08 seconds searching, evaluating 7079 states, to a max depth of 10
               0.08 seconds total time

