
ff: parsing domain file
domain 'BLOCKS' defined
 ... done.
ff: parsing problem file
problem 'PB9' defined
 ... done.


no metric specified. plan length assumed.

checking for cyclic := effects --- OK.

ff: search configuration is EHC, if that fails then  best-first on 1*g(s) + 5*h(s) where
    metric is  plan length

Cueing down from goal distance:   29 into depth [1]
                                  28            [1]
                                  27            [1][2]
                                  25            [1][2][3]
                                  24            [1]
                                  23            [1][2]
                                  21            [1]
                                  20            [1][2][3]
                                  18            [1][2][3]
                                  17            [1]
                                  16            [1]
                                  15            [1]
                                  14            [1]
                                  13            [1]
                                  12            [1][2][3][4][5]
                                  11            [1][2][3][4][5]
                                  10            [1]
                                   9            [1]
                                   8            [1]
                                   7            [1][2]
                                   6            [1][2][3][4][5][6][7][8][9][10][11][12]
                                   5            [1]
                                   4            [1]
                                   3            [1]
                                   2            [1]
                                   1            [1]
                                   0            

ff: found legal plan as follows

step    0: UNSTACK BLOCK3 BLOCK14
        1: PUT-DOWN BLOCK3
        2: PICK-UP BLOCK7
        3: STACK BLOCK7 BLOCK3
        4: UNSTACK BLOCK2 BLOCK10
        5: STACK BLOCK2 BLOCK14
        6: UNSTACK BLOCK10 BLOCK8
        7: PUT-DOWN BLOCK10
        8: UNSTACK BLOCK8 BLOCK6
        9: PUT-DOWN BLOCK8
       10: UNSTACK BLOCK2 BLOCK14
       11: STACK BLOCK2 BLOCK6
       12: UNSTACK BLOCK12 BLOCK11
       13: STACK BLOCK12 BLOCK10
       14: UNSTACK BLOCK14 BLOCK5
       15: STACK BLOCK14 BLOCK12
       16: UNSTACK BLOCK5 BLOCK9
       17: PUT-DOWN BLOCK5
       18: PICK-UP BLOCK9
       19: STACK BLOCK9 BLOCK5
       20: UNSTACK BLOCK14 BLOCK12
       21: STACK BLOCK14 BLOCK9
       22: UNSTACK BLOCK2 BLOCK6
       23: STACK BLOCK2 BLOCK14
       24: UNSTACK BLOCK6 BLOCK1
       25: STACK BLOCK6 BLOCK11
       26: UNSTACK BLOCK2 BLOCK14
       27: STACK BLOCK2 BLOCK6
       28: UNSTACK BLOCK1 BLOCK4
       29: STACK BLOCK1 BLOCK12
       30: UNSTACK BLOCK4 BLOCK15
       31: STACK BLOCK4 BLOCK14
       32: UNSTACK BLOCK1 BLOCK12
       33: STACK BLOCK1 BLOCK4
       34: UNSTACK BLOCK15 BLOCK13
       35: STACK BLOCK15 BLOCK2
       36: PICK-UP BLOCK13
       37: STACK BLOCK13 BLOCK12
       38: UNSTACK BLOCK15 BLOCK2
       39: STACK BLOCK15 BLOCK13
       40: UNSTACK BLOCK2 BLOCK6
       41: STACK BLOCK2 BLOCK15
       42: UNSTACK BLOCK6 BLOCK11
       43: STACK BLOCK6 BLOCK8
       44: PICK-UP BLOCK11
       45: STACK BLOCK11 BLOCK1
       46: UNSTACK BLOCK6 BLOCK8
       47: STACK BLOCK6 BLOCK11
       48: UNSTACK BLOCK2 BLOCK15
       49: STACK BLOCK2 BLOCK6
       50: UNSTACK BLOCK15 BLOCK13
       51: STACK BLOCK15 BLOCK2
       52: UNSTACK BLOCK13 BLOCK12
       53: STACK BLOCK13 BLOCK15
     

time spent:    0.00 seconds instantiating 480 easy, 0 hard action templates
               0.00 seconds reachability analysis, yielding 271 facts and 480 actions
               0.00 seconds creating final representation with 271 relevant facts, 0 relevant fluents
               0.00 seconds computing LNF
               0.00 seconds building connectivity graph
               0.18 seconds searching, evaluating 19800 states, to a max depth of 12
               0.18 seconds total time

