
ff: parsing domain file
domain 'BLOCKS' defined
 ... done.
ff: parsing problem file
problem 'PB2' defined
 ... done.


no metric specified. plan length assumed.

checking for cyclic := effects --- OK.

ff: search configuration is EHC, if that fails then  best-first on 1*g(s) + 5*h(s) where
    metric is  plan length

Cueing down from goal distance:   45 into depth [1]
                                  44            [1]
                                  43            [1]
                                  42            [1]
                                  41            [1]
                                  40            [1][2][3]
                                  39            [1]
                                  38            [1]
                                  37            [1][2][3]
                                  36            [1]
                                  35            [1][2][3]
                                  34            [1]
                                  33            [1][2][3]
                                  32            [1]
                                  31            [1][2]
                                  29            [1][2][3][4]
                                  27            [1][2]
                                  25            [1]
                                  24            [1]
                                  23            [1]
                                  22            [1]
                                  21            [1]
                                  20            [1][2]
                                  19            [1][2][3]
                                  18            [1]
                                  17            [1][2][3][4][5]
                                  15            [1][2][3]
                                  14            [1][2][3]
                                  13            [1]
                                  12            [1]
                                  11            [1][2][3][4]
                                  10            [1][2]
                                   8            [1][2]
                                   7            [1][2][3][4][5][6][7][8][9][10]
                                   6            [1]
                                   5            [1]
                                   4            [1][2]
                                   2            [1][2]
                                   0            

ff: found legal plan as follows

step    0: UNSTACK BLOCK21 BLOCK24
        1: PUT-DOWN BLOCK21
        2: UNSTACK BLOCK24 BLOCK10
        3: PUT-DOWN BLOCK24
        4: PICK-UP BLOCK4
        5: STACK BLOCK4 BLOCK24
        6: UNSTACK BLOCK10 BLOCK15
        7: PUT-DOWN BLOCK10
        8: UNSTACK BLOCK4 BLOCK24
        9: STACK BLOCK4 BLOCK10
       10: UNSTACK BLOCK11 BLOCK17
       11: STACK BLOCK11 BLOCK15
       12: UNSTACK BLOCK17 BLOCK20
       13: STACK BLOCK17 BLOCK24
       14: UNSTACK BLOCK20 BLOCK16
       15: STACK BLOCK20 BLOCK21
       16: UNSTACK BLOCK16 BLOCK6
       17: PUT-DOWN BLOCK16
       18: UNSTACK BLOCK9 BLOCK1
       19: STACK BLOCK9 BLOCK6
       20: UNSTACK BLOCK1 BLOCK7
       21: STACK BLOCK1 BLOCK17
       22: UNSTACK BLOCK20 BLOCK21
       23: STACK BLOCK20 BLOCK1
       24: UNSTACK BLOCK11 BLOCK15
       25: STACK BLOCK11 BLOCK7
       26: UNSTACK BLOCK15 BLOCK3
       27: STACK BLOCK15 BLOCK16
       28: UNSTACK BLOCK3 BLOCK8
       29: PUT-DOWN BLOCK3
       30: UNSTACK BLOCK8 BLOCK12
       31: STACK BLOCK8 BLOCK21
       32: UNSTACK BLOCK12 BLOCK5
       33: STACK BLOCK12 BLOCK8
       34: UNSTACK BLOCK5 BLOCK2
       35: STACK BLOCK5 BLOCK11
       36: UNSTACK BLOCK9 BLOCK6
       37: STACK BLOCK9 BLOCK2
       38: PICK-UP BLOCK6
       39: STACK BLOCK6 BLOCK12
       40: UNSTACK BLOCK9 BLOCK2
       41: STACK BLOCK9 BLOCK5
       42: UNSTACK BLOCK2 BLOCK22
       43: STACK BLOCK2 BLOCK20
       44: UNSTACK BLOCK22 BLOCK19
       45: PUT-DOWN BLOCK22
       46: UNSTACK BLOCK19 BLOCK18
       47: STACK BLOCK19 BLOCK22
       48: UNSTACK BLOCK18 BLOCK13
       49: STACK BLOCK18 BLOCK4
       50: UNSTACK BLOCK2 BLOCK20
       51: STACK BLOCK2 BLOCK18
       52: UNSTACK BLOCK13 BLOCK14
       53: STACK BLOCK13 BLOCK20
       54: UNSTACK BLOCK14 BLOCK23
       55: PUT-DOWN BLOCK14
       56: UNSTACK BLOCK13 BLOCK20
       57: STACK BLOCK13 BLOCK14
       58: PICK-UP BLOCK23
       59: STACK BLOCK23 BLOCK20
       60: UNSTACK BLOCK9 BLOCK5
       61: STACK BLOCK9 BLOCK23
       62: UNSTACK BLOCK5 BLOCK11
       63: STACK BLOCK5 BLOCK13
       64: UNSTACK BLOCK11 BLOCK7
       65: STACK BLOCK11 BLOCK2
       66: UNSTACK BLOCK5 BLOCK13
       67: STACK BLOCK5 BLOCK11
       68: UNSTACK BLOCK9 BLOCK23
       69: STACK BLOCK9 BLOCK5
       70: UNSTACK BLOCK19 BLOCK22
       71: STACK BLOCK19 BLOCK7
       72: UNSTACK BLOCK23 BLOCK20
       73: STACK BLOCK23 BLOCK9
     

time spent:    0.00 seconds instantiating 1200 easy, 0 hard action templates
               0.00 seconds reachability analysis, yielding 649 facts and 1200 actions
               0.00 seconds creating final representation with 649 relevant facts, 0 relevant fluents
               0.00 seconds computing LNF
               0.00 seconds building connectivity graph
               0.65 seconds searching, evaluating 26810 states, to a max depth of 10
               0.65 seconds total time

