
ff: parsing domain file
domain 'BLOCKS' defined
 ... done.
ff: parsing problem file
problem 'PB0' defined
 ... done.


no metric specified. plan length assumed.

checking for cyclic := effects --- OK.

ff: search configuration is EHC, if that fails then  best-first on 1*g(s) + 5*h(s) where
    metric is  plan length

Cueing down from goal distance:   28 into depth [1][2][3]
                                  27            [1]
                                  26            [1]
                                  25            [1][2][3]
                                  24            [1]
                                  23            [1]
                                  22            [1]
                                  21            [1]
                                  20            [1][2]
                                  18            [1]
                                  17            [1][2]
                                  16            [1]
                                  15            [1][2]
                                  13            [1][2][3][4][5][6]
                                  12            [1]
                                  11            [1]
                                  10            [1][2]
                                   8            [1]
                                   7            [1][2]
                                   6            [1][2][3][4][5][6]
                                   5            [1]
                                   4            [1]
                                   3            [1]
                                   2            [1][2]
                                   0            

ff: found legal plan as follows

step    0: UNSTACK BLOCK1 BLOCK9
        1: STACK BLOCK1 BLOCK13
        2: UNSTACK BLOCK9 BLOCK10
        3: PUT-DOWN BLOCK9
        4: UNSTACK BLOCK10 BLOCK8
        5: PUT-DOWN BLOCK10
        6: UNSTACK BLOCK1 BLOCK13
        7: STACK BLOCK1 BLOCK10
        8: UNSTACK BLOCK8 BLOCK6
        9: PUT-DOWN BLOCK8
       10: UNSTACK BLOCK6 BLOCK2
       11: STACK BLOCK6 BLOCK8
       12: UNSTACK BLOCK13 BLOCK3
       13: STACK BLOCK13 BLOCK2
       14: UNSTACK BLOCK3 BLOCK11
       15: STACK BLOCK3 BLOCK9
       16: PICK-UP BLOCK11
       17: STACK BLOCK11 BLOCK3
       18: UNSTACK BLOCK13 BLOCK2
       19: STACK BLOCK13 BLOCK11
       20: UNSTACK BLOCK2 BLOCK14
       21: STACK BLOCK2 BLOCK13
       22: UNSTACK BLOCK14 BLOCK12
       23: PUT-DOWN BLOCK14
       24: UNSTACK BLOCK12 BLOCK7
       25: PUT-DOWN BLOCK12
       26: UNSTACK BLOCK7 BLOCK4
       27: STACK BLOCK7 BLOCK1
       28: UNSTACK BLOCK2 BLOCK13
       29: STACK BLOCK2 BLOCK4
       30: UNSTACK BLOCK13 BLOCK11
       31: STACK BLOCK13 BLOCK7
       32: UNSTACK BLOCK2 BLOCK4
       33: STACK BLOCK2 BLOCK14
       34: UNSTACK BLOCK4 BLOCK5
       35: STACK BLOCK4 BLOCK12
       36: UNSTACK BLOCK2 BLOCK14
       37: STACK BLOCK2 BLOCK4
       38: UNSTACK BLOCK13 BLOCK7
       39: STACK BLOCK13 BLOCK2
       40: PICK-UP BLOCK5
       41: STACK BLOCK5 BLOCK13
     

time spent:    0.00 seconds instantiating 420 easy, 0 hard action templates
               0.00 seconds reachability analysis, yielding 239 facts and 420 actions
               0.00 seconds creating final representation with 239 relevant facts, 0 relevant fluents
               0.00 seconds computing LNF
               0.00 seconds building connectivity graph
               0.00 seconds searching, evaluating 488 states, to a max depth of 6
               0.00 seconds total time

