
ff: parsing domain file
domain 'BLOCKS' defined
 ... done.
ff: parsing problem file
problem 'PB3' defined
 ... done.


no metric specified. plan length assumed.

checking for cyclic := effects --- OK.

ff: search configuration is EHC, if that fails then  best-first on 1*g(s) + 5*h(s) where
    metric is  plan length

Cueing down from goal distance:   26 into depth [1]
                                  25            [1][2][3][4][5][6][7]
                                  23            [1][2][3][4][5][6][7][8][9][10][11][12][13][14]
                                  22            [1][2][3][4][5]
                                  21            [1][2]
                                  20            [1]
                                  19            [1][2][3]
                                  18            [1][2][3][4][5][6]
                                  17            [1][2][3][4][5]
                                  16            [1]
                                  15            [1]
                                  14            [1][2][3][4][5]
                                  13            [1]
                                  12            [1]
                                  11            [1]
                                  10            [1]
                                   9            [1][2][3][4]
                                   8            [1][2]
                                   7            [1]
                                   6            [1][2][3][4][5][6][7][8][9][10][11][12][13]
                                   5            [1]
                                   4            [1]
                                   3            [1]
                                   2            [1]
                                   1            [1]
                                   0            

ff: found legal plan as follows

step    0: UNSTACK BLOCK9 BLOCK7
        1: STACK BLOCK9 BLOCK6
        2: UNSTACK BLOCK7 BLOCK3
        3: STACK BLOCK7 BLOCK9
        4: UNSTACK BLOCK3 BLOCK2
        5: STACK BLOCK3 BLOCK7
        6: UNSTACK BLOCK2 BLOCK10
        7: PUT-DOWN BLOCK2
        8: UNSTACK BLOCK3 BLOCK7
        9: STACK BLOCK3 BLOCK2
       10: UNSTACK BLOCK7 BLOCK9
       11: STACK BLOCK7 BLOCK3
       12: UNSTACK BLOCK9 BLOCK6
       13: STACK BLOCK9 BLOCK7
       14: UNSTACK BLOCK6 BLOCK1
       15: STACK BLOCK6 BLOCK9
       16: UNSTACK BLOCK1 BLOCK5
       17: STACK BLOCK1 BLOCK6
       18: UNSTACK BLOCK5 BLOCK11
       19: STACK BLOCK5 BLOCK1
       20: UNSTACK BLOCK11 BLOCK4
       21: STACK BLOCK11 BLOCK10
       22: UNSTACK BLOCK5 BLOCK1
       23: STACK BLOCK5 BLOCK11
       24: UNSTACK BLOCK4 BLOCK12
       25: STACK BLOCK4 BLOCK5
       26: UNSTACK BLOCK12 BLOCK13
       27: STACK BLOCK12 BLOCK1
       28: UNSTACK BLOCK13 BLOCK8
       29: PUT-DOWN BLOCK13
       30: UNSTACK BLOCK8 BLOCK14
       31: STACK BLOCK8 BLOCK13
       32: PICK-UP BLOCK14
       33: STACK BLOCK14 BLOCK12
       34: UNSTACK BLOCK4 BLOCK5
       35: PUT-DOWN BLOCK4
       36: UNSTACK BLOCK8 BLOCK13
       37: STACK BLOCK8 BLOCK5
       38: UNSTACK BLOCK14 BLOCK12
       39: STACK BLOCK14 BLOCK4
       40: UNSTACK BLOCK8 BLOCK5
       41: STACK BLOCK8 BLOCK14
       42: UNSTACK BLOCK5 BLOCK11
       43: STACK BLOCK5 BLOCK13
       44: UNSTACK BLOCK8 BLOCK14
       45: STACK BLOCK8 BLOCK5
       46: UNSTACK BLOCK12 BLOCK1
       47: STACK BLOCK12 BLOCK11
       48: UNSTACK BLOCK1 BLOCK6
       49: STACK BLOCK1 BLOCK14
       50: UNSTACK BLOCK6 BLOCK9
       51: STACK BLOCK6 BLOCK8
       52: UNSTACK BLOCK9 BLOCK7
       53: STACK BLOCK9 BLOCK6
       54: UNSTACK BLOCK7 BLOCK3
       55: STACK BLOCK7 BLOCK9
       56: UNSTACK BLOCK12 BLOCK11
       57: STACK BLOCK12 BLOCK1
       58: UNSTACK BLOCK7 BLOCK9
       59: STACK BLOCK7 BLOCK12
       60: UNSTACK BLOCK3 BLOCK2
       61: STACK BLOCK3 BLOCK11
       62: UNSTACK BLOCK7 BLOCK12
       63: STACK BLOCK7 BLOCK2
       64: UNSTACK BLOCK12 BLOCK1
       65: STACK BLOCK12 BLOCK7
       66: UNSTACK BLOCK1 BLOCK14
       67: STACK BLOCK1 BLOCK12
       68: UNSTACK BLOCK14 BLOCK4
       69: STACK BLOCK14 BLOCK3
       70: PICK-UP BLOCK4
       71: STACK BLOCK4 BLOCK9
       72: UNSTACK BLOCK14 BLOCK3
       73: STACK BLOCK14 BLOCK4
       74: UNSTACK BLOCK1 BLOCK12
       75: STACK BLOCK1 BLOCK14
       76: UNSTACK BLOCK12 BLOCK7
       77: STACK BLOCK12 BLOCK1
       78: UNSTACK BLOCK7 BLOCK2
       79: STACK BLOCK7 BLOCK12
     

time spent:    0.00 seconds instantiating 420 easy, 0 hard action templates
               0.00 seconds reachability analysis, yielding 239 facts and 420 actions
               0.00 seconds creating final representation with 239 relevant facts, 0 relevant fluents
               0.00 seconds computing LNF
               0.00 seconds building connectivity graph
               0.58 seconds searching, evaluating 40940 states, to a max depth of 14
               0.58 seconds total time

