
ff: parsing domain file
domain 'BLOCKS' defined
 ... done.
ff: parsing problem file
problem 'PB7' defined
 ... done.


no metric specified. plan length assumed.

checking for cyclic := effects --- OK.

ff: search configuration is EHC, if that fails then  best-first on 1*g(s) + 5*h(s) where
    metric is  plan length

Cueing down from goal distance:   26 into depth [1]
                                  25            [1]
                                  24            [1]
                                  23            [1]
                                  22            [1][2][3]
                                  21            [1]
                                  20            [1][2][3]
                                  19            [1]
                                  18            [1][2]
                                  16            [1][2][3]
                                  15            [1][2]
                                  14            [1][2][3][4][5][6]
                                  13            [1][2]
                                  12            [1]
                                  11            [1][2][3][4]
                                  10            [1]
                                   9            [1]
                                   8            [1][2][3][4][5][6][7][8][9]
                                   7            [1]
                                   6            [1]
                                   5            [1]
                                   4            [1]
                                   3            [1]
                                   2            [1][2]
                                   0            

ff: found legal plan as follows

step    0: UNSTACK BLOCK9 BLOCK7
        1: PUT-DOWN BLOCK9
        2: UNSTACK BLOCK7 BLOCK5
        3: STACK BLOCK7 BLOCK14
        4: UNSTACK BLOCK12 BLOCK11
        5: STACK BLOCK12 BLOCK5
        6: UNSTACK BLOCK11 BLOCK2
        7: PUT-DOWN BLOCK11
        8: UNSTACK BLOCK2 BLOCK6
        9: STACK BLOCK2 BLOCK12
       10: UNSTACK BLOCK6 BLOCK8
       11: STACK BLOCK6 BLOCK9
       12: UNSTACK BLOCK8 BLOCK3
       13: PUT-DOWN BLOCK8
       14: UNSTACK BLOCK2 BLOCK12
       15: STACK BLOCK2 BLOCK11
       16: UNSTACK BLOCK3 BLOCK4
       17: STACK BLOCK3 BLOCK12
       18: UNSTACK BLOCK4 BLOCK13
       19: STACK BLOCK4 BLOCK8
       20: UNSTACK BLOCK13 BLOCK10
       21: STACK BLOCK13 BLOCK3
       22: UNSTACK BLOCK2 BLOCK11
       23: STACK BLOCK2 BLOCK4
       24: PICK-UP BLOCK10
       25: STACK BLOCK10 BLOCK11
       26: UNSTACK BLOCK2 BLOCK4
       27: STACK BLOCK2 BLOCK13
       28: UNSTACK BLOCK4 BLOCK8
       29: STACK BLOCK4 BLOCK10
       30: UNSTACK BLOCK2 BLOCK13
       31: STACK BLOCK2 BLOCK4
       32: UNSTACK BLOCK13 BLOCK3
       33: STACK BLOCK13 BLOCK8
       34: UNSTACK BLOCK3 BLOCK12
       35: STACK BLOCK3 BLOCK13
       36: UNSTACK BLOCK12 BLOCK5
       37: STACK BLOCK12 BLOCK3
       38: UNSTACK BLOCK5 BLOCK1
       39: STACK BLOCK5 BLOCK6
       40: PICK-UP BLOCK1
       41: STACK BLOCK1 BLOCK2
       42: UNSTACK BLOCK12 BLOCK3
       43: STACK BLOCK12 BLOCK1
       44: UNSTACK BLOCK3 BLOCK13
       45: STACK BLOCK3 BLOCK12
       46: UNSTACK BLOCK13 BLOCK8
       47: STACK BLOCK13 BLOCK3
     

time spent:    0.00 seconds instantiating 420 easy, 0 hard action templates
               0.00 seconds reachability analysis, yielding 239 facts and 420 actions
               0.00 seconds creating final representation with 239 relevant facts, 0 relevant fluents
               0.00 seconds computing LNF
               0.00 seconds building connectivity graph
               0.03 seconds searching, evaluating 2748 states, to a max depth of 9
               0.03 seconds total time

