
ff: parsing domain file
domain 'BLOCKS' defined
 ... done.
ff: parsing problem file
problem 'PB5' defined
 ... done.


no metric specified. plan length assumed.

checking for cyclic := effects --- OK.

ff: search configuration is EHC, if that fails then  best-first on 1*g(s) + 5*h(s) where
    metric is  plan length

Cueing down from goal distance:   28 into depth [1][2]
                                  26            [1][2]
                                  25            [1]
                                  24            [1]
                                  23            [1]
                                  22            [1]
                                  21            [1][2][3]
                                  20            [1]
                                  19            [1][2][3][4][5][6][7][8][9]
                                  18            [1][2][3][4][5]
                                  17            [1]
                                  16            [1]
                                  15            [1]
                                  14            [1]
                                  13            [1]
                                  12            [1][2]
                                  11            [1][2][3][4][5]
                                  10            [1][2]
                                   8            [1]
                                   7            [1]
                                   6            [1][2][3][4][5][6][7]
                                   5            [1]
                                   4            [1]
                                   3            [1][2][3]
                                   2            [1]
                                   1            [1]
                                   0            

ff: found legal plan as follows

step    0: UNSTACK BLOCK7 BLOCK12
        1: PUT-DOWN BLOCK7
        2: UNSTACK BLOCK12 BLOCK2
        3: STACK BLOCK12 BLOCK6
        4: UNSTACK BLOCK2 BLOCK5
        5: PUT-DOWN BLOCK2
        6: UNSTACK BLOCK5 BLOCK9
        7: PUT-DOWN BLOCK5
        8: UNSTACK BLOCK9 BLOCK4
        9: STACK BLOCK9 BLOCK12
       10: UNSTACK BLOCK4 BLOCK13
       11: STACK BLOCK4 BLOCK2
       12: UNSTACK BLOCK9 BLOCK12
       13: STACK BLOCK9 BLOCK7
       14: UNSTACK BLOCK12 BLOCK6
       15: STACK BLOCK12 BLOCK13
       16: UNSTACK BLOCK6 BLOCK3
       17: STACK BLOCK6 BLOCK9
       18: UNSTACK BLOCK12 BLOCK13
       19: STACK BLOCK12 BLOCK6
       20: PICK-UP BLOCK13
       21: STACK BLOCK13 BLOCK12
       22: UNSTACK BLOCK3 BLOCK11
       23: STACK BLOCK3 BLOCK13
       24: UNSTACK BLOCK11 BLOCK8
       25: STACK BLOCK11 BLOCK5
       26: UNSTACK BLOCK8 BLOCK14
       27: STACK BLOCK8 BLOCK4
       28: UNSTACK BLOCK14 BLOCK10
       29: STACK BLOCK14 BLOCK8
       30: UNSTACK BLOCK3 BLOCK13
       31: STACK BLOCK3 BLOCK10
       32: UNSTACK BLOCK13 BLOCK12
       33: STACK BLOCK13 BLOCK3
       34: UNSTACK BLOCK12 BLOCK6
       35: STACK BLOCK12 BLOCK14
       36: UNSTACK BLOCK6 BLOCK9
       37: STACK BLOCK6 BLOCK11
       38: UNSTACK BLOCK12 BLOCK14
       39: STACK BLOCK12 BLOCK6
       40: UNSTACK BLOCK9 BLOCK7
       41: STACK BLOCK9 BLOCK14
       42: UNSTACK BLOCK13 BLOCK3
       43: STACK BLOCK13 BLOCK12
       44: UNSTACK BLOCK3 BLOCK10
       45: STACK BLOCK3 BLOCK13
       46: UNSTACK BLOCK10 BLOCK1
       47: PUT-DOWN BLOCK10
       48: UNSTACK BLOCK3 BLOCK13
       49: STACK BLOCK3 BLOCK10
       50: PICK-UP BLOCK1
       51: STACK BLOCK1 BLOCK9
       52: UNSTACK BLOCK13 BLOCK12
       53: STACK BLOCK13 BLOCK3
       54: UNSTACK BLOCK1 BLOCK9
       55: STACK BLOCK1 BLOCK13
     

time spent:    0.00 seconds instantiating 420 easy, 0 hard action templates
               0.00 seconds reachability analysis, yielding 239 facts and 420 actions
               0.00 seconds creating final representation with 239 relevant facts, 0 relevant fluents
               0.00 seconds computing LNF
               0.00 seconds building connectivity graph
               0.07 seconds searching, evaluating 3657 states, to a max depth of 9
               0.07 seconds total time

