
ff: parsing domain file
domain 'BLOCKS' defined
 ... done.
ff: parsing problem file
problem 'PB8' defined
 ... done.


no metric specified. plan length assumed.

checking for cyclic := effects --- OK.

ff: search configuration is EHC, if that fails then  best-first on 1*g(s) + 5*h(s) where
    metric is  plan length

Cueing down from goal distance:   48 into depth [1]
                                  47            [1][2][3]
                                  46            [1][2][3][4][5][6]
                                  45            [1][2]
                                  44            [1][2][3]
                                  43            [1]
                                  42            [1][2][3][4][5][6][7][8][9]
                                  41            [1][2][3][4][5][6][7]
                                  40            [1]
                                  39            [1][2][3][4]
                                  38            [1][2][3][4]
                                  37            [1]
                                  36            [1][2][3][4][5][6][7][8][9][10][11][12][13][14]