
ff: parsing domain file
domain 'BLOCKS' defined
 ... done.
ff: parsing problem file
problem 'PB4' defined
 ... done.


no metric specified. plan length assumed.

checking for cyclic := effects --- OK.

ff: search configuration is EHC, if that fails then  best-first on 1*g(s) + 5*h(s) where
    metric is  plan length

Cueing down from goal distance:   49 into depth [1][2][3]
                                  48            [1]
                                  47            [1][2][3]
                                  46            [1]
                                  45            [1][2]
                                  43            [1][2][3][4][5][6][7]
                                  42            [1][2]
                                  41            [1]
                                  40            [1][2][3][4]
                                  39            [1]
                                  38            [1]
                                  37            [1][2][3][4][5][6][7][8][9][10][11]
                                  36            [1][2][3][4][5][6]
                                  35            [1]
                                  34            [1]
                                  33            [1]
                                  32            [1]
                                  31            [1]
                                  30            [1]
                                  29            [1]
                                  28            [1]
                                  27            [1]
                                  26            [1][2][3]
                                  25            [1]
                                  24            [1][2][3][4][5][6][7]
                                  23            [1]
                                  22            [1]
                                  21            [1]
                                  20            [1]
                                  19            [1]
                                  18            [1][2][3][4]
                                  16            [1][2][3]
                                  15            [1][2][3][4][5]
                                  14            [1]
                                  13            [1]
                                  12            [1]
                                  11            [1]
                                  10            [1]
                                   9            [1]
                                   8            [1]
                                   7            [1][2][3]
                                   6            [1][2]
                                   4            [1]
                                   3            [1][2][3]
                                   2            [1]
                                   1            [1]
                                   0            

ff: found legal plan as follows

step    0: UNSTACK BLOCK10 BLOCK18
        1: STACK BLOCK10 BLOCK11
        2: UNSTACK BLOCK18 BLOCK12
        3: PUT-DOWN BLOCK18
        4: UNSTACK BLOCK9 BLOCK22
        5: STACK BLOCK9 BLOCK12
        6: UNSTACK BLOCK22 BLOCK8
        7: STACK BLOCK22 BLOCK18
        8: UNSTACK BLOCK8 BLOCK6
        9: PUT-DOWN BLOCK8
       10: UNSTACK BLOCK10 BLOCK11
       11: STACK BLOCK10 BLOCK6
       12: UNSTACK BLOCK11 BLOCK13
       13: STACK BLOCK11 BLOCK22
       14: UNSTACK BLOCK13 BLOCK4
       15: STACK BLOCK13 BLOCK10
       16: UNSTACK BLOCK4 BLOCK23
       17: STACK BLOCK4 BLOCK11
       18: UNSTACK BLOCK23 BLOCK19
       19: PUT-DOWN BLOCK23
       20: UNSTACK BLOCK4 BLOCK11
       21: STACK BLOCK4 BLOCK19
       22: UNSTACK BLOCK11 BLOCK22
       23: STACK BLOCK11 BLOCK23
       24: UNSTACK BLOCK4 BLOCK19
       25: STACK BLOCK4 BLOCK11
       26: UNSTACK BLOCK13 BLOCK10
       27: STACK BLOCK13 BLOCK19
       28: UNSTACK BLOCK10 BLOCK6
       29: STACK BLOCK10 BLOCK22
       30: UNSTACK BLOCK6 BLOCK25
       31: STACK BLOCK6 BLOCK10
       32: UNSTACK BLOCK25 BLOCK17
       33: STACK BLOCK25 BLOCK9
       34: UNSTACK BLOCK17 BLOCK7
       35: STACK BLOCK17 BLOCK13
       36: UNSTACK BLOCK25 BLOCK9
       37: STACK BLOCK25 BLOCK17
       38: UNSTACK BLOCK7 BLOCK20
       39: STACK BLOCK7 BLOCK25
       40: UNSTACK BLOCK20 BLOCK2
       41: STACK BLOCK20 BLOCK9
       42: UNSTACK BLOCK2 BLOCK5
       43: PUT-DOWN BLOCK2
       44: UNSTACK BLOCK5 BLOCK1
       45: PUT-DOWN BLOCK5
       46: UNSTACK BLOCK1 BLOCK14
       47: STACK BLOCK1 BLOCK4
       48: UNSTACK BLOCK6 BLOCK10
       49: STACK BLOCK6 BLOCK2
       50: UNSTACK BLOCK7 BLOCK25
       51: STACK BLOCK7 BLOCK1
       52: UNSTACK BLOCK10 BLOCK22
       53: STACK BLOCK10 BLOCK14
       54: UNSTACK BLOCK20 BLOCK9
       55: STACK BLOCK20 BLOCK22
       56: UNSTACK BLOCK25 BLOCK17
       57: STACK BLOCK25 BLOCK5
       58: UNSTACK BLOCK17 BLOCK13
       59: STACK BLOCK17 BLOCK20
       60: UNSTACK BLOCK13 BLOCK19
       61: STACK BLOCK13 BLOCK7
       62: UNSTACK BLOCK17 BLOCK20
       63: STACK BLOCK17 BLOCK13
       64: UNSTACK BLOCK25 BLOCK5
       65: STACK BLOCK25 BLOCK17
       66: PICK-UP BLOCK19
       67: STACK BLOCK19 BLOCK5
       68: UNSTACK BLOCK10 BLOCK14
       69: STACK BLOCK10 BLOCK20
       70: UNSTACK BLOCK14 BLOCK24
       71: STACK BLOCK14 BLOCK19
       72: UNSTACK BLOCK24 BLOCK15
       73: STACK BLOCK24 BLOCK25
       74: UNSTACK BLOCK9 BLOCK12
       75: STACK BLOCK9 BLOCK24
       76: UNSTACK BLOCK10 BLOCK20
       77: STACK BLOCK10 BLOCK14
       78: UNSTACK BLOCK15 BLOCK21
       79: STACK BLOCK15 BLOCK20
       80: UNSTACK BLOCK9 BLOCK24
       81: STACK BLOCK9 BLOCK15
       82: UNSTACK BLOCK21 BLOCK16
       83: STACK BLOCK21 BLOCK9
       84: PICK-UP BLOCK12
       85: STACK BLOCK12 BLOCK21
       86: UNSTACK BLOCK10 BLOCK14
       87: STACK BLOCK10 BLOCK24
       88: UNSTACK BLOCK16 BLOCK3
       89: STACK BLOCK16 BLOCK6
       90: UNSTACK BLOCK10 BLOCK24
       91: STACK BLOCK10 BLOCK16
       92: UNSTACK BLOCK24 BLOCK25
       93: STACK BLOCK24 BLOCK14
       94: PICK-UP BLOCK3
       95: STACK BLOCK3 BLOCK25
       96: UNSTACK BLOCK24 BLOCK14
       97: STACK BLOCK24 BLOCK3
     

time spent:    0.00 seconds instantiating 1300 easy, 0 hard action templates
               0.00 seconds reachability analysis, yielding 701 facts and 1300 actions
               0.00 seconds creating final representation with 701 relevant facts, 0 relevant fluents
               0.00 seconds computing LNF
               0.00 seconds building connectivity graph
               6.33 seconds searching, evaluating 115344 states, to a max depth of 11
               6.33 seconds total time

