
ff: parsing domain file
domain 'SATELLITE' defined
 ... done.
ff: parsing problem file
problem 'STRIPS-SAT-X-1' defined
 ... done.


no metric specified. plan length assumed.

checking for cyclic := effects --- OK.

ff: search configuration is EHC, if that fails then  best-first on 1*g(s) + 5*h(s) where
    metric is  plan length

Cueing down from goal distance:   37 into depth [1]
                                  34            [1]
                                  26            [1]
                                  25            [1]
                                  24            [1]
                                  23            [1]
                                  22            [1]
                                  21            [1]
                                  20            [1]
                                  19            [1]
                                  18            [1]
                                  17            [1]
                                  16            [1]
                                  15            [1]
                                  14            [1]
                                  13            [1]
                                  12            [1]
                                  11            [1][2]
                                  10            [1]
                                   8            [1]
                                   7            [1]
                                   6            [1]
                                   5            [1]
                                   4            [1]
                                   3            [1]
                                   2            [1]
                                   1            [1]
                                   0            

ff: found legal plan as follows

step    0: TURN_TO SATELLITE6 STAR3 STAR8
        1: SWITCH_ON INSTRUMENT1 SATELLITE0
        2: TURN_TO SATELLITE0 GROUNDSTATION2 PHENOMENON13
        3: CALIBRATE SATELLITE0 INSTRUMENT1 GROUNDSTATION2
        4: TURN_TO SATELLITE0 PLANET7 GROUNDSTATION2
        5: TURN_TO SATELLITE2 GROUNDSTATION4 STAR6
        6: TURN_TO SATELLITE4 STAR6 STAR12
        7: TAKE_IMAGE SATELLITE0 PLANET7 INSTRUMENT1 INFRARED6
        8: TAKE_IMAGE SATELLITE0 PLANET7 INSTRUMENT1 THERMOGRAPH2
        9: TURN_TO SATELLITE0 STAR8 PLANET7
       10: TAKE_IMAGE SATELLITE0 STAR8 INSTRUMENT1 IMAGE0
       11: TAKE_IMAGE SATELLITE0 STAR8 INSTRUMENT1 INFRARED6
       12: TURN_TO SATELLITE0 PHENOMENON9 STAR8
       13: TAKE_IMAGE SATELLITE0 PHENOMENON9 INSTRUMENT1 IMAGE0
       14: TURN_TO SATELLITE0 STAR12 PHENOMENON9
       15: TAKE_IMAGE SATELLITE0 STAR12 INSTRUMENT1 THERMOGRAPH2
       16: TAKE_IMAGE SATELLITE0 STAR12 INSTRUMENT1 IMAGE0
       17: SWITCH_ON INSTRUMENT6 SATELLITE1
       18: SWITCH_ON INSTRUMENT13 SATELLITE2
       19: TURN_TO SATELLITE2 STAR5 GROUNDSTATION4
       20: CALIBRATE SATELLITE2 INSTRUMENT13 STAR5
       21: TURN_TO SATELLITE2 PHENOMENON9 STAR5
       22: TURN_TO SATELLITE1 STAR5 PHENOMENON13
       23: TAKE_IMAGE SATELLITE2 PHENOMENON9 INSTRUMENT13 INFRARED1
       24: TURN_TO SATELLITE2 PHENOMENON13 PHENOMENON9
       25: TAKE_IMAGE SATELLITE2 PHENOMENON13 INSTRUMENT13 IMAGE5
       26: TAKE_IMAGE SATELLITE2 PHENOMENON13 INSTRUMENT13 INFRARED3
       27: TURN_TO SATELLITE2 GROUNDSTATION4 PHENOMENON13
     

time spent:    0.00 seconds instantiating 2681 easy, 0 hard action templates
               0.00 seconds reachability analysis, yielding 279 facts and 2681 actions
               0.00 seconds creating final representation with 279 relevant facts, 0 relevant fluents
               0.00 seconds computing LNF
               0.00 seconds building connectivity graph
               0.00 seconds searching, evaluating 140 states, to a max depth of 2
               0.00 seconds total time

