
ff: parsing domain file
domain 'SATELLITE' defined
 ... done.
ff: parsing problem file
problem 'STRIPS-SAT-X-1' defined
 ... done.


no metric specified. plan length assumed.

checking for cyclic := effects --- OK.

ff: search configuration is EHC, if that fails then  best-first on 1*g(s) + 5*h(s) where
    metric is  plan length

Cueing down from goal distance:   23 into depth [1]
                                  22            [1]
                                  20            [1]
                                  19            [1]
                                  18            [1]
                                  17            [1]
                                  16            [1]
                                  15            [1]
                                  14            [1]
                                  13            [1]
                                  12            [1]
                                  11            [1]
                                  10            [1]
                                   9            [1]
                                   8            [1]
                                   7            [1]
                                   6            [1]
                                   5            [1]
                                   4            [1]
                                   3            [1]
                                   2            [1]
                                   1            [1]
                                   0            

ff: found legal plan as follows

step    0: TURN_TO SATELLITE1 GROUNDSTATION1 PHENOMENON12
        1: TURN_TO SATELLITE5 GROUNDSTATION5 PLANET8
        2: TURN_TO SATELLITE0 GROUNDSTATION3 GROUNDSTATION5
        3: SWITCH_ON INSTRUMENT0 SATELLITE0
        4: CALIBRATE SATELLITE0 INSTRUMENT0 GROUNDSTATION3
        5: TURN_TO SATELLITE0 PLANET8 GROUNDSTATION3
        6: SWITCH_ON INSTRUMENT5 SATELLITE1
        7: CALIBRATE SATELLITE1 INSTRUMENT5 GROUNDSTATION1
        8: TURN_TO SATELLITE1 PHENOMENON7 GROUNDSTATION1
        9: TURN_TO SATELLITE3 STAR6 PHENOMENON13
       10: TAKE_IMAGE SATELLITE1 PHENOMENON7 INSTRUMENT5 SPECTROGRAPH2
       11: TAKE_IMAGE SATELLITE0 PLANET8 INSTRUMENT0 IMAGE0
       12: TURN_TO SATELLITE0 PHENOMENON9 PLANET8
       13: TAKE_IMAGE SATELLITE0 PHENOMENON9 INSTRUMENT0 IMAGE0
       14: TAKE_IMAGE SATELLITE0 PHENOMENON9 INSTRUMENT0 IMAGE4
       15: TURN_TO SATELLITE0 STAR11 PHENOMENON9
       16: TAKE_IMAGE SATELLITE0 STAR11 INSTRUMENT0 INFRARED3
       17: TURN_TO SATELLITE0 PHENOMENON12 STAR11
       18: TAKE_IMAGE SATELLITE0 PHENOMENON12 INSTRUMENT0 INFRARED3
       19: TURN_TO SATELLITE0 PHENOMENON13 PHENOMENON12
       20: TAKE_IMAGE SATELLITE0 PHENOMENON13 INSTRUMENT0 INFRARED3
       21: TAKE_IMAGE SATELLITE0 PHENOMENON13 INSTRUMENT0 IMAGE0
     

time spent:    0.00 seconds instantiating 2073 easy, 0 hard action templates
               0.00 seconds reachability analysis, yielding 245 facts and 2073 actions
               0.00 seconds creating final representation with 245 relevant facts, 0 relevant fluents
               0.00 seconds computing LNF
               0.00 seconds building connectivity graph
               0.00 seconds searching, evaluating 58 states, to a max depth of 1
               0.00 seconds total time

