
ff: parsing domain file
domain 'SATELLITE' defined
 ... done.
ff: parsing problem file
problem 'STRIPS-SAT-X-1' defined
 ... done.


no metric specified. plan length assumed.

checking for cyclic := effects --- OK.

ff: search configuration is EHC, if that fails then  best-first on 1*g(s) + 5*h(s) where
    metric is  plan length

Cueing down from goal distance:   33 into depth [1]
                                  31            [1]
                                  30            [1]
                                  29            [1]
                                  28            [1]
                                  27            [1]
                                  26            [1]
                                  25            [1]
                                  24            [1]
                                  23            [1]
                                  22            [1]
                                  21            [1]
                                  20            [1]
                                  19            [1]
                                  18            [1]
                                  17            [1]
                                  16            [1]
                                  15            [1]
                                  14            [1]
                                  13            [1]
                                  12            [1][2]
                                  11            [1]
                                  10            [1]
                                   9            [1]
                                   8            [1]
                                   7            [1]
                                   6            [1]
                                   5            [1]
                                   4            [1]
                                   3            [1]
                                   2            [1]
                                   1            [1]
                                   0            

ff: found legal plan as follows

step    0: TURN_TO SATELLITE6 GROUNDSTATION0 PLANET8
        1: TURN_TO SATELLITE0 STAR5 PLANET7
        2: TURN_TO SATELLITE2 GROUNDSTATION3 PHENOMENON13
        3: TURN_TO SATELLITE0 GROUNDSTATION3 STAR5
        4: SWITCH_ON INSTRUMENT8 SATELLITE2
        5: TURN_TO SATELLITE3 GROUNDSTATION3 GROUNDSTATION0
        6: CALIBRATE SATELLITE2 INSTRUMENT8 GROUNDSTATION3
        7: TURN_TO SATELLITE2 PLANET9 GROUNDSTATION3
        8: SWITCH_ON INSTRUMENT13 SATELLITE3
        9: CALIBRATE SATELLITE3 INSTRUMENT13 GROUNDSTATION3
       10: TURN_TO SATELLITE3 STAR10 GROUNDSTATION3
       11: TURN_TO SATELLITE4 STAR11 GROUNDSTATION6
       12: TAKE_IMAGE SATELLITE2 PLANET9 INSTRUMENT8 THERMOGRAPH4
       13: TURN_TO SATELLITE2 STAR10 PLANET9
       14: TAKE_IMAGE SATELLITE3 STAR10 INSTRUMENT13 SPECTROGRAPH5
       15: TURN_TO SATELLITE3 STAR11 STAR10
       16: TAKE_IMAGE SATELLITE2 STAR10 INSTRUMENT8 SPECTROGRAPH2
       17: TURN_TO SATELLITE2 STAR12 STAR10
       18: TAKE_IMAGE SATELLITE3 STAR11 INSTRUMENT13 SPECTROGRAPH5
       19: TAKE_IMAGE SATELLITE2 STAR12 INSTRUMENT8 IMAGE6
       20: SWITCH_ON INSTRUMENT2 SATELLITE0
       21: TURN_TO SATELLITE1 GROUNDSTATION0 GROUNDSTATION2
       22: CALIBRATE SATELLITE0 INSTRUMENT2 GROUNDSTATION3
       23: TURN_TO SATELLITE0 PLANET9 GROUNDSTATION3
       24: SWITCH_ON INSTRUMENT4 SATELLITE1
       25: CALIBRATE SATELLITE1 INSTRUMENT4 GROUNDSTATION0
       26: TURN_TO SATELLITE1 PLANET8 GROUNDSTATION0
       27: TAKE_IMAGE SATELLITE1 PLANET8 INSTRUMENT4 INFRARED1
       28: TURN_TO SATELLITE1 STAR12 PLANET8
       29: TAKE_IMAGE SATELLITE0 PLANET9 INSTRUMENT2 THERMOGRAPH0
       30: TAKE_IMAGE SATELLITE1 STAR12 INSTRUMENT4 INFRARED1
       31: TURN_TO SATELLITE1 PHENOMENON13 STAR12
       32: TAKE_IMAGE SATELLITE1 PHENOMENON13 INSTRUMENT4 INFRARED1
     

time spent:    0.00 seconds instantiating 2455 easy, 0 hard action templates
               0.00 seconds reachability analysis, yielding 275 facts and 2455 actions
               0.00 seconds creating final representation with 275 relevant facts, 0 relevant fluents
               0.00 seconds computing LNF
               0.00 seconds building connectivity graph
               0.00 seconds searching, evaluating 112 states, to a max depth of 2
               0.00 seconds total time

