
ff: parsing domain file
domain 'SATELLITE' defined
 ... done.
ff: parsing problem file
problem 'STRIPS-SAT-X-1' defined
 ... done.


no metric specified. plan length assumed.

checking for cyclic := effects --- OK.

ff: search configuration is EHC, if that fails then  best-first on 1*g(s) + 5*h(s) where
    metric is  plan length

Cueing down from goal distance:   21 into depth [1]
                                  20            [1]
                                  19            [1]
                                  18            [1]
                                  17            [1]
                                  16            [1]
                                  15            [1]
                                  14            [1][2]
                                  13            [1]
                                  12            [1]
                                  11            [1]
                                  10            [1]
                                   9            [1]
                                   8            [1]
                                   7            [1]
                                   6            [1]
                                   5            [1][2]
                                   4            [1]
                                   3            [1]
                                   2            [1]
                                   1            [1]
                                   0            

ff: found legal plan as follows

step    0: TURN_TO SATELLITE2 STAR4 GROUNDSTATION1
        1: SWITCH_ON INSTRUMENT5 SATELLITE2
        2: CALIBRATE SATELLITE2 INSTRUMENT5 STAR4
        3: TURN_TO SATELLITE2 PLANET12 STAR4
        4: TURN_TO SATELLITE1 PHENOMENON9 STAR5
        5: TURN_TO SATELLITE6 PHENOMENON10 GROUNDSTATION0
        6: TAKE_IMAGE SATELLITE2 PLANET12 INSTRUMENT5 INFRARED0
        7: TURN_TO SATELLITE0 GROUNDSTATION1 PHENOMENON10
        8: SWITCH_ON INSTRUMENT26 SATELLITE6
        9: SWITCH_ON INSTRUMENT1 SATELLITE0
       10: CALIBRATE SATELLITE0 INSTRUMENT1 GROUNDSTATION1
       11: TURN_TO SATELLITE0 PLANET8 GROUNDSTATION1
       12: TAKE_IMAGE SATELLITE0 PLANET8 INSTRUMENT1 IMAGE6
       13: TURN_TO SATELLITE0 PHENOMENON10 PLANET8
       14: TAKE_IMAGE SATELLITE0 PHENOMENON10 INSTRUMENT1 IMAGE6
       15: TURN_TO SATELLITE0 STAR11 PHENOMENON10
       16: TAKE_IMAGE SATELLITE0 STAR11 INSTRUMENT1 SPECTROGRAPH3
       17: TURN_TO SATELLITE6 GROUNDSTATION3 PHENOMENON10
       18: CALIBRATE SATELLITE6 INSTRUMENT26 GROUNDSTATION3
       19: TURN_TO SATELLITE6 STAR7 GROUNDSTATION3
       20: TAKE_IMAGE SATELLITE6 STAR7 INSTRUMENT26 IMAGE1
       21: TURN_TO SATELLITE6 PHENOMENON10 STAR7
       22: TAKE_IMAGE SATELLITE6 PHENOMENON10 INSTRUMENT26 IMAGE1
     

time spent:    0.00 seconds instantiating 2366 easy, 0 hard action templates
               0.00 seconds reachability analysis, yielding 265 facts and 2366 actions
               0.00 seconds creating final representation with 265 relevant facts, 0 relevant fluents
               0.00 seconds computing LNF
               0.00 seconds building connectivity graph
               0.00 seconds searching, evaluating 95 states, to a max depth of 2
               0.00 seconds total time

