
ff: parsing domain file
domain 'SATELLITE' defined
 ... done.
ff: parsing problem file
problem 'STRIPS-SAT-X-1' defined
 ... done.


no metric specified. plan length assumed.

checking for cyclic := effects --- OK.

ff: search configuration is EHC, if that fails then  best-first on 1*g(s) + 5*h(s) where
    metric is  plan length

Cueing down from goal distance:   40 into depth [1]
                                  35            [1]
                                  34            [1]
                                  33            [1]
                                  32            [1]
                                  31            [1]
                                  30            [1]
                                  27            [1]
                                  26            [1]
                                  24            [1]
                                  23            [1]
                                  22            [1]
                                  21            [1]
                                  20            [1]
                                  19            [1]
                                  18            [1]
                                  17            [1]
                                  16            [1]
                                  15            [1]
                                  14            [1]
                                  13            [1]
                                  12            [1]
                                  11            [1]
                                  10            [1]
                                   9            [1]
                                   8            [1]
                                   7            [1]
                                   6            [1]
                                   5            [1]
                                   4            [1]
                                   3            [1]
                                   2            [1]
                                   1            [1]
                                   0            

ff: found legal plan as follows

step    0: TURN_TO SATELLITE5 STAR6 STAR7
        1: TURN_TO SATELLITE3 STAR0 STAR2
        2: TURN_TO SATELLITE1 STAR6 GROUNDSTATION4
        3: SWITCH_ON INSTRUMENT6 SATELLITE3
        4: CALIBRATE SATELLITE3 INSTRUMENT6 STAR0
        5: TURN_TO SATELLITE3 STAR8 STAR0
        6: SWITCH_ON INSTRUMENT4 SATELLITE1
        7: TURN_TO SATELLITE0 STAR2 GROUNDSTATION3
        8: CALIBRATE SATELLITE1 INSTRUMENT4 STAR6
        9: TURN_TO SATELLITE1 STAR7 STAR6
       10: SWITCH_ON INSTRUMENT0 SATELLITE0
       11: CALIBRATE SATELLITE0 INSTRUMENT0 STAR2
       12: TURN_TO SATELLITE0 STAR7 STAR2
       13: TURN_TO SATELLITE4 PLANET11 STAR0
       14: TURN_TO SATELLITE6 STAR1 STAR2
       15: TAKE_IMAGE SATELLITE1 STAR7 INSTRUMENT4 INFRARED3
       16: TURN_TO SATELLITE1 STAR8 STAR7
       17: TAKE_IMAGE SATELLITE0 STAR7 INSTRUMENT0 SPECTROGRAPH2
       18: TURN_TO SATELLITE0 PLANET11 STAR7
       19: TAKE_IMAGE SATELLITE1 STAR8 INSTRUMENT4 SPECTROGRAPH1
       20: TURN_TO SATELLITE1 PHENOMENON10 STAR8
       21: TAKE_IMAGE SATELLITE3 STAR8 INSTRUMENT6 SPECTROGRAPH6
       22: TURN_TO SATELLITE3 PHENOMENON10 STAR8
       23: TAKE_IMAGE SATELLITE1 PHENOMENON10 INSTRUMENT4 SPECTROGRAPH0
       24: TAKE_IMAGE SATELLITE1 PHENOMENON10 INSTRUMENT4 SPECTROGRAPH1
       25: TURN_TO SATELLITE1 PLANET11 PHENOMENON10
       26: TAKE_IMAGE SATELLITE1 PLANET11 INSTRUMENT4 SPECTROGRAPH1
       27: TURN_TO SATELLITE1 PLANET13 PLANET11
       28: TAKE_IMAGE SATELLITE0 PLANET11 INSTRUMENT0 SPECTROGRAPH2
       29: TAKE_IMAGE SATELLITE1 PLANET13 INSTRUMENT4 INFRARED3
       30: TAKE_IMAGE SATELLITE1 PLANET13 INSTRUMENT4 SPECTROGRAPH0
       31: TURN_TO SATELLITE1 PHENOMENON12 PLANET13
       32: TAKE_IMAGE SATELLITE1 PHENOMENON12 INSTRUMENT4 INFRARED3
     

time spent:    0.00 seconds instantiating 2032 easy, 0 hard action templates
               0.00 seconds reachability analysis, yielding 243 facts and 2032 actions
               0.00 seconds creating final representation with 243 relevant facts, 0 relevant fluents
               0.00 seconds computing LNF
               0.00 seconds building connectivity graph
               0.00 seconds searching, evaluating 110 states, to a max depth of 1
               0.00 seconds total time

