
ff: parsing domain file
domain 'SATELLITE' defined
 ... done.
ff: parsing problem file
problem 'STRIPS-SAT-X-1' defined
 ... done.


no metric specified. plan length assumed.

checking for cyclic := effects --- OK.

ff: search configuration is EHC, if that fails then  best-first on 1*g(s) + 5*h(s) where
    metric is  plan length

Cueing down from goal distance:   32 into depth [1]
                                  31            [1]
                                  28            [1]
                                  25            [1]
                                  23            [1]
                                  20            [1]
                                  19            [1]
                                  18            [1]
                                  17            [1]
                                  16            [1]
                                  15            [1]
                                  14            [1]
                                  13            [1]
                                  12            [1]
                                  11            [1]
                                  10            [1]
                                   9            [1]
                                   8            [1]
                                   7            [1]
                                   6            [1]
                                   5            [1]
                                   4            [1]
                                   3            [1]
                                   2            [1]
                                   1            [1]
                                   0            

ff: found legal plan as follows

step    0: TURN_TO SATELLITE0 STAR1 STAR6
        1: TURN_TO SATELLITE2 GROUNDSTATION2 PHENOMENON9
        2: TURN_TO SATELLITE1 GROUNDSTATION2 PHENOMENON13
        3: TURN_TO SATELLITE3 STAR4 STAR12
        4: SWITCH_ON INSTRUMENT8 SATELLITE1
        5: TURN_TO SATELLITE0 GROUNDSTATION5 STAR1
        6: CALIBRATE SATELLITE1 INSTRUMENT8 GROUNDSTATION2
        7: TURN_TO SATELLITE1 PHENOMENON9 GROUNDSTATION2
        8: SWITCH_ON INSTRUMENT1 SATELLITE0
        9: CALIBRATE SATELLITE0 INSTRUMENT1 GROUNDSTATION5
       10: TURN_TO SATELLITE0 PLANET11 GROUNDSTATION5
       11: TURN_TO SATELLITE3 STAR3 STAR4
       12: TURN_TO SATELLITE4 STAR8 STAR6
       13: TURN_TO SATELLITE5 STAR6 STAR8
       14: TURN_TO SATELLITE6 STAR6 STAR8
       15: TAKE_IMAGE SATELLITE1 PHENOMENON9 INSTRUMENT8 THERMOGRAPH4
       16: TAKE_IMAGE SATELLITE1 PHENOMENON9 INSTRUMENT8 IMAGE3
       17: TURN_TO SATELLITE1 STAR10 PHENOMENON9
       18: TAKE_IMAGE SATELLITE1 STAR10 INSTRUMENT8 INFRARED5
       19: TURN_TO SATELLITE1 PHENOMENON13 STAR10
       20: TAKE_IMAGE SATELLITE0 PLANET11 INSTRUMENT1 IMAGE3
       21: TURN_TO SATELLITE0 STAR12 PLANET11
       22: TAKE_IMAGE SATELLITE0 STAR12 INSTRUMENT1 THERMOGRAPH0
       23: TURN_TO SATELLITE0 STAR8 STAR12
       24: TAKE_IMAGE SATELLITE1 PHENOMENON13 INSTRUMENT8 THERMOGRAPH4
     

time spent:    0.00 seconds instantiating 2144 easy, 0 hard action templates
               0.00 seconds reachability analysis, yielding 251 facts and 2144 actions
               0.00 seconds creating final representation with 251 relevant facts, 0 relevant fluents
               0.00 seconds computing LNF
               0.00 seconds building connectivity graph
               0.00 seconds searching, evaluating 69 states, to a max depth of 1
               0.00 seconds total time

