
ff: parsing domain file
domain 'SATELLITE' defined
 ... done.
ff: parsing problem file
problem 'STRIPS-SAT-X-1' defined
 ... done.


no metric specified. plan length assumed.

checking for cyclic := effects --- OK.

ff: search configuration is EHC, if that fails then  best-first on 1*g(s) + 5*h(s) where
    metric is  plan length

Cueing down from goal distance:   38 into depth [1]
                                  37            [1]
                                  32            [1]
                                  31            [1]
                                  30            [1]
                                  29            [1]
                                  28            [1]
                                  27            [1][2]
                                  26            [1][2]
                                  25            [1]
                                  24            [1]
                                  23            [1]
                                  22            [1]
                                  21            [1]
                                  20            [1]
                                  19            [1]
                                  18            [1]
                                  17            [1]
                                  16            [1][2]
                                  15            [1]
                                  14            [1]
                                  13            [1]
                                  12            [1]
                                  11            [1]
                                  10            [1]
                                   9            [1]
                                   8            [1]
                                   7            [1]
                                   6            [1]
                                   5            [1]
                                   4            [1]
                                   3            [1]
                                   2            [1]
                                   1            [1]
                                   0            

ff: found legal plan as follows

step    0: TURN_TO SATELLITE1 STAR5 GROUNDSTATION0
        1: TURN_TO SATELLITE6 GROUNDSTATION2 STAR10
        2: TURN_TO SATELLITE0 GROUNDSTATION2 STAR3
        3: SWITCH_ON INSTRUMENT6 SATELLITE1
        4: CALIBRATE SATELLITE1 INSTRUMENT6 STAR5
        5: TURN_TO SATELLITE1 PHENOMENON8 STAR5
        6: TAKE_IMAGE SATELLITE1 PHENOMENON8 INSTRUMENT6 INFRARED3
        7: TURN_TO SATELLITE0 PHENOMENON9 GROUNDSTATION2
        8: TURN_TO SATELLITE4 PHENOMENON9 STAR4
        9: SWITCH_ON INSTRUMENT2 SATELLITE0
       10: SWITCH_ON INSTRUMENT17 SATELLITE4
       11: TURN_TO SATELLITE0 GROUNDSTATION6 PHENOMENON9
       12: CALIBRATE SATELLITE0 INSTRUMENT2 GROUNDSTATION6
       13: TURN_TO SATELLITE0 PLANET11 GROUNDSTATION6
       14: TAKE_IMAGE SATELLITE0 PLANET11 INSTRUMENT2 SPECTROGRAPH1
       15: TAKE_IMAGE SATELLITE0 PLANET11 INSTRUMENT2 SPECTROGRAPH6
       16: TURN_TO SATELLITE0 PLANET12 PLANET11
       17: TAKE_IMAGE SATELLITE0 PLANET12 INSTRUMENT2 SPECTROGRAPH1
       18: TURN_TO SATELLITE0 PHENOMENON13 PLANET12
       19: TAKE_IMAGE SATELLITE0 PHENOMENON13 INSTRUMENT2 SPECTROGRAPH1
       20: TURN_TO SATELLITE4 GROUNDSTATION0 PHENOMENON9
       21: CALIBRATE SATELLITE4 INSTRUMENT17 GROUNDSTATION0
       22: TURN_TO SATELLITE4 PHENOMENON8 GROUNDSTATION0
       23: SWITCH_ON INSTRUMENT9 SATELLITE2
       24: TAKE_IMAGE SATELLITE4 PHENOMENON8 INSTRUMENT17 IMAGE0
       25: TURN_TO SATELLITE4 STAR10 PHENOMENON8
       26: TAKE_IMAGE SATELLITE4 STAR10 INSTRUMENT17 THERMOGRAPH5
       27: TURN_TO SATELLITE4 PHENOMENON13 STAR10
       28: TAKE_IMAGE SATELLITE4 PHENOMENON13 INSTRUMENT17 INFRARED4
       29: TURN_TO SATELLITE4 PHENOMENON9 PHENOMENON13
       30: CALIBRATE SATELLITE2 INSTRUMENT9 GROUNDSTATION2
       31: TURN_TO SATELLITE2 STAR7 GROUNDSTATION2
       32: TAKE_IMAGE SATELLITE2 STAR7 INSTRUMENT9 SPECTROGRAPH2
       33: TURN_TO SATELLITE2 STAR10 STAR7
       34: TAKE_IMAGE SATELLITE4 PHENOMENON9 INSTRUMENT17 THERMOGRAPH5
       35: TAKE_IMAGE SATELLITE4 PHENOMENON9 INSTRUMENT17 IMAGE0
       36: TAKE_IMAGE SATELLITE2 STAR10 INSTRUMENT9 SPECTROGRAPH2
     

time spent:    0.00 seconds instantiating 2252 easy, 0 hard action templates
               0.00 seconds reachability analysis, yielding 259 facts and 2252 actions
               0.00 seconds creating final representation with 259 relevant facts, 0 relevant fluents
               0.00 seconds computing LNF
               0.00 seconds building connectivity graph
               0.00 seconds searching, evaluating 242 states, to a max depth of 2
               0.00 seconds total time

