
ff: parsing domain file
domain 'SATELLITE' defined
 ... done.
ff: parsing problem file
problem 'STRIPS-SAT-X-1' defined
 ... done.


no metric specified. plan length assumed.

checking for cyclic := effects --- OK.

ff: search configuration is EHC, if that fails then  best-first on 1*g(s) + 5*h(s) where
    metric is  plan length

Cueing down from goal distance:   35 into depth [1]
                                  33            [1]
                                  32            [1]
                                  31            [1]
                                  30            [1]
                                  29            [1]
                                  28            [1]
                                  27            [1]
                                  26            [1]
                                  25            [1]
                                  24            [1]
                                  23            [1]
                                  22            [1][2]
                                  21            [1][2][3]
                                  20            [1]
                                  19            [1][2][3]
                                  18            [1]
                                  17            [1]
                                  16            [1]
                                  15            [1]
                                  14            [1]
                                  13            [1]
                                  12            [1]
                                  11            [1]
                                  10            [1]
                                   9            [1]
                                   8            [1]
                                   7            [1]
                                   6            [1][2]
                                   5            [1]
                                   4            [1]
                                   3            [1]
                                   2            [1]
                                   1            [1]
                                   0            

ff: found legal plan as follows

step    0: TURN_TO SATELLITE3 STAR4 STAR8
        1: TURN_TO SATELLITE0 STAR0 GROUNDSTATION2
        2: SWITCH_ON INSTRUMENT17 SATELLITE5
        3: SWITCH_ON INSTRUMENT20 SATELLITE6
        4: TURN_TO SATELLITE6 GROUNDSTATION5 PLANET9
        5: CALIBRATE SATELLITE6 INSTRUMENT20 GROUNDSTATION5
        6: TURN_TO SATELLITE6 PLANET7 GROUNDSTATION5
        7: TURN_TO SATELLITE5 STAR0 PLANET7
        8: TAKE_IMAGE SATELLITE6 PLANET7 INSTRUMENT20 IMAGE6
        9: TURN_TO SATELLITE6 PLANET9 PLANET7
       10: TAKE_IMAGE SATELLITE6 PLANET9 INSTRUMENT20 IMAGE2
       11: TURN_TO SATELLITE6 STAR12 PLANET9
       12: TURN_TO SATELLITE0 STAR8 STAR0
       13: TURN_TO SATELLITE1 STAR8 GROUNDSTATION2
       14: TURN_TO SATELLITE0 PLANET7 STAR8
       15: SWITCH_ON INSTRUMENT7 SATELLITE1
       16: SWITCH_ON INSTRUMENT1 SATELLITE0
       17: TURN_TO SATELLITE3 PLANET10 STAR4
       18: TURN_TO SATELLITE0 GROUNDSTATION1 PLANET7
       19: CALIBRATE SATELLITE0 INSTRUMENT1 GROUNDSTATION1
       20: TURN_TO SATELLITE0 PLANET7 GROUNDSTATION1
       21: TAKE_IMAGE SATELLITE0 PLANET7 INSTRUMENT1 INFRARED4
       22: TURN_TO SATELLITE0 STAR8 PLANET7
       23: TAKE_IMAGE SATELLITE0 STAR8 INSTRUMENT1 INFRARED4
       24: TURN_TO SATELLITE0 PLANET10 STAR8
       25: TAKE_IMAGE SATELLITE0 PLANET10 INSTRUMENT1 IMAGE3
       26: TURN_TO SATELLITE0 STAR11 PLANET10
       27: TAKE_IMAGE SATELLITE0 STAR11 INSTRUMENT1 IMAGE3
       28: TURN_TO SATELLITE0 STAR12 STAR11
       29: TAKE_IMAGE SATELLITE0 STAR12 INSTRUMENT1 IMAGE3
       30: TURN_TO SATELLITE0 PHENOMENON13 STAR12
       31: TAKE_IMAGE SATELLITE0 PHENOMENON13 INSTRUMENT1 INFRARED4
       32: TAKE_IMAGE SATELLITE0 PHENOMENON13 INSTRUMENT1 IMAGE3
       33: TURN_TO SATELLITE1 STAR0 STAR8
       34: CALIBRATE SATELLITE1 INSTRUMENT7 STAR0
       35: TURN_TO SATELLITE1 PLANET10 STAR0
       36: TAKE_IMAGE SATELLITE1 PLANET10 INSTRUMENT7 SPECTROGRAPH0
       37: TURN_TO SATELLITE1 STAR12 PLANET10
       38: TAKE_IMAGE SATELLITE1 STAR12 INSTRUMENT7 SPECTROGRAPH0
       39: TURN_TO SATELLITE1 STAR8 STAR12
     

time spent:    0.00 seconds instantiating 2074 easy, 0 hard action templates
               0.00 seconds reachability analysis, yielding 245 facts and 2074 actions
               0.00 seconds creating final representation with 245 relevant facts, 0 relevant fluents
               0.00 seconds computing LNF
               0.00 seconds building connectivity graph
               0.01 seconds searching, evaluating 343 states, to a max depth of 3
               0.01 seconds total time

