
ff: parsing domain file
domain 'BLOCKS' defined
 ... done.
ff: parsing problem file
problem 'PB9' defined
 ... done.


no metric specified. plan length assumed.

checking for cyclic := effects --- OK.

ff: search configuration is EHC, if that fails then  best-first on 1*g(s) + 5*h(s) where
    metric is  plan length

Cueing down from goal distance:   29 into depth [1]
                                  28            [1]
                                  27            [1][2][3]
                                  26            [1][2][3][4][5]
                                  25            [1][2][3][4][5][6][7]
                                  24            [1][2][3][4][5][6][7]
                                  23            [1][2][3][4]
                                  22            [1]
                                  21            [1]
                                  20            [1][2]
                                  18            [1]
                                  17            [1][2][3]
                                  16            [1]
                                  15            [1]
                                  14            [1][2][3][4]
                                  13            [1][2]
                                  11            [1][2][3][4]
                                  10            [1][2][3][4]
                                   9            [1]
                                   8            [1]
                                   7            [1]
                                   6            [1]
                                   5            [1][2]
                                   3            [1][2][3][4]
                                   2            [1][2]
                                   0            

ff: found legal plan as follows

step    0: UNSTACK BLOCK7 BLOCK14
        1: PUT-DOWN BLOCK7
        2: UNSTACK BLOCK1 BLOCK4
        3: STACK BLOCK1 BLOCK14
        4: PICK-UP BLOCK16
        5: STACK BLOCK16 BLOCK4
        6: UNSTACK BLOCK12 BLOCK5
        7: STACK BLOCK12 BLOCK16
        8: UNSTACK BLOCK5 BLOCK3
        9: STACK BLOCK5 BLOCK7
       10: UNSTACK BLOCK1 BLOCK14
       11: STACK BLOCK1 BLOCK5
       12: UNSTACK BLOCK3 BLOCK6
       13: STACK BLOCK3 BLOCK12
       14: UNSTACK BLOCK6 BLOCK2
       15: STACK BLOCK6 BLOCK3
       16: UNSTACK BLOCK2 BLOCK10
       17: STACK BLOCK2 BLOCK14
       18: UNSTACK BLOCK10 BLOCK9
       19: STACK BLOCK10 BLOCK6
       20: UNSTACK BLOCK9 BLOCK8
       21: PUT-DOWN BLOCK9
       22: UNSTACK BLOCK10 BLOCK6
       23: STACK BLOCK10 BLOCK9
       24: UNSTACK BLOCK8 BLOCK11
       25: PUT-DOWN BLOCK8
       26: UNSTACK BLOCK6 BLOCK3
       27: STACK BLOCK6 BLOCK8
       28: PICK-UP BLOCK11
       29: STACK BLOCK11 BLOCK2
       30: UNSTACK BLOCK6 BLOCK8
       31: STACK BLOCK6 BLOCK11
       32: UNSTACK BLOCK1 BLOCK5
       33: STACK BLOCK1 BLOCK8
       34: UNSTACK BLOCK5 BLOCK7
       35: STACK BLOCK5 BLOCK10
       36: UNSTACK BLOCK1 BLOCK8
       37: STACK BLOCK1 BLOCK5
       38: UNSTACK BLOCK3 BLOCK12
       39: STACK BLOCK3 BLOCK8
       40: UNSTACK BLOCK12 BLOCK16
       41: STACK BLOCK12 BLOCK3
       42: UNSTACK BLOCK16 BLOCK4
       43: STACK BLOCK16 BLOCK12
       44: UNSTACK BLOCK4 BLOCK13
       45: STACK BLOCK4 BLOCK6
       46: UNSTACK BLOCK13 BLOCK15
       47: STACK BLOCK13 BLOCK7
       48: PICK-UP BLOCK15
       49: STACK BLOCK15 BLOCK13
       50: UNSTACK BLOCK16 BLOCK12
       51: STACK BLOCK16 BLOCK4
       52: UNSTACK BLOCK12 BLOCK3
       53: STACK BLOCK12 BLOCK16
       54: UNSTACK BLOCK3 BLOCK8
       55: STACK BLOCK3 BLOCK15
       56: UNSTACK BLOCK12 BLOCK16
       57: STACK BLOCK12 BLOCK3
     

time spent:    0.00 seconds instantiating 544 easy, 0 hard action templates
               0.00 seconds reachability analysis, yielding 305 facts and 544 actions
               0.00 seconds creating final representation with 305 relevant facts, 0 relevant fluents
               0.00 seconds computing LNF
               0.00 seconds building connectivity graph
               0.06 seconds searching, evaluating 3525 states, to a max depth of 7
               0.06 seconds total time

