
ff: parsing domain file
domain 'BLOCKS' defined
 ... done.
ff: parsing problem file
problem 'PB3' defined
 ... done.


no metric specified. plan length assumed.

checking for cyclic := effects --- OK.

ff: search configuration is EHC, if that fails then  best-first on 1*g(s) + 5*h(s) where
    metric is  plan length

Cueing down from goal distance:   30 into depth [1][2][3][4][5][6][7]
                                  29            [1][2][3][4][5][6][7][8]
                                  28            [1][2][3][4][5][6]
                                  27            [1][2][3][4]
                                  26            [1]
                                  25            [1][2][3]
                                  24            [1]
                                  23            [1][2][3]
                                  22            [1][2][3][4][5][6]
                                  21            [1]
                                  20            [1]
                                  19            [1]
                                  18            [1][2][3][4][5][6][7]
                                  17            [1][2][3][4][5][6][7][8][9][10]
                                  16            [1]
                                  15            [1]
                                  14            [1]
                                  13            [1][2][3]
                                  12            [1][2][3][4]
                                  11            [1][2][3][4][5]
                                  10            [1]
                                   9            [1]
                                   8            [1]
                                   7            [1][2][3]
                                   6            [1][2][3][4][5][6][7][8][9][10][11][12][13]
                                   5            [1]
                                   4            [1]
                                   3            [1]
                                   2            [1][2]
                                   0            

ff: found legal plan as follows

step    0: UNSTACK BLOCK10 BLOCK3
        1: PUT-DOWN BLOCK10
        2: UNSTACK BLOCK3 BLOCK4
        3: STACK BLOCK3 BLOCK10
        4: UNSTACK BLOCK4 BLOCK9
        5: PUT-DOWN BLOCK4
        6: UNSTACK BLOCK9 BLOCK6
        7: STACK BLOCK9 BLOCK4
        8: UNSTACK BLOCK3 BLOCK10
        9: STACK BLOCK3 BLOCK9
       10: UNSTACK BLOCK6 BLOCK2
       11: STACK BLOCK6 BLOCK3
       12: UNSTACK BLOCK2 BLOCK8
       13: STACK BLOCK2 BLOCK10
       14: UNSTACK BLOCK8 BLOCK7
       15: STACK BLOCK8 BLOCK6
       16: UNSTACK BLOCK7 BLOCK12
       17: STACK BLOCK7 BLOCK8
       18: UNSTACK BLOCK12 BLOCK15
       19: STACK BLOCK12 BLOCK7
       20: UNSTACK BLOCK15 BLOCK1
       21: STACK BLOCK15 BLOCK12
       22: UNSTACK BLOCK1 BLOCK14
       23: PUT-DOWN BLOCK1
       24: UNSTACK BLOCK14 BLOCK5
       25: STACK BLOCK14 BLOCK15
       26: UNSTACK BLOCK5 BLOCK13
       27: STACK BLOCK5 BLOCK1
       28: UNSTACK BLOCK13 BLOCK11
       29: STACK BLOCK13 BLOCK14
       30: UNSTACK BLOCK2 BLOCK10
       31: STACK BLOCK2 BLOCK13
       32: PICK-UP BLOCK10
       33: STACK BLOCK10 BLOCK5
       34: UNSTACK BLOCK2 BLOCK13
       35: STACK BLOCK2 BLOCK10
       36: UNSTACK BLOCK11 BLOCK16
       37: STACK BLOCK11 BLOCK2
       38: UNSTACK BLOCK13 BLOCK14
       39: STACK BLOCK13 BLOCK16
       40: UNSTACK BLOCK14 BLOCK15
       41: STACK BLOCK14 BLOCK11
       42: UNSTACK BLOCK15 BLOCK12
       43: STACK BLOCK15 BLOCK14
       44: UNSTACK BLOCK12 BLOCK7
       45: STACK BLOCK12 BLOCK13
       46: UNSTACK BLOCK15 BLOCK14
       47: PUT-DOWN BLOCK15
       48: UNSTACK BLOCK14 BLOCK11
       49: STACK BLOCK14 BLOCK15
       50: UNSTACK BLOCK7 BLOCK8
       51: STACK BLOCK7 BLOCK11
       52: UNSTACK BLOCK12 BLOCK13
       53: STACK BLOCK12 BLOCK7
       54: UNSTACK BLOCK13 BLOCK16
       55: STACK BLOCK13 BLOCK12
       56: UNSTACK BLOCK8 BLOCK6
       57: STACK BLOCK8 BLOCK16
       58: UNSTACK BLOCK14 BLOCK15
       59: STACK BLOCK14 BLOCK13
       60: UNSTACK BLOCK6 BLOCK3
       61: STACK BLOCK6 BLOCK15
       62: UNSTACK BLOCK14 BLOCK13
       63: STACK BLOCK14 BLOCK6
       64: UNSTACK BLOCK3 BLOCK9
       65: STACK BLOCK3 BLOCK14
       66: UNSTACK BLOCK9 BLOCK4
       67: STACK BLOCK9 BLOCK13
       68: UNSTACK BLOCK3 BLOCK14
       69: STACK BLOCK3 BLOCK9
       70: PICK-UP BLOCK4
       71: STACK BLOCK4 BLOCK8
       72: UNSTACK BLOCK14 BLOCK6
       73: STACK BLOCK14 BLOCK4
       74: UNSTACK BLOCK6 BLOCK15
       75: STACK BLOCK6 BLOCK14
       76: PICK-UP BLOCK15
       77: STACK BLOCK15 BLOCK3
       78: UNSTACK BLOCK6 BLOCK14
       79: STACK BLOCK6 BLOCK15
       80: UNSTACK BLOCK14 BLOCK4
       81: STACK BLOCK14 BLOCK6
       82: UNSTACK BLOCK4 BLOCK8
       83: STACK BLOCK4 BLOCK14
       84: UNSTACK BLOCK8 BLOCK16
       85: STACK BLOCK8 BLOCK4
     

time spent:    0.00 seconds instantiating 544 easy, 0 hard action templates
               0.00 seconds reachability analysis, yielding 305 facts and 544 actions
               0.00 seconds creating final representation with 305 relevant facts, 0 relevant fluents
               0.00 seconds computing LNF
               0.00 seconds building connectivity graph
               0.16 seconds searching, evaluating 11337 states, to a max depth of 13
               0.16 seconds total time

