
ff: parsing domain file
domain 'BLOCKS' defined
 ... done.
ff: parsing problem file
problem 'PB8' defined
 ... done.


no metric specified. plan length assumed.

checking for cyclic := effects --- OK.

ff: search configuration is EHC, if that fails then  best-first on 1*g(s) + 5*h(s) where
    metric is  plan length

Cueing down from goal distance:   25 into depth [1]
                                  24            [1]
                                  23            [1]
                                  22            [1]
                                  21            [1]
                                  20            [1][2]
                                  19            [1][2]
                                  18            [1]
                                  17            [1][2]
                                  15            [1]
                                  14            [1]
                                  13            [1]
                                  12            [1]
                                  11            [1][2][3][4]
                                  10            [1]
                                   9            [1]
                                   8            [1][2][3][4][5][6][7]
                                   7            [1][2]
                                   6            [1]
                                   5            [1]
                                   4            [1]
                                   3            [1][2][3][4]
                                   2            [1]
                                   1            [1]
                                   0            

ff: found legal plan as follows

step    0: UNSTACK BLOCK3 BLOCK13
        1: STACK BLOCK3 BLOCK16
        2: UNSTACK BLOCK5 BLOCK4
        3: PUT-DOWN BLOCK5
        4: UNSTACK BLOCK4 BLOCK7
        5: STACK BLOCK4 BLOCK14
        6: UNSTACK BLOCK1 BLOCK2
        7: STACK BLOCK1 BLOCK7
        8: PICK-UP BLOCK6
        9: STACK BLOCK6 BLOCK5
       10: UNSTACK BLOCK12 BLOCK8
       11: PUT-DOWN BLOCK12
       12: UNSTACK BLOCK8 BLOCK10
       13: STACK BLOCK8 BLOCK13
       14: PICK-UP BLOCK10
       15: STACK BLOCK10 BLOCK8
       16: UNSTACK BLOCK1 BLOCK7
       17: STACK BLOCK1 BLOCK12
       18: PICK-UP BLOCK7
       19: STACK BLOCK7 BLOCK10
       20: UNSTACK BLOCK1 BLOCK12
       21: STACK BLOCK1 BLOCK7
       22: UNSTACK BLOCK4 BLOCK14
       23: STACK BLOCK4 BLOCK12
       24: UNSTACK BLOCK14 BLOCK9
       25: STACK BLOCK14 BLOCK4
       26: UNSTACK BLOCK9 BLOCK15
       27: STACK BLOCK9 BLOCK6
       28: UNSTACK BLOCK2 BLOCK11
       29: STACK BLOCK2 BLOCK15
       30: UNSTACK BLOCK14 BLOCK4
       31: STACK BLOCK14 BLOCK9
       32: UNSTACK BLOCK4 BLOCK12
       33: STACK BLOCK4 BLOCK14
       34: UNSTACK BLOCK2 BLOCK15
       35: STACK BLOCK2 BLOCK12
       36: PICK-UP BLOCK15
       37: STACK BLOCK15 BLOCK3
       38: UNSTACK BLOCK2 BLOCK12
       39: STACK BLOCK2 BLOCK15
     

time spent:    0.00 seconds instantiating 544 easy, 0 hard action templates
               0.00 seconds reachability analysis, yielding 305 facts and 544 actions
               0.00 seconds creating final representation with 305 relevant facts, 0 relevant fluents
               0.00 seconds computing LNF
               0.00 seconds building connectivity graph
               0.02 seconds searching, evaluating 1129 states, to a max depth of 7
               0.02 seconds total time

