
ff: parsing domain file
domain 'BLOCKS' defined
 ... done.
ff: parsing problem file
problem 'PB4' defined
 ... done.


no metric specified. plan length assumed.

checking for cyclic := effects --- OK.

ff: search configuration is EHC, if that fails then  best-first on 1*g(s) + 5*h(s) where
    metric is  plan length

Cueing down from goal distance:   30 into depth [1]
                                  29            [1]
                                  28            [1][2][3]
                                  27            [1]
                                  26            [1][2]
                                  24            [1][2][3][4][5][6]
                                  23            [1][2]
                                  21            [1][2][3]
                                  20            [1][2][3][4][5][6][7][8]
                                  19            [1][2]
                                  18            [1][2]
                                  17            [1][2][3][4][5][6]
                                  16            [1][2]
                                  15            [1][2][3]
                                  14            [1]
                                  13            [1][2][3]
                                  12            [1]
                                  11            [1]
                                  10            [1][2][3][4][5][6][7][8][9][10][11][12][13][14][15]
                                   9            [1][2]
                                   8            [1][2]
                                   7            [1][2][3][4][5][6][7][8][9]
                                   6            [1]
                                   5            [1]
                                   4            [1]
                                   3            [1][2][3]
                                   2            [1]
                                   1            [1]
                                   0            

ff: found legal plan as follows

step    0: UNSTACK BLOCK4 BLOCK6
        1: PUT-DOWN BLOCK4
        2: UNSTACK BLOCK10 BLOCK9
        3: STACK BLOCK10 BLOCK7
        4: UNSTACK BLOCK9 BLOCK13
        5: PUT-DOWN BLOCK9
        6: UNSTACK BLOCK13 BLOCK2
        7: PUT-DOWN BLOCK13
        8: UNSTACK BLOCK10 BLOCK7
        9: STACK BLOCK10 BLOCK13
       10: UNSTACK BLOCK7 BLOCK5
       11: STACK BLOCK7 BLOCK2
       12: UNSTACK BLOCK5 BLOCK1
       13: STACK BLOCK5 BLOCK9
       14: UNSTACK BLOCK7 BLOCK2
       15: STACK BLOCK7 BLOCK5
       16: UNSTACK BLOCK2 BLOCK11
       17: STACK BLOCK2 BLOCK10
       18: PICK-UP BLOCK11
       19: STACK BLOCK11 BLOCK7
       20: UNSTACK BLOCK1 BLOCK3
       21: STACK BLOCK1 BLOCK11
       22: UNSTACK BLOCK3 BLOCK15
       23: STACK BLOCK3 BLOCK6
       24: UNSTACK BLOCK15 BLOCK16
       25: PUT-DOWN BLOCK15
       26: UNSTACK BLOCK1 BLOCK11
       27: STACK BLOCK1 BLOCK3
       28: UNSTACK BLOCK2 BLOCK10
       29: STACK BLOCK2 BLOCK16
       30: UNSTACK BLOCK11 BLOCK7
       31: STACK BLOCK11 BLOCK1
       32: UNSTACK BLOCK2 BLOCK16
       33: STACK BLOCK2 BLOCK15
       34: UNSTACK BLOCK16 BLOCK12
       35: STACK BLOCK16 BLOCK11
       36: UNSTACK BLOCK2 BLOCK15
       37: STACK BLOCK2 BLOCK16
       38: UNSTACK BLOCK10 BLOCK13
       39: STACK BLOCK10 BLOCK15
       40: UNSTACK BLOCK12 BLOCK8
       41: STACK BLOCK12 BLOCK4
       42: PICK-UP BLOCK8
       43: STACK BLOCK8 BLOCK13
       44: UNSTACK BLOCK10 BLOCK15
       45: STACK BLOCK10 BLOCK12
       46: UNSTACK BLOCK8 BLOCK13
       47: STACK BLOCK8 BLOCK10
       48: UNSTACK BLOCK2 BLOCK16
       49: STACK BLOCK2 BLOCK13
       50: UNSTACK BLOCK16 BLOCK11
       51: STACK BLOCK16 BLOCK7
       52: UNSTACK BLOCK11 BLOCK1
       53: STACK BLOCK11 BLOCK16
       54: UNSTACK BLOCK1 BLOCK3
       55: STACK BLOCK1 BLOCK11
       56: UNSTACK BLOCK3 BLOCK6
       57: STACK BLOCK3 BLOCK2
       58: UNSTACK BLOCK6 BLOCK14
       59: STACK BLOCK6 BLOCK8
       60: PICK-UP BLOCK14
       61: STACK BLOCK14 BLOCK15
       62: UNSTACK BLOCK3 BLOCK2
       63: STACK BLOCK3 BLOCK14
       64: UNSTACK BLOCK1 BLOCK11
       65: STACK BLOCK1 BLOCK3
       66: UNSTACK BLOCK11 BLOCK16
       67: STACK BLOCK11 BLOCK1
       68: UNSTACK BLOCK16 BLOCK7
       69: STACK BLOCK16 BLOCK11
       70: UNSTACK BLOCK2 BLOCK13
       71: STACK BLOCK2 BLOCK16
     

time spent:    0.00 seconds instantiating 544 easy, 0 hard action templates
               0.00 seconds reachability analysis, yielding 305 facts and 544 actions
               0.00 seconds creating final representation with 305 relevant facts, 0 relevant fluents
               0.00 seconds computing LNF
               0.00 seconds building connectivity graph
              44.47 seconds searching, evaluating 565978 states, to a max depth of 15
              44.47 seconds total time

