
ff: parsing domain file
domain 'SATELLITE' defined
 ... done.
ff: parsing problem file
problem 'STRIPS-SAT-X-1' defined
 ... done.


no metric specified. plan length assumed.

checking for cyclic := effects --- OK.

ff: search configuration is EHC, if that fails then  best-first on 1*g(s) + 5*h(s) where
    metric is  plan length

Cueing down from goal distance:   98 into depth [1]
                                  97            [1]
                                  92            [1]
                                  91            [1]
                                  88            [1]
                                  86            [1]
                                  85            [1]
                                  84            [1]
                                  83            [1]
                                  82            [1]
                                  81            [1]
                                  80            [1]
                                  79            [1]
                                  78            [1]
                                  77            [1]
                                  76            [1]
                                  75            [1]
                                  74            [1]
                                  73            [1]
                                  72            [1]
                                  71            [1]
                                  70            [1]
                                  69            [1]
                                  68            [1]
                                  67            [1]
                                  66            [1]
                                  65            [1]
                                  64            [1]
                                  63            [1]
                                  62            [1]
                                  61            [1]
                                  60            [1]
                                  59            [1]
                                  58            [1]
                                  57            [1]
                                  56            [1]
                                  55            [1]
                                  54            [1]
                                  53            [1]
                                  52            [1][2]
                                  51            [1][2]
                                  49            [1][2]
                                  48            [1]
                                  47            [1]
                                  46            [1]
                                  45            [1]
                                  44            [1]
                                  43            [1]
                                  42            [1]
                                  41            [1]
                                  40            [1]
                                  39            [1]
                                  38            [1][2][3]
                                  37            [1][2]
                                  36            [1]
                                  35            [1]
                                  34            [1]
                                  33            [1]
                                  32            [1]
                                  31            [1]
                                  30            [1]
                                  29            [1]
                                  28            [1]
                                  27            [1]
                                  26            [1][2]
                                  24            [1]
                                  23            [1][2]
                                  22            [1]
                                  21            [1]
                                  20            [1]
                                  19            [1]
                                  18            [1]
                                  17            [1]
                                  16            [1]
                                  15            [1]
                                  14            [1]
                                  13            [1]
                                  12            [1]
                                  11            [1][2]
                                  10            [1]
                                   9            [1]
                                   8            [1]
                                   7            [1]
                                   6            [1]
                                   5            [1]
                                   4            [1]
                                   3            [1]
                                   2            [1]
                                   1            [1]
                                   0            

ff: found legal plan as follows

step    0: TURN_TO SATELLITE0 STAR2 STAR5
        1: TURN_TO SATELLITE11 STAR13 STAR23
        2: TURN_TO SATELLITE1 STAR2 STAR23
        3: TURN_TO SATELLITE5 GROUNDSTATION3 PHENOMENON27
        4: SWITCH_ON INSTRUMENT2 SATELLITE0
        5: TURN_TO SATELLITE3 STAR11 PLANET21
        6: TURN_TO SATELLITE2 GROUNDSTATION8 PLANET21
        7: TURN_TO SATELLITE2 STAR13 GROUNDSTATION8
        8: CALIBRATE SATELLITE0 INSTRUMENT2 STAR2
        9: TURN_TO SATELLITE0 PLANET15 STAR2
       10: SWITCH_ON INSTRUMENT25 SATELLITE3
       11: CALIBRATE SATELLITE3 INSTRUMENT25 STAR11
       12: TURN_TO SATELLITE3 PLANET16 STAR11
       13: SWITCH_ON INSTRUMENT11 SATELLITE1
       14: TURN_TO SATELLITE6 GROUNDSTATION7 STAR0
       15: CALIBRATE SATELLITE1 INSTRUMENT11 STAR2
       16: TURN_TO SATELLITE1 PHENOMENON22 STAR2
       17: SWITCH_ON INSTRUMENT41 SATELLITE6
       18: CALIBRATE SATELLITE6 INSTRUMENT41 GROUNDSTATION7
       19: TURN_TO SATELLITE6 PLANET17 GROUNDSTATION7
       20: TURN_TO SATELLITE11 PLANET18 STAR13
       21: TAKE_IMAGE SATELLITE0 PLANET15 INSTRUMENT2 SPECTROGRAPH8
       22: TURN_TO SATELLITE0 GROUNDSTATION10 PLANET15
       23: TAKE_IMAGE SATELLITE3 PLANET16 INSTRUMENT25 INFRARED5
       24: TURN_TO SATELLITE3 PLANET18 PLANET16
       25: TAKE_IMAGE SATELLITE6 PLANET17 INSTRUMENT41 IMAGE1
       26: TURN_TO SATELLITE6 STAR23 PLANET17
       27: TAKE_IMAGE SATELLITE3 PLANET18 INSTRUMENT25 INFRARED5
       28: TURN_TO SATELLITE3 PLANET24 PLANET18
       29: TAKE_IMAGE SATELLITE1 PHENOMENON22 INSTRUMENT11 INFRARED9
       30: TURN_TO SATELLITE1 STAR23 PHENOMENON22
       31: TAKE_IMAGE SATELLITE6 STAR23 INSTRUMENT41 IMAGE1
       32: TURN_TO SATELLITE6 GROUNDSTATION1 STAR23
       33: TAKE_IMAGE SATELLITE1 STAR23 INSTRUMENT11 INFRARED9
       34: TURN_TO SATELLITE1 STAR25 STAR23
       35: TAKE_IMAGE SATELLITE3 PLANET24 INSTRUMENT25 INFRARED5
       36: TAKE_IMAGE SATELLITE3 PLANET24 INSTRUMENT25 IMAGE3
       37: TAKE_IMAGE SATELLITE1 STAR25 INSTRUMENT11 INFRARED9
       38: TURN_TO SATELLITE1 GROUNDSTATION10 STAR25
       39: TURN_TO SATELLITE2 PLANET21 STAR13
       40: TURN_TO SATELLITE9 PLANET21 GROUNDSTATION14
       41: TURN_TO SATELLITE12 PHENOMENON27 STAR26
       42: SWITCH_ON INSTRUMENT89 SATELLITE12
       43: TURN_TO SATELLITE12 STAR5 PHENOMENON27
       44: CALIBRATE SATELLITE12 INSTRUMENT89 STAR5
       45: TURN_TO SATELLITE12 PLANET16 STAR5
       46: TAKE_IMAGE SATELLITE12 PLANET16 INSTRUMENT89 INFRARED6
       47: TURN_TO SATELLITE12 PLANET18 PLANET16
       48: TAKE_IMAGE SATELLITE12 PLANET18 INSTRUMENT89 IMAGE7
       49: TURN_TO SATELLITE12 PLANET24 PLANET18
       50: TAKE_IMAGE SATELLITE12 PLANET24 INSTRUMENT89 SPECTROGRAPH2
       51: TAKE_IMAGE SATELLITE12 PLANET24 INSTRUMENT89 IMAGE7
       52: TURN_TO SATELLITE12 PHENOMENON27 PLANET24
       53: TAKE_IMAGE SATELLITE12 PHENOMENON27 INSTRUMENT89 SPECTROGRAPH2
       54: TAKE_IMAGE SATELLITE12 PHENOMENON27 INSTRUMENT89 IMAGE7
       55: TURN_TO SATELLITE2 STAR29 PLANET21
       56: SWITCH_ON INSTRUMENT64 SATELLITE9
       57: TURN_TO SATELLITE8 STAR29 PHENOMENON28
       58: TURN_TO SATELLITE9 STAR5 PLANET21
       59: CALIBRATE SATELLITE9 INSTRUMENT64 STAR5
       60: TURN_TO SATELLITE9 STAR23 STAR5
       61: TAKE_IMAGE SATELLITE9 STAR23 INSTRUMENT64 IMAGE11
       62: TURN_TO SATELLITE9 PLANET24 STAR23
       63: TAKE_IMAGE SATELLITE9 PLANET24 INSTRUMENT64 IMAGE11
       64: TURN_TO SATELLITE9 STAR26 PLANET24
       65: TAKE_IMAGE SATELLITE9 STAR26 INSTRUMENT64 IMAGE11
       66: TURN_TO SATELLITE9 PHENOMENON27 STAR26
       67: TAKE_IMAGE SATELLITE9 PHENOMENON27 INSTRUMENT64 INFRARED0
       68: TURN_TO SATELLITE9 PLANET21 PHENOMENON27
       69: TAKE_IMAGE SATELLITE9 PLANET21 INSTRUMENT64 INFRARED0
       70: TURN_TO SATELLITE13 STAR23 STAR11
       71: SWITCH_ON INSTRUMENT91 SATELLITE13
       72: SWITCH_ON INSTRUMENT14 SATELLITE2
       73: TURN_TO SATELLITE2 GROUNDSTATION1 STAR29
       74: CALIBRATE SATELLITE2 INSTRUMENT14 GROUNDSTATION1
       75: TURN_TO SATELLITE2 PLANET17 GROUNDSTATION1
       76: TAKE_IMAGE SATELLITE2 PLANET17 INSTRUMENT14 SPECTROGRAPH4
       77: TURN_TO SATELLITE2 PLANET18 PLANET17
       78: TAKE_IMAGE SATELLITE2 PLANET18 INSTRUMENT14 THERMOGRAPH12
       79: TURN_TO SATELLITE2 PHENOMENON20 PLANET18
       80: TAKE_IMAGE SATELLITE2 PHENOMENON20 INSTRUMENT14 THERMOGRAPH12
       81: TURN_TO SATELLITE2 STAR26 PHENOMENON20
       82: TAKE_IMAGE SATELLITE2 STAR26 INSTRUMENT14 THERMOGRAPH12
       83: TURN_TO SATELLITE2 STAR29 STAR26
       84: TAKE_IMAGE SATELLITE2 STAR29 INSTRUMENT14 SPECTROGRAPH10
       85: TURN_TO SATELLITE2 STAR0 STAR29
       86: TURN_TO SATELLITE13 STAR4 STAR23
       87: CALIBRATE SATELLITE13 INSTRUMENT91 STAR4
       88: TURN_TO SATELLITE13 PLANET18 STAR4
       89: TAKE_IMAGE SATELLITE13 PLANET18 INSTRUMENT91 INFRARED13
       90: TURN_TO SATELLITE13 PLANET21 PLANET18
       91: TAKE_IMAGE SATELLITE13 PLANET21 INSTRUMENT91 THERMOGRAPH14
       92: TURN_TO SATELLITE13 STAR25 PLANET21
       93: TAKE_IMAGE SATELLITE13 STAR25 INSTRUMENT91 INFRARED13
       94: TURN_TO SATELLITE13 PHENOMENON27 STAR25
       95: TAKE_IMAGE SATELLITE13 PHENOMENON27 INSTRUMENT91 INFRARED13
       96: TURN_TO SATELLITE13 STAR23 PHENOMENON27
       97: TAKE_IMAGE SATELLITE13 STAR23 INSTRUMENT91 THERMOGRAPH14
     

time spent:    0.00 seconds instantiating 20173 easy, 0 hard action templates
               0.00 seconds reachability analysis, yielding 1113 facts and 20173 actions
               0.00 seconds creating final representation with 1113 relevant facts, 0 relevant fluents
               0.02 seconds computing LNF
               0.02 seconds building connectivity graph
               2.31 seconds searching, evaluating 3573 states, to a max depth of 3
               2.35 seconds total time

