
ff: parsing domain file
domain 'SATELLITE' defined
 ... done.
ff: parsing problem file
problem 'STRIPS-SAT-X-1' defined
 ... done.


no metric specified. plan length assumed.

checking for cyclic := effects --- OK.

ff: search configuration is EHC, if that fails then  best-first on 1*g(s) + 5*h(s) where
    metric is  plan length

Cueing down from goal distance:   32 into depth [1]
                                  30            [1]
                                  29            [1]
                                  28            [1]
                                  26            [1]
                                  22            [1]
                                  21            [1]
                                  20            [1][2]
                                  19            [1]
                                  18            [1]
                                  17            [1]
                                  16            [1]
                                  15            [1]
                                  14            [1]
                                  13            [1]
                                  12            [1]
                                  11            [1][2]
                                  10            [1]
                                   9            [1]
                                   8            [1]
                                   7            [1]
                                   6            [1]
                                   5            [1]
                                   4            [1]
                                   3            [1]
                                   2            [1]
                                   1            [1]
                                   0            

ff: found legal plan as follows

step    0: TURN_TO SATELLITE1 STAR2 PHENOMENON11
        1: TURN_TO SATELLITE1 STAR0 STAR2
        2: TURN_TO SATELLITE1 PHENOMENON6 STAR0
        3: SWITCH_ON INSTRUMENT4 SATELLITE1
        4: SWITCH_ON INSTRUMENT2 SATELLITE0
        5: TURN_TO SATELLITE2 PLANET9 STAR2
        6: TURN_TO SATELLITE5 STAR7 STAR2
        7: TURN_TO SATELLITE0 STAR5 STAR7
        8: CALIBRATE SATELLITE0 INSTRUMENT2 STAR5
        9: TURN_TO SATELLITE0 STAR7 STAR5
       10: TAKE_IMAGE SATELLITE0 STAR7 INSTRUMENT2 IMAGE3
       11: TURN_TO SATELLITE0 PLANET8 STAR7
       12: TAKE_IMAGE SATELLITE0 PLANET8 INSTRUMENT2 IMAGE3
       13: TURN_TO SATELLITE0 PHENOMENON10 PLANET8
       14: TAKE_IMAGE SATELLITE0 PHENOMENON10 INSTRUMENT2 IMAGE2
       15: TURN_TO SATELLITE0 PHENOMENON11 PHENOMENON10
       16: TAKE_IMAGE SATELLITE0 PHENOMENON11 INSTRUMENT2 IMAGE3
       17: TURN_TO SATELLITE1 STAR0 PHENOMENON6
       18: CALIBRATE SATELLITE1 INSTRUMENT4 STAR0
       19: TURN_TO SATELLITE1 PHENOMENON6 STAR0
       20: TAKE_IMAGE SATELLITE1 PHENOMENON6 INSTRUMENT4 THERMOGRAPH5
       21: TAKE_IMAGE SATELLITE1 PHENOMENON6 INSTRUMENT4 INFRARED1
       22: TURN_TO SATELLITE1 STAR7 PHENOMENON6
       23: TAKE_IMAGE SATELLITE1 STAR7 INSTRUMENT4 INFRARED1
       24: TURN_TO SATELLITE1 PLANET8 STAR7
       25: TAKE_IMAGE SATELLITE1 PLANET8 INSTRUMENT4 THERMOGRAPH5
       26: TURN_TO SATELLITE1 PHENOMENON11 PLANET8
       27: TAKE_IMAGE SATELLITE1 PHENOMENON11 INSTRUMENT4 THERMOGRAPH5
       28: TURN_TO SATELLITE1 STAR4 PHENOMENON11
     

time spent:    0.00 seconds instantiating 1490 easy, 0 hard action templates
               0.00 seconds reachability analysis, yielding 192 facts and 1490 actions
               0.00 seconds creating final representation with 192 relevant facts, 0 relevant fluents
               0.00 seconds computing LNF
               0.00 seconds building connectivity graph
               0.00 seconds searching, evaluating 122 states, to a max depth of 2
               0.00 seconds total time

