
ff: parsing domain file
domain 'SATELLITE' defined
 ... done.
ff: parsing problem file
problem 'STRIPS-SAT-X-1' defined
 ... done.


no metric specified. plan length assumed.

checking for cyclic := effects --- OK.

ff: search configuration is EHC, if that fails then  best-first on 1*g(s) + 5*h(s) where
    metric is  plan length

Cueing down from goal distance:   19 into depth [1]
                                  18            [1]
                                  17            [1]
                                  16            [1]
                                  15            [1]
                                  14            [1]
                                  13            [1]
                                  12            [1]
                                  11            [1]
                                  10            [1]
                                   9            [1]
                                   8            [1]
                                   7            [1]
                                   6            [1]
                                   5            [1]
                                   4            [1]
                                   3            [1]
                                   2            [1]
                                   1            [1]
                                   0            

ff: found legal plan as follows

step    0: TURN_TO SATELLITE0 GROUNDSTATION1 STAR11
        1: TURN_TO SATELLITE2 GROUNDSTATION1 GROUNDSTATION0
        2: SWITCH_ON INSTRUMENT0 SATELLITE0
        3: CALIBRATE SATELLITE0 INSTRUMENT0 GROUNDSTATION1
        4: TURN_TO SATELLITE0 STAR6 GROUNDSTATION1
        5: SWITCH_ON INSTRUMENT3 SATELLITE2
        6: CALIBRATE SATELLITE2 INSTRUMENT3 GROUNDSTATION1
        7: TURN_TO SATELLITE2 STAR8 GROUNDSTATION1
        8: TURN_TO SATELLITE5 GROUNDSTATION5 GROUNDSTATION1
        9: TAKE_IMAGE SATELLITE0 STAR6 INSTRUMENT0 INFRARED5
       10: TURN_TO SATELLITE0 PLANET9 STAR6
       11: TAKE_IMAGE SATELLITE2 STAR8 INSTRUMENT3 INFRARED3
       12: TURN_TO SATELLITE2 STAR11 STAR8
       13: TAKE_IMAGE SATELLITE0 PLANET9 INSTRUMENT0 THERMOGRAPH0
       14: TAKE_IMAGE SATELLITE0 PLANET9 INSTRUMENT0 INFRARED5
       15: TURN_TO SATELLITE0 STAR10 PLANET9
       16: TAKE_IMAGE SATELLITE0 STAR10 INSTRUMENT0 THERMOGRAPH0
       17: TURN_TO SATELLITE0 STAR3 STAR10
       18: TAKE_IMAGE SATELLITE2 STAR11 INSTRUMENT3 INFRARED3
     

time spent:    0.00 seconds instantiating 1163 easy, 0 hard action templates
               0.00 seconds reachability analysis, yielding 176 facts and 1163 actions
               0.00 seconds creating final representation with 176 relevant facts, 0 relevant fluents
               0.00 seconds computing LNF
               0.00 seconds building connectivity graph
               0.00 seconds searching, evaluating 48 states, to a max depth of 1
               0.00 seconds total time

