
ff: parsing domain file
domain 'SATELLITE' defined
 ... done.
ff: parsing problem file
problem 'STRIPS-SAT-X-1' defined
 ... done.


no metric specified. plan length assumed.

checking for cyclic := effects --- OK.

ff: search configuration is EHC, if that fails then  best-first on 1*g(s) + 5*h(s) where
    metric is  plan length

Cueing down from goal distance:   31 into depth [1]
                                  30            [1]
                                  27            [1]
                                  26            [1]
                                  24            [1]
                                  23            [1]
                                  22            [1]
                                  21            [1]
                                  19            [1]
                                  18            [1]
                                  17            [1]
                                  16            [1]
                                  15            [1]
                                  14            [1]
                                  13            [1]
                                  12            [1]
                                  11            [1]
                                  10            [1]
                                   9            [1]
                                   8            [1]
                                   7            [1]
                                   6            [1]
                                   5            [1]
                                   4            [1]
                                   3            [1][2]
                                   2            [1][2]
                                   1            [1]
                                   0            

ff: found legal plan as follows

step    0: TURN_TO SATELLITE1 STAR1 STAR6
        1: TURN_TO SATELLITE3 GROUNDSTATION0 PLANET9
        2: TURN_TO SATELLITE0 GROUNDSTATION4 PHENOMENON8
        3: SWITCH_ON INSTRUMENT1 SATELLITE1
        4: TURN_TO SATELLITE2 STAR1 STAR6
        5: CALIBRATE SATELLITE1 INSTRUMENT1 STAR1
        6: TURN_TO SATELLITE1 STAR6 STAR1
        7: SWITCH_ON INSTRUMENT3 SATELLITE2
        8: CALIBRATE SATELLITE2 INSTRUMENT3 STAR1
        9: TURN_TO SATELLITE2 PHENOMENON8 STAR1
       10: SWITCH_ON INSTRUMENT8 SATELLITE3
       11: TURN_TO SATELLITE3 STAR11 GROUNDSTATION0
       12: TURN_TO SATELLITE0 PLANET9 GROUNDSTATION4
       13: TURN_TO SATELLITE4 GROUNDSTATION3 STAR6
       14: TAKE_IMAGE SATELLITE1 STAR6 INSTRUMENT1 INFRARED5
       15: TURN_TO SATELLITE1 PHENOMENON7 STAR6
       16: TAKE_IMAGE SATELLITE1 PHENOMENON7 INSTRUMENT1 IMAGE4
       17: TAKE_IMAGE SATELLITE1 PHENOMENON7 INSTRUMENT1 INFRARED5
       18: TURN_TO SATELLITE1 PLANET9 PHENOMENON7
       19: TAKE_IMAGE SATELLITE2 PHENOMENON8 INSTRUMENT3 IMAGE1
       20: TURN_TO SATELLITE2 GROUNDSTATION3 PHENOMENON8
       21: TAKE_IMAGE SATELLITE1 PLANET9 INSTRUMENT1 INFRARED5
       22: TURN_TO SATELLITE1 STAR11 PLANET9
       23: TAKE_IMAGE SATELLITE1 STAR11 INSTRUMENT1 INFRARED5
       24: TURN_TO SATELLITE3 GROUNDSTATION4 STAR11
       25: CALIBRATE SATELLITE3 INSTRUMENT8 GROUNDSTATION4
       26: TURN_TO SATELLITE3 STAR11 GROUNDSTATION4
       27: TAKE_IMAGE SATELLITE3 STAR11 INSTRUMENT8 SPECTROGRAPH3
       28: TURN_TO SATELLITE3 GROUNDSTATION4 STAR11
     

time spent:    0.00 seconds instantiating 1486 easy, 0 hard action templates
               0.00 seconds reachability analysis, yielding 196 facts and 1486 actions
               0.00 seconds creating final representation with 196 relevant facts, 0 relevant fluents
               0.00 seconds computing LNF
               0.00 seconds building connectivity graph
               0.00 seconds searching, evaluating 79 states, to a max depth of 2
               0.00 seconds total time

