
ff: parsing domain file
domain 'SATELLITE' defined
 ... done.
ff: parsing problem file
problem 'STRIPS-SAT-X-1' defined
 ... done.


no metric specified. plan length assumed.

checking for cyclic := effects --- OK.

ff: search configuration is EHC, if that fails then  best-first on 1*g(s) + 5*h(s) where
    metric is  plan length

Cueing down from goal distance:   33 into depth [1]
                                  32            [1]
                                  30            [1]
                                  29            [1]
                                  28            [1]
                                  27            [1]
                                  26            [1]
                                  25            [1]
                                  23            [1]
                                  22            [1]
                                  21            [1]
                                  20            [1]
                                  19            [1]
                                  18            [1]
                                  17            [1]
                                  16            [1]
                                  15            [1]
                                  14            [1]
                                  13            [1]
                                  12            [1]
                                  11            [1]
                                  10            [1]
                                   9            [1]
                                   8            [1]
                                   7            [1]
                                   6            [1]
                                   5            [1]
                                   4            [1]
                                   3            [1][2]
                                   2            [1]
                                   1            [1]
                                   0            

ff: found legal plan as follows

step    0: TURN_TO SATELLITE2 STAR2 GROUNDSTATION1
        1: TURN_TO SATELLITE1 STAR4 STAR10
        2: SWITCH_ON INSTRUMENT3 SATELLITE2
        3: TURN_TO SATELLITE3 STAR4 STAR3
        4: CALIBRATE SATELLITE2 INSTRUMENT3 STAR2
        5: TURN_TO SATELLITE2 PLANET6 STAR2
        6: SWITCH_ON INSTRUMENT0 SATELLITE0
        7: SWITCH_ON INSTRUMENT6 SATELLITE3
        8: CALIBRATE SATELLITE3 INSTRUMENT6 STAR4
        9: TURN_TO SATELLITE3 STAR7 STAR4
       10: TURN_TO SATELLITE3 STAR10 STAR7
       11: SWITCH_ON INSTRUMENT11 SATELLITE4
       12: TURN_TO SATELLITE0 PLANET6 PLANET9
       13: TURN_TO SATELLITE1 STAR5 STAR4
       14: TAKE_IMAGE SATELLITE2 PLANET6 INSTRUMENT3 IMAGE2
       15: TAKE_IMAGE SATELLITE2 PLANET6 INSTRUMENT3 IMAGE0
       16: TURN_TO SATELLITE2 STAR7 PLANET6
       17: TAKE_IMAGE SATELLITE2 STAR7 INSTRUMENT3 INFRARED1
       18: TURN_TO SATELLITE2 PLANET8 STAR7
       19: TAKE_IMAGE SATELLITE2 PLANET8 INSTRUMENT3 INFRARED1
       20: TURN_TO SATELLITE2 PLANET9 PLANET8
       21: TAKE_IMAGE SATELLITE2 PLANET9 INSTRUMENT3 INFRARED1
       22: TAKE_IMAGE SATELLITE3 STAR10 INSTRUMENT6 SPECTROGRAPH4
       23: TAKE_IMAGE SATELLITE3 STAR10 INSTRUMENT6 IMAGE2
       24: TURN_TO SATELLITE3 STAR7 STAR10
       25: TAKE_IMAGE SATELLITE3 STAR7 INSTRUMENT6 SPECTROGRAPH3
       26: TURN_TO SATELLITE3 PLANET9 STAR7
       27: TAKE_IMAGE SATELLITE3 PLANET9 INSTRUMENT6 SPECTROGRAPH3
       28: TURN_TO SATELLITE4 STAR2 STAR11
       29: CALIBRATE SATELLITE4 INSTRUMENT11 STAR2
       30: TURN_TO SATELLITE4 STAR11 STAR2
       31: TAKE_IMAGE SATELLITE4 STAR11 INSTRUMENT11 SPECTROGRAPH5
     

time spent:    0.00 seconds instantiating 1328 easy, 0 hard action templates
               0.00 seconds reachability analysis, yielding 184 facts and 1328 actions
               0.00 seconds creating final representation with 184 relevant facts, 0 relevant fluents
               0.00 seconds computing LNF
               0.00 seconds building connectivity graph
               0.00 seconds searching, evaluating 134 states, to a max depth of 2
               0.00 seconds total time

