
ff: parsing domain file
domain 'SATELLITE' defined
 ... done.
ff: parsing problem file
problem 'STRIPS-SAT-X-1' defined
 ... done.


no metric specified. plan length assumed.

checking for cyclic := effects --- OK.

ff: search configuration is EHC, if that fails then  best-first on 1*g(s) + 5*h(s) where
    metric is  plan length

Cueing down from goal distance:   19 into depth [1]
                                  18            [1]
                                  17            [1]
                                  16            [1][2][3][4]
                                  15            [1]
                                  14            [1]
                                  13            [1]
                                  12            [1]
                                  11            [1]
                                  10            [1]
                                   9            [1]
                                   8            [1]
                                   7            [1]
                                   6            [1]
                                   5            [1]
                                   4            [1]
                                   3            [1]
                                   2            [1]
                                   1            [1]
                                   0            

ff: found legal plan as follows

step    0: TURN_TO SATELLITE0 STAR3 PHENOMENON6
        1: TURN_TO SATELLITE4 PHENOMENON8 PLANET9
        2: TURN_TO SATELLITE5 PHENOMENON11 PHENOMENON8
        3: SWITCH_ON INSTRUMENT1 SATELLITE0
        4: TURN_TO SATELLITE1 GROUNDSTATION4 STAR5
        5: CALIBRATE SATELLITE0 INSTRUMENT1 STAR3
        6: TURN_TO SATELLITE0 PHENOMENON6 STAR3
        7: SWITCH_ON INSTRUMENT4 SATELLITE1
        8: CALIBRATE SATELLITE1 INSTRUMENT4 GROUNDSTATION4
        9: TURN_TO SATELLITE1 PHENOMENON6 GROUNDSTATION4
       10: TAKE_IMAGE SATELLITE0 PHENOMENON6 INSTRUMENT1 INFRARED1
       11: TURN_TO SATELLITE0 STAR7 PHENOMENON6
       12: TAKE_IMAGE SATELLITE1 PHENOMENON6 INSTRUMENT4 SPECTROGRAPH4
       13: TURN_TO SATELLITE1 STAR7 PHENOMENON6
       14: TAKE_IMAGE SATELLITE1 STAR7 INSTRUMENT4 SPECTROGRAPH4
       15: TAKE_IMAGE SATELLITE0 STAR7 INSTRUMENT1 IMAGE5
       16: TURN_TO SATELLITE0 PHENOMENON8 STAR7
       17: TAKE_IMAGE SATELLITE0 PHENOMENON8 INSTRUMENT1 IMAGE5
       18: TURN_TO SATELLITE0 PLANET9 PHENOMENON8
       19: TAKE_IMAGE SATELLITE0 PLANET9 INSTRUMENT1 IMAGE2
       20: TURN_TO SATELLITE0 PHENOMENON10 PLANET9
       21: TAKE_IMAGE SATELLITE0 PHENOMENON10 INSTRUMENT1 INFRARED1
     

time spent:    0.00 seconds instantiating 1338 easy, 0 hard action templates
               0.00 seconds reachability analysis, yielding 188 facts and 1338 actions
               0.00 seconds creating final representation with 188 relevant facts, 0 relevant fluents
               0.00 seconds computing LNF
               0.00 seconds building connectivity graph
               0.00 seconds searching, evaluating 239 states, to a max depth of 4
               0.00 seconds total time

