
ff: parsing domain file
domain 'SATELLITE' defined
 ... done.
ff: parsing problem file
problem 'STRIPS-SAT-X-1' defined
 ... done.


no metric specified. plan length assumed.

checking for cyclic := effects --- OK.

ff: search configuration is EHC, if that fails then  best-first on 1*g(s) + 5*h(s) where
    metric is  plan length

Cueing down from goal distance:   20 into depth [1]
                                  19            [1]
                                  18            [1]
                                  17            [1]
                                  16            [1]
                                  15            [1]
                                  14            [1]
                                  13            [1]
                                  12            [1]
                                  11            [1]
                                  10            [1]
                                   9            [1]
                                   8            [1]
                                   7            [1]
                                   6            [1]
                                   5            [1]
                                   4            [1]
                                   3            [1]
                                   2            [1]
                                   1            [1]
                                   0            

ff: found legal plan as follows

step    0: TURN_TO SATELLITE0 STAR1 STAR4
        1: SWITCH_ON INSTRUMENT0 SATELLITE0
        2: TURN_TO SATELLITE2 STAR3 STAR1
        3: CALIBRATE SATELLITE0 INSTRUMENT0 STAR1
        4: TURN_TO SATELLITE0 PHENOMENON6 STAR1
        5: SWITCH_ON INSTRUMENT10 SATELLITE2
        6: CALIBRATE SATELLITE2 INSTRUMENT10 STAR3
        7: TURN_TO SATELLITE2 PHENOMENON11 STAR3
        8: TURN_TO SATELLITE1 PHENOMENON10 STAR4
        9: TURN_TO SATELLITE4 GROUNDSTATION2 STAR3
       10: TAKE_IMAGE SATELLITE0 PHENOMENON6 INSTRUMENT0 IMAGE3
       11: TURN_TO SATELLITE0 PHENOMENON8 PHENOMENON6
       12: TAKE_IMAGE SATELLITE0 PHENOMENON8 INSTRUMENT0 THERMOGRAPH1
       13: TURN_TO SATELLITE0 PHENOMENON10 PHENOMENON8
       14: TAKE_IMAGE SATELLITE0 PHENOMENON10 INSTRUMENT0 IMAGE3
       15: TURN_TO SATELLITE0 PLANET7 PHENOMENON10
       16: TAKE_IMAGE SATELLITE0 PLANET7 INSTRUMENT0 THERMOGRAPH1
       17: TAKE_IMAGE SATELLITE0 PLANET7 INSTRUMENT0 SPECTROGRAPH5
       18: TAKE_IMAGE SATELLITE2 PHENOMENON11 INSTRUMENT10 IMAGE0
       19: TURN_TO SATELLITE2 PHENOMENON8 PHENOMENON11
     

time spent:    0.00 seconds instantiating 1426 easy, 0 hard action templates
               0.00 seconds reachability analysis, yielding 190 facts and 1426 actions
               0.00 seconds creating final representation with 190 relevant facts, 0 relevant fluents
               0.00 seconds computing LNF
               0.00 seconds building connectivity graph
               0.00 seconds searching, evaluating 51 states, to a max depth of 1
               0.00 seconds total time

