
ff: parsing domain file
domain 'SATELLITE' defined
 ... done.
ff: parsing problem file
problem 'STRIPS-SAT-X-1' defined
 ... done.


no metric specified. plan length assumed.

checking for cyclic := effects --- OK.

ff: search configuration is EHC, if that fails then  best-first on 1*g(s) + 5*h(s) where
    metric is  plan length

Cueing down from goal distance:   29 into depth [1]
                                  26            [1]
                                  25            [1]
                                  24            [1][2]
                                  22            [1]
                                  21            [1]
                                  20            [1]
                                  19            [1]
                                  18            [1]
                                  17            [1]
                                  16            [1]
                                  15            [1]
                                  14            [1]
                                  13            [1]
                                  12            [1]
                                  11            [1]
                                  10            [1]
                                   9            [1]
                                   8            [1]
                                   7            [1]
                                   6            [1]
                                   5            [1]
                                   4            [1]
                                   3            [1]
                                   2            [1]
                                   1            [1]
                                   0            

ff: found legal plan as follows

step    0: TURN_TO SATELLITE1 STAR5 STAR8
        1: TURN_TO SATELLITE0 GROUNDSTATION1 GROUNDSTATION2
        2: TURN_TO SATELLITE4 STAR4 STAR0
        3: SWITCH_ON INSTRUMENT3 SATELLITE0
        4: SWITCH_ON INSTRUMENT6 SATELLITE2
        5: CALIBRATE SATELLITE2 INSTRUMENT6 GROUNDSTATION3
        6: TURN_TO SATELLITE2 STAR7 GROUNDSTATION3
        7: SWITCH_ON INSTRUMENT4 SATELLITE1
        8: TAKE_IMAGE SATELLITE2 STAR7 INSTRUMENT6 THERMOGRAPH4
        9: TURN_TO SATELLITE2 STAR8 STAR7
       10: CALIBRATE SATELLITE1 INSTRUMENT4 STAR5
       11: TURN_TO SATELLITE1 PLANET6 STAR5
       12: TAKE_IMAGE SATELLITE1 PLANET6 INSTRUMENT4 INFRARED1
       13: TURN_TO SATELLITE1 STAR7 PLANET6
       14: TAKE_IMAGE SATELLITE1 STAR7 INSTRUMENT4 INFRARED1
       15: TURN_TO SATELLITE1 STAR9 STAR7
       16: TAKE_IMAGE SATELLITE2 STAR8 INSTRUMENT6 THERMOGRAPH4
       17: TAKE_IMAGE SATELLITE2 STAR8 INSTRUMENT6 THERMOGRAPH3
       18: TURN_TO SATELLITE2 PHENOMENON10 STAR8
       19: TAKE_IMAGE SATELLITE1 STAR9 INSTRUMENT4 THERMOGRAPH3
       20: TURN_TO SATELLITE1 PHENOMENON10 STAR9
       21: TAKE_IMAGE SATELLITE2 PHENOMENON10 INSTRUMENT6 THERMOGRAPH4
       22: TURN_TO SATELLITE2 PHENOMENON11 PHENOMENON10
       23: TAKE_IMAGE SATELLITE1 PHENOMENON10 INSTRUMENT4 INFRARED1
       24: TURN_TO SATELLITE1 PHENOMENON11 PHENOMENON10
       25: TAKE_IMAGE SATELLITE1 PHENOMENON11 INSTRUMENT4 THERMOGRAPH3
       26: TAKE_IMAGE SATELLITE2 PHENOMENON11 INSTRUMENT6 INFRARED5
     

time spent:    0.00 seconds instantiating 1438 easy, 0 hard action templates
               0.00 seconds reachability analysis, yielding 192 facts and 1438 actions
               0.00 seconds creating final representation with 192 relevant facts, 0 relevant fluents
               0.00 seconds computing LNF
               0.00 seconds building connectivity graph
               0.00 seconds searching, evaluating 138 states, to a max depth of 2
               0.00 seconds total time

