
ff: parsing domain file
domain 'SATELLITE' defined
 ... done.
ff: parsing problem file
problem 'STRIPS-SAT-X-1' defined
 ... done.


no metric specified. plan length assumed.

checking for cyclic := effects --- OK.

ff: search configuration is EHC, if that fails then  best-first on 1*g(s) + 5*h(s) where
    metric is  plan length

Cueing down from goal distance:   24 into depth [1]
                                  22            [1][2][3][4][5][6]
                                  21            [1]
                                  20            [1]
                                  19            [1]
                                  18            [1]
                                  17            [1]
                                  16            [1]
                                  15            [1]
                                  14            [1]
                                  13            [1]
                                  12            [1]
                                  11            [1]
                                  10            [1]
                                   9            [1]
                                   8            [1]
                                   7            [1]
                                   6            [1][2]
                                   5            [1]
                                   4            [1]
                                   3            [1]
                                   2            [1]
                                   1            [1]
                                   0            

ff: found legal plan as follows

step    0: TURN_TO SATELLITE5 GROUNDSTATION1 PLANET11
        1: SWITCH_ON INSTRUMENT0 SATELLITE0
        2: TURN_TO SATELLITE3 GROUNDSTATION4 GROUNDSTATION1
        3: TURN_TO SATELLITE2 STAR2 PHENOMENON8
        4: SWITCH_ON INSTRUMENT7 SATELLITE3
        5: CALIBRATE SATELLITE3 INSTRUMENT7 GROUNDSTATION4
        6: SWITCH_ON INSTRUMENT5 SATELLITE2
        7: TURN_TO SATELLITE3 STAR7 GROUNDSTATION4
        8: CALIBRATE SATELLITE2 INSTRUMENT5 STAR2
        9: TURN_TO SATELLITE2 PHENOMENON6 STAR2
       10: TAKE_IMAGE SATELLITE2 PHENOMENON6 INSTRUMENT5 IMAGE5
       11: TURN_TO SATELLITE2 PHENOMENON8 PHENOMENON6
       12: TAKE_IMAGE SATELLITE3 STAR7 INSTRUMENT7 THERMOGRAPH1
       13: TAKE_IMAGE SATELLITE2 PHENOMENON8 INSTRUMENT5 IMAGE5
       14: TURN_TO SATELLITE2 PLANET9 PHENOMENON8
       15: TAKE_IMAGE SATELLITE2 PLANET9 INSTRUMENT5 THERMOGRAPH0
       16: TURN_TO SATELLITE2 PLANET10 PLANET9
       17: TAKE_IMAGE SATELLITE2 PLANET10 INSTRUMENT5 IMAGE5
       18: TAKE_IMAGE SATELLITE2 PLANET10 INSTRUMENT5 THERMOGRAPH0
       19: TURN_TO SATELLITE2 PLANET11 PLANET10
       20: TAKE_IMAGE SATELLITE2 PLANET11 INSTRUMENT5 THERMOGRAPH0
       21: TAKE_IMAGE SATELLITE2 PLANET11 INSTRUMENT5 IMAGE5
       22: TURN_TO SATELLITE0 GROUNDSTATION1 PHENOMENON8
       23: CALIBRATE SATELLITE0 INSTRUMENT0 GROUNDSTATION1
       24: TURN_TO SATELLITE0 PHENOMENON8 GROUNDSTATION1
       25: TAKE_IMAGE SATELLITE0 PHENOMENON8 INSTRUMENT0 IMAGE3
       26: TURN_TO SATELLITE0 PLANET9 PHENOMENON8
       27: TAKE_IMAGE SATELLITE0 PLANET9 INSTRUMENT0 THERMOGRAPH4
       28: TURN_TO SATELLITE0 GROUNDSTATION5 PLANET9
     

time spent:    0.00 seconds instantiating 1440 easy, 0 hard action templates
               0.00 seconds reachability analysis, yielding 186 facts and 1440 actions
               0.00 seconds creating final representation with 186 relevant facts, 0 relevant fluents
               0.00 seconds computing LNF
               0.00 seconds building connectivity graph
               0.08 seconds searching, evaluating 4227 states, to a max depth of 6
               0.08 seconds total time

