
ff: parsing domain file
domain 'SATELLITE' defined
 ... done.
ff: parsing problem file
problem 'STRIPS-SAT-X-1' defined
 ... done.


no metric specified. plan length assumed.

checking for cyclic := effects --- OK.

ff: search configuration is EHC, if that fails then  best-first on 1*g(s) + 5*h(s) where
    metric is  plan length

Cueing down from goal distance:   21 into depth [1]
                                  18            [1]
                                  17            [1]
                                  16            [1]
                                  15            [1]
                                  14            [1]
                                  13            [1]
                                  12            [1]
                                  11            [1]
                                  10            [1][2]
                                   9            [1]
                                   8            [1]
                                   7            [1]
                                   6            [1]
                                   5            [1]
                                   4            [1]
                                   3            [1]
                                   2            [1]
                                   1            [1]
                                   0            

ff: found legal plan as follows

step    0: SWITCH_ON INSTRUMENT2 SATELLITE0
        1: TURN_TO SATELLITE0 STAR0 GROUNDSTATION1
        2: CALIBRATE SATELLITE0 INSTRUMENT2 STAR0
        3: TURN_TO SATELLITE0 STAR7 STAR0
        4: TURN_TO SATELLITE5 STAR9 GROUNDSTATION1
        5: TAKE_IMAGE SATELLITE0 STAR7 INSTRUMENT2 IMAGE1
        6: TURN_TO SATELLITE0 PHENOMENON8 STAR7
        7: TAKE_IMAGE SATELLITE0 PHENOMENON8 INSTRUMENT2 SPECTROGRAPH3
        8: TURN_TO SATELLITE0 PHENOMENON11 PHENOMENON8
        9: SWITCH_ON INSTRUMENT6 SATELLITE1
       10: TURN_TO SATELLITE2 STAR0 PHENOMENON11
       11: CALIBRATE SATELLITE1 INSTRUMENT6 STAR0
       12: TURN_TO SATELLITE1 STAR9 STAR0
       13: SWITCH_ON INSTRUMENT9 SATELLITE2
       14: CALIBRATE SATELLITE2 INSTRUMENT9 STAR0
       15: TURN_TO SATELLITE2 PHENOMENON8 STAR0
       16: TAKE_IMAGE SATELLITE2 PHENOMENON8 INSTRUMENT9 IMAGE4
       17: TURN_TO SATELLITE2 STAR9 PHENOMENON8
       18: TAKE_IMAGE SATELLITE1 STAR9 INSTRUMENT6 IMAGE5
       19: TAKE_IMAGE SATELLITE2 STAR9 INSTRUMENT9 IMAGE4
     

time spent:    0.00 seconds instantiating 1456 easy, 0 hard action templates
               0.00 seconds reachability analysis, yielding 192 facts and 1456 actions
               0.00 seconds creating final representation with 192 relevant facts, 0 relevant fluents
               0.00 seconds computing LNF
               0.00 seconds building connectivity graph
               0.00 seconds searching, evaluating 64 states, to a max depth of 2
               0.00 seconds total time

