
ff: parsing domain file
domain 'BLOCKS' defined
 ... done.
ff: parsing problem file
problem 'PB0' defined
 ... done.


no metric specified. plan length assumed.

checking for cyclic := effects --- OK.

ff: search configuration is EHC, if that fails then  best-first on 1*g(s) + 5*h(s) where
    metric is  plan length

Cueing down from goal distance:    8 into depth [1][2]
                                   6            [1]
                                   5            [1]
                                   4            [1]
                                   3            [1]
                                   2            [1][2]
                                   0            

ff: found legal plan as follows

step    0: UNSTACK BLOCK2 BLOCK3
        1: PUT-DOWN BLOCK2
        2: UNSTACK BLOCK3 BLOCK1
        3: PUT-DOWN BLOCK3
        4: UNSTACK BLOCK1 BLOCK4
        5: STACK BLOCK1 BLOCK3
        6: PICK-UP BLOCK4
        7: STACK BLOCK4 BLOCK1
     

time spent:    0.00 seconds instantiating 40 easy, 0 hard action templates
               0.00 seconds reachability analysis, yielding 29 facts and 40 actions
               0.00 seconds creating final representation with 29 relevant facts, 0 relevant fluents
               0.00 seconds computing LNF
               0.00 seconds building connectivity graph
               0.00 seconds searching, evaluating 12 states, to a max depth of 2
               0.00 seconds total time

