
ff: parsing domain file
domain 'SATELLITE' defined
 ... done.
ff: parsing problem file
problem 'STRIPS-SAT-X-1' defined
 ... done.


no metric specified. plan length assumed.

checking for cyclic := effects --- OK.

ff: search configuration is EHC, if that fails then  best-first on 1*g(s) + 5*h(s) where
    metric is  plan length

Cueing down from goal distance:   56 into depth [1]
                                  55            [1]
                                  54            [1]
                                  52            [1]
                                  51            [1]
                                  50            [1]
                                  46            [1]
                                  43            [1]
                                  42            [1]
                                  41            [1]
                                  40            [1]
                                  39            [1]
                                  38            [1]
                                  37            [1]
                                  36            [1]
                                  35            [1]
                                  34            [1]
                                  33            [1]
                                  32            [1]
                                  31            [1]
                                  30            [1]
                                  29            [1]
                                  28            [1]
                                  27            [1]
                                  26            [1]
                                  25            [1]
                                  24            [1]
                                  23            [1]
                                  22            [1]
                                  21            [1]
                                  20            [1]
                                  19            [1]
                                  18            [1]
                                  17            [1]
                                  16            [1]
                                  15            [1]
                                  14            [1]
                                  13            [1]
                                  12            [1]
                                  11            [1]
                                  10            [1]
                                   9            [1]
                                   8            [1]
                                   7            [1]
                                   6            [1]
                                   5            [1]
                                   4            [1]
                                   3            [1]
                                   2            [1]
                                   1            [1]
                                   0            

ff: found legal plan as follows

step    0: TURN_TO SATELLITE5 STAR2 STAR3
        1: TURN_TO SATELLITE2 GROUNDSTATION5 GROUNDSTATION4
        2: TURN_TO SATELLITE8 STAR3 PHENOMENON15
        3: TURN_TO SATELLITE1 STAR2 PLANET11
        4: TURN_TO SATELLITE0 GROUNDSTATION5 GROUNDSTATION8
        5: TURN_TO SATELLITE3 GROUNDSTATION5 PLANET19
        6: SWITCH_ON INSTRUMENT24 SATELLITE5
        7: CALIBRATE SATELLITE5 INSTRUMENT24 STAR2
        8: TURN_TO SATELLITE5 STAR10 STAR2
        9: SWITCH_ON INSTRUMENT1 SATELLITE0
       10: TURN_TO SATELLITE0 STAR1 GROUNDSTATION5
       11: CALIBRATE SATELLITE0 INSTRUMENT1 STAR1
       12: TURN_TO SATELLITE0 PLANET11 STAR1
       13: SWITCH_ON INSTRUMENT6 SATELLITE2
       14: CALIBRATE SATELLITE2 INSTRUMENT6 GROUNDSTATION5
       15: TURN_TO SATELLITE2 PLANET12 GROUNDSTATION5
       16: SWITCH_ON INSTRUMENT3 SATELLITE1
       17: CALIBRATE SATELLITE1 INSTRUMENT3 STAR2
       18: TURN_TO SATELLITE1 STAR13 STAR2
       19: TURN_TO SATELLITE3 STAR1 GROUNDSTATION5
       20: TURN_TO SATELLITE7 PHENOMENON14 GROUNDSTATION7
       21: TURN_TO SATELLITE8 PLANET12 STAR3
       22: TAKE_IMAGE SATELLITE5 STAR10 INSTRUMENT24 INFRARED5
       23: TURN_TO SATELLITE5 PLANET11 STAR10
       24: TAKE_IMAGE SATELLITE5 PLANET11 INSTRUMENT24 INFRARED5
       25: TURN_TO SATELLITE5 STAR16 PLANET11
       26: TAKE_IMAGE SATELLITE0 PLANET11 INSTRUMENT1 SPECTROGRAPH9
       27: TURN_TO SATELLITE0 PHENOMENON14 PLANET11
       28: TAKE_IMAGE SATELLITE2 PLANET12 INSTRUMENT6 THERMOGRAPH4
       29: TURN_TO SATELLITE2 STAR13 PLANET12
       30: TAKE_IMAGE SATELLITE2 STAR13 INSTRUMENT6 THERMOGRAPH4
       31: TURN_TO SATELLITE2 PHENOMENON15 STAR13
       32: TAKE_IMAGE SATELLITE1 STAR13 INSTRUMENT3 SPECTROGRAPH6
       33: TURN_TO SATELLITE1 PLANET17 STAR13
       34: TAKE_IMAGE SATELLITE0 PHENOMENON14 INSTRUMENT1 INFRARED7
       35: TURN_TO SATELLITE0 STAR16 PHENOMENON14
       36: TAKE_IMAGE SATELLITE2 PHENOMENON15 INSTRUMENT6 IMAGE1
       37: TURN_TO SATELLITE2 PLANET11 PHENOMENON15
       38: TAKE_IMAGE SATELLITE2 PLANET11 INSTRUMENT6 IMAGE1
       39: TAKE_IMAGE SATELLITE0 STAR16 INSTRUMENT1 SPECTROGRAPH9
       40: TURN_TO SATELLITE0 PLANET17 STAR16
       41: TAKE_IMAGE SATELLITE1 PLANET17 INSTRUMENT3 SPECTROGRAPH2
       42: TAKE_IMAGE SATELLITE1 PLANET17 INSTRUMENT3 SPECTROGRAPH6
       43: TURN_TO SATELLITE1 PLANET19 PLANET17
       44: TAKE_IMAGE SATELLITE0 PLANET17 INSTRUMENT1 SPECTROGRAPH9
       45: TURN_TO SATELLITE0 STAR18 PLANET17
       46: TAKE_IMAGE SATELLITE0 STAR18 INSTRUMENT1 IMAGE3
       47: TURN_TO SATELLITE0 PLANET19 STAR18
       48: TAKE_IMAGE SATELLITE1 PLANET19 INSTRUMENT3 SPECTROGRAPH2
       49: TAKE_IMAGE SATELLITE0 PLANET19 INSTRUMENT1 INFRARED7
     

time spent:    0.00 seconds instantiating 6778 easy, 0 hard action templates
               0.00 seconds reachability analysis, yielding 532 facts and 6778 actions
               0.00 seconds creating final representation with 532 relevant facts, 0 relevant fluents
               0.00 seconds computing LNF
               0.00 seconds building connectivity graph
               0.03 seconds searching, evaluating 251 states, to a max depth of 1
               0.03 seconds total time

