
ff: parsing domain file
domain 'SATELLITE' defined
 ... done.
ff: parsing problem file
problem 'STRIPS-SAT-X-1' defined
 ... done.


no metric specified. plan length assumed.

checking for cyclic := effects --- OK.

ff: search configuration is EHC, if that fails then  best-first on 1*g(s) + 5*h(s) where
    metric is  plan length

Cueing down from goal distance:   69 into depth [1]
                                  67            [1]
                                  63            [1]
                                  62            [1]
                                  61            [1]
                                  60            [1]
                                  59            [1]
                                  58            [1]
                                  57            [1]
                                  56            [1]
                                  55            [1]
                                  54            [1]
                                  53            [1]
                                  52            [1]
                                  50            [1]
                                  49            [1]
                                  48            [1]
                                  47            [1]
                                  46            [1]
                                  45            [1]
                                  44            [1]
                                  43            [1]
                                  41            [1]
                                  40            [1]
                                  39            [1]
                                  38            [1]
                                  37            [1]
                                  36            [1]
                                  35            [1]
                                  34            [1]
                                  33            [1]
                                  32            [1]
                                  31            [1]
                                  30            [1]
                                  29            [1]
                                  28            [1]
                                  27            [1]
                                  26            [1]
                                  25            [1]
                                  24            [1]
                                  23            [1]
                                  22            [1]
                                  21            [1]
                                  20            [1]
                                  19            [1]
                                  18            [1]
                                  17            [1]
                                  16            [1]
                                  15            [1]
                                  14            [1]
                                  13            [1]
                                  12            [1]
                                  11            [1]
                                  10            [1]
                                   9            [1]
                                   8            [1]
                                   7            [1]
                                   6            [1]
                                   5            [1]
                                   4            [1]
                                   3            [1]
                                   2            [1]
                                   1            [1]
                                   0            

ff: found legal plan as follows

step    0: TURN_TO SATELLITE8 GROUNDSTATION4 PHENOMENON11
        1: TURN_TO SATELLITE3 STAR7 PHENOMENON14
        2: TURN_TO SATELLITE1 STAR8 GROUNDSTATION6
        3: TURN_TO SATELLITE2 GROUNDSTATION6 STAR1
        4: SWITCH_ON INSTRUMENT1 SATELLITE0
        5: TURN_TO SATELLITE0 STAR3 GROUNDSTATION4
        6: CALIBRATE SATELLITE0 INSTRUMENT1 STAR3
        7: TURN_TO SATELLITE0 PLANET10 STAR3
        8: SWITCH_ON INSTRUMENT6 SATELLITE1
        9: TURN_TO SATELLITE1 STAR3 STAR8
       10: TURN_TO SATELLITE4 STAR3 GROUNDSTATION0
       11: CALIBRATE SATELLITE1 INSTRUMENT6 STAR3
       12: TURN_TO SATELLITE1 PHENOMENON12 STAR3
       13: SWITCH_ON INSTRUMENT24 SATELLITE4
       14: CALIBRATE SATELLITE4 INSTRUMENT24 STAR3
       15: TURN_TO SATELLITE4 PHENOMENON11 STAR3
       16: SWITCH_ON INSTRUMENT8 SATELLITE2
       17: CALIBRATE SATELLITE2 INSTRUMENT8 GROUNDSTATION6
       18: TURN_TO SATELLITE2 STAR13 GROUNDSTATION6
       19: SWITCH_ON INSTRUMENT30 SATELLITE5
       20: CALIBRATE SATELLITE5 INSTRUMENT30 GROUNDSTATION0
       21: TURN_TO SATELLITE5 STAR13 GROUNDSTATION0
       22: TURN_TO SATELLITE9 PLANET16 GROUNDSTATION4
       23: TAKE_IMAGE SATELLITE0 PLANET10 INSTRUMENT1 THERMOGRAPH6
       24: TURN_TO SATELLITE0 PHENOMENON14 PLANET10
       25: TAKE_IMAGE SATELLITE4 PHENOMENON11 INSTRUMENT24 INFRARED5
       26: TURN_TO SATELLITE4 PHENOMENON15 PHENOMENON11
       27: TAKE_IMAGE SATELLITE1 PHENOMENON12 INSTRUMENT6 INFRARED3
       28: TAKE_IMAGE SATELLITE1 PHENOMENON12 INSTRUMENT6 THERMOGRAPH8
       29: TURN_TO SATELLITE1 PHENOMENON14 PHENOMENON12
       30: TAKE_IMAGE SATELLITE5 STAR13 INSTRUMENT30 INFRARED2
       31: TAKE_IMAGE SATELLITE2 STAR13 INSTRUMENT8 INFRARED0
       32: TURN_TO SATELLITE2 PHENOMENON14 STAR13
       33: TAKE_IMAGE SATELLITE5 STAR13 INSTRUMENT30 THERMOGRAPH8
       34: TURN_TO SATELLITE5 STAR19 STAR13
       35: TAKE_IMAGE SATELLITE1 PHENOMENON14 INSTRUMENT6 INFRARED3
       36: TURN_TO SATELLITE1 PLANET16 PHENOMENON14
       37: TAKE_IMAGE SATELLITE0 PHENOMENON14 INSTRUMENT1 IMAGE1
       38: TURN_TO SATELLITE0 PLANET16 PHENOMENON14
       39: TAKE_IMAGE SATELLITE2 PHENOMENON14 INSTRUMENT8 IMAGE9
       40: TURN_TO SATELLITE2 PHENOMENON15 PHENOMENON14
       41: TAKE_IMAGE SATELLITE4 PHENOMENON15 INSTRUMENT24 INFRARED5
       42: TURN_TO SATELLITE4 PLANET16 PHENOMENON15
       43: TAKE_IMAGE SATELLITE2 PHENOMENON15 INSTRUMENT8 IMAGE9
       44: TURN_TO SATELLITE2 PLANET16 PHENOMENON15
       45: TAKE_IMAGE SATELLITE2 PLANET16 INSTRUMENT8 IMAGE9
       46: TURN_TO SATELLITE2 PHENOMENON17 PLANET16
       47: TAKE_IMAGE SATELLITE4 PLANET16 INSTRUMENT24 INFRARED5
       48: TURN_TO SATELLITE4 PHENOMENON17 PLANET16
       49: TAKE_IMAGE SATELLITE0 PLANET16 INSTRUMENT1 IMAGE1
       50: TURN_TO SATELLITE0 STAR18 PLANET16
       51: TAKE_IMAGE SATELLITE2 PHENOMENON17 INSTRUMENT8 INFRARED0
       52: TURN_TO SATELLITE2 STAR18 PHENOMENON17
       53: TAKE_IMAGE SATELLITE4 PHENOMENON17 INSTRUMENT24 SPECTROGRAPH4
       54: TURN_TO SATELLITE4 STAR18 PHENOMENON17
       55: TAKE_IMAGE SATELLITE4 STAR18 INSTRUMENT24 SPECTROGRAPH4
       56: TURN_TO SATELLITE4 STAR19 STAR18
       57: TAKE_IMAGE SATELLITE2 STAR18 INSTRUMENT8 INFRARED0
       58: TAKE_IMAGE SATELLITE2 STAR18 INSTRUMENT8 IMAGE9
       59: TAKE_IMAGE SATELLITE4 STAR19 INSTRUMENT24 SPECTROGRAPH4
       60: TURN_TO SATELLITE4 STAR7 STAR19
       61: TAKE_IMAGE SATELLITE5 STAR19 INSTRUMENT30 INFRARED2
       62: TURN_TO SATELLITE5 GROUNDSTATION6 STAR19
     

time spent:    0.00 seconds instantiating 6623 easy, 0 hard action templates
               0.00 seconds reachability analysis, yielding 528 facts and 6623 actions
               0.00 seconds creating final representation with 528 relevant facts, 0 relevant fluents
               0.00 seconds computing LNF
               0.00 seconds building connectivity graph
               0.05 seconds searching, evaluating 435 states, to a max depth of 1
               0.05 seconds total time

