
ff: parsing domain file
domain 'SATELLITE' defined
 ... done.
ff: parsing problem file
problem 'STRIPS-SAT-X-1' defined
 ... done.


no metric specified. plan length assumed.

checking for cyclic := effects --- OK.

ff: search configuration is EHC, if that fails then  best-first on 1*g(s) + 5*h(s) where
    metric is  plan length

Cueing down from goal distance:   61 into depth [1]
                                  60            [1]
                                  57            [1]
                                  56            [1]
                                  52            [1]
                                  51            [1]
                                  50            [1]
                                  49            [1]
                                  44            [1]
                                  43            [1]
                                  42            [1]
                                  41            [1]
                                  40            [1]
                                  39            [1]
                                  38            [1]
                                  37            [1]
                                  36            [1]
                                  35            [1]
                                  34            [1]
                                  33            [1]
                                  32            [1]
                                  31            [1]
                                  30            [1]
                                  29            [1]
                                  28            [1]
                                  27            [1]
                                  26            [1]
                                  25            [1]
                                  24            [1]
                                  23            [1]
                                  22            [1]
                                  21            [1]
                                  20            [1]
                                  19            [1]
                                  18            [1]
                                  17            [1]
                                  16            [1]
                                  15            [1]
                                  14            [1]
                                  13            [1]
                                  12            [1]
                                  11            [1]
                                  10            [1]
                                   9            [1][2]
                                   8            [1]
                                   7            [1]
                                   6            [1]
                                   5            [1]
                                   4            [1]
                                   3            [1][2]
                                   2            [1][2]
                                   1            [1]
                                   0            

ff: found legal plan as follows

step    0: TURN_TO SATELLITE3 GROUNDSTATION7 STAR1
        1: TURN_TO SATELLITE7 STAR3 PLANET18
        2: TURN_TO SATELLITE1 GROUNDSTATION6 STAR8
        3: SWITCH_ON INSTRUMENT4 SATELLITE3
        4: CALIBRATE SATELLITE3 INSTRUMENT4 GROUNDSTATION7
        5: TURN_TO SATELLITE3 STAR10 GROUNDSTATION7
        6: SWITCH_ON INSTRUMENT0 SATELLITE0
        7: SWITCH_ON INSTRUMENT11 SATELLITE4
        8: TURN_TO SATELLITE4 STAR9 STAR3
        9: CALIBRATE SATELLITE4 INSTRUMENT11 STAR9
       10: TURN_TO SATELLITE4 PLANET12 STAR9
       11: SWITCH_ON INSTRUMENT17 SATELLITE6
       12: TURN_TO SATELLITE6 PLANET18 PHENOMENON11
       13: SWITCH_ON INSTRUMENT3 SATELLITE2
       14: TURN_TO SATELLITE1 PHENOMENON13 GROUNDSTATION6
       15: TURN_TO SATELLITE5 STAR1 STAR8
       16: TAKE_IMAGE SATELLITE3 STAR10 INSTRUMENT4 IMAGE3
       17: TURN_TO SATELLITE3 PHENOMENON13 STAR10
       18: TAKE_IMAGE SATELLITE4 PLANET12 INSTRUMENT11 SPECTROGRAPH9
       19: TAKE_IMAGE SATELLITE4 PLANET12 INSTRUMENT11 IMAGE6
       20: TURN_TO SATELLITE4 STAR14 PLANET12
       21: TAKE_IMAGE SATELLITE3 PHENOMENON13 INSTRUMENT4 THERMOGRAPH4
       22: TURN_TO SATELLITE3 PLANET15 PHENOMENON13
       23: TAKE_IMAGE SATELLITE4 STAR14 INSTRUMENT11 THERMOGRAPH7
       24: TAKE_IMAGE SATELLITE4 STAR14 INSTRUMENT11 IMAGE6
       25: TURN_TO SATELLITE4 PLANET15 STAR14
       26: CALIBRATE SATELLITE2 INSTRUMENT3 STAR1
       27: TURN_TO SATELLITE2 STAR10 STAR1
       28: TAKE_IMAGE SATELLITE2 STAR10 INSTRUMENT3 IMAGE5
       29: TURN_TO SATELLITE2 PHENOMENON11 STAR10
       30: TAKE_IMAGE SATELLITE2 PHENOMENON11 INSTRUMENT3 IMAGE5
       31: TURN_TO SATELLITE2 STAR19 PHENOMENON11
       32: TAKE_IMAGE SATELLITE3 PLANET15 INSTRUMENT4 INFRARED0
       33: TURN_TO SATELLITE3 STAR19 PLANET15
       34: TAKE_IMAGE SATELLITE4 PLANET15 INSTRUMENT11 THERMOGRAPH7
       35: TAKE_IMAGE SATELLITE4 PLANET15 INSTRUMENT11 IMAGE6
       36: TURN_TO SATELLITE4 STAR16 PLANET15
       37: TAKE_IMAGE SATELLITE4 STAR16 INSTRUMENT11 SPECTROGRAPH9
       38: TURN_TO SATELLITE4 PLANET18 STAR16
       39: TAKE_IMAGE SATELLITE4 PLANET18 INSTRUMENT11 SPECTROGRAPH9
       40: TAKE_IMAGE SATELLITE2 STAR19 INSTRUMENT3 IMAGE5
       41: TAKE_IMAGE SATELLITE3 STAR19 INSTRUMENT4 IMAGE3
       42: TAKE_IMAGE SATELLITE3 STAR19 INSTRUMENT4 INFRARED0
       43: TURN_TO SATELLITE0 STAR2 STAR5
       44: CALIBRATE SATELLITE0 INSTRUMENT0 STAR2
       45: TURN_TO SATELLITE0 PHENOMENON17 STAR2
       46: TAKE_IMAGE SATELLITE0 PHENOMENON17 INSTRUMENT0 SPECTROGRAPH8
       47: TURN_TO SATELLITE0 PLANET18 PHENOMENON17
       48: TAKE_IMAGE SATELLITE0 PLANET18 INSTRUMENT0 SPECTROGRAPH8
       49: TURN_TO SATELLITE0 STAR5 PLANET18
       50: TURN_TO SATELLITE6 GROUNDSTATION4 PLANET18
       51: CALIBRATE SATELLITE6 INSTRUMENT17 GROUNDSTATION4
       52: TURN_TO SATELLITE6 PLANET18 GROUNDSTATION4
       53: TAKE_IMAGE SATELLITE6 PLANET18 INSTRUMENT17 IMAGE1
       54: TURN_TO SATELLITE6 GROUNDSTATION4 PLANET18
     

time spent:    0.00 seconds instantiating 5590 easy, 0 hard action templates
               0.00 seconds reachability analysis, yielding 482 facts and 5590 actions
               0.00 seconds creating final representation with 482 relevant facts, 0 relevant fluents
               0.00 seconds computing LNF
               0.00 seconds building connectivity graph
               0.04 seconds searching, evaluating 350 states, to a max depth of 2
               0.04 seconds total time

