
ff: parsing domain file
domain 'SATELLITE' defined
 ... done.
ff: parsing problem file
problem 'STRIPS-SAT-X-1' defined
 ... done.


no metric specified. plan length assumed.

checking for cyclic := effects --- OK.

ff: search configuration is EHC, if that fails then  best-first on 1*g(s) + 5*h(s) where
    metric is  plan length

Cueing down from goal distance:   64 into depth [1]
                                  62            [1]
                                  59            [1]
                                  54            [1]
                                  53            [1]
                                  51            [1]
                                  47            [1]
                                  46            [1][2][3][4]
                                  45            [1]
                                  44            [1]
                                  43            [1]
                                  42            [1]
                                  41            [1]
                                  40            [1]
                                  39            [1]
                                  38            [1]
                                  37            [1]
                                  36            [1]
                                  35            [1]
                                  34            [1]
                                  33            [1]
                                  32            [1]
                                  31            [1]
                                  30            [1]
                                  29            [1]
                                  28            [1]
                                  27            [1]
                                  26            [1]
                                  25            [1]
                                  24            [1]
                                  23            [1]
                                  22            [1]
                                  21            [1]
                                  20            [1]
                                  19            [1][2]
                                  18            [1]
                                  17            [1]
                                  16            [1]
                                  15            [1]
                                  14            [1]
                                  13            [1]
                                  12            [1]
                                  11            [1][2]
                                  10            [1]
                                   9            [1]
                                   8            [1]
                                   7            [1]
                                   6            [1]
                                   5            [1]
                                   4            [1]
                                   3            [1]
                                   2            [1]
                                   1            [1]
                                   0            

ff: found legal plan as follows

step    0: TURN_TO SATELLITE9 STAR4 STAR10
        1: TURN_TO SATELLITE1 GROUNDSTATION6 STAR10
        2: TURN_TO SATELLITE2 STAR2 STAR14
        3: TURN_TO SATELLITE0 STAR1 PHENOMENON16
        4: TURN_TO SATELLITE7 GROUNDSTATION0 STAR17
        5: TURN_TO SATELLITE6 STAR7 PHENOMENON19
        6: TURN_TO SATELLITE2 STAR4 STAR2
        7: SWITCH_ON INSTRUMENT0 SATELLITE0
        8: SWITCH_ON INSTRUMENT17 SATELLITE2
        9: SWITCH_ON INSTRUMENT21 SATELLITE3
       10: TURN_TO SATELLITE4 PHENOMENON16 GROUNDSTATION0
       11: TURN_TO SATELLITE3 GROUNDSTATION0 STAR7
       12: TURN_TO SATELLITE0 GROUNDSTATION6 STAR1
       13: CALIBRATE SATELLITE3 INSTRUMENT21 GROUNDSTATION0
       14: TURN_TO SATELLITE3 STAR10 GROUNDSTATION0
       15: CALIBRATE SATELLITE0 INSTRUMENT0 GROUNDSTATION6
       16: TURN_TO SATELLITE0 STAR15 GROUNDSTATION6
       17: SWITCH_ON INSTRUMENT29 SATELLITE4
       18: TURN_TO SATELLITE8 STAR15 GROUNDSTATION9
       19: TAKE_IMAGE SATELLITE3 STAR10 INSTRUMENT21 INFRARED5
       20: TURN_TO SATELLITE3 PLANET11 STAR10
       21: TAKE_IMAGE SATELLITE3 PLANET11 INSTRUMENT21 THERMOGRAPH2
       22: TAKE_IMAGE SATELLITE3 PLANET11 INSTRUMENT21 INFRARED5
       23: TURN_TO SATELLITE3 STAR12 PLANET11
       24: TAKE_IMAGE SATELLITE3 STAR12 INSTRUMENT21 SPECTROGRAPH6
       25: TAKE_IMAGE SATELLITE3 STAR12 INSTRUMENT21 INFRARED5
       26: TURN_TO SATELLITE3 STAR14 STAR12
       27: TAKE_IMAGE SATELLITE3 STAR14 INSTRUMENT21 INFRARED5
       28: TURN_TO SATELLITE3 STAR15 STAR14
       29: TAKE_IMAGE SATELLITE3 STAR15 INSTRUMENT21 THERMOGRAPH2
       30: TAKE_IMAGE SATELLITE0 STAR15 INSTRUMENT0 THERMOGRAPH1
       31: TAKE_IMAGE SATELLITE0 STAR15 INSTRUMENT0 IMAGE0
       32: TURN_TO SATELLITE0 STAR17 STAR15
       33: TAKE_IMAGE SATELLITE0 STAR17 INSTRUMENT0 THERMOGRAPH9
       34: TURN_TO SATELLITE0 PHENOMENON19 STAR17
       35: TAKE_IMAGE SATELLITE0 PHENOMENON19 INSTRUMENT0 THERMOGRAPH9
       36: TURN_TO SATELLITE0 STAR7 PHENOMENON19
       37: TURN_TO SATELLITE2 STAR1 STAR4
       38: CALIBRATE SATELLITE2 INSTRUMENT17 STAR1
       39: TURN_TO SATELLITE2 STAR10 STAR1
       40: TAKE_IMAGE SATELLITE2 STAR10 INSTRUMENT17 IMAGE4
       41: TURN_TO SATELLITE2 PLANET11 STAR10
       42: TAKE_IMAGE SATELLITE2 PLANET11 INSTRUMENT17 IMAGE4
       43: TURN_TO SATELLITE2 PLANET18 PLANET11
       44: TAKE_IMAGE SATELLITE2 PLANET18 INSTRUMENT17 IMAGE4
       45: TURN_TO SATELLITE2 STAR4 PLANET18
       46: TURN_TO SATELLITE4 GROUNDSTATION6 PHENOMENON16
       47: CALIBRATE SATELLITE4 INSTRUMENT29 GROUNDSTATION6
       48: TURN_TO SATELLITE4 STAR12 GROUNDSTATION6
       49: TAKE_IMAGE SATELLITE4 STAR12 INSTRUMENT29 THERMOGRAPH3
       50: TURN_TO SATELLITE4 STAR14 STAR12
       51: TAKE_IMAGE SATELLITE4 STAR14 INSTRUMENT29 THERMOGRAPH3
       52: TURN_TO SATELLITE4 PHENOMENON16 STAR14
       53: TAKE_IMAGE SATELLITE4 PHENOMENON16 INSTRUMENT29 THERMOGRAPH3
       54: TAKE_IMAGE SATELLITE4 PHENOMENON16 INSTRUMENT29 SPECTROGRAPH8
       55: TURN_TO SATELLITE4 PHENOMENON19 PHENOMENON16
       56: TAKE_IMAGE SATELLITE4 PHENOMENON19 INSTRUMENT29 THERMOGRAPH3
       57: TURN_TO SATELLITE4 GROUNDSTATION0 PHENOMENON19
     

time spent:    0.00 seconds instantiating 6638 easy, 0 hard action templates
               0.00 seconds reachability analysis, yielding 528 facts and 6638 actions
               0.00 seconds creating final representation with 528 relevant facts, 0 relevant fluents
               0.00 seconds computing LNF
               0.00 seconds building connectivity graph
               8.21 seconds searching, evaluating 36248 states, to a max depth of 4
               8.21 seconds total time

