
ff: parsing domain file
domain 'SATELLITE' defined
 ... done.
ff: parsing problem file
problem 'STRIPS-SAT-X-1' defined
 ... done.


no metric specified. plan length assumed.

checking for cyclic := effects --- OK.

ff: search configuration is EHC, if that fails then  best-first on 1*g(s) + 5*h(s) where
    metric is  plan length

Cueing down from goal distance:   74 into depth [1]
                                  72            [1]
                                  71            [1]
                                  69            [1]
                                  62            [1]
                                  59            [1]
                                  58            [1]
                                  55            [1]
                                  54            [1]
                                  53            [1]
                                  52            [1]
                                  50            [1]
                                  49            [1]
                                  48            [1]
                                  47            [1]
                                  46            [1]
                                  45            [1]
                                  44            [1]
                                  43            [1]
                                  42            [1]
                                  41            [1]
                                  40            [1]
                                  39            [1]
                                  38            [1][2]
                                  37            [1]
                                  36            [1]
                                  35            [1]
                                  34            [1]
                                  33            [1]
                                  32            [1]
                                  31            [1]
                                  30            [1]
                                  29            [1]
                                  28            [1][2][3]
                                  27            [1]
                                  26            [1]
                                  25            [1]
                                  24            [1]
                                  23            [1]
                                  22            [1]
                                  21            [1]
                                  20            [1]
                                  19            [1]
                                  18            [1]
                                  17            [1]
                                  16            [1]
                                  15            [1]
                                  14            [1]
                                  13            [1]
                                  12            [1]
                                  11            [1]
                                  10            [1]
                                   9            [1]
                                   8            [1]
                                   7            [1]
                                   6            [1]
                                   5            [1]
                                   4            [1]
                                   3            [1]
                                   2            [1]
                                   1            [1]
                                   0            

ff: found legal plan as follows

step    0: TURN_TO SATELLITE8 STAR4 PLANET10
        1: TURN_TO SATELLITE2 STAR1 STAR12
        2: TURN_TO SATELLITE4 STAR7 STAR12
        3: TURN_TO SATELLITE5 STAR8 STAR13
        4: TURN_TO SATELLITE7 STAR4 PHENOMENON17
        5: TURN_TO SATELLITE2 STAR5 STAR1
        6: TURN_TO SATELLITE9 GROUNDSTATION6 PHENOMENON19
        7: TURN_TO SATELLITE1 STAR5 GROUNDSTATION6
        8: SWITCH_ON INSTRUMENT0 SATELLITE0
        9: TURN_TO SATELLITE1 STAR2 STAR5
       10: SWITCH_ON INSTRUMENT19 SATELLITE2
       11: CALIBRATE SATELLITE2 INSTRUMENT19 STAR5
       12: TURN_TO SATELLITE2 STAR12 STAR5
       13: TAKE_IMAGE SATELLITE2 STAR12 INSTRUMENT19 INFRARED7
       14: TURN_TO SATELLITE2 STAR13 STAR12
       15: TAKE_IMAGE SATELLITE2 STAR13 INSTRUMENT19 SPECTROGRAPH8
       16: TAKE_IMAGE SATELLITE2 STAR13 INSTRUMENT19 INFRARED7
       17: TURN_TO SATELLITE2 PLANET14 STAR13
       18: TAKE_IMAGE SATELLITE2 PLANET14 INSTRUMENT19 INFRARED7
       19: TURN_TO SATELLITE2 PLANET15 PLANET14
       20: TAKE_IMAGE SATELLITE2 PLANET15 INSTRUMENT19 IMAGE9
       21: TURN_TO SATELLITE2 PHENOMENON18 PLANET15
       22: TAKE_IMAGE SATELLITE2 PHENOMENON18 INSTRUMENT19 INFRARED7
       23: TURN_TO SATELLITE0 STAR5 PHENOMENON11
       24: CALIBRATE SATELLITE0 INSTRUMENT0 STAR5
       25: TURN_TO SATELLITE0 PLANET10 STAR5
       26: TAKE_IMAGE SATELLITE0 PLANET10 INSTRUMENT0 THERMOGRAPH2
       27: TURN_TO SATELLITE0 PHENOMENON11 PLANET10
       28: TAKE_IMAGE SATELLITE0 PHENOMENON11 INSTRUMENT0 IMAGE1
       29: TAKE_IMAGE SATELLITE0 PHENOMENON11 INSTRUMENT0 THERMOGRAPH2
       30: TURN_TO SATELLITE0 STAR13 PHENOMENON11
       31: TAKE_IMAGE SATELLITE0 STAR13 INSTRUMENT0 THERMOGRAPH2
       32: TURN_TO SATELLITE0 PHENOMENON17 STAR13
       33: TAKE_IMAGE SATELLITE0 PHENOMENON17 INSTRUMENT0 IMAGE1
       34: TURN_TO SATELLITE1 STAR5 STAR2
       35: SWITCH_ON INSTRUMENT10 SATELLITE1
       36: SWITCH_ON INSTRUMENT25 SATELLITE3
       37: TURN_TO SATELLITE3 STAR4 PHENOMENON11
       38: CALIBRATE SATELLITE1 INSTRUMENT10 STAR5
       39: TURN_TO SATELLITE1 PLANET10 STAR5
       40: CALIBRATE SATELLITE3 INSTRUMENT25 STAR4
       41: TURN_TO SATELLITE3 PLANET14 STAR4
       42: SWITCH_ON INSTRUMENT30 SATELLITE4
       43: CALIBRATE SATELLITE4 INSTRUMENT30 STAR7
       44: TURN_TO SATELLITE4 PLANET10 STAR7
       45: TAKE_IMAGE SATELLITE1 PLANET10 INSTRUMENT10 IMAGE4
       46: TURN_TO SATELLITE1 STAR12 PLANET10
       47: TAKE_IMAGE SATELLITE4 PLANET10 INSTRUMENT30 SPECTROGRAPH6
       48: TURN_TO SATELLITE4 STAR12 PLANET10
       49: TAKE_IMAGE SATELLITE4 STAR12 INSTRUMENT30 SPECTROGRAPH6
       50: TURN_TO SATELLITE4 PHENOMENON17 STAR12
       51: TAKE_IMAGE SATELLITE1 STAR12 INSTRUMENT10 IMAGE4
       52: TURN_TO SATELLITE1 PLANET14 STAR12
       53: TAKE_IMAGE SATELLITE3 PLANET14 INSTRUMENT25 SPECTROGRAPH5
       54: TURN_TO SATELLITE3 PHENOMENON18 PLANET14
       55: TAKE_IMAGE SATELLITE1 PLANET14 INSTRUMENT10 IMAGE4
       56: TURN_TO SATELLITE1 PHENOMENON19 PLANET14
       57: TAKE_IMAGE SATELLITE4 PHENOMENON17 INSTRUMENT30 SPECTROGRAPH6
       58: TAKE_IMAGE SATELLITE4 PHENOMENON17 INSTRUMENT30 INFRARED0
       59: TURN_TO SATELLITE4 PHENOMENON19 PHENOMENON17
       60: TAKE_IMAGE SATELLITE3 PHENOMENON18 INSTRUMENT25 SPECTROGRAPH5
       61: TAKE_IMAGE SATELLITE4 PHENOMENON19 INSTRUMENT30 INFRARED0
       62: TAKE_IMAGE SATELLITE1 PHENOMENON19 INSTRUMENT10 INFRARED3
       63: TAKE_IMAGE SATELLITE1 PHENOMENON19 INSTRUMENT10 IMAGE4
     

time spent:    0.00 seconds instantiating 6638 easy, 0 hard action templates
               0.00 seconds reachability analysis, yielding 532 facts and 6638 actions
               0.00 seconds creating final representation with 532 relevant facts, 0 relevant fluents
               0.00 seconds computing LNF
               0.00 seconds building connectivity graph
               0.10 seconds searching, evaluating 574 states, to a max depth of 3
               0.10 seconds total time

