
ff: parsing domain file
domain 'SATELLITE' defined
 ... done.
ff: parsing problem file
problem 'STRIPS-SAT-X-1' defined
 ... done.


no metric specified. plan length assumed.

checking for cyclic := effects --- OK.

ff: search configuration is EHC, if that fails then  best-first on 1*g(s) + 5*h(s) where
    metric is  plan length

Cueing down from goal distance:   81 into depth [1]
                                  80            [1]
                                  76            [1]
                                  75            [1]
                                  69            [1]
                                  67            [1]
                                  65            [1]
                                  62            [1]
                                  59            [1]
                                  58            [1]
                                  57            [1]
                                  56            [1][2]
                                  55            [1]
                                  54            [1]
                                  53            [1]
                                  52            [1]
                                  51            [1][2]
                                  50            [1]
                                  49            [1]
                                  48            [1]
                                  47            [1]
                                  46            [1]
                                  45            [1]
                                  44            [1]
                                  43            [1]
                                  42            [1]
                                  41            [1]
                                  40            [1]
                                  39            [1]
                                  38            [1]
                                  37            [1]
                                  36            [1]
                                  35            [1]
                                  34            [1]
                                  33            [1]
                                  32            [1]
                                  31            [1]
                                  30            [1]
                                  29            [1]
                                  28            [1]
                                  27            [1]
                                  26            [1][2]
                                  25            [1]
                                  24            [1]
                                  23            [1]
                                  22            [1]
                                  21            [1]
                                  20            [1]
                                  19            [1]
                                  18            [1]
                                  17            [1]
                                  16            [1]
                                  15            [1]
                                  14            [1]
                                  13            [1]
                                  12            [1]
                                  11            [1]
                                  10            [1]
                                   9            [1]
                                   8            [1]
                                   7            [1]
                                   6            [1][2]
                                   5            [1]
                                   4            [1]
                                   3            [1]
                                   2            [1]
                                   1            [1]
                                   0            

ff: found legal plan as follows

step    0: TURN_TO SATELLITE4 GROUNDSTATION3 PHENOMENON12
        1: TURN_TO SATELLITE7 STAR7 PHENOMENON12
        2: TURN_TO SATELLITE2 GROUNDSTATION0 STAR6
        3: TURN_TO SATELLITE3 STAR8 PLANET16
        4: TURN_TO SATELLITE9 STAR8 PHENOMENON17
        5: TURN_TO SATELLITE5 STAR8 PHENOMENON17
        6: TURN_TO SATELLITE1 STAR6 STAR19
        7: SWITCH_ON INSTRUMENT37 SATELLITE6
        8: TURN_TO SATELLITE0 PHENOMENON12 STAR7
        9: TURN_TO SATELLITE3 STAR7 STAR8
       10: TURN_TO SATELLITE7 GROUNDSTATION4 STAR7
       11: SWITCH_ON INSTRUMENT11 SATELLITE2
       12: CALIBRATE SATELLITE2 INSTRUMENT11 GROUNDSTATION0
       13: TURN_TO SATELLITE2 PHENOMENON12 GROUNDSTATION0
       14: TAKE_IMAGE SATELLITE2 PHENOMENON12 INSTRUMENT11 IMAGE3
       15: TURN_TO SATELLITE2 PHENOMENON17 PHENOMENON12
       16: TAKE_IMAGE SATELLITE2 PHENOMENON17 INSTRUMENT11 IMAGE3
       17: SWITCH_ON INSTRUMENT0 SATELLITE0
       18: TURN_TO SATELLITE4 GROUNDSTATION4 GROUNDSTATION3
       19: SWITCH_ON INSTRUMENT9 SATELLITE1
       20: CALIBRATE SATELLITE1 INSTRUMENT9 STAR6
       21: TURN_TO SATELLITE1 STAR10 STAR6
       22: SWITCH_ON INSTRUMENT24 SATELLITE4
       23: CALIBRATE SATELLITE4 INSTRUMENT24 GROUNDSTATION4
       24: TURN_TO SATELLITE4 PHENOMENON11 GROUNDSTATION4
       25: TAKE_IMAGE SATELLITE1 STAR10 INSTRUMENT9 INFRARED9
       26: TAKE_IMAGE SATELLITE1 STAR10 INSTRUMENT9 IMAGE4
       27: TURN_TO SATELLITE1 PHENOMENON12 STAR10
       28: TAKE_IMAGE SATELLITE4 PHENOMENON11 INSTRUMENT24 IMAGE5
       29: TURN_TO SATELLITE4 STAR19 PHENOMENON11
       30: TAKE_IMAGE SATELLITE1 PHENOMENON12 INSTRUMENT9 THERMOGRAPH6
       31: TURN_TO SATELLITE1 PLANET13 PHENOMENON12
       32: TAKE_IMAGE SATELLITE1 PLANET13 INSTRUMENT9 THERMOGRAPH6
       33: TAKE_IMAGE SATELLITE1 PLANET13 INSTRUMENT9 IMAGE4
       34: TURN_TO SATELLITE1 PLANET16 PLANET13
       35: TAKE_IMAGE SATELLITE1 PLANET16 INSTRUMENT9 IMAGE4
       36: TAKE_IMAGE SATELLITE1 PLANET16 INSTRUMENT9 INFRARED9
       37: TURN_TO SATELLITE1 STAR18 PLANET16
       38: TAKE_IMAGE SATELLITE1 STAR18 INSTRUMENT9 THERMOGRAPH6
       39: TURN_TO SATELLITE1 STAR19 STAR18
       40: TAKE_IMAGE SATELLITE1 STAR19 INSTRUMENT9 IMAGE4
       41: TAKE_IMAGE SATELLITE4 STAR19 INSTRUMENT24 IMAGE5
       42: TURN_TO SATELLITE4 PHENOMENON17 STAR19
       43: TURN_TO SATELLITE0 STAR5 PHENOMENON12
       44: SWITCH_ON INSTRUMENT19 SATELLITE3
       45: CALIBRATE SATELLITE3 INSTRUMENT19 STAR7
       46: CALIBRATE SATELLITE0 INSTRUMENT0 STAR5
       47: TURN_TO SATELLITE0 PHENOMENON11 STAR5
       48: TURN_TO SATELLITE6 GROUNDSTATION1 PHENOMENON11
       49: TAKE_IMAGE SATELLITE0 PHENOMENON11 INSTRUMENT0 INFRARED2
       50: TURN_TO SATELLITE0 PHENOMENON12 PHENOMENON11
       51: TAKE_IMAGE SATELLITE0 PHENOMENON12 INSTRUMENT0 INFRARED2
       52: TURN_TO SATELLITE0 PLANET14 PHENOMENON12
       53: TAKE_IMAGE SATELLITE0 PLANET14 INSTRUMENT0 SPECTROGRAPH1
       54: TURN_TO SATELLITE0 STAR15 PLANET14
       55: TAKE_IMAGE SATELLITE0 STAR15 INSTRUMENT0 IMAGE7
       56: TAKE_IMAGE SATELLITE0 STAR15 INSTRUMENT0 SPECTROGRAPH1
       57: TURN_TO SATELLITE0 PLANET16 STAR15
       58: TAKE_IMAGE SATELLITE0 PLANET16 INSTRUMENT0 IMAGE7
       59: TURN_TO SATELLITE0 PHENOMENON17 PLANET16
       60: TAKE_IMAGE SATELLITE0 PHENOMENON17 INSTRUMENT0 IMAGE7
       61: TURN_TO SATELLITE0 STAR19 PHENOMENON17
       62: TAKE_IMAGE SATELLITE0 STAR19 INSTRUMENT0 SPECTROGRAPH1
       63: TURN_TO SATELLITE0 STAR6 STAR19
       64: TURN_TO SATELLITE3 PHENOMENON11 STAR7
       65: TAKE_IMAGE SATELLITE3 PHENOMENON11 INSTRUMENT19 SPECTROGRAPH0
       66: TURN_TO SATELLITE3 PLANET13 PHENOMENON11
       67: TAKE_IMAGE SATELLITE3 PLANET13 INSTRUMENT19 THERMOGRAPH8
       68: TURN_TO SATELLITE3 PHENOMENON17 PLANET13
       69: TAKE_IMAGE SATELLITE3 PHENOMENON17 INSTRUMENT19 THERMOGRAPH8
       70: TURN_TO SATELLITE3 STAR7 PHENOMENON17
     

time spent:    0.00 seconds instantiating 6564 easy, 0 hard action templates
               0.00 seconds reachability analysis, yielding 530 facts and 6564 actions
               0.00 seconds creating final representation with 530 relevant facts, 0 relevant fluents
               0.01 seconds computing LNF
               0.00 seconds building connectivity graph
               0.13 seconds searching, evaluating 992 states, to a max depth of 2
               0.14 seconds total time

