
ff: parsing domain file
domain 'SATELLITE' defined
 ... done.
ff: parsing problem file
problem 'STRIPS-SAT-X-1' defined
 ... done.


no metric specified. plan length assumed.

checking for cyclic := effects --- OK.

ff: search configuration is EHC, if that fails then  best-first on 1*g(s) + 5*h(s) where
    metric is  plan length

Cueing down from goal distance:   53 into depth [1]
                                  52            [1]
                                  51            [1]
                                  50            [1]
                                  47            [1]
                                  45            [1]
                                  44            [1]
                                  43            [1]
                                  42            [1]
                                  41            [1]
                                  40            [1]
                                  39            [1]
                                  38            [1]
                                  37            [1]
                                  36            [1]
                                  35            [1]
                                  34            [1]
                                  33            [1]
                                  32            [1]
                                  31            [1]
                                  30            [1]
                                  29            [1]
                                  28            [1]
                                  27            [1]
                                  26            [1]
                                  25            [1]
                                  24            [1]
                                  23            [1]
                                  22            [1]
                                  21            [1]
                                  20            [1]
                                  19            [1]
                                  18            [1]
                                  17            [1]
                                  16            [1]
                                  15            [1]
                                  14            [1]
                                  13            [1][2]
                                  12            [1]
                                  11            [1]
                                  10            [1]
                                   9            [1]
                                   8            [1]
                                   7            [1][2]
                                   6            [1]
                                   5            [1]
                                   4            [1]
                                   3            [1]
                                   2            [1]
                                   1            [1]
                                   0            

ff: found legal plan as follows

step    0: TURN_TO SATELLITE4 GROUNDSTATION7 STAR4
        1: TURN_TO SATELLITE2 GROUNDSTATION7 STAR0
        2: TURN_TO SATELLITE5 STAR2 STAR5
        3: TURN_TO SATELLITE8 STAR4 PLANET18
        4: SWITCH_ON INSTRUMENT9 SATELLITE4
        5: CALIBRATE SATELLITE4 INSTRUMENT9 GROUNDSTATION7
        6: TURN_TO SATELLITE4 STAR10 GROUNDSTATION7
        7: SWITCH_ON INSTRUMENT1 SATELLITE1
        8: SWITCH_ON INSTRUMENT3 SATELLITE2
        9: CALIBRATE SATELLITE2 INSTRUMENT3 GROUNDSTATION7
       10: TURN_TO SATELLITE2 PHENOMENON11 GROUNDSTATION7
       11: SWITCH_ON INSTRUMENT20 SATELLITE5
       12: CALIBRATE SATELLITE5 INSTRUMENT20 STAR2
       13: TURN_TO SATELLITE5 PHENOMENON11 STAR2
       14: SWITCH_ON INSTRUMENT0 SATELLITE0
       15: TURN_TO SATELLITE7 GROUNDSTATION3 PLANET19
       16: TURN_TO SATELLITE8 PHENOMENON16 STAR4
       17: TURN_TO SATELLITE9 STAR10 STAR6
       18: TAKE_IMAGE SATELLITE4 STAR10 INSTRUMENT9 IMAGE3
       19: TURN_TO SATELLITE4 PLANET13 STAR10
       20: TAKE_IMAGE SATELLITE2 PHENOMENON11 INSTRUMENT3 SPECTROGRAPH9
       21: TURN_TO SATELLITE2 PLANET15 PHENOMENON11
       22: TAKE_IMAGE SATELLITE5 PHENOMENON11 INSTRUMENT20 SPECTROGRAPH4
       23: TURN_TO SATELLITE5 PLANET12 PHENOMENON11
       24: TAKE_IMAGE SATELLITE5 PLANET12 INSTRUMENT20 SPECTROGRAPH4
       25: TURN_TO SATELLITE5 PLANET13 PLANET12
       26: TAKE_IMAGE SATELLITE4 PLANET13 INSTRUMENT9 IMAGE3
       27: TURN_TO SATELLITE4 PHENOMENON17 PLANET13
       28: TAKE_IMAGE SATELLITE5 PLANET13 INSTRUMENT20 SPECTROGRAPH4
       29: TURN_TO SATELLITE5 PLANET18 PLANET13
       30: TAKE_IMAGE SATELLITE2 PLANET15 INSTRUMENT3 SPECTROGRAPH9
       31: TURN_TO SATELLITE2 PHENOMENON16 PLANET15
       32: TAKE_IMAGE SATELLITE2 PHENOMENON16 INSTRUMENT3 SPECTROGRAPH9
       33: TAKE_IMAGE SATELLITE4 PHENOMENON17 INSTRUMENT9 INFRARED7
       34: TURN_TO SATELLITE4 PLANET19 PHENOMENON17
       35: TAKE_IMAGE SATELLITE5 PLANET18 INSTRUMENT20 SPECTROGRAPH4
       36: TAKE_IMAGE SATELLITE4 PLANET19 INSTRUMENT9 IMAGE3
       37: TURN_TO SATELLITE1 STAR0 GROUNDSTATION9
       38: CALIBRATE SATELLITE1 INSTRUMENT1 STAR0
       39: TURN_TO SATELLITE1 PLANET12 STAR0
       40: TAKE_IMAGE SATELLITE1 PLANET12 INSTRUMENT1 THERMOGRAPH5
       41: TURN_TO SATELLITE1 PLANET13 PLANET12
       42: TAKE_IMAGE SATELLITE1 PLANET13 INSTRUMENT1 THERMOGRAPH5
       43: TURN_TO SATELLITE1 GROUNDSTATION9 PLANET13
       44: TURN_TO SATELLITE0 STAR8 STAR14
       45: CALIBRATE SATELLITE0 INSTRUMENT0 STAR8
       46: TURN_TO SATELLITE0 STAR14 STAR8
       47: TAKE_IMAGE SATELLITE0 STAR14 INSTRUMENT0 IMAGE2
       48: TURN_TO SATELLITE0 PLANET18 STAR14
       49: TAKE_IMAGE SATELLITE0 PLANET18 INSTRUMENT0 IMAGE2
       50: TAKE_IMAGE SATELLITE0 PLANET18 INSTRUMENT0 IMAGE0
       51: TURN_TO SATELLITE0 PLANET13 PLANET18
     

time spent:    0.00 seconds instantiating 5962 easy, 0 hard action templates
               0.00 seconds reachability analysis, yielding 496 facts and 5962 actions
               0.00 seconds creating final representation with 496 relevant facts, 0 relevant fluents
               0.00 seconds computing LNF
               0.00 seconds building connectivity graph
               0.04 seconds searching, evaluating 326 states, to a max depth of 2
               0.04 seconds total time

