
ff: parsing domain file
domain 'SATELLITE' defined
 ... done.
ff: parsing problem file
problem 'STRIPS-SAT-X-1' defined
 ... done.


no metric specified. plan length assumed.

checking for cyclic := effects --- OK.

ff: search configuration is EHC, if that fails then  best-first on 1*g(s) + 5*h(s) where
    metric is  plan length

Cueing down from goal distance:   52 into depth [1]
                                  50            [1]
                                  49            [1]
                                  46            [1]
                                  45            [1]
                                  41            [1]
                                  40            [1]
                                  39            [1]
                                  38            [1]
                                  37            [1]
                                  36            [1]
                                  35            [1]
                                  34            [1]
                                  33            [1]
                                  32            [1][2][3][4][5]
                                  31            [1]
                                  30            [1]
                                  29            [1]
                                  28            [1]
                                  27            [1]
                                  26            [1]
                                  25            [1]
                                  24            [1]
                                  23            [1]
                                  22            [1]
                                  21            [1]
                                  20            [1]
                                  19            [1]
                                  18            [1]
                                  17            [1]
                                  16            [1]
                                  15            [1]
                                  14            [1]
                                  13            [1]
                                  12            [1]
                                  11            [1][2]
                                  10            [1]
                                   9            [1]
                                   8            [1]
                                   7            [1]
                                   6            [1]
                                   5            [1]
                                   4            [1]
                                   3            [1]
                                   2            [1]
                                   1            [1]
                                   0            

ff: found legal plan as follows

step    0: TURN_TO SATELLITE8 STAR8 STAR10
        1: TURN_TO SATELLITE0 STAR8 STAR1
        2: TURN_TO SATELLITE4 GROUNDSTATION5 STAR18
        3: TURN_TO SATELLITE0 GROUNDSTATION4 STAR8
        4: SWITCH_ON INSTRUMENT1 SATELLITE0
        5: TURN_TO SATELLITE2 STAR8 GROUNDSTATION4
        6: CALIBRATE SATELLITE0 INSTRUMENT1 GROUNDSTATION4
        7: TURN_TO SATELLITE0 PLANET15 GROUNDSTATION4
        8: TURN_TO SATELLITE4 GROUNDSTATION4 GROUNDSTATION5
        9: TURN_TO SATELLITE6 PLANET15 GROUNDSTATION6
       10: TURN_TO SATELLITE9 GROUNDSTATION0 GROUNDSTATION6
       11: TAKE_IMAGE SATELLITE0 PLANET15 INSTRUMENT1 SPECTROGRAPH9
       12: TURN_TO SATELLITE0 PHENOMENON16 PLANET15
       13: TAKE_IMAGE SATELLITE0 PHENOMENON16 INSTRUMENT1 IMAGE7
       14: SWITCH_ON INSTRUMENT11 SATELLITE2
       15: TURN_TO SATELLITE5 STAR1 GROUNDSTATION7
       16: SWITCH_ON INSTRUMENT36 SATELLITE5
       17: TURN_TO SATELLITE8 PHENOMENON11 STAR8
       18: SWITCH_ON INSTRUMENT48 SATELLITE8
       19: CALIBRATE SATELLITE2 INSTRUMENT11 STAR8
       20: TURN_TO SATELLITE2 PHENOMENON11 STAR8
       21: CALIBRATE SATELLITE5 INSTRUMENT36 STAR1
       22: TURN_TO SATELLITE5 PHENOMENON12 STAR1
       23: TAKE_IMAGE SATELLITE2 PHENOMENON11 INSTRUMENT11 IMAGE6
       24: TURN_TO SATELLITE2 PHENOMENON12 PHENOMENON11
       25: TAKE_IMAGE SATELLITE5 PHENOMENON12 INSTRUMENT36 SPECTROGRAPH0
       26: TURN_TO SATELLITE5 STAR17 PHENOMENON12
       27: TAKE_IMAGE SATELLITE2 PHENOMENON12 INSTRUMENT11 IMAGE2
       28: TURN_TO SATELLITE2 PHENOMENON16 PHENOMENON12
       29: TAKE_IMAGE SATELLITE2 PHENOMENON16 INSTRUMENT11 IMAGE2
       30: TURN_TO SATELLITE2 STAR17 PHENOMENON16
       31: TAKE_IMAGE SATELLITE5 STAR17 INSTRUMENT36 THERMOGRAPH1
       32: TAKE_IMAGE SATELLITE5 STAR17 INSTRUMENT36 SPECTROGRAPH0
       33: TURN_TO SATELLITE5 STAR18 STAR17
       34: TAKE_IMAGE SATELLITE2 STAR17 INSTRUMENT11 IMAGE2
       35: TAKE_IMAGE SATELLITE5 STAR18 INSTRUMENT36 THERMOGRAPH1
       36: TAKE_IMAGE SATELLITE5 STAR18 INSTRUMENT36 SPECTROGRAPH0
       37: TURN_TO SATELLITE5 PHENOMENON19 STAR18
       38: TAKE_IMAGE SATELLITE5 PHENOMENON19 INSTRUMENT36 THERMOGRAPH1
       39: TURN_TO SATELLITE8 GROUNDSTATION9 PHENOMENON11
       40: CALIBRATE SATELLITE8 INSTRUMENT48 GROUNDSTATION9
       41: TURN_TO SATELLITE8 STAR10 GROUNDSTATION9
       42: TAKE_IMAGE SATELLITE8 STAR10 INSTRUMENT48 IMAGE3
       43: TURN_TO SATELLITE8 PLANET15 STAR10
       44: TAKE_IMAGE SATELLITE8 PLANET15 INSTRUMENT48 IMAGE3
       45: TURN_TO SATELLITE8 STAR18 PLANET15
       46: TAKE_IMAGE SATELLITE8 STAR18 INSTRUMENT48 IMAGE3
       47: TURN_TO SATELLITE8 PHENOMENON19 STAR18
       48: TAKE_IMAGE SATELLITE8 PHENOMENON19 INSTRUMENT48 IMAGE3
       49: TURN_TO SATELLITE8 PHENOMENON11 PHENOMENON19
       50: TAKE_IMAGE SATELLITE8 PHENOMENON11 INSTRUMENT48 INFRARED4
     

time spent:    0.00 seconds instantiating 6722 easy, 0 hard action templates
               0.00 seconds reachability analysis, yielding 534 facts and 6722 actions
               0.00 seconds creating final representation with 534 relevant facts, 0 relevant fluents
               0.00 seconds computing LNF
               0.01 seconds building connectivity graph
               3.73 seconds searching, evaluating 21947 states, to a max depth of 5
               3.74 seconds total time

