
ff: parsing domain file
domain 'SATELLITE' defined
 ... done.
ff: parsing problem file
problem 'STRIPS-SAT-X-1' defined
 ... done.


no metric specified. plan length assumed.

checking for cyclic := effects --- OK.

ff: search configuration is EHC, if that fails then  best-first on 1*g(s) + 5*h(s) where
    metric is  plan length

Cueing down from goal distance:   63 into depth [1]
                                  62            [1]
                                  58            [1]
                                  57            [1]
                                  55            [1]
                                  49            [1]
                                  48            [1]
                                  47            [1]
                                  46            [1]
                                  45            [1]
                                  42            [1]
                                  41            [1]
                                  40            [1]
                                  39            [1]
                                  38            [1]
                                  36            [1]
                                  35            [1]
                                  34            [1]
                                  33            [1]
                                  32            [1]
                                  31            [1][2]
                                  30            [1]
                                  29            [1]
                                  28            [1][2][3]
                                  27            [1]
                                  26            [1]
                                  25            [1]
                                  24            [1]
                                  23            [1]
                                  22            [1]
                                  21            [1]
                                  20            [1]
                                  19            [1]
                                  18            [1]
                                  17            [1][2]
                                  16            [1]
                                  15            [1]
                                  14            [1]
                                  13            [1]
                                  12            [1]
                                  11            [1]
                                  10            [1]
                                   9            [1][2]
                                   8            [1]
                                   7            [1]
                                   6            [1]
                                   5            [1]
                                   4            [1]
                                   3            [1]
                                   2            [1]
                                   1            [1]
                                   0            

ff: found legal plan as follows

step    0: TURN_TO SATELLITE1 GROUNDSTATION7 STAR8
        1: TURN_TO SATELLITE5 STAR1 PHENOMENON13
        2: TURN_TO SATELLITE2 STAR1 GROUNDSTATION2
        3: TURN_TO SATELLITE8 STAR9 PLANET17
        4: SWITCH_ON INSTRUMENT3 SATELLITE0
        5: TURN_TO SATELLITE0 GROUNDSTATION7 GROUNDSTATION0
        6: TURN_TO SATELLITE3 STAR1 STAR9
        7: CALIBRATE SATELLITE0 INSTRUMENT3 GROUNDSTATION7
        8: TURN_TO SATELLITE0 PHENOMENON10 GROUNDSTATION7
        9: SWITCH_ON INSTRUMENT39 SATELLITE7
       10: TURN_TO SATELLITE1 PLANET11 GROUNDSTATION7
       11: SWITCH_ON INSTRUMENT10 SATELLITE2
       12: CALIBRATE SATELLITE2 INSTRUMENT10 STAR1
       13: TURN_TO SATELLITE2 STAR12 STAR1
       14: TURN_TO SATELLITE3 PLANET16 STAR1
       15: SWITCH_ON INSTRUMENT14 SATELLITE3
       16: TAKE_IMAGE SATELLITE0 PHENOMENON10 INSTRUMENT3 INFRARED8
       17: TAKE_IMAGE SATELLITE2 STAR12 INSTRUMENT10 THERMOGRAPH6
       18: TURN_TO SATELLITE2 STAR15 STAR12
       19: TAKE_IMAGE SATELLITE2 STAR15 INSTRUMENT10 THERMOGRAPH6
       20: TURN_TO SATELLITE3 STAR6 PLANET16
       21: CALIBRATE SATELLITE3 INSTRUMENT14 STAR6
       22: TURN_TO SATELLITE3 PLANET16 STAR6
       23: TAKE_IMAGE SATELLITE3 PLANET16 INSTRUMENT14 THERMOGRAPH5
       24: TURN_TO SATELLITE7 GROUNDSTATION2 STAR14
       25: CALIBRATE SATELLITE7 INSTRUMENT39 GROUNDSTATION2
       26: TURN_TO SATELLITE7 PLANET11 GROUNDSTATION2
       27: TAKE_IMAGE SATELLITE7 PLANET11 INSTRUMENT39 IMAGE7
       28: TURN_TO SATELLITE7 STAR14 PLANET11
       29: TAKE_IMAGE SATELLITE7 STAR14 INSTRUMENT39 IMAGE7
       30: TAKE_IMAGE SATELLITE7 STAR14 INSTRUMENT39 THERMOGRAPH3
       31: TURN_TO SATELLITE7 PLANET17 STAR14
       32: TAKE_IMAGE SATELLITE7 PLANET17 INSTRUMENT39 IMAGE7
       33: TAKE_IMAGE SATELLITE7 PLANET17 INSTRUMENT39 INFRARED4
       34: TURN_TO SATELLITE7 PHENOMENON19 PLANET17
       35: TAKE_IMAGE SATELLITE7 PHENOMENON19 INSTRUMENT39 INFRARED4
       36: TURN_TO SATELLITE7 PHENOMENON10 PHENOMENON19
       37: SWITCH_ON INSTRUMENT6 SATELLITE1
       38: SWITCH_ON INSTRUMENT19 SATELLITE4
       39: CALIBRATE SATELLITE4 INSTRUMENT19 STAR5
       40: TURN_TO SATELLITE4 STAR12 STAR5
       41: TAKE_IMAGE SATELLITE4 STAR12 INSTRUMENT19 SPECTROGRAPH1
       42: TURN_TO SATELLITE4 PHENOMENON13 STAR12
       43: TAKE_IMAGE SATELLITE4 PHENOMENON13 INSTRUMENT19 SPECTROGRAPH1
       44: TURN_TO SATELLITE4 STAR14 PHENOMENON13
       45: TAKE_IMAGE SATELLITE4 STAR14 INSTRUMENT19 THERMOGRAPH2
       46: TURN_TO SATELLITE1 STAR6 PLANET11
       47: CALIBRATE SATELLITE1 INSTRUMENT6 STAR6
       48: TURN_TO SATELLITE1 PLANET11 STAR6
       49: TAKE_IMAGE SATELLITE1 PLANET11 INSTRUMENT6 IMAGE0
       50: TURN_TO SATELLITE1 STAR12 PLANET11
       51: TAKE_IMAGE SATELLITE1 STAR12 INSTRUMENT6 IMAGE0
       52: TURN_TO SATELLITE1 PHENOMENON13 STAR12
       53: TAKE_IMAGE SATELLITE1 PHENOMENON13 INSTRUMENT6 INFRARED9
       54: TURN_TO SATELLITE1 PLANET18 PHENOMENON13
       55: TAKE_IMAGE SATELLITE1 PLANET18 INSTRUMENT6 INFRARED9
     

time spent:    0.00 seconds instantiating 6540 easy, 0 hard action templates
               0.00 seconds reachability analysis, yielding 522 facts and 6540 actions
               0.00 seconds creating final representation with 522 relevant facts, 0 relevant fluents
               0.01 seconds computing LNF
               0.00 seconds building connectivity graph
               0.07 seconds searching, evaluating 478 states, to a max depth of 3
               0.08 seconds total time

