
ff: parsing domain file
domain 'SATELLITE' defined
 ... done.
ff: parsing problem file
problem 'STRIPS-SAT-X-1' defined
 ... done.


no metric specified. plan length assumed.

checking for cyclic := effects --- OK.

ff: search configuration is EHC, if that fails then  best-first on 1*g(s) + 5*h(s) where
    metric is  plan length

Cueing down from goal distance:   47 into depth [1]
                                  46            [1]
                                  39            [1]
                                  38            [1]
                                  36            [1]
                                  35            [1]
                                  34            [1]
                                  33            [1]
                                  32            [1]
                                  31            [1]
                                  30            [1]
                                  29            [1]
                                  28            [1]
                                  27            [1]
                                  26            [1]
                                  25            [1]
                                  24            [1]
                                  23            [1]
                                  22            [1]
                                  21            [1]
                                  20            [1]
                                  19            [1]
                                  18            [1]
                                  17            [1]
                                  16            [1]
                                  15            [1]
                                  14            [1]
                                  13            [1]
                                  12            [1]
                                  11            [1]
                                  10            [1]
                                   9            [1]
                                   8            [1]
                                   7            [1]
                                   6            [1]
                                   5            [1]
                                   4            [1]
                                   3            [1][2]
                                   2            [1]
                                   1            [1]
                                   0            

ff: found legal plan as follows

step    0: TURN_TO SATELLITE2 STAR6 PHENOMENON15
        1: TURN_TO SATELLITE8 GROUNDSTATION0 PHENOMENON17
        2: TURN_TO SATELLITE3 GROUNDSTATION8 PLANET13
        3: TURN_TO SATELLITE4 STAR9 PLANET13
        4: TURN_TO SATELLITE3 STAR14 GROUNDSTATION8
        5: SWITCH_ON INSTRUMENT1 SATELLITE0
        6: CALIBRATE SATELLITE0 INSTRUMENT1 STAR7
        7: TURN_TO SATELLITE0 PHENOMENON10 STAR7
        8: SWITCH_ON INSTRUMENT11 SATELLITE3
        9: TURN_TO SATELLITE4 GROUNDSTATION8 STAR9
       10: SWITCH_ON INSTRUMENT7 SATELLITE2
       11: CALIBRATE SATELLITE2 INSTRUMENT7 STAR6
       12: TURN_TO SATELLITE2 STAR14 STAR6
       13: SWITCH_ON INSTRUMENT20 SATELLITE4
       14: CALIBRATE SATELLITE4 INSTRUMENT20 GROUNDSTATION8
       15: TURN_TO SATELLITE4 STAR14 GROUNDSTATION8
       16: TURN_TO SATELLITE8 PHENOMENON17 GROUNDSTATION0
       17: TAKE_IMAGE SATELLITE0 PHENOMENON10 INSTRUMENT1 INFRARED0
       18: TURN_TO SATELLITE0 STAR11 PHENOMENON10
       19: TAKE_IMAGE SATELLITE0 STAR11 INSTRUMENT1 THERMOGRAPH4
       20: TURN_TO SATELLITE0 PLANET13 STAR11
       21: TAKE_IMAGE SATELLITE0 PLANET13 INSTRUMENT1 THERMOGRAPH4
       22: TURN_TO SATELLITE0 PLANET16 PLANET13
       23: TAKE_IMAGE SATELLITE4 STAR14 INSTRUMENT20 INFRARED2
       24: TURN_TO SATELLITE4 PLANET16 STAR14
       25: TAKE_IMAGE SATELLITE2 STAR14 INSTRUMENT7 INFRARED3
       26: TAKE_IMAGE SATELLITE4 PLANET16 INSTRUMENT20 IMAGE7
       27: TURN_TO SATELLITE4 PHENOMENON18 PLANET16
       28: TAKE_IMAGE SATELLITE0 PLANET16 INSTRUMENT1 THERMOGRAPH4
       29: TURN_TO SATELLITE0 PHENOMENON17 PLANET16
       30: TAKE_IMAGE SATELLITE0 PHENOMENON17 INSTRUMENT1 IMAGE6
       31: TAKE_IMAGE SATELLITE0 PHENOMENON17 INSTRUMENT1 INFRARED0
       32: TAKE_IMAGE SATELLITE0 PHENOMENON17 INSTRUMENT1 THERMOGRAPH4
       33: TAKE_IMAGE SATELLITE4 PHENOMENON18 INSTRUMENT20 INFRARED2
       34: TURN_TO SATELLITE4 PLANET19 PHENOMENON18
       35: TAKE_IMAGE SATELLITE4 PLANET19 INSTRUMENT20 INFRARED2
       36: TURN_TO SATELLITE4 PHENOMENON10 PLANET19
       37: TURN_TO SATELLITE3 STAR5 STAR14
       38: CALIBRATE SATELLITE3 INSTRUMENT11 STAR5
       39: TURN_TO SATELLITE3 STAR14 STAR5
       40: TAKE_IMAGE SATELLITE3 STAR14 INSTRUMENT11 IMAGE5
     

time spent:    0.00 seconds instantiating 6293 easy, 0 hard action templates
               0.00 seconds reachability analysis, yielding 508 facts and 6293 actions
               0.00 seconds creating final representation with 508 relevant facts, 0 relevant fluents
               0.00 seconds computing LNF
               0.00 seconds building connectivity graph
               0.03 seconds searching, evaluating 184 states, to a max depth of 2
               0.03 seconds total time

